3.9798 	WARNING 	We strongly recommend you activate the PTB sound engine in PsychoPy prefs as the preferred audio engine. Its timing is vastly superior. Your prefs are currently set to use ['sounddevice', 'PTB', 'pyo', 'pygame'] (in that order).
9.7923 	EXP 	Created window1 = Window(allowGUI=True, allowStencil=False, autoLog=True, backendConf=UNKNOWN, bitsMode=UNKNOWN, blendMode='avg', bpc=(8, 8, 8), color=array([0, 0, 0]), colorSpace='rgb', depthBits=8, fullscr=<method-wrapper '__getattribute__' of attributeSetter object at 0x0000016769061A20>, gamma=None, gammaErrorPolicy='raise', lms=UNKNOWN, monitor=<psychopy.monitors.calibTools.Monitor object at 0x0000016768FC4048>, multiSample=False, name='window1', numSamples=2, pos=[320.0, 180.0], screen=0, size=array([1280,  720]), stencilBits=0, stereo=False, units='height', useFBO=True, useRetina=False, viewOri=0.0, viewPos=None, viewScale=None, waitBlanking=True, winType='pyglet')
9.7924 	EXP 	window1: mouseVisible = True
9.7925 	EXP 	window1: recordFrameIntervals = False
9.9598 	EXP 	window1: recordFrameIntervals = True
10.1575 	EXP 	window1: recordFrameIntervals = False
10.5286 	EXP 	Created text_2 = TextStim(__class__=<class 'psychopy.visual.text.TextStim'>, alignHoriz=method-wrapper(...), alignText='center', alignVert=method-wrapper(...), anchorHoriz='center', anchorVert='center', antialias=True, autoLog=True, bold=False, color=array([1., 1., 1.]), colorSpace='rgb', contrast=1.0, depth=-1.0, flipHoriz=False, flipVert=False, font='Open Sans', fontFiles=[], height=0.05, italic=False, languageStyle='LTR', name='text_2', opacity=1, ori=0.0, pos=array([0., 0.]), rgb=UNKNOWN, text=str(...), units='height', win=Window(...), wrapWidth=1)
10.6051 	EXP 	Created image = ImageStim(__class__=<class 'psychopy.visual.image.ImageStim'>, autoLog=True, color=array([1., 1., 1.]), colorSpace='rgb', contrast=1.0, depth=-1.0, flipHoriz=False, flipVert=False, image='stimuli/Presentation2.jpg', interpolate=True, mask=None, maskParams=None, name='image', opacity=1, ori=0.0, pos=array([0., 0.]), size=array([1.75, 1.  ]), texRes=128.0, units='height', win=Window(...))
10.6083 	EXP 	Created text = TextStim(__class__=<class 'psychopy.visual.text.TextStim'>, alignHoriz=method-wrapper(...), alignText='center', alignVert=method-wrapper(...), anchorHoriz='center', anchorVert='center', antialias=True, autoLog=True, bold=False, color=array([1., 1., 1.]), colorSpace='rgb', contrast=1.0, depth=-1.0, flipHoriz=False, flipVert=False, font='Open Sans', fontFiles=[], height=0.1, italic=False, languageStyle='LTR', name='text', opacity=1, ori=0.0, pos=array([0., 0.]), rgb=UNKNOWN, text='', units='height', win=Window(...), wrapWidth=1)
10.6449 	EXP 	Imported 0_001_reward.csv as conditions, 20 conditions, 3 params
10.6453 	EXP 	Created sequence: sequential, trialTypes=20, nReps=1, seed=None
10.6456 	EXP 	New trial (rep=0, index=0): OrderedDict([('correctAns', ['left']), ('correct_reward', 4.9), ('wrong_reward', 4.3)])
10.6888 	EXP 	text_2: autoDraw = False
10.6888 	EXP 	image: autoDraw = True
12.6884 	EXP 	image: autoDraw = False
12.6884 	EXP 	text: text = 'Failed to respond'
12.6884 	EXP 	text: autoDraw = True
14.1537 	EXP 	New trial (rep=0, index=1): OrderedDict([('correctAns', ['left']), ('correct_reward', 9.0), ('wrong_reward', 3.4)])
14.1721 	EXP 	text: autoDraw = False
14.1721 	EXP 	text_2: autoDraw = False
14.1721 	EXP 	image: autoDraw = True
15.2781 	DATA 	Keypress: left
15.2836 	EXP 	image: autoDraw = False
15.2836 	EXP 	text: text = 9.0
15.2836 	EXP 	text: autoDraw = True
16.7698 	EXP 	New trial (rep=0, index=2): OrderedDict([('correctAns', ['left']), ('correct_reward', 7.1), ('wrong_reward', 1.9)])
16.7857 	EXP 	text: autoDraw = False
16.7857 	EXP 	text: autoDraw = False
16.7857 	EXP 	text_2: autoDraw = False
16.7857 	EXP 	image: autoDraw = True
17.6281 	DATA 	Keypress: left
17.6475 	EXP 	image: autoDraw = False
17.6475 	EXP 	text: text = 7.1
17.6475 	EXP 	text: autoDraw = True
19.1336 	EXP 	New trial (rep=0, index=3): OrderedDict([('correctAns', ['left']), ('correct_reward', 5.3), ('wrong_reward', 4.8)])
19.1500 	EXP 	text: autoDraw = False
19.1500 	EXP 	text: autoDraw = False
19.1500 	EXP 	text_2: autoDraw = False
19.1500 	EXP 	image: autoDraw = True
19.9960 	DATA 	Keypress: left
20.0127 	EXP 	image: autoDraw = False
20.0127 	EXP 	text: text = 5.3
20.0127 	EXP 	text: autoDraw = True
21.5007 	EXP 	New trial (rep=0, index=4): OrderedDict([('correctAns', ['left']), ('correct_reward', 4.2), ('wrong_reward', 1.2)])
21.5315 	EXP 	text: autoDraw = False
21.5315 	EXP 	text: autoDraw = False
21.5315 	EXP 	text_2: autoDraw = False
21.5315 	EXP 	image: autoDraw = True
22.6294 	DATA 	Keypress: left
22.6434 	EXP 	image: autoDraw = False
22.6434 	EXP 	text: text = 4.2
22.6434 	EXP 	text: autoDraw = True
24.1307 	EXP 	New trial (rep=0, index=5): OrderedDict([('correctAns', ['right']), ('correct_reward', 6.4), ('wrong_reward', 1.1)])
24.1465 	EXP 	text: autoDraw = False
24.1465 	EXP 	text: autoDraw = False
24.1465 	EXP 	text_2: autoDraw = False
24.1465 	EXP 	image: autoDraw = True
25.5282 	DATA 	Keypress: right
25.5416 	EXP 	image: autoDraw = False
25.5416 	EXP 	text: text = 6.4
25.5416 	EXP 	text: autoDraw = True
27.0275 	EXP 	New trial (rep=0, index=6): OrderedDict([('correctAns', ['right']), ('correct_reward', 8.7), ('wrong_reward', 0.7)])
27.0436 	EXP 	text: autoDraw = False
27.0436 	EXP 	text: autoDraw = False
27.0436 	EXP 	text_2: autoDraw = False
27.0436 	EXP 	image: autoDraw = True
28.3019 	DATA 	Keypress: left
28.3068 	EXP 	image: autoDraw = False
28.3068 	EXP 	text: text = 0.7
28.3068 	EXP 	text: autoDraw = True
29.7918 	EXP 	New trial (rep=0, index=7): OrderedDict([('correctAns', ['right']), ('correct_reward', 5.4), ('wrong_reward', 4.0)])
29.8072 	EXP 	text: autoDraw = False
29.8072 	EXP 	text: autoDraw = False
29.8072 	EXP 	text_2: autoDraw = False
29.8072 	EXP 	image: autoDraw = True
31.1734 	DATA 	Keypress: right
31.1879 	EXP 	image: autoDraw = False
31.1879 	EXP 	text: text = 5.4
31.1879 	EXP 	text: autoDraw = True
32.6744 	EXP 	New trial (rep=0, index=8): OrderedDict([('correctAns', ['right']), ('correct_reward', 5.9), ('wrong_reward', 2.9)])
32.6903 	EXP 	text: autoDraw = False
32.6903 	EXP 	text: autoDraw = False
32.6903 	EXP 	text_2: autoDraw = False
32.6903 	EXP 	image: autoDraw = True
34.5683 	DATA 	Keypress: right
34.5842 	EXP 	image: autoDraw = False
34.5842 	EXP 	text: text = 5.9
34.5842 	EXP 	text: autoDraw = True
36.0691 	EXP 	New trial (rep=0, index=9): OrderedDict([('correctAns', ['right']), ('correct_reward', 8.5), ('wrong_reward', 3.8)])
36.0852 	EXP 	text: autoDraw = False
36.0852 	EXP 	text: autoDraw = False
36.0852 	EXP 	text_2: autoDraw = False
36.0852 	EXP 	image: autoDraw = True
38.0977 	EXP 	image: autoDraw = False
38.0977 	EXP 	image: autoDraw = False
38.0977 	EXP 	text: text = 'Failed to respond'
38.0977 	EXP 	text: autoDraw = True
38.3387 	DATA 	Keypress: escape
38.4550 	EXP 	window1: mouseVisible = True
3.9804 	WARNING 	We strongly recommend you activate the PTB sound engine in PsychoPy prefs as the preferred audio engine. Its timing is vastly superior. Your prefs are currently set to use ['sounddevice', 'PTB', 'pyo', 'pygame'] (in that order).
9.4357 	EXP 	Created window1 = Window(allowGUI=True, allowStencil=False, autoLog=True, backendConf=UNKNOWN, bitsMode=UNKNOWN, blendMode='avg', bpc=(8, 8, 8), color=array([0, 0, 0]), colorSpace='rgb', depthBits=8, fullscr=<method-wrapper '__getattribute__' of attributeSetter object at 0x000001E654D51A20>, gamma=None, gammaErrorPolicy='raise', lms=UNKNOWN, monitor=<psychopy.monitors.calibTools.Monitor object at 0x000001E654CB4080>, multiSample=False, name='window1', numSamples=2, pos=[320.0, 180.0], screen=0, size=array([1280,  720]), stencilBits=0, stereo=False, units='height', useFBO=True, useRetina=False, viewOri=0.0, viewPos=None, viewScale=None, waitBlanking=True, winType='pyglet')
9.4360 	EXP 	window1: mouseVisible = True
9.4361 	EXP 	window1: recordFrameIntervals = False
9.5969 	EXP 	window1: recordFrameIntervals = True
10.2821 	EXP 	window1: recordFrameIntervals = False
10.6524 	EXP 	Created text_2 = TextStim(__class__=<class 'psychopy.visual.text.TextStim'>, alignHoriz=method-wrapper(...), alignText='center', alignVert=method-wrapper(...), anchorHoriz='center', anchorVert='center', antialias=True, autoLog=True, bold=False, color=array([1., 1., 1.]), colorSpace='rgb', contrast=1.0, depth=-1.0, flipHoriz=False, flipVert=False, font='Open Sans', fontFiles=[], height=0.05, italic=False, languageStyle='LTR', name='text_2', opacity=1, ori=0.0, pos=array([0., 0.]), rgb=UNKNOWN, text=str(...), units='height', win=Window(...), wrapWidth=1)
10.7256 	EXP 	Created image = ImageStim(__class__=<class 'psychopy.visual.image.ImageStim'>, autoLog=True, color=array([1., 1., 1.]), colorSpace='rgb', contrast=1.0, depth=-1.0, flipHoriz=False, flipVert=False, image='stimuli/Presentation2.jpg', interpolate=True, mask=None, maskParams=None, name='image', opacity=1, ori=0.0, pos=array([0., 0.]), size=array([1.8, 1. ]), texRes=128.0, units='height', win=Window(...))
10.7285 	EXP 	Created text = TextStim(__class__=<class 'psychopy.visual.text.TextStim'>, alignHoriz=method-wrapper(...), alignText='center', alignVert=method-wrapper(...), anchorHoriz='center', anchorVert='center', antialias=True, autoLog=True, bold=False, color=array([1., 1., 1.]), colorSpace='rgb', contrast=1.0, depth=-1.0, flipHoriz=False, flipVert=False, font='Open Sans', fontFiles=[], height=0.1, italic=False, languageStyle='LTR', name='text', opacity=1, ori=0.0, pos=array([0., 0.]), rgb=UNKNOWN, text='', units='height', win=Window(...), wrapWidth=1)
10.7646 	EXP 	Imported 0_001_reward.csv as conditions, 20 conditions, 3 params
10.7650 	EXP 	Created sequence: sequential, trialTypes=20, nReps=1, seed=None
10.7653 	EXP 	New trial (rep=0, index=0): OrderedDict([('correctAns', ['left']), ('correct_reward', 5.3), ('wrong_reward', 1.3)])
10.8129 	EXP 	text_2: autoDraw = False
10.8129 	EXP 	image: autoDraw = True
12.8124 	EXP 	image: autoDraw = False
12.8124 	EXP 	text: text = 'Failed to respond'
12.8124 	EXP 	text: autoDraw = True
14.2771 	EXP 	New trial (rep=0, index=1): OrderedDict([('correctAns', ['left']), ('correct_reward', 8.7), ('wrong_reward', 1.5)])
14.2948 	EXP 	text: autoDraw = False
14.2948 	EXP 	text_2: autoDraw = False
14.2948 	EXP 	image: autoDraw = True
16.2930 	EXP 	image: autoDraw = False
16.2930 	EXP 	text: text = 'Failed to respond'
16.2930 	EXP 	text: autoDraw = True
17.7930 	EXP 	New trial (rep=0, index=2): OrderedDict([('correctAns', ['left']), ('correct_reward', 7.7), ('wrong_reward', 2.4)])
17.8102 	EXP 	text: autoDraw = False
17.8102 	EXP 	text_2: autoDraw = False
17.8102 	EXP 	image: autoDraw = True
19.8223 	EXP 	image: autoDraw = False
19.8223 	EXP 	text: text = 'Failed to respond'
19.8223 	EXP 	text: autoDraw = True
21.3071 	EXP 	New trial (rep=0, index=3): OrderedDict([('correctAns', ['left']), ('correct_reward', 7.5), ('wrong_reward', 1.9)])
21.3251 	EXP 	text: autoDraw = False
21.3251 	EXP 	text_2: autoDraw = False
21.3251 	EXP 	image: autoDraw = True
22.2803 	DATA 	Keypress: left
22.2852 	EXP 	image: autoDraw = False
22.2852 	EXP 	text: text = 7.5
22.2852 	EXP 	text: autoDraw = True
23.7733 	EXP 	New trial (rep=0, index=4): OrderedDict([('correctAns', ['left']), ('correct_reward', 5.5), ('wrong_reward', 4.8)])
23.8034 	EXP 	text: autoDraw = False
23.8034 	EXP 	text: autoDraw = False
23.8034 	EXP 	text_2: autoDraw = False
23.8034 	EXP 	image: autoDraw = True
24.6908 	DATA 	Keypress: right
24.6995 	EXP 	image: autoDraw = False
24.6995 	EXP 	text: text = 4.8
24.6995 	EXP 	text: autoDraw = True
26.1902 	EXP 	New trial (rep=0, index=5): OrderedDict([('correctAns', ['right']), ('correct_reward', 4.2), ('wrong_reward', 0.9)])
26.2168 	EXP 	text: autoDraw = False
26.2168 	EXP 	text: autoDraw = False
26.2168 	EXP 	text_2: autoDraw = False
26.2168 	EXP 	image: autoDraw = True
27.3525 	DATA 	Keypress: left
27.3645 	EXP 	image: autoDraw = False
27.3645 	EXP 	text: text = 0.9
27.3645 	EXP 	text: autoDraw = True
28.8523 	EXP 	New trial (rep=0, index=6): OrderedDict([('correctAns', ['right']), ('correct_reward', 7.2), ('wrong_reward', 1.1)])
28.8807 	EXP 	text: autoDraw = False
28.8807 	EXP 	text: autoDraw = False
28.8807 	EXP 	text_2: autoDraw = False
28.8807 	EXP 	image: autoDraw = True
29.5543 	DATA 	Keypress: right
29.5636 	EXP 	image: autoDraw = False
29.5636 	EXP 	text: text = 7.2
29.5636 	EXP 	text: autoDraw = True
31.0503 	EXP 	New trial (rep=0, index=7): OrderedDict([('correctAns', ['right']), ('correct_reward', 6.5), ('wrong_reward', 0.7)])
31.0798 	EXP 	text: autoDraw = False
31.0798 	EXP 	text: autoDraw = False
31.0798 	EXP 	text_2: autoDraw = False
31.0798 	EXP 	image: autoDraw = True
33.0925 	EXP 	image: autoDraw = False
33.0925 	EXP 	text: text = 'Failed to respond'
33.0925 	EXP 	text: autoDraw = True
33.1166 	DATA 	Keypress: left
34.5641 	EXP 	New trial (rep=0, index=8): OrderedDict([('correctAns', ['right']), ('correct_reward', 5.0), ('wrong_reward', 1.8)])
34.5934 	EXP 	text: autoDraw = False
34.5934 	EXP 	text_2: autoDraw = False
34.5934 	EXP 	image: autoDraw = True
35.4151 	DATA 	Keypress: left
35.4235 	EXP 	image: autoDraw = False
35.4235 	EXP 	text: text = 1.8
35.4235 	EXP 	text: autoDraw = True
36.9106 	EXP 	New trial (rep=0, index=9): OrderedDict([('correctAns', ['right']), ('correct_reward', 6.2), ('wrong_reward', 3.4)])
36.9266 	EXP 	text: autoDraw = False
36.9266 	EXP 	text: autoDraw = False
36.9266 	EXP 	text_2: autoDraw = False
36.9266 	EXP 	image: autoDraw = True
37.2330 	DATA 	Keypress: right
37.2730 	EXP 	image: autoDraw = False
37.2730 	EXP 	text: text = 6.2
37.2730 	EXP 	text: autoDraw = True
38.7630 	EXP 	New trial (rep=0, index=10): OrderedDict([('correctAns', ['right']), ('correct_reward', 5.5), ('wrong_reward', 4.1)])
38.7884 	EXP 	text: autoDraw = False
38.7884 	EXP 	text: autoDraw = False
38.7884 	EXP 	text_2: autoDraw = True
59.2644 	DATA 	Keypress: space
59.2747 	EXP 	text_2: autoDraw = False
59.2747 	EXP 	image: autoDraw = True
60.8990 	DATA 	Keypress: left
60.9046 	EXP 	image: autoDraw = False
60.9046 	EXP 	text: text = 4.1
60.9046 	EXP 	text: autoDraw = True
62.3898 	EXP 	New trial (rep=0, index=11): OrderedDict([('correctAns', ['right']), ('correct_reward', 6.8), ('wrong_reward', 1.2)])
62.4062 	EXP 	text: autoDraw = False
62.4062 	EXP 	text: autoDraw = False
62.4062 	EXP 	text_2: autoDraw = False
62.4062 	EXP 	image: autoDraw = True
63.0685 	DATA 	Keypress: right
63.0844 	EXP 	image: autoDraw = False
63.0844 	EXP 	text: text = 6.8
63.0844 	EXP 	text: autoDraw = True
64.5719 	EXP 	New trial (rep=0, index=12): OrderedDict([('correctAns', ['right']), ('correct_reward', 8.4), ('wrong_reward', 2.7)])
64.5876 	EXP 	text: autoDraw = False
64.5876 	EXP 	text: autoDraw = False
64.5876 	EXP 	text_2: autoDraw = False
64.5876 	EXP 	image: autoDraw = True
66.1997 	DATA 	Keypress: right
66.2152 	EXP 	image: autoDraw = False
66.2152 	EXP 	text: text = 8.4
66.2152 	EXP 	text: autoDraw = True
67.7028 	EXP 	New trial (rep=0, index=13): OrderedDict([('correctAns', ['right']), ('correct_reward', 4.1), ('wrong_reward', 3.6)])
67.7191 	EXP 	text: autoDraw = False
67.7191 	EXP 	text: autoDraw = False
67.7191 	EXP 	text_2: autoDraw = False
67.7191 	EXP 	image: autoDraw = True
69.0800 	DATA 	Keypress: right
69.0962 	EXP 	image: autoDraw = False
69.0962 	EXP 	text: text = 4.1
69.0962 	EXP 	text: autoDraw = True
70.5829 	EXP 	New trial (rep=0, index=14): OrderedDict([('correctAns', ['right']), ('correct_reward', 8.1), ('wrong_reward', 3.9)])
70.5998 	EXP 	text: autoDraw = False
70.5998 	EXP 	text: autoDraw = False
70.5998 	EXP 	text_2: autoDraw = False
70.5998 	EXP 	image: autoDraw = True
71.1675 	DATA 	Keypress: left
71.1778 	EXP 	image: autoDraw = False
71.1778 	EXP 	text: text = 3.9
71.1778 	EXP 	text: autoDraw = True
72.6650 	EXP 	New trial (rep=0, index=15): OrderedDict([('correctAns', ['right']), ('correct_reward', 6.7), ('wrong_reward', 3.9)])
72.6813 	EXP 	text: autoDraw = False
72.6813 	EXP 	text: autoDraw = False
72.6813 	EXP 	text_2: autoDraw = False
72.6813 	EXP 	image: autoDraw = True
74.7083 	EXP 	image: autoDraw = False
74.7083 	EXP 	text: text = 'Failed to respond'
74.7083 	EXP 	text: autoDraw = True
76.1772 	EXP 	New trial (rep=0, index=16): OrderedDict([('correctAns', ['right']), ('correct_reward', 4.1), ('wrong_reward', 4.3)])
76.1950 	EXP 	text: autoDraw = False
76.1950 	EXP 	text_2: autoDraw = False
76.1950 	EXP 	image: autoDraw = True
78.2084 	EXP 	image: autoDraw = False
78.2084 	EXP 	text: text = 'Failed to respond'
78.2084 	EXP 	text: autoDraw = True
79.6915 	EXP 	New trial (rep=0, index=17): OrderedDict([('correctAns', ['right']), ('correct_reward', 4.6), ('wrong_reward', 4.9)])
79.7083 	EXP 	text: autoDraw = False
79.7083 	EXP 	text_2: autoDraw = False
79.7083 	EXP 	image: autoDraw = True
81.7218 	EXP 	image: autoDraw = False
81.7218 	EXP 	text: text = 'Failed to respond'
81.7218 	EXP 	text: autoDraw = True
83.2050 	EXP 	New trial (rep=0, index=18): OrderedDict([('correctAns', ['right']), ('correct_reward', 8.3), ('wrong_reward', 2.7)])
83.2231 	EXP 	text: autoDraw = False
83.2231 	EXP 	text_2: autoDraw = False
83.2231 	EXP 	image: autoDraw = True
85.2360 	EXP 	image: autoDraw = False
85.2360 	EXP 	text: text = 'Failed to respond'
85.2360 	EXP 	text: autoDraw = True
86.7186 	EXP 	New trial (rep=0, index=19): OrderedDict([('correctAns', ['right']), ('correct_reward', 5.7), ('wrong_reward', 3.1)])
86.7362 	EXP 	text: autoDraw = False
86.7362 	EXP 	text_2: autoDraw = False
86.7362 	EXP 	image: autoDraw = True
88.7495 	EXP 	image: autoDraw = False
88.7495 	EXP 	text: text = 'Failed to respond'
88.7495 	EXP 	text: autoDraw = True
90.2485 	EXP 	text: autoDraw = False
90.2758 	EXP 	window1: mouseVisible = True
