3.5958 	WARNING 	We strongly recommend you activate the PTB sound engine in PsychoPy prefs as the preferred audio engine. Its timing is vastly superior. Your prefs are currently set to use ['sounddevice', 'PTB', 'pyo', 'pygame'] (in that order).
14.7528 	EXP 	Created window1 = Window(allowGUI=True, allowStencil=False, autoLog=True, backendConf=UNKNOWN, bitsMode=UNKNOWN, blendMode='avg', bpc=(8, 8, 8), color=array([0, 0, 0]), colorSpace='rgb', depthBits=8, fullscr=<method-wrapper '__getattribute__' of attributeSetter object at 0x00000202B9021A20>, gamma=None, gammaErrorPolicy='raise', lms=UNKNOWN, monitor=<psychopy.monitors.calibTools.Monitor object at 0x00000202B8F85080>, multiSample=False, name='window1', numSamples=2, pos=[320.0, 180.0], screen=0, size=array([1280,  720]), stencilBits=0, stereo=False, units='height', useFBO=True, useRetina=False, viewOri=0.0, viewPos=None, viewScale=None, waitBlanking=True, winType='pyglet')
14.7530 	EXP 	window1: mouseVisible = True
14.7530 	EXP 	window1: recordFrameIntervals = False
14.9196 	EXP 	window1: recordFrameIntervals = True
15.3549 	EXP 	window1: recordFrameIntervals = False
15.7289 	EXP 	Created text_2 = TextStim(__class__=<class 'psychopy.visual.text.TextStim'>, alignHoriz=method-wrapper(...), alignText='center', alignVert=method-wrapper(...), anchorHoriz='center', anchorVert='center', antialias=True, autoLog=True, bold=False, color=array([1., 1., 1.]), colorSpace='rgb', contrast=1.0, depth=-1.0, flipHoriz=False, flipVert=False, font='Open Sans', fontFiles=[], height=0.05, italic=False, languageStyle='LTR', name='text_2', opacity=1, ori=0.0, pos=array([0., 0.]), rgb=UNKNOWN, text=str(...), units='height', win=Window(...), wrapWidth=1)
15.8019 	EXP 	Created image = ImageStim(__class__=<class 'psychopy.visual.image.ImageStim'>, autoLog=True, color=array([1., 1., 1.]), colorSpace='rgb', contrast=1.0, depth=-1.0, flipHoriz=False, flipVert=False, image='stimuli/Presentation2.jpg', interpolate=True, mask=None, maskParams=None, name='image', opacity=1, ori=0.0, pos=array([0., 0.]), size=array([1., 1.]), texRes=128.0, units='height', win=Window(...))
15.8049 	EXP 	Created text = TextStim(__class__=<class 'psychopy.visual.text.TextStim'>, alignHoriz=method-wrapper(...), alignText='center', alignVert=method-wrapper(...), anchorHoriz='center', anchorVert='center', antialias=True, autoLog=True, bold=False, color=array([1., 1., 1.]), colorSpace='rgb', contrast=1.0, depth=-1.0, flipHoriz=False, flipVert=False, font='Open Sans', fontFiles=[], height=0.1, italic=False, languageStyle='LTR', name='text', opacity=1, ori=0.0, pos=array([0., 0.]), rgb=UNKNOWN, text='', units='height', win=Window(...), wrapWidth=1)
15.8410 	EXP 	Imported 0_001_reward.csv as conditions, 20 conditions, 3 params
15.8414 	EXP 	Created sequence: sequential, trialTypes=20, nReps=1, seed=None
15.8417 	EXP 	New trial (rep=0, index=0): OrderedDict([('correctAns', ['right']), ('correct_reward', 4.4), ('wrong_reward', 4.6)])
15.9165 	EXP 	text_2: autoDraw = False
15.9165 	EXP 	image: autoDraw = True
17.9010 	EXP 	image: autoDraw = False
17.9010 	EXP 	text: text = 'Failed to respond'
17.9010 	EXP 	text: autoDraw = True
19.3501 	EXP 	New trial (rep=0, index=1): OrderedDict([('correctAns', ['right']), ('correct_reward', 4.9), ('wrong_reward', 0.6)])
19.3667 	EXP 	text: autoDraw = False
19.3667 	EXP 	text_2: autoDraw = False
19.3667 	EXP 	image: autoDraw = True
21.3795 	EXP 	image: autoDraw = False
21.3795 	EXP 	image: autoDraw = False
21.3795 	EXP 	text: text = 'Failed to respond'
21.3795 	EXP 	text: autoDraw = True
21.6045 	DATA 	Keypress: escape
21.7172 	EXP 	window1: mouseVisible = True
