4.6755 	WARNING 	We strongly recommend you activate the PTB sound engine in PsychoPy prefs as the preferred audio engine. Its timing is vastly superior. Your prefs are currently set to use ['sounddevice', 'PTB', 'pyo', 'pygame'] (in that order).
9.1740 	EXP 	Created window1 = Window(allowGUI=True, allowStencil=False, autoLog=True, backendConf=UNKNOWN, bitsMode=UNKNOWN, blendMode='avg', bpc=(8, 8, 8), color=array([0, 0, 0]), colorSpace='rgb', depthBits=8, fullscr=<method-wrapper '__getattribute__' of attributeSetter object at 0x0000020DB0D51BE0>, gamma=None, gammaErrorPolicy='raise', lms=UNKNOWN, monitor=<psychopy.monitors.calibTools.Monitor object at 0x0000020DB0CF6208>, multiSample=False, name='window1', numSamples=2, pos=[320.0, 180.0], screen=0, size=array([1280,  720]), stencilBits=0, stereo=False, units='height', useFBO=True, useRetina=False, viewOri=0.0, viewPos=None, viewScale=None, waitBlanking=True, winType='pyglet')
9.1743 	EXP 	window1: mouseVisible = True
9.1744 	EXP 	window1: recordFrameIntervals = False
9.3391 	EXP 	window1: recordFrameIntervals = True
9.5238 	EXP 	window1: recordFrameIntervals = False
9.9518 	EXP 	Created text_2 = TextStim(__class__=<class 'psychopy.visual.text.TextStim'>, alignHoriz=method-wrapper(...), alignText='center', alignVert=method-wrapper(...), anchorHoriz='center', anchorVert='center', antialias=True, autoLog=True, bold=False, color=array([1., 1., 1.]), colorSpace='rgb', contrast=1.0, depth=-1.0, flipHoriz=False, flipVert=False, font='Open Sans', fontFiles=[], height=0.05, italic=False, languageStyle='LTR', name='text_2', opacity=1, ori=0.0, pos=array([0., 0.]), rgb=UNKNOWN, text=str(...), units='height', win=Window(...), wrapWidth=1)
10.0324 	EXP 	Created image = ImageStim(__class__=<class 'psychopy.visual.image.ImageStim'>, autoLog=True, color=array([1., 1., 1.]), colorSpace='rgb', contrast=1.0, depth=-1.0, flipHoriz=False, flipVert=False, image='stimuli/Presentation2.jpg', interpolate=True, mask=None, maskParams=None, name='image', opacity=1, ori=0.0, pos=array([0., 0.]), size=array([1.8, 1. ]), texRes=128.0, units='height', win=Window(...))
10.1104 	EXP 	Created image_2 = ImageStim(__class__=<class 'psychopy.visual.image.ImageStim'>, autoLog=True, color=array([1., 1., 1.]), colorSpace='rgb', contrast=1.0, depth=0.0, flipHoriz=False, flipVert=False, image='stimuli/Presentation2.jpg', interpolate=True, mask=None, maskParams=None, name='image_2', opacity=1, ori=0.0, pos=array([0., 0.]), size=array([1.8, 1. ]), texRes=128.0, units='height', win=Window(...))
10.1115 	DEPRECATION 	'-1.0000, 1.0000, 1.0000' is not a valid rgb color
10.1118 	DEPRECATION 	'-1.0000, -1.0000, -1.0000' is not a valid rgb color
10.1133 	EXP 	Created polygon_2 = Rect(__class__=<class 'psychopy.visual.rect.Rect'>, autoDraw=False, autoLog=True, closeShape=True, color=method-wrapper(...), colorSpace='rgb', contrast=None, depth=-1.0, fillColor=array([0, 0, 0]), fillColorSpace='rgb', fillRGB=array([0, 0, 0]), interpolate=True, lineColor=array([0., 0., 0.]), lineColorSpace='rgb', lineRGB=array([0, 0, 0]), lineWidth=5.0, name='polygon_2', opacity=0, ori=0.0, pos=array([0., 0.]), size=array([0.5 , 0.75]), units='height', vertices=ndarray(...), win=Window(...))
10.1153 	EXP 	Created text = TextStim(__class__=<class 'psychopy.visual.text.TextStim'>, alignHoriz=method-wrapper(...), alignText='center', alignVert=method-wrapper(...), anchorHoriz='center', anchorVert='center', antialias=True, autoLog=True, bold=False, color=array([1., 1., 1.]), colorSpace='rgb', contrast=1.0, depth=-1.0, flipHoriz=False, flipVert=False, font='Open Sans', fontFiles=[], height=0.1, italic=False, languageStyle='LTR', name='text', opacity=1, ori=0.0, pos=array([0., 0.]), rgb=UNKNOWN, text='', units='height', win=Window(...), wrapWidth=1)
10.1572 	EXP 	Imported _001_reward.csv as conditions, 20 conditions, 3 params
10.1579 	EXP 	Created sequence: sequential, trialTypes=20, nReps=1, seed=None
10.1584 	EXP 	New trial (rep=0, index=0): OrderedDict([('correctAns', ['right']), ('correct_reward', 8.5), ('wrong_reward', 2.2)])
10.2229 	EXP 	text_2: autoDraw = False
10.2229 	EXP 	image: autoDraw = True
11.0999 	DATA 	Keypress: left
11.1378 	EXP 	image: autoDraw = False
11.1378 	EXP 	image_2: autoDraw = True
11.1378 	EXP 	polygon_2: autoDraw = True
11.6672 	EXP 	image_2: autoDraw = False
11.6672 	EXP 	polygon_2: autoDraw = False
11.6672 	EXP 	image_2: autoDraw = False
11.6672 	EXP 	polygon_2: autoDraw = False
11.6672 	EXP 	text: text = 2.2
11.6672 	EXP 	text: autoDraw = True
13.1566 	EXP 	New trial (rep=0, index=1): OrderedDict([('correctAns', ['right']), ('correct_reward', 5.1), ('wrong_reward', 4.1)])
13.1827 	EXP 	text: autoDraw = False
13.1827 	EXP 	text: autoDraw = False
13.1827 	EXP 	text_2: autoDraw = False
13.1827 	EXP 	image: autoDraw = True
15.1871 	EXP 	image: autoDraw = False
15.1871 	EXP 	image_2: autoDraw = True
15.1871 	EXP 	polygon_2: autoDraw = True
15.7308 	EXP 	image_2: autoDraw = False
15.7308 	EXP 	polygon_2: autoDraw = False
15.7308 	EXP 	text: text = 'Failed to respond'
15.7308 	EXP 	text: autoDraw = True
17.1681 	EXP 	New trial (rep=0, index=2): OrderedDict([('correctAns', ['right']), ('correct_reward', 6.2), ('wrong_reward', 1.5)])
17.1773 	DATA 	Keypress: escape
17.1989 	EXP 	text: autoDraw = False
17.1989 	EXP 	text_2: autoDraw = False
17.1989 	EXP 	image: autoDraw = True
19.0194 	DATA 	Keypress: escape
19.2361 	EXP 	window1: mouseVisible = True
