4.5661 	WARNING 	We strongly recommend you activate the PTB sound engine in PsychoPy prefs as the preferred audio engine. Its timing is vastly superior. Your prefs are currently set to use ['sounddevice', 'PTB', 'pyo', 'pygame'] (in that order).
9.2538 	EXP 	Created window1 = Window(allowGUI=True, allowStencil=False, autoLog=True, backendConf=UNKNOWN, bitsMode=UNKNOWN, blendMode='avg', bpc=(8, 8, 8), color=array([0, 0, 0]), colorSpace='rgb', depthBits=8, fullscr=<method-wrapper '__getattribute__' of attributeSetter object at 0x00000264B2A91BE0>, gamma=None, gammaErrorPolicy='raise', lms=UNKNOWN, monitor=<psychopy.monitors.calibTools.Monitor object at 0x00000264B2A36208>, multiSample=False, name='window1', numSamples=2, pos=[320.0, 180.0], screen=0, size=array([1280,  720]), stencilBits=0, stereo=False, units='height', useFBO=True, useRetina=False, viewOri=0.0, viewPos=None, viewScale=None, waitBlanking=True, winType='pyglet')
9.2541 	EXP 	window1: mouseVisible = True
9.2542 	EXP 	window1: recordFrameIntervals = False
9.4197 	EXP 	window1: recordFrameIntervals = True
9.6037 	EXP 	window1: recordFrameIntervals = False
10.0618 	EXP 	Created text_2 = TextStim(__class__=<class 'psychopy.visual.text.TextStim'>, alignHoriz=method-wrapper(...), alignText='center', alignVert=method-wrapper(...), anchorHoriz='center', anchorVert='center', antialias=True, autoLog=True, bold=False, color=array([1., 1., 1.]), colorSpace='rgb', contrast=1.0, depth=-1.0, flipHoriz=False, flipVert=False, font='Open Sans', fontFiles=[], height=0.05, italic=False, languageStyle='LTR', name='text_2', opacity=1, ori=0.0, pos=array([0., 0.]), rgb=UNKNOWN, text=str(...), units='height', win=Window(...), wrapWidth=1)
10.1454 	EXP 	Created image = ImageStim(__class__=<class 'psychopy.visual.image.ImageStim'>, autoLog=True, color=array([1., 1., 1.]), colorSpace='rgb', contrast=1.0, depth=-1.0, flipHoriz=False, flipVert=False, image='stimuli/Presentation2.jpg', interpolate=True, mask=None, maskParams=None, name='image', opacity=1, ori=0.0, pos=array([0., 0.]), size=array([1.8, 1. ]), texRes=128.0, units='height', win=Window(...))
10.2205 	EXP 	Created image_2 = ImageStim(__class__=<class 'psychopy.visual.image.ImageStim'>, autoLog=True, color=array([1., 1., 1.]), colorSpace='rgb', contrast=1.0, depth=0.0, flipHoriz=False, flipVert=False, image='stimuli/Presentation2.jpg', interpolate=True, mask=None, maskParams=None, name='image_2', opacity=1, ori=0.0, pos=array([0., 0.]), size=array([1.8, 1. ]), texRes=128.0, units='height', win=Window(...))
10.2215 	DEPRECATION 	'0.0000, 0.0000, 0.0000' is not a valid rgb color
10.2234 	EXP 	Created polygon_2 = ShapeStim(__class__=<class 'psychopy.visual.shape.ShapeStim'>, autoDraw=False, autoLog=True, closeShape=True, color=method-wrapper(...), colorSpace='rgb', contrast=None, depth=-1.0, fillColor=array([0, 0, 0]), fillColorSpace='rgb', fillRGB=array([0, 0, 0]), interpolate=True, lineColor=array([-1., -1., -1.]), lineColorSpace='rgb', lineRGB=array([-1, -1, -1]), lineWidth=3.0, name='polygon_2', opacity=0.5, ori=0.0, pos=array([0., 0.]), size=array([0.5 , 0.75]), units='height', vertices=ndarray(...), win=Window(...), windingRule=None)
10.2252 	EXP 	Created text = TextStim(__class__=<class 'psychopy.visual.text.TextStim'>, alignHoriz=method-wrapper(...), alignText='center', alignVert=method-wrapper(...), anchorHoriz='center', anchorVert='center', antialias=True, autoLog=True, bold=False, color=array([1., 1., 1.]), colorSpace='rgb', contrast=1.0, depth=-1.0, flipHoriz=False, flipVert=False, font='Open Sans', fontFiles=[], height=0.1, italic=False, languageStyle='LTR', name='text', opacity=1, ori=0.0, pos=array([0., 0.]), rgb=UNKNOWN, text='', units='height', win=Window(...), wrapWidth=1)
10.2706 	EXP 	Imported _001_reward.csv as conditions, 20 conditions, 3 params
10.2714 	EXP 	Created sequence: sequential, trialTypes=20, nReps=1, seed=None
10.2720 	EXP 	New trial (rep=0, index=0): OrderedDict([('correctAns', ['left']), ('correct_reward', 8.1), ('wrong_reward', 4.0)])
10.3353 	EXP 	text_2: autoDraw = False
10.3353 	EXP 	image: autoDraw = True
11.0520 	DATA 	Keypress: left
11.0799 	EXP 	image: autoDraw = False
11.0799 	EXP 	image_2: autoDraw = True
11.0799 	EXP 	polygon_2: autoDraw = True
11.6136 	EXP 	image_2: autoDraw = False
11.6136 	EXP 	polygon_2: autoDraw = False
11.6136 	EXP 	image_2: autoDraw = False
11.6136 	EXP 	polygon_2: autoDraw = False
11.6136 	EXP 	text: text = 8.1
11.6136 	EXP 	text: autoDraw = True
13.1034 	EXP 	New trial (rep=0, index=1): OrderedDict([('correctAns', ['left']), ('correct_reward', 7.4), ('wrong_reward', 0.6)])
13.1303 	EXP 	text: autoDraw = False
13.1303 	EXP 	text: autoDraw = False
13.1303 	EXP 	text_2: autoDraw = False
13.1303 	EXP 	image: autoDraw = True
13.6039 	DATA 	Keypress: right
13.6139 	EXP 	image: autoDraw = False
13.6139 	EXP 	image_2: autoDraw = True
13.6139 	EXP 	polygon_2: autoDraw = True
14.1449 	EXP 	image_2: autoDraw = False
14.1449 	EXP 	polygon_2: autoDraw = False
14.1449 	EXP 	image_2: autoDraw = False
14.1449 	EXP 	polygon_2: autoDraw = False
14.1449 	EXP 	text: text = 0.6
14.1449 	EXP 	text: autoDraw = True
15.6337 	EXP 	New trial (rep=0, index=2): OrderedDict([('correctAns', ['left']), ('correct_reward', 7.9), ('wrong_reward', 0.2)])
15.6619 	EXP 	text: autoDraw = False
15.6619 	EXP 	text: autoDraw = False
15.6619 	EXP 	text_2: autoDraw = False
15.6619 	EXP 	image: autoDraw = True
16.1392 	DATA 	Keypress: right
16.1950 	EXP 	image: autoDraw = False
16.1950 	EXP 	image_2: autoDraw = True
16.1950 	EXP 	polygon_2: autoDraw = True
16.7089 	EXP 	image_2: autoDraw = False
16.7089 	EXP 	polygon_2: autoDraw = False
16.7089 	EXP 	image_2: autoDraw = False
16.7089 	EXP 	polygon_2: autoDraw = False
16.7089 	EXP 	text: text = 0.2
16.7089 	EXP 	text: autoDraw = True
17.8644 	DATA 	Keypress: escape
18.0313 	EXP 	window1: mouseVisible = True
