3.7693 	WARNING 	We strongly recommend you activate the PTB sound engine in PsychoPy prefs as the preferred audio engine. Its timing is vastly superior. Your prefs are currently set to use ['sounddevice', 'PTB', 'pyo', 'pygame'] (in that order).
8.1476 	EXP 	Created window1 = Window(allowGUI=True, allowStencil=False, autoLog=True, backendConf=UNKNOWN, bitsMode=UNKNOWN, blendMode='avg', bpc=(8, 8, 8), color=array([0, 0, 0]), colorSpace='rgb', depthBits=8, fullscr=<method-wrapper '__getattribute__' of attributeSetter object at 0x000001CE10421BE0>, gamma=None, gammaErrorPolicy='raise', lms=UNKNOWN, monitor=<psychopy.monitors.calibTools.Monitor object at 0x000001CE103C6208>, multiSample=False, name='window1', numSamples=2, pos=[320.0, 180.0], screen=0, size=array([1280,  720]), stencilBits=0, stereo=False, units='height', useFBO=True, useRetina=False, viewOri=0.0, viewPos=None, viewScale=None, waitBlanking=True, winType='pyglet')
8.1478 	EXP 	window1: mouseVisible = True
8.1479 	EXP 	window1: recordFrameIntervals = False
8.3125 	EXP 	window1: recordFrameIntervals = True
8.4956 	EXP 	window1: recordFrameIntervals = False
8.9430 	EXP 	Created text_2 = TextStim(__class__=<class 'psychopy.visual.text.TextStim'>, alignHoriz=method-wrapper(...), alignText='center', alignVert=method-wrapper(...), anchorHoriz='center', anchorVert='center', antialias=True, autoLog=True, bold=False, color=array([1., 1., 1.]), colorSpace='rgb', contrast=1.0, depth=-1.0, flipHoriz=False, flipVert=False, font='Open Sans', fontFiles=[], height=0.05, italic=False, languageStyle='LTR', name='text_2', opacity=1, ori=0.0, pos=array([0., 0.]), rgb=UNKNOWN, text=str(...), units='height', win=Window(...), wrapWidth=1)
9.0225 	EXP 	Created image = ImageStim(__class__=<class 'psychopy.visual.image.ImageStim'>, autoLog=True, color=array([1., 1., 1.]), colorSpace='rgb', contrast=1.0, depth=-1.0, flipHoriz=False, flipVert=False, image='stimuli/Presentation2.jpg', interpolate=True, mask=None, maskParams=None, name='image', opacity=1, ori=0.0, pos=array([0., 0.]), size=array([1.8, 1. ]), texRes=128.0, units='height', win=Window(...))
9.1006 	EXP 	Created image_2 = ImageStim(__class__=<class 'psychopy.visual.image.ImageStim'>, autoLog=True, color=array([1., 1., 1.]), colorSpace='rgb', contrast=1.0, depth=0.0, flipHoriz=False, flipVert=False, image='stimuli/Presentation2.jpg', interpolate=True, mask=None, maskParams=None, name='image_2', opacity=1, ori=0.0, pos=array([0., 0.]), size=array([1.8, 1. ]), texRes=128.0, units='height', win=Window(...))
9.1017 	DEPRECATION 	'-1.0000, 1.0000, 1.0000' is not a valid rgb color
9.1019 	DEPRECATION 	'-1.0000, -1.0000, -1.0000' is not a valid rgb color
9.1037 	EXP 	Created polygon_2 = ShapeStim(__class__=<class 'psychopy.visual.shape.ShapeStim'>, autoDraw=False, autoLog=True, closeShape=True, color=method-wrapper(...), colorSpace='rgb', contrast=None, depth=-1.0, fillColor=array([0, 0, 0]), fillColorSpace='rgb', fillRGB=array([0, 0, 0]), interpolate=True, lineColor=array([0., 0., 0.]), lineColorSpace='rgb', lineRGB=array([0, 0, 0]), lineWidth=1.0, name='polygon_2', opacity=0, ori=0.0, pos=array([0., 0.]), size=array([0.5 , 0.75]), units='height', vertices=ndarray(...), win=Window(...), windingRule=None)
9.1055 	EXP 	Created text = TextStim(__class__=<class 'psychopy.visual.text.TextStim'>, alignHoriz=method-wrapper(...), alignText='center', alignVert=method-wrapper(...), anchorHoriz='center', anchorVert='center', antialias=True, autoLog=True, bold=False, color=array([1., 1., 1.]), colorSpace='rgb', contrast=1.0, depth=-1.0, flipHoriz=False, flipVert=False, font='Open Sans', fontFiles=[], height=0.1, italic=False, languageStyle='LTR', name='text', opacity=1, ori=0.0, pos=array([0., 0.]), rgb=UNKNOWN, text='', units='height', win=Window(...), wrapWidth=1)
9.1522 	EXP 	Imported _001_reward.csv as conditions, 20 conditions, 3 params
9.1530 	EXP 	Created sequence: sequential, trialTypes=20, nReps=1, seed=None
9.1535 	EXP 	New trial (rep=0, index=0): OrderedDict([('correctAns', ['left']), ('correct_reward', 5.8), ('wrong_reward', 4.4)])
9.2125 	EXP 	text_2: autoDraw = False
9.2125 	EXP 	image: autoDraw = True
9.5202 	DATA 	Keypress: right
9.5926 	EXP 	image: autoDraw = False
9.5926 	EXP 	image_2: autoDraw = True
9.5926 	EXP 	polygon_2: autoDraw = True
10.1240 	EXP 	image_2: autoDraw = False
10.1240 	EXP 	polygon_2: autoDraw = False
10.1240 	EXP 	image_2: autoDraw = False
10.1240 	EXP 	polygon_2: autoDraw = False
10.1240 	EXP 	text: text = 4.4
10.1240 	EXP 	text: autoDraw = True
11.6127 	EXP 	New trial (rep=0, index=1): OrderedDict([('correctAns', ['left']), ('correct_reward', 7.2), ('wrong_reward', 1.0)])
11.6410 	EXP 	text: autoDraw = False
11.6410 	EXP 	text: autoDraw = False
11.6410 	EXP 	text_2: autoDraw = False
11.6410 	EXP 	image: autoDraw = True
12.2505 	DATA 	Keypress: left
12.2914 	EXP 	image: autoDraw = False
12.2914 	EXP 	image_2: autoDraw = True
12.2914 	EXP 	polygon_2: autoDraw = True
12.8220 	EXP 	image_2: autoDraw = False
12.8220 	EXP 	polygon_2: autoDraw = False
12.8220 	EXP 	image_2: autoDraw = False
12.8220 	EXP 	polygon_2: autoDraw = False
12.8220 	EXP 	text: text = 7.2
12.8220 	EXP 	text: autoDraw = True
13.4478 	DATA 	Keypress: escape
13.6418 	EXP 	window1: mouseVisible = True
