5.7423 	WARNING 	We strongly recommend you activate the PTB sound engine in PsychoPy prefs as the preferred audio engine. Its timing is vastly superior. Your prefs are currently set to use ['sounddevice', 'PTB', 'pyo', 'pygame'] (in that order).
19.0784 	EXP 	Created window1 = Window(allowGUI=True, allowStencil=False, autoLog=True, backendConf=UNKNOWN, bitsMode=UNKNOWN, blendMode='avg', bpc=(8, 8, 8), color=array([0, 0, 0]), colorSpace='rgb', depthBits=8, fullscr=<method-wrapper '__getattribute__' of attributeSetter object at 0x00000207E8D11A90>, gamma=None, gammaErrorPolicy='raise', lms=UNKNOWN, monitor=<psychopy.monitors.calibTools.Monitor object at 0x00000207E8CF10B8>, multiSample=False, name='window1', numSamples=2, pos=[320.0, 180.0], screen=0, size=array([1280,  720]), stencilBits=0, stereo=False, units='height', useFBO=True, useRetina=False, viewOri=0.0, viewPos=None, viewScale=None, waitBlanking=True, winType='pyglet')
19.0787 	EXP 	window1: mouseVisible = True
19.0788 	EXP 	window1: recordFrameIntervals = False
19.2430 	EXP 	window1: recordFrameIntervals = True
19.4256 	EXP 	window1: recordFrameIntervals = False
20.9869 	EXP 	Created text_2 = TextStim(__class__=<class 'psychopy.visual.text.TextStim'>, alignHoriz=method-wrapper(...), alignText='center', alignVert=method-wrapper(...), anchorHoriz='center', anchorVert='center', antialias=True, autoLog=True, bold=False, color=array([1., 1., 1.]), colorSpace='rgb', contrast=1.0, depth=-1.0, flipHoriz=False, flipVert=False, font='Open Sans', fontFiles=[], height=0.05, italic=False, languageStyle='LTR', name='text_2', opacity=1, ori=0.0, pos=array([0., 0.]), rgb=UNKNOWN, text=str(...), units='height', win=Window(...), wrapWidth=1)
22.1975 	EXP 	Created image = ImageStim(__class__=<class 'psychopy.visual.image.ImageStim'>, autoLog=True, color=array([1., 1., 1.]), colorSpace='rgb', contrast=1.0, depth=-1.0, flipHoriz=False, flipVert=False, image='stimuli/Presentation2.jpg', interpolate=True, mask=None, maskParams=None, name='image', opacity=1, ori=0.0, pos=array([0., 0.]), size=array([1.8, 1. ]), texRes=128.0, units='height', win=Window(...))
22.2735 	EXP 	Created image_2 = ImageStim(__class__=<class 'psychopy.visual.image.ImageStim'>, autoLog=True, color=array([1., 1., 1.]), colorSpace='rgb', contrast=1.0, depth=0.0, flipHoriz=False, flipVert=False, image='stimuli/Presentation2.jpg', interpolate=True, mask=None, maskParams=None, name='image_2', opacity=0.5, ori=0.0, pos=array([0., 0.]), size=array([1.8, 1. ]), texRes=128.0, units='height', win=Window(...))
22.4169 	DEPRECATION 	'0.0000, 0.0000, 0.0000' is not a valid rgb color
22.4459 	EXP 	Created polygon_2 = Rect(__class__=<class 'psychopy.visual.rect.Rect'>, autoDraw=False, autoLog=True, closeShape=True, color=method-wrapper(...), colorSpace='rgb', contrast=None, depth=-1.0, fillColor=array([0, 0, 0]), fillColorSpace='rgb', fillRGB=array([0, 0, 0]), interpolate=True, lineColor=array([-1., -1., -1.]), lineColorSpace='rgb', lineRGB=array([-1, -1, -1]), lineWidth=3.0, name='polygon_2', opacity=0.5, ori=0.0, pos=array([ 0.5, -0.1]), size=array([0.5, 0.8]), units='height', vertices=ndarray(...), win=Window(...))
22.4482 	EXP 	Created text = TextStim(__class__=<class 'psychopy.visual.text.TextStim'>, alignHoriz=method-wrapper(...), alignText='center', alignVert=method-wrapper(...), anchorHoriz='center', anchorVert='center', antialias=True, autoLog=True, bold=False, color=array([1., 1., 1.]), colorSpace='rgb', contrast=1.0, depth=-1.0, flipHoriz=False, flipVert=False, font='Open Sans', fontFiles=[], height=0.1, italic=False, languageStyle='LTR', name='text', opacity=1, ori=0.0, pos=array([0., 0.]), rgb=UNKNOWN, text='', units='height', win=Window(...), wrapWidth=1)
22.5156 	EXP 	Imported _001_reward.csv as conditions, 20 conditions, 3 params
22.5168 	EXP 	Created sequence: sequential, trialTypes=20, nReps=1, seed=None
22.5171 	EXP 	New trial (rep=0, index=0): OrderedDict([('correctAns', ['left']), ('correct_reward', 7.0), ('wrong_reward', 0.7)])
22.5957 	EXP 	text_2: autoDraw = False
22.5957 	EXP 	image: autoDraw = True
23.6390 	DATA 	Keypress: left
23.6642 	EXP 	image: autoDraw = False
23.6642 	EXP 	image_2: autoDraw = True
23.6642 	EXP 	polygon_2: autoDraw = True
24.1877 	EXP 	image_2: autoDraw = False
24.1877 	EXP 	polygon_2: autoDraw = False
24.1877 	EXP 	image_2: autoDraw = False
24.1877 	EXP 	polygon_2: autoDraw = False
24.1877 	EXP 	text: text = 7.0
24.1877 	EXP 	text: autoDraw = True
25.6738 	EXP 	New trial (rep=0, index=1): OrderedDict([('correctAns', ['left']), ('correct_reward', 4.0), ('wrong_reward', 3.4)])
25.6904 	EXP 	text: autoDraw = False
25.6904 	EXP 	text: autoDraw = False
25.6904 	EXP 	text_2: autoDraw = False
25.6904 	EXP 	image: autoDraw = True
26.6793 	DATA 	Keypress: left
26.6892 	EXP 	image: autoDraw = False
26.6892 	EXP 	image_2: autoDraw = True
26.6892 	EXP 	polygon_2: autoDraw = True
27.2187 	EXP 	image_2: autoDraw = False
27.2187 	EXP 	polygon_2: autoDraw = False
27.2187 	EXP 	image_2: autoDraw = False
27.2187 	EXP 	polygon_2: autoDraw = False
27.2187 	EXP 	text: text = 4.0
27.2187 	EXP 	text: autoDraw = True
28.7027 	EXP 	New trial (rep=0, index=2): OrderedDict([('correctAns', ['left']), ('correct_reward', 4.8), ('wrong_reward', 2.9)])
28.7199 	EXP 	text: autoDraw = False
28.7199 	EXP 	text: autoDraw = False
28.7199 	EXP 	text_2: autoDraw = False
28.7199 	EXP 	image: autoDraw = True
29.3587 	DATA 	Keypress: right
29.3693 	EXP 	image: autoDraw = False
29.3693 	EXP 	image_2: autoDraw = True
29.3693 	EXP 	polygon_2: autoDraw = True
29.8670 	EXP 	image_2: autoDraw = False
29.8670 	EXP 	polygon_2: autoDraw = False
29.8670 	EXP 	image_2: autoDraw = False
29.8670 	EXP 	polygon_2: autoDraw = False
29.8670 	EXP 	text: text = 2.9
29.8670 	EXP 	text: autoDraw = True
31.3522 	EXP 	New trial (rep=0, index=3): OrderedDict([('correctAns', ['left']), ('correct_reward', 6.3), ('wrong_reward', 4.8)])
31.3683 	EXP 	text: autoDraw = False
31.3683 	EXP 	text: autoDraw = False
31.3683 	EXP 	text_2: autoDraw = False
31.3683 	EXP 	image: autoDraw = True
31.7440 	DATA 	Keypress: left
31.7517 	EXP 	image: autoDraw = False
31.7517 	EXP 	image_2: autoDraw = True
31.7517 	EXP 	polygon_2: autoDraw = True
32.2642 	EXP 	image_2: autoDraw = False
32.2642 	EXP 	polygon_2: autoDraw = False
32.2642 	EXP 	image_2: autoDraw = False
32.2642 	EXP 	polygon_2: autoDraw = False
32.2642 	EXP 	text: text = 6.3
32.2642 	EXP 	text: autoDraw = True
33.7499 	EXP 	New trial (rep=0, index=4): OrderedDict([('correctAns', ['left']), ('correct_reward', 4.2), ('wrong_reward', 4.7)])
33.7664 	EXP 	text: autoDraw = False
33.7664 	EXP 	text: autoDraw = False
33.7664 	EXP 	text_2: autoDraw = False
33.7664 	EXP 	image: autoDraw = True
34.2272 	DATA 	Keypress: right
34.2483 	EXP 	image: autoDraw = False
34.2483 	EXP 	image_2: autoDraw = True
34.2483 	EXP 	polygon_2: autoDraw = True
34.7629 	EXP 	image_2: autoDraw = False
34.7629 	EXP 	polygon_2: autoDraw = False
34.7629 	EXP 	image_2: autoDraw = False
34.7629 	EXP 	polygon_2: autoDraw = False
34.7629 	EXP 	text: text = 4.7
34.7629 	EXP 	text: autoDraw = True
36.2502 	EXP 	New trial (rep=0, index=5): OrderedDict([('correctAns', ['left']), ('correct_reward', 4.6), ('wrong_reward', 2.8)])
36.2794 	EXP 	text: autoDraw = False
36.2794 	EXP 	text: autoDraw = False
36.2794 	EXP 	text_2: autoDraw = False
36.2794 	EXP 	image: autoDraw = True
36.6402 	DATA 	Keypress: left
36.6480 	EXP 	image: autoDraw = False
36.6480 	EXP 	image_2: autoDraw = True
36.6480 	EXP 	polygon_2: autoDraw = True
37.1612 	EXP 	image_2: autoDraw = False
37.1612 	EXP 	polygon_2: autoDraw = False
37.1612 	EXP 	image_2: autoDraw = False
37.1612 	EXP 	polygon_2: autoDraw = False
37.1612 	EXP 	text: text = 4.6
37.1612 	EXP 	text: autoDraw = True
38.6484 	EXP 	New trial (rep=0, index=6): OrderedDict([('correctAns', ['left']), ('correct_reward', 8.4), ('wrong_reward', 4.6)])
38.6784 	EXP 	text: autoDraw = False
38.6784 	EXP 	text: autoDraw = False
38.6784 	EXP 	text_2: autoDraw = False
38.6784 	EXP 	image: autoDraw = True
38.7094 	DATA 	Keypress: right
38.7284 	EXP 	image: autoDraw = False
38.7284 	EXP 	image_2: autoDraw = True
38.7284 	EXP 	polygon_2: autoDraw = True
39.2419 	EXP 	image_2: autoDraw = False
39.2419 	EXP 	polygon_2: autoDraw = False
39.2419 	EXP 	image_2: autoDraw = False
39.2419 	EXP 	polygon_2: autoDraw = False
39.2419 	EXP 	text: text = 4.6
39.2419 	EXP 	text: autoDraw = True
40.7309 	EXP 	New trial (rep=0, index=7): OrderedDict([('correctAns', ['left']), ('correct_reward', 7.8), ('wrong_reward', 3.2)])
40.7600 	EXP 	text: autoDraw = False
40.7600 	EXP 	text: autoDraw = False
40.7600 	EXP 	text_2: autoDraw = False
40.7600 	EXP 	image: autoDraw = True
41.2250 	DATA 	Keypress: right
41.2436 	EXP 	image: autoDraw = False
41.2436 	EXP 	image_2: autoDraw = True
41.2436 	EXP 	polygon_2: autoDraw = True
41.7573 	EXP 	image_2: autoDraw = False
41.7573 	EXP 	polygon_2: autoDraw = False
41.7573 	EXP 	image_2: autoDraw = False
41.7573 	EXP 	polygon_2: autoDraw = False
41.7573 	EXP 	text: text = 3.2
41.7573 	EXP 	text: autoDraw = True
43.2451 	EXP 	New trial (rep=0, index=8): OrderedDict([('correctAns', ['left']), ('correct_reward', 6.7), ('wrong_reward', 3.9)])
43.2748 	EXP 	text: autoDraw = False
43.2748 	EXP 	text: autoDraw = False
43.2748 	EXP 	text_2: autoDraw = False
43.2748 	EXP 	image: autoDraw = True
43.3345 	DATA 	Keypress: left
43.3421 	EXP 	image: autoDraw = False
43.3421 	EXP 	image_2: autoDraw = True
43.3421 	EXP 	polygon_2: autoDraw = True
43.8560 	EXP 	image_2: autoDraw = False
43.8560 	EXP 	polygon_2: autoDraw = False
43.8560 	EXP 	image_2: autoDraw = False
43.8560 	EXP 	polygon_2: autoDraw = False
43.8560 	EXP 	text: text = 6.7
43.8560 	EXP 	text: autoDraw = True
45.3406 	EXP 	New trial (rep=0, index=9): OrderedDict([('correctAns', ['left']), ('correct_reward', 5.5), ('wrong_reward', 3.4)])
45.3568 	EXP 	text: autoDraw = False
45.3568 	EXP 	text: autoDraw = False
45.3568 	EXP 	text_2: autoDraw = False
45.3568 	EXP 	image: autoDraw = True
46.8811 	DATA 	Keypress: right
46.9216 	EXP 	image: autoDraw = False
46.9216 	EXP 	image_2: autoDraw = True
46.9216 	EXP 	polygon_2: autoDraw = True
47.4349 	EXP 	image_2: autoDraw = False
47.4349 	EXP 	polygon_2: autoDraw = False
47.4349 	EXP 	image_2: autoDraw = False
47.4349 	EXP 	polygon_2: autoDraw = False
47.4349 	EXP 	text: text = 3.4
47.4349 	EXP 	text: autoDraw = True
48.9201 	EXP 	New trial (rep=0, index=10): OrderedDict([('correctAns', ['right']), ('correct_reward', 6.3), ('wrong_reward', 0.1)])
48.9346 	EXP 	text: autoDraw = False
48.9346 	EXP 	text: autoDraw = False
48.9346 	EXP 	text_2: autoDraw = True
49.2627 	DATA 	Keypress: left
51.3478 	DATA 	Keypress: space
51.3682 	EXP 	text_2: autoDraw = False
51.3682 	EXP 	image: autoDraw = True
52.4262 	DATA 	Keypress: left
52.4346 	EXP 	image: autoDraw = False
52.4346 	EXP 	image_2: autoDraw = True
52.4346 	EXP 	polygon_2: autoDraw = True
52.9487 	EXP 	image_2: autoDraw = False
52.9487 	EXP 	polygon_2: autoDraw = False
52.9487 	EXP 	image_2: autoDraw = False
52.9487 	EXP 	polygon_2: autoDraw = False
52.9487 	EXP 	text: text = 0.1
52.9487 	EXP 	text: autoDraw = True
54.4500 	EXP 	New trial (rep=0, index=11): OrderedDict([('correctAns', ['right']), ('correct_reward', 6.2), ('wrong_reward', 3.0)])
54.4662 	EXP 	text: autoDraw = False
54.4662 	EXP 	text: autoDraw = False
54.4662 	EXP 	text_2: autoDraw = False
54.4662 	EXP 	image: autoDraw = True
54.8464 	DATA 	Keypress: right
54.8656 	EXP 	image: autoDraw = False
54.8656 	EXP 	image_2: autoDraw = True
54.8656 	EXP 	polygon_2: autoDraw = True
55.3624 	EXP 	image_2: autoDraw = False
55.3624 	EXP 	polygon_2: autoDraw = False
55.3624 	EXP 	image_2: autoDraw = False
55.3624 	EXP 	polygon_2: autoDraw = False
55.3624 	EXP 	text: text = 6.2
55.3624 	EXP 	text: autoDraw = True
56.8510 	EXP 	New trial (rep=0, index=12): OrderedDict([('correctAns', ['right']), ('correct_reward', 5.1), ('wrong_reward', 1.3)])
56.8803 	EXP 	text: autoDraw = False
56.8803 	EXP 	text: autoDraw = False
56.8803 	EXP 	text_2: autoDraw = False
56.8803 	EXP 	image: autoDraw = True
57.8113 	DATA 	Keypress: right
57.8297 	EXP 	image: autoDraw = False
57.8297 	EXP 	image_2: autoDraw = True
57.8297 	EXP 	polygon_2: autoDraw = True
58.3602 	EXP 	image_2: autoDraw = False
58.3602 	EXP 	polygon_2: autoDraw = False
58.3602 	EXP 	image_2: autoDraw = False
58.3602 	EXP 	polygon_2: autoDraw = False
58.3602 	EXP 	text: text = 5.1
58.3602 	EXP 	text: autoDraw = True
59.8486 	EXP 	New trial (rep=0, index=13): OrderedDict([('correctAns', ['right']), ('correct_reward', 6.3), ('wrong_reward', 3.8)])
59.8778 	EXP 	text: autoDraw = False
59.8778 	EXP 	text: autoDraw = False
59.8778 	EXP 	text_2: autoDraw = False
59.8778 	EXP 	image: autoDraw = True
61.0747 	DATA 	Keypress: right
61.0934 	EXP 	image: autoDraw = False
61.0934 	EXP 	image_2: autoDraw = True
61.0934 	EXP 	polygon_2: autoDraw = True
61.5914 	EXP 	image_2: autoDraw = False
61.5914 	EXP 	polygon_2: autoDraw = False
61.5914 	EXP 	image_2: autoDraw = False
61.5914 	EXP 	polygon_2: autoDraw = False
61.5914 	EXP 	text: text = 6.3
61.5914 	EXP 	text: autoDraw = True
63.0762 	EXP 	New trial (rep=0, index=14): OrderedDict([('correctAns', ['right']), ('correct_reward', 7.7), ('wrong_reward', 1.1)])
63.0921 	EXP 	text: autoDraw = False
63.0921 	EXP 	text: autoDraw = False
63.0921 	EXP 	text_2: autoDraw = False
63.0921 	EXP 	image: autoDraw = True
63.1802 	DATA 	Keypress: right
63.2083 	EXP 	image: autoDraw = False
63.2083 	EXP 	image_2: autoDraw = True
63.2083 	EXP 	polygon_2: autoDraw = True
63.7062 	EXP 	image_2: autoDraw = False
63.7062 	EXP 	polygon_2: autoDraw = False
63.7062 	EXP 	image_2: autoDraw = False
63.7062 	EXP 	polygon_2: autoDraw = False
63.7062 	EXP 	text: text = 7.7
63.7062 	EXP 	text: autoDraw = True
64.7638 	DATA 	Keypress: right
65.2061 	EXP 	New trial (rep=0, index=15): OrderedDict([('correctAns', ['right']), ('correct_reward', 6.8), ('wrong_reward', 0.6)])
65.2241 	EXP 	text: autoDraw = False
65.2241 	EXP 	text: autoDraw = False
65.2241 	EXP 	text_2: autoDraw = False
65.2241 	EXP 	image: autoDraw = True
65.5829 	DATA 	Keypress: right
65.5905 	EXP 	image: autoDraw = False
65.5905 	EXP 	image_2: autoDraw = True
65.5905 	EXP 	polygon_2: autoDraw = True
66.1044 	EXP 	image_2: autoDraw = False
66.1044 	EXP 	polygon_2: autoDraw = False
66.1044 	EXP 	image_2: autoDraw = False
66.1044 	EXP 	polygon_2: autoDraw = False
66.1044 	EXP 	text: text = 6.8
66.1044 	EXP 	text: autoDraw = True
67.5900 	EXP 	New trial (rep=0, index=16): OrderedDict([('correctAns', ['right']), ('correct_reward', 7.5), ('wrong_reward', 3.9)])
67.5974 	DATA 	Keypress: right
67.6052 	EXP 	text: autoDraw = False
67.6052 	EXP 	text: autoDraw = False
67.6052 	EXP 	text_2: autoDraw = False
67.6052 	EXP 	image: autoDraw = True
68.2522 	DATA 	Keypress: right
68.2713 	EXP 	image: autoDraw = False
68.2713 	EXP 	image_2: autoDraw = True
68.2713 	EXP 	polygon_2: autoDraw = True
68.7842 	EXP 	image_2: autoDraw = False
68.7842 	EXP 	polygon_2: autoDraw = False
68.7842 	EXP 	image_2: autoDraw = False
68.7842 	EXP 	polygon_2: autoDraw = False
68.7842 	EXP 	text: text = 7.5
68.7842 	EXP 	text: autoDraw = True
69.3566 	DATA 	Keypress: right
70.2696 	EXP 	New trial (rep=0, index=17): OrderedDict([('correctAns', ['right']), ('correct_reward', 5.1), ('wrong_reward', 3.6)])
70.2860 	EXP 	text: autoDraw = False
70.2860 	EXP 	text: autoDraw = False
70.2860 	EXP 	text_2: autoDraw = False
70.2860 	EXP 	image: autoDraw = True
70.6747 	DATA 	Keypress: right
70.7032 	EXP 	image: autoDraw = False
70.7032 	EXP 	image_2: autoDraw = True
70.7032 	EXP 	polygon_2: autoDraw = True
71.2170 	EXP 	image_2: autoDraw = False
71.2170 	EXP 	polygon_2: autoDraw = False
71.2170 	EXP 	image_2: autoDraw = False
71.2170 	EXP 	polygon_2: autoDraw = False
71.2170 	EXP 	text: text = 5.1
71.2170 	EXP 	text: autoDraw = True
72.7023 	EXP 	New trial (rep=0, index=18): OrderedDict([('correctAns', ['right']), ('correct_reward', 5.3), ('wrong_reward', 5.0)])
72.7177 	EXP 	text: autoDraw = False
72.7177 	EXP 	text: autoDraw = False
72.7177 	EXP 	text_2: autoDraw = False
72.7177 	EXP 	image: autoDraw = True
73.2317 	DATA 	Keypress: right
73.2504 	EXP 	image: autoDraw = False
73.2504 	EXP 	image_2: autoDraw = True
73.2504 	EXP 	polygon_2: autoDraw = True
73.7639 	EXP 	image_2: autoDraw = False
73.7639 	EXP 	polygon_2: autoDraw = False
73.7639 	EXP 	image_2: autoDraw = False
73.7639 	EXP 	polygon_2: autoDraw = False
73.7639 	EXP 	text: text = 5.3
73.7639 	EXP 	text: autoDraw = True
75.2525 	EXP 	New trial (rep=0, index=19): OrderedDict([('correctAns', ['right']), ('correct_reward', 4.1), ('wrong_reward', 3.4)])
75.2819 	EXP 	text: autoDraw = False
75.2819 	EXP 	text: autoDraw = False
75.2819 	EXP 	text_2: autoDraw = False
75.2819 	EXP 	image: autoDraw = True
75.8580 	DATA 	Keypress: right
75.8652 	EXP 	image: autoDraw = False
75.8652 	EXP 	image_2: autoDraw = True
75.8652 	EXP 	polygon_2: autoDraw = True
76.3793 	EXP 	image_2: autoDraw = False
76.3793 	EXP 	polygon_2: autoDraw = False
76.3793 	EXP 	image_2: autoDraw = False
76.3793 	EXP 	polygon_2: autoDraw = False
76.3793 	EXP 	text: text = 4.1
76.3793 	EXP 	text: autoDraw = True
77.0547 	DATA 	Keypress: right
77.8783 	EXP 	text: autoDraw = False
77.8783 	EXP 	text: autoDraw = False
77.9129 	EXP 	window1: mouseVisible = True
