4.6327 	WARNING 	We strongly recommend you activate the PTB sound engine in PsychoPy prefs as the preferred audio engine. Its timing is vastly superior. Your prefs are currently set to use ['sounddevice', 'PTB', 'pyo', 'pygame'] (in that order).
9.4291 	EXP 	Created window1 = Window(allowGUI=True, allowStencil=False, autoLog=True, backendConf=UNKNOWN, bitsMode=UNKNOWN, blendMode='avg', bpc=(8, 8, 8), color=array([0, 0, 0]), colorSpace='rgb', depthBits=8, fullscr=<method-wrapper '__getattribute__' of attributeSetter object at 0x000002AC29FA1C50>, gamma=None, gammaErrorPolicy='raise', lms=UNKNOWN, monitor=<psychopy.monitors.calibTools.Monitor object at 0x000002AC29F04240>, multiSample=False, name='window1', numSamples=2, pos=[320.0, 180.0], screen=0, size=array([1280,  720]), stencilBits=0, stereo=False, units='height', useFBO=True, useRetina=False, viewOri=0.0, viewPos=None, viewScale=None, waitBlanking=True, winType='pyglet')
9.4293 	EXP 	window1: mouseVisible = True
9.4294 	EXP 	window1: recordFrameIntervals = False
9.5939 	EXP 	window1: recordFrameIntervals = True
9.7776 	EXP 	window1: recordFrameIntervals = False
10.2152 	EXP 	Created text_2 = TextStim(__class__=<class 'psychopy.visual.text.TextStim'>, alignHoriz=method-wrapper(...), alignText='center', alignVert=method-wrapper(...), anchorHoriz='center', anchorVert='center', antialias=True, autoLog=True, bold=False, color=array([1., 1., 1.]), colorSpace='rgb', contrast=1.0, depth=-1.0, flipHoriz=False, flipVert=False, font='Open Sans', fontFiles=[], height=0.05, italic=False, languageStyle='LTR', name='text_2', opacity=1, ori=0.0, pos=array([0., 0.]), rgb=UNKNOWN, text=str(...), units='height', win=Window(...), wrapWidth=1)
10.2934 	EXP 	Created image = ImageStim(__class__=<class 'psychopy.visual.image.ImageStim'>, autoLog=True, color=array([1., 1., 1.]), colorSpace='rgb', contrast=1.0, depth=-1.0, flipHoriz=False, flipVert=False, image='stimuli/Presentation2.jpg', interpolate=True, mask=None, maskParams=None, name='image', opacity=1, ori=0.0, pos=array([0., 0.]), size=array([1.8, 1. ]), texRes=128.0, units='height', win=Window(...))
10.2956 	DEPRECATION 	'-1.0000, -1.0000, -1.0000' is not a valid rgb color
10.2973 	EXP 	Created polygon_3 = ShapeStim(__class__=<class 'psychopy.visual.shape.ShapeStim'>, autoDraw=False, autoLog=True, closeShape=True, color=method-wrapper(...), colorSpace='rgb', contrast=None, depth=-2.0, fillColor=array([1, 1, 1]), fillColorSpace='rgb', fillRGB=array([1, 1, 1]), interpolate=True, lineColor=array([0., 0., 0.]), lineColorSpace='rgb', lineRGB=array([0, 0, 0]), lineWidth=1.0, name='polygon_3', opacity=0.5, ori=0.0, pos=array([0., 0.]), size=array([0.5, 0.5]), units='height', vertices=ndarray(...), win=Window(...), windingRule=None)
10.3742 	EXP 	Created image_2 = ImageStim(__class__=<class 'psychopy.visual.image.ImageStim'>, autoLog=True, color=array([1., 1., 1.]), colorSpace='rgb', contrast=1.0, depth=0.0, flipHoriz=False, flipVert=False, image='stimuli/Presentation2.jpg', interpolate=True, mask=None, maskParams=None, name='image_2', opacity=1, ori=0.0, pos=array([0., 0.]), size=array([1.8, 1. ]), texRes=128.0, units='height', win=Window(...))
10.3746 	DEPRECATION 	'-1.0000, 1.0000, 1.0000' is not a valid rgb color
10.3749 	DEPRECATION 	'-0.0039, 1.0000, 0.6627' is not a valid rgb color
10.3765 	EXP 	Created polygon_2 = ShapeStim(__class__=<class 'psychopy.visual.shape.ShapeStim'>, autoDraw=False, autoLog=True, closeShape=True, color=method-wrapper(...), colorSpace='rgb', contrast=None, depth=-1.0, fillColor=array([0, 0, 0]), fillColorSpace='rgb', fillRGB=array([0, 0, 0]), interpolate=True, lineColor=array([0., 0., 0.]), lineColorSpace='rgb', lineRGB=array([0, 0, 0]), lineWidth=3.0, name='polygon_2', opacity=0, ori=0.0, pos=array([0., 0.]), size=array([0.5 , 0.75]), units='height', vertices=ndarray(...), win=Window(...), windingRule=None)
10.3783 	EXP 	Created text = TextStim(__class__=<class 'psychopy.visual.text.TextStim'>, alignHoriz=method-wrapper(...), alignText='center', alignVert=method-wrapper(...), anchorHoriz='center', anchorVert='center', antialias=True, autoLog=True, bold=False, color=array([1., 1., 1.]), colorSpace='rgb', contrast=1.0, depth=-1.0, flipHoriz=False, flipVert=False, font='Open Sans', fontFiles=[], height=0.1, italic=False, languageStyle='LTR', name='text', opacity=1, ori=0.0, pos=array([0., 0.]), rgb=UNKNOWN, text='', units='height', win=Window(...), wrapWidth=1)
10.4138 	EXP 	Imported _001_reward.csv as conditions, 20 conditions, 3 params
10.4142 	EXP 	Created sequence: sequential, trialTypes=20, nReps=1, seed=None
10.4145 	EXP 	New trial (rep=0, index=0): OrderedDict([('correctAns', ['right']), ('correct_reward', 6.7), ('wrong_reward', 3.4)])
10.4608 	EXP 	text_2: autoDraw = False
10.4608 	EXP 	image: autoDraw = True
10.4608 	EXP 	polygon_3: autoDraw = True
11.4734 	EXP 	polygon_3: autoDraw = False
12.4588 	EXP 	image: autoDraw = False
12.4588 	EXP 	polygon_3: autoDraw = False
12.4588 	EXP 	image_2: autoDraw = True
12.4588 	EXP 	polygon_2: autoDraw = True
12.9877 	EXP 	image_2: autoDraw = False
12.9877 	EXP 	polygon_2: autoDraw = False
12.9877 	EXP 	text: text = 'Failed to respond'
12.9877 	EXP 	text: autoDraw = True
14.4249 	EXP 	New trial (rep=0, index=1): OrderedDict([('correctAns', ['right']), ('correct_reward', 4.4), ('wrong_reward', 3.1)])
14.4549 	EXP 	text: autoDraw = False
14.4549 	EXP 	text_2: autoDraw = False
14.4549 	EXP 	image: autoDraw = True
14.4549 	EXP 	polygon_3: autoDraw = True
15.4586 	EXP 	polygon_3: autoDraw = False
15.9323 	DATA 	Keypress: right
15.9537 	EXP 	image: autoDraw = False
15.9537 	EXP 	polygon_3: autoDraw = False
15.9537 	EXP 	image_2: autoDraw = True
15.9537 	EXP 	polygon_2: autoDraw = True
16.4852 	EXP 	image_2: autoDraw = False
16.4852 	EXP 	polygon_2: autoDraw = False
16.4852 	EXP 	image_2: autoDraw = False
16.4852 	EXP 	polygon_2: autoDraw = False
16.4852 	EXP 	text: text = 4.4
16.4852 	EXP 	text: autoDraw = True
17.9746 	EXP 	New trial (rep=0, index=2): OrderedDict([('correctAns', ['right']), ('correct_reward', 5.5), ('wrong_reward', 2.6)])
18.0025 	EXP 	text: autoDraw = False
18.0025 	EXP 	text: autoDraw = False
18.0025 	EXP 	text_2: autoDraw = False
18.0025 	EXP 	image: autoDraw = True
18.0025 	EXP 	polygon_3: autoDraw = True
19.0218 	EXP 	polygon_3: autoDraw = False
20.0045 	EXP 	image: autoDraw = False
20.0045 	EXP 	polygon_3: autoDraw = False
20.0045 	EXP 	image_2: autoDraw = True
20.0045 	EXP 	polygon_2: autoDraw = True
20.5151 	EXP 	image_2: autoDraw = False
20.5151 	EXP 	polygon_2: autoDraw = False
20.5151 	EXP 	text: text = 'Failed to respond'
20.5151 	EXP 	text: autoDraw = True
21.9861 	EXP 	New trial (rep=0, index=3): OrderedDict([('correctAns', ['right']), ('correct_reward', 4.6), ('wrong_reward', 1.7)])
22.0152 	EXP 	text: autoDraw = False
22.0152 	EXP 	text_2: autoDraw = False
22.0152 	EXP 	image: autoDraw = True
22.0152 	EXP 	polygon_3: autoDraw = True
23.0314 	EXP 	polygon_3: autoDraw = False
24.0294 	EXP 	image: autoDraw = False
24.0294 	EXP 	polygon_3: autoDraw = False
24.0294 	EXP 	image_2: autoDraw = True
24.0294 	EXP 	polygon_2: autoDraw = True
24.2072 	DATA 	Keypress: escape
24.3957 	EXP 	window1: mouseVisible = True
