4.6878 	WARNING 	We strongly recommend you activate the PTB sound engine in PsychoPy prefs as the preferred audio engine. Its timing is vastly superior. Your prefs are currently set to use ['sounddevice', 'PTB', 'pyo', 'pygame'] (in that order).
9.9734 	EXP 	Created window1 = Window(allowGUI=True, allowStencil=False, autoLog=True, backendConf=UNKNOWN, bitsMode=UNKNOWN, blendMode='avg', bpc=(8, 8, 8), color=array([0, 0, 0]), colorSpace='rgb', depthBits=8, fullscr=<method-wrapper '__getattribute__' of attributeSetter object at 0x0000029921101BE0>, gamma=None, gammaErrorPolicy='raise', lms=UNKNOWN, monitor=<psychopy.monitors.calibTools.Monitor object at 0x00000299210A71D0>, multiSample=False, name='window1', numSamples=2, pos=[320.0, 180.0], screen=0, size=array([1280,  720]), stencilBits=0, stereo=False, units='height', useFBO=True, useRetina=False, viewOri=0.0, viewPos=None, viewScale=None, waitBlanking=True, winType='pyglet')
9.9737 	EXP 	window1: mouseVisible = True
9.9738 	EXP 	window1: recordFrameIntervals = False
10.1386 	EXP 	window1: recordFrameIntervals = True
10.3226 	EXP 	window1: recordFrameIntervals = False
10.7607 	EXP 	Created text_2 = TextStim(__class__=<class 'psychopy.visual.text.TextStim'>, alignHoriz=method-wrapper(...), alignText='center', alignVert=method-wrapper(...), anchorHoriz='center', anchorVert='center', antialias=True, autoLog=True, bold=False, color=array([1., 1., 1.]), colorSpace='rgb', contrast=1.0, depth=-1.0, flipHoriz=False, flipVert=False, font='Open Sans', fontFiles=[], height=0.05, italic=False, languageStyle='LTR', name='text_2', opacity=1, ori=0.0, pos=array([0., 0.]), rgb=UNKNOWN, text=str(...), units='height', win=Window(...), wrapWidth=1)
10.8418 	EXP 	Created image = ImageStim(__class__=<class 'psychopy.visual.image.ImageStim'>, autoLog=True, color=array([1., 1., 1.]), colorSpace='rgb', contrast=1.0, depth=-1.0, flipHoriz=False, flipVert=False, image='stimuli/Presentation2.jpg', interpolate=True, mask=None, maskParams=None, name='image', opacity=1, ori=0.0, pos=array([0., 0.]), size=array([1.8, 1. ]), texRes=128.0, units='height', win=Window(...))
10.9164 	EXP 	Created image_2 = ImageStim(__class__=<class 'psychopy.visual.image.ImageStim'>, autoLog=True, color=array([1., 1., 1.]), colorSpace='rgb', contrast=1.0, depth=0.0, flipHoriz=False, flipVert=False, image='stimuli/Presentation2.jpg', interpolate=True, mask=None, maskParams=None, name='image_2', opacity=1, ori=0.0, pos=array([0., 0.]), size=array([1.8, 1. ]), texRes=128.0, units='height', win=Window(...))
10.9174 	DEPRECATION 	'-1.0000, 1.0000, 1.0000' is not a valid rgb color
10.9177 	DEPRECATION 	'-1.0000, -1.0000, -1.0000' is not a valid rgb color
10.9192 	EXP 	Created polygon_2 = Rect(__class__=<class 'psychopy.visual.rect.Rect'>, autoDraw=False, autoLog=True, closeShape=True, color=method-wrapper(...), colorSpace='rgb', contrast=None, depth=-1.0, fillColor=array([0, 0, 0]), fillColorSpace='rgb', fillRGB=array([0, 0, 0]), interpolate=True, lineColor=array([0., 0., 0.]), lineColorSpace='rgb', lineRGB=array([0, 0, 0]), lineWidth=5.0, name='polygon_2', opacity=0, ori=0.0, pos=array([ 0.5, -0.1]), size=array([0.5, 0.5]), units='height', vertices=ndarray(...), win=Window(...))
10.9210 	EXP 	Created text = TextStim(__class__=<class 'psychopy.visual.text.TextStim'>, alignHoriz=method-wrapper(...), alignText='center', alignVert=method-wrapper(...), anchorHoriz='center', anchorVert='center', antialias=True, autoLog=True, bold=False, color=array([1., 1., 1.]), colorSpace='rgb', contrast=1.0, depth=-1.0, flipHoriz=False, flipVert=False, font='Open Sans', fontFiles=[], height=0.1, italic=False, languageStyle='LTR', name='text', opacity=1, ori=0.0, pos=array([0., 0.]), rgb=UNKNOWN, text='', units='height', win=Window(...), wrapWidth=1)
10.9643 	EXP 	Imported _001_reward.csv as conditions, 20 conditions, 3 params
10.9651 	EXP 	Created sequence: sequential, trialTypes=20, nReps=1, seed=None
10.9657 	EXP 	New trial (rep=0, index=0): OrderedDict([('correctAns', ['right']), ('correct_reward', 5.0), ('wrong_reward', 2.9)])
11.0383 	EXP 	text_2: autoDraw = False
11.0383 	EXP 	image: autoDraw = True
11.7446 	DATA 	Keypress: left
11.8016 	EXP 	image: autoDraw = False
11.8016 	EXP 	image_2: autoDraw = True
11.8016 	EXP 	polygon_2: autoDraw = True
12.3332 	EXP 	image_2: autoDraw = False
12.3332 	EXP 	polygon_2: autoDraw = False
12.3332 	EXP 	image_2: autoDraw = False
12.3332 	EXP 	polygon_2: autoDraw = False
12.3332 	EXP 	text: text = 2.9
12.3332 	EXP 	text: autoDraw = True
13.8175 	EXP 	New trial (rep=0, index=1): OrderedDict([('correctAns', ['right']), ('correct_reward', 5.0), ('wrong_reward', 2.0)])
13.8337 	EXP 	text: autoDraw = False
13.8337 	EXP 	text: autoDraw = False
13.8337 	EXP 	text_2: autoDraw = False
13.8337 	EXP 	image: autoDraw = True
14.3307 	DATA 	Keypress: right
14.3507 	EXP 	image: autoDraw = False
14.3507 	EXP 	image_2: autoDraw = True
14.3507 	EXP 	polygon_2: autoDraw = True
14.8814 	EXP 	image_2: autoDraw = False
14.8814 	EXP 	polygon_2: autoDraw = False
14.8814 	EXP 	image_2: autoDraw = False
14.8814 	EXP 	polygon_2: autoDraw = False
14.8814 	EXP 	text: text = 5.0
14.8814 	EXP 	text: autoDraw = True
16.3701 	EXP 	New trial (rep=0, index=2): OrderedDict([('correctAns', ['right']), ('correct_reward', 4.0), ('wrong_reward', 1.9)])
16.3990 	EXP 	text: autoDraw = False
16.3990 	EXP 	text: autoDraw = False
16.3990 	EXP 	text_2: autoDraw = False
16.3990 	EXP 	image: autoDraw = True
17.1895 	DATA 	Keypress: escape
17.3336 	EXP 	window1: mouseVisible = True
