4.7286 	WARNING 	We strongly recommend you activate the PTB sound engine in PsychoPy prefs as the preferred audio engine. Its timing is vastly superior. Your prefs are currently set to use ['sounddevice', 'PTB', 'pyo', 'pygame'] (in that order).
9.3599 	EXP 	Created window1 = Window(allowGUI=True, allowStencil=False, autoLog=True, backendConf=UNKNOWN, bitsMode=UNKNOWN, blendMode='avg', bpc=(8, 8, 8), color=array([0, 0, 0]), colorSpace='rgb', depthBits=8, fullscr=<method-wrapper '__getattribute__' of attributeSetter object at 0x00000216BD911C50>, gamma=None, gammaErrorPolicy='raise', lms=UNKNOWN, monitor=<psychopy.monitors.calibTools.Monitor object at 0x00000216BD8B6278>, multiSample=False, name='window1', numSamples=2, pos=[320.0, 180.0], screen=0, size=array([1280,  720]), stencilBits=0, stereo=False, units='height', useFBO=True, useRetina=False, viewOri=0.0, viewPos=None, viewScale=None, waitBlanking=True, winType='pyglet')
9.3602 	EXP 	window1: mouseVisible = True
9.3603 	EXP 	window1: recordFrameIntervals = False
9.5412 	EXP 	window1: recordFrameIntervals = True
9.7255 	EXP 	window1: recordFrameIntervals = False
10.1446 	EXP 	Created text_2 = TextStim(__class__=<class 'psychopy.visual.text.TextStim'>, alignHoriz=method-wrapper(...), alignText='center', alignVert=method-wrapper(...), anchorHoriz='center', anchorVert='center', antialias=True, autoLog=True, bold=False, color=array([1., 1., 1.]), colorSpace='rgb', contrast=1.0, depth=-1.0, flipHoriz=False, flipVert=False, font='Open Sans', fontFiles=[], height=0.05, italic=False, languageStyle='LTR', name='text_2', opacity=1, ori=0.0, pos=array([0., 0.]), rgb=UNKNOWN, text=str(...), units='height', win=Window(...), wrapWidth=1)
10.2223 	EXP 	Created image = ImageStim(__class__=<class 'psychopy.visual.image.ImageStim'>, autoLog=True, color=array([1., 1., 1.]), colorSpace='rgb', contrast=1.0, depth=-1.0, flipHoriz=False, flipVert=False, image='stimuli/Presentation2.jpg', interpolate=True, mask=None, maskParams=None, name='image', opacity=1, ori=0.0, pos=array([0., 0.]), size=array([1.8, 1. ]), texRes=128.0, units='height', win=Window(...))
10.2261 	EXP 	Created polygon_3 = ShapeStim(__class__=<class 'psychopy.visual.shape.ShapeStim'>, autoDraw=False, autoLog=True, closeShape=True, color=method-wrapper(...), colorSpace='rgb', contrast=None, depth=-2.0, fillColor=array([1, 1, 1]), fillColorSpace='rgb', fillRGB=array([1, 1, 1]), interpolate=True, lineColor=array([-1., -1., -1.]), lineColorSpace='rgb', lineRGB=array([-1, -1, -1]), lineWidth=5.0, name='polygon_3', opacity=1, ori=0.0, pos=array([0., 0.]), size=array([0.5, 0.5]), units='height', vertices=ndarray(...), win=Window(...), windingRule=None)
10.3017 	EXP 	Created image_2 = ImageStim(__class__=<class 'psychopy.visual.image.ImageStim'>, autoLog=True, color=array([1., 1., 1.]), colorSpace='rgb', contrast=1.0, depth=0.0, flipHoriz=False, flipVert=False, image='stimuli/Presentation2.jpg', interpolate=True, mask=None, maskParams=None, name='image_2', opacity=1, ori=0.0, pos=array([0., 0.]), size=array([1.8, 1. ]), texRes=128.0, units='height', win=Window(...))
10.3022 	DEPRECATION 	'-1.0000, 1.0000, 1.0000' is not a valid rgb color
10.3024 	DEPRECATION 	'-0.0039, 1.0000, 0.6627' is not a valid rgb color
10.3040 	EXP 	Created polygon_2 = ShapeStim(__class__=<class 'psychopy.visual.shape.ShapeStim'>, autoDraw=False, autoLog=True, closeShape=True, color=method-wrapper(...), colorSpace='rgb', contrast=None, depth=-1.0, fillColor=array([0, 0, 0]), fillColorSpace='rgb', fillRGB=array([0, 0, 0]), interpolate=True, lineColor=array([0., 0., 0.]), lineColorSpace='rgb', lineRGB=array([0, 0, 0]), lineWidth=3.0, name='polygon_2', opacity=0, ori=0.0, pos=array([0., 0.]), size=array([0.5 , 0.75]), units='height', vertices=ndarray(...), win=Window(...), windingRule=None)
10.3058 	EXP 	Created text = TextStim(__class__=<class 'psychopy.visual.text.TextStim'>, alignHoriz=method-wrapper(...), alignText='center', alignVert=method-wrapper(...), anchorHoriz='center', anchorVert='center', antialias=True, autoLog=True, bold=False, color=array([1., 1., 1.]), colorSpace='rgb', contrast=1.0, depth=-1.0, flipHoriz=False, flipVert=False, font='Open Sans', fontFiles=[], height=0.1, italic=False, languageStyle='LTR', name='text', opacity=1, ori=0.0, pos=array([0., 0.]), rgb=UNKNOWN, text='', units='height', win=Window(...), wrapWidth=1)
10.3521 	EXP 	Imported _001_reward.csv as conditions, 20 conditions, 3 params
10.3530 	EXP 	Created sequence: sequential, trialTypes=20, nReps=1, seed=None
10.3536 	EXP 	New trial (rep=0, index=0): OrderedDict([('correctAns', ['right']), ('correct_reward', 6.8), ('wrong_reward', 2.2)])
10.4279 	EXP 	text_2: autoDraw = False
10.4279 	EXP 	image: autoDraw = True
10.4279 	EXP 	polygon_3: autoDraw = True
11.4368 	EXP 	polygon_3: autoDraw = False
12.3874 	EXP 	image: autoDraw = False
12.3874 	EXP 	polygon_3: autoDraw = False
12.3874 	EXP 	image_2: autoDraw = True
12.3874 	EXP 	polygon_2: autoDraw = True
12.9171 	EXP 	image_2: autoDraw = False
12.9171 	EXP 	polygon_2: autoDraw = False
12.9171 	EXP 	text: text = 'Failed to respond'
12.9171 	EXP 	text: autoDraw = True
14.3448 	DATA 	Keypress: escape
14.3682 	EXP 	New trial (rep=0, index=1): OrderedDict([('correctAns', ['right']), ('correct_reward', 4.2), ('wrong_reward', 1.8)])
14.4021 	EXP 	text: autoDraw = False
14.4021 	EXP 	text_2: autoDraw = False
14.4021 	EXP 	image: autoDraw = True
14.4021 	EXP 	polygon_3: autoDraw = True
15.4177 	EXP 	polygon_3: autoDraw = False
15.8435 	DATA 	Keypress: escape
16.0130 	EXP 	window1: mouseVisible = True
4.6100 	WARNING 	We strongly recommend you activate the PTB sound engine in PsychoPy prefs as the preferred audio engine. Its timing is vastly superior. Your prefs are currently set to use ['sounddevice', 'PTB', 'pyo', 'pygame'] (in that order).
8.8111 	EXP 	Created window1 = Window(allowGUI=True, allowStencil=False, autoLog=True, backendConf=UNKNOWN, bitsMode=UNKNOWN, blendMode='avg', bpc=(8, 8, 8), color=array([0, 0, 0]), colorSpace='rgb', depthBits=8, fullscr=<method-wrapper '__getattribute__' of attributeSetter object at 0x0000020B20C21BA8>, gamma=None, gammaErrorPolicy='raise', lms=UNKNOWN, monitor=<psychopy.monitors.calibTools.Monitor object at 0x0000020B20BC7198>, multiSample=False, name='window1', numSamples=2, pos=[320.0, 180.0], screen=0, size=array([1280,  720]), stencilBits=0, stereo=False, units='height', useFBO=True, useRetina=False, viewOri=0.0, viewPos=None, viewScale=None, waitBlanking=True, winType='pyglet')
8.8114 	EXP 	window1: mouseVisible = True
8.8115 	EXP 	window1: recordFrameIntervals = False
8.9770 	EXP 	window1: recordFrameIntervals = True
9.1604 	EXP 	window1: recordFrameIntervals = False
9.5875 	EXP 	Created text_2 = TextStim(__class__=<class 'psychopy.visual.text.TextStim'>, alignHoriz=method-wrapper(...), alignText='center', alignVert=method-wrapper(...), anchorHoriz='center', anchorVert='center', antialias=True, autoLog=True, bold=False, color=array([1., 1., 1.]), colorSpace='rgb', contrast=1.0, depth=-1.0, flipHoriz=False, flipVert=False, font='Open Sans', fontFiles=[], height=0.05, italic=False, languageStyle='LTR', name='text_2', opacity=1, ori=0.0, pos=array([0., 0.]), rgb=UNKNOWN, text=str(...), units='height', win=Window(...), wrapWidth=1)
9.6673 	EXP 	Created image = ImageStim(__class__=<class 'psychopy.visual.image.ImageStim'>, autoLog=True, color=array([1., 1., 1.]), colorSpace='rgb', contrast=1.0, depth=-1.0, flipHoriz=False, flipVert=False, image='stimuli/Presentation2.jpg', interpolate=True, mask=None, maskParams=None, name='image', opacity=1, ori=0.0, pos=array([0., 0.]), size=array([1.8, 1. ]), texRes=128.0, units='height', win=Window(...))
9.6697 	DEPRECATION 	'0.0000, 0.0000, 0.0000' is not a valid rgb color
9.6716 	EXP 	Created polygon_3 = ShapeStim(__class__=<class 'psychopy.visual.shape.ShapeStim'>, autoDraw=False, autoLog=True, closeShape=True, color=method-wrapper(...), colorSpace='rgb', contrast=None, depth=-2.0, fillColor=array([0, 0, 0]), fillColorSpace='rgb', fillRGB=array([0, 0, 0]), interpolate=True, lineColor=array([-1., -1., -1.]), lineColorSpace='rgb', lineRGB=array([-1, -1, -1]), lineWidth=5.0, name='polygon_3', opacity=0.5, ori=0.0, pos=array([0., 0.]), size=array([0.5, 0.5]), units='height', vertices=ndarray(...), win=Window(...), windingRule=None)
9.7483 	EXP 	Created image_2 = ImageStim(__class__=<class 'psychopy.visual.image.ImageStim'>, autoLog=True, color=array([1., 1., 1.]), colorSpace='rgb', contrast=1.0, depth=0.0, flipHoriz=False, flipVert=False, image='stimuli/Presentation2.jpg', interpolate=True, mask=None, maskParams=None, name='image_2', opacity=1, ori=0.0, pos=array([0., 0.]), size=array([1.8, 1. ]), texRes=128.0, units='height', win=Window(...))
9.7487 	DEPRECATION 	'-1.0000, 1.0000, 1.0000' is not a valid rgb color
9.7490 	DEPRECATION 	'-0.0039, 1.0000, 0.6627' is not a valid rgb color
9.7506 	EXP 	Created polygon_2 = ShapeStim(__class__=<class 'psychopy.visual.shape.ShapeStim'>, autoDraw=False, autoLog=True, closeShape=True, color=method-wrapper(...), colorSpace='rgb', contrast=None, depth=-1.0, fillColor=array([0, 0, 0]), fillColorSpace='rgb', fillRGB=array([0, 0, 0]), interpolate=True, lineColor=array([0., 0., 0.]), lineColorSpace='rgb', lineRGB=array([0, 0, 0]), lineWidth=3.0, name='polygon_2', opacity=0, ori=0.0, pos=array([0., 0.]), size=array([0.5 , 0.75]), units='height', vertices=ndarray(...), win=Window(...), windingRule=None)
9.7525 	EXP 	Created text = TextStim(__class__=<class 'psychopy.visual.text.TextStim'>, alignHoriz=method-wrapper(...), alignText='center', alignVert=method-wrapper(...), anchorHoriz='center', anchorVert='center', antialias=True, autoLog=True, bold=False, color=array([1., 1., 1.]), colorSpace='rgb', contrast=1.0, depth=-1.0, flipHoriz=False, flipVert=False, font='Open Sans', fontFiles=[], height=0.1, italic=False, languageStyle='LTR', name='text', opacity=1, ori=0.0, pos=array([0., 0.]), rgb=UNKNOWN, text='', units='height', win=Window(...), wrapWidth=1)
9.7954 	EXP 	Imported _001_reward.csv as conditions, 20 conditions, 3 params
9.7962 	EXP 	Created sequence: sequential, trialTypes=20, nReps=1, seed=None
9.7967 	EXP 	New trial (rep=0, index=0): OrderedDict([('correctAns', ['left']), ('correct_reward', 8.9), ('wrong_reward', 0.5)])
9.8837 	EXP 	text_2: autoDraw = False
9.8837 	EXP 	image: autoDraw = True
9.8837 	EXP 	polygon_3: autoDraw = True
10.8897 	EXP 	polygon_3: autoDraw = False
11.0137 	DATA 	Keypress: left
11.0247 	EXP 	image: autoDraw = False
11.0247 	EXP 	polygon_3: autoDraw = False
11.0247 	EXP 	image_2: autoDraw = True
11.0247 	EXP 	polygon_2: autoDraw = True
11.5539 	EXP 	image_2: autoDraw = False
11.5539 	EXP 	polygon_2: autoDraw = False
11.5539 	EXP 	image_2: autoDraw = False
11.5539 	EXP 	polygon_2: autoDraw = False
11.5539 	EXP 	text: text = 8.9
11.5539 	EXP 	text: autoDraw = True
13.0427 	EXP 	New trial (rep=0, index=1): OrderedDict([('correctAns', ['left']), ('correct_reward', 6.2), ('wrong_reward', 0.2)])
13.0709 	EXP 	text: autoDraw = False
13.0709 	EXP 	text: autoDraw = False
13.0709 	EXP 	text_2: autoDraw = False
13.0709 	EXP 	image: autoDraw = True
13.0709 	EXP 	polygon_3: autoDraw = True
14.0916 	EXP 	polygon_3: autoDraw = False
15.0867 	EXP 	image: autoDraw = False
15.0867 	EXP 	polygon_3: autoDraw = False
15.0867 	EXP 	image_2: autoDraw = True
15.0867 	EXP 	polygon_2: autoDraw = True
15.3114 	DATA 	Keypress: escape
15.5193 	EXP 	window1: mouseVisible = True
