4.7046 	WARNING 	We strongly recommend you activate the PTB sound engine in PsychoPy prefs as the preferred audio engine. Its timing is vastly superior. Your prefs are currently set to use ['sounddevice', 'PTB', 'pyo', 'pygame'] (in that order).
9.1253 	EXP 	Created window1 = Window(allowGUI=True, allowStencil=False, autoLog=True, backendConf=UNKNOWN, bitsMode=UNKNOWN, blendMode='avg', bpc=(8, 8, 8), color=array([0, 0, 0]), colorSpace='rgb', depthBits=8, fullscr=<method-wrapper '__getattribute__' of attributeSetter object at 0x0000019C8F8E1BE0>, gamma=None, gammaErrorPolicy='raise', lms=UNKNOWN, monitor=<psychopy.monitors.calibTools.Monitor object at 0x0000019C8F886208>, multiSample=False, name='window1', numSamples=2, pos=[320.0, 180.0], screen=0, size=array([1280,  720]), stencilBits=0, stereo=False, units='height', useFBO=True, useRetina=False, viewOri=0.0, viewPos=None, viewScale=None, waitBlanking=True, winType='pyglet')
9.1256 	EXP 	window1: mouseVisible = True
9.1257 	EXP 	window1: recordFrameIntervals = False
9.2913 	EXP 	window1: recordFrameIntervals = True
9.4745 	EXP 	window1: recordFrameIntervals = False
9.9375 	EXP 	Created text_2 = TextStim(__class__=<class 'psychopy.visual.text.TextStim'>, alignHoriz=method-wrapper(...), alignText='center', alignVert=method-wrapper(...), anchorHoriz='center', anchorVert='center', antialias=True, autoLog=True, bold=False, color=array([1., 1., 1.]), colorSpace='rgb', contrast=1.0, depth=-1.0, flipHoriz=False, flipVert=False, font='Open Sans', fontFiles=[], height=0.05, italic=False, languageStyle='LTR', name='text_2', opacity=1, ori=0.0, pos=array([0., 0.]), rgb=UNKNOWN, text=str(...), units='height', win=Window(...), wrapWidth=1)
10.0223 	EXP 	Created image = ImageStim(__class__=<class 'psychopy.visual.image.ImageStim'>, autoLog=True, color=array([1., 1., 1.]), colorSpace='rgb', contrast=1.0, depth=-1.0, flipHoriz=False, flipVert=False, image='stimuli/Presentation2.jpg', interpolate=True, mask=None, maskParams=None, name='image', opacity=1, ori=0.0, pos=array([0., 0.]), size=array([1.8, 1. ]), texRes=128.0, units='height', win=Window(...))
10.1001 	EXP 	Created image_2 = ImageStim(__class__=<class 'psychopy.visual.image.ImageStim'>, autoLog=True, color=array([1., 1., 1.]), colorSpace='rgb', contrast=1.0, depth=0.0, flipHoriz=False, flipVert=False, image='stimuli/Presentation2.jpg', interpolate=True, mask=None, maskParams=None, name='image_2', opacity=0.5, ori=0.0, pos=array([0., 0.]), size=array([1.8, 1. ]), texRes=128.0, units='height', win=Window(...))
10.1012 	DEPRECATION 	'0.0000, 0.0000, 0.0000' is not a valid rgb color
10.1029 	EXP 	Created polygon_2 = Rect(__class__=<class 'psychopy.visual.rect.Rect'>, autoDraw=False, autoLog=True, closeShape=True, color=method-wrapper(...), colorSpace='rgb', contrast=None, depth=-1.0, fillColor=array([0, 0, 0]), fillColorSpace='rgb', fillRGB=array([0, 0, 0]), interpolate=True, lineColor=array([-1., -1., -1.]), lineColorSpace='rgb', lineRGB=array([-1, -1, -1]), lineWidth=3.0, name='polygon_2', opacity=0.5, ori=0.0, pos=array([ 0.5, -0.1]), size=array([0.5, 0.8]), units='height', vertices=ndarray(...), win=Window(...))
10.1052 	EXP 	Created text = TextStim(__class__=<class 'psychopy.visual.text.TextStim'>, alignHoriz=method-wrapper(...), alignText='center', alignVert=method-wrapper(...), anchorHoriz='center', anchorVert='center', antialias=True, autoLog=True, bold=False, color=array([1., 1., 1.]), colorSpace='rgb', contrast=1.0, depth=-1.0, flipHoriz=False, flipVert=False, font='Open Sans', fontFiles=[], height=0.1, italic=False, languageStyle='LTR', name='text', opacity=1, ori=0.0, pos=array([0., 0.]), rgb=UNKNOWN, text='', units='height', win=Window(...), wrapWidth=1)
10.1413 	EXP 	Imported _001_reward.csv as conditions, 20 conditions, 3 params
10.1417 	EXP 	Created sequence: sequential, trialTypes=20, nReps=1, seed=None
10.1420 	EXP 	New trial (rep=0, index=0): OrderedDict([('correctAns', ['left']), ('correct_reward', 8.0), ('wrong_reward', 3.8)])
10.1902 	EXP 	text_2: autoDraw = False
10.1902 	EXP 	image: autoDraw = True
12.0911 	DATA 	Keypress: right
12.1189 	EXP 	image: autoDraw = False
12.1189 	EXP 	image_2: autoDraw = True
12.1189 	EXP 	polygon_2: autoDraw = True
12.6513 	EXP 	image_2: autoDraw = False
12.6513 	EXP 	polygon_2: autoDraw = False
12.6513 	EXP 	image_2: autoDraw = False
12.6513 	EXP 	polygon_2: autoDraw = False
12.6513 	EXP 	text: text = 3.8
12.6513 	EXP 	text: autoDraw = True
14.1398 	EXP 	New trial (rep=0, index=1): OrderedDict([('correctAns', ['left']), ('correct_reward', 7.4), ('wrong_reward', 2.5)])
14.1682 	EXP 	text: autoDraw = False
14.1682 	EXP 	text: autoDraw = False
14.1682 	EXP 	text_2: autoDraw = False
14.1682 	EXP 	image: autoDraw = True
15.4604 	DATA 	Keypress: left
15.5175 	EXP 	image: autoDraw = False
15.5175 	EXP 	image_2: autoDraw = True
15.5175 	EXP 	polygon_2: autoDraw = True
16.0314 	EXP 	image_2: autoDraw = False
16.0314 	EXP 	polygon_2: autoDraw = False
16.0314 	EXP 	image_2: autoDraw = False
16.0314 	EXP 	polygon_2: autoDraw = False
16.0314 	EXP 	text: text = 7.4
16.0314 	EXP 	text: autoDraw = True
17.5201 	EXP 	New trial (rep=0, index=2): OrderedDict([('correctAns', ['left']), ('correct_reward', 7.2), ('wrong_reward', 2.5)])
17.5488 	EXP 	text: autoDraw = False
17.5488 	EXP 	text: autoDraw = False
17.5488 	EXP 	text_2: autoDraw = False
17.5488 	EXP 	image: autoDraw = True
17.9372 	DATA 	Keypress: right
17.9646 	EXP 	image: autoDraw = False
17.9646 	EXP 	image_2: autoDraw = True
17.9646 	EXP 	polygon_2: autoDraw = True
18.4780 	EXP 	image_2: autoDraw = False
18.4780 	EXP 	polygon_2: autoDraw = False
18.4780 	EXP 	image_2: autoDraw = False
18.4780 	EXP 	polygon_2: autoDraw = False
18.4780 	EXP 	text: text = 2.5
18.4780 	EXP 	text: autoDraw = True
19.9681 	EXP 	New trial (rep=0, index=3): OrderedDict([('correctAns', ['left']), ('correct_reward', 8.9), ('wrong_reward', 1.1)])
19.9961 	EXP 	text: autoDraw = False
19.9961 	EXP 	text: autoDraw = False
19.9961 	EXP 	text_2: autoDraw = False
19.9961 	EXP 	image: autoDraw = True
21.6612 	DATA 	Keypress: left
21.6793 	EXP 	image: autoDraw = False
21.6793 	EXP 	image_2: autoDraw = True
21.6793 	EXP 	polygon_2: autoDraw = True
22.1931 	EXP 	image_2: autoDraw = False
22.1931 	EXP 	polygon_2: autoDraw = False
22.1931 	EXP 	image_2: autoDraw = False
22.1931 	EXP 	polygon_2: autoDraw = False
22.1931 	EXP 	text: text = 8.9
22.1931 	EXP 	text: autoDraw = True
23.6814 	EXP 	New trial (rep=0, index=4): OrderedDict([('correctAns', ['left']), ('correct_reward', 4.4), ('wrong_reward', 3.7)])
23.7103 	EXP 	text: autoDraw = False
23.7103 	EXP 	text: autoDraw = False
23.7103 	EXP 	text_2: autoDraw = False
23.7103 	EXP 	image: autoDraw = True
25.7259 	EXP 	image: autoDraw = False
25.7259 	EXP 	image_2: autoDraw = True
25.7259 	EXP 	polygon_2: autoDraw = True
26.2559 	EXP 	image_2: autoDraw = False
26.2559 	EXP 	polygon_2: autoDraw = False
26.2559 	EXP 	text: text = 'Failed to respond'
26.2559 	EXP 	text: autoDraw = True
27.1821 	DATA 	Keypress: escape
27.4153 	EXP 	window1: mouseVisible = True
