4.5336 	WARNING 	We strongly recommend you activate the PTB sound engine in PsychoPy prefs as the preferred audio engine. Its timing is vastly superior. Your prefs are currently set to use ['sounddevice', 'PTB', 'pyo', 'pygame'] (in that order).
8.9871 	EXP 	Created window1 = Window(allowGUI=True, allowStencil=False, autoLog=True, backendConf=UNKNOWN, bitsMode=UNKNOWN, blendMode='avg', bpc=(8, 8, 8), color=array([0, 0, 0]), colorSpace='rgb', depthBits=8, fullscr=<method-wrapper '__getattribute__' of attributeSetter object at 0x0000025C861D1B70>, gamma=None, gammaErrorPolicy='raise', lms=UNKNOWN, monitor=<psychopy.monitors.calibTools.Monitor object at 0x0000025C86177198>, multiSample=False, name='window1', numSamples=2, pos=[320.0, 180.0], screen=0, size=array([1280,  720]), stencilBits=0, stereo=False, units='height', useFBO=True, useRetina=False, viewOri=0.0, viewPos=None, viewScale=None, waitBlanking=True, winType='pyglet')
8.9874 	EXP 	window1: mouseVisible = True
8.9875 	EXP 	window1: recordFrameIntervals = False
9.1519 	EXP 	window1: recordFrameIntervals = True
9.3356 	EXP 	window1: recordFrameIntervals = False
9.7976 	EXP 	Created text_2 = TextStim(__class__=<class 'psychopy.visual.text.TextStim'>, alignHoriz=method-wrapper(...), alignText='center', alignVert=method-wrapper(...), anchorHoriz='center', anchorVert='center', antialias=True, autoLog=True, bold=False, color=array([1., 1., 1.]), colorSpace='rgb', contrast=1.0, depth=-1.0, flipHoriz=False, flipVert=False, font='Open Sans', fontFiles=[], height=0.05, italic=False, languageStyle='LTR', name='text_2', opacity=1, ori=0.0, pos=array([0., 0.]), rgb=UNKNOWN, text=str(...), units='height', win=Window(...), wrapWidth=1)
9.8797 	EXP 	Created image = ImageStim(__class__=<class 'psychopy.visual.image.ImageStim'>, autoLog=True, color=array([1., 1., 1.]), colorSpace='rgb', contrast=1.0, depth=-1.0, flipHoriz=False, flipVert=False, image='stimuli/Presentation2.jpg', interpolate=True, mask=None, maskParams=None, name='image', opacity=1, ori=0.0, pos=array([0., 0.]), size=array([1.8, 1. ]), texRes=128.0, units='height', win=Window(...))
9.9558 	EXP 	Created image_2 = ImageStim(__class__=<class 'psychopy.visual.image.ImageStim'>, autoLog=True, color=array([1., 1., 1.]), colorSpace='rgb', contrast=1.0, depth=0.0, flipHoriz=False, flipVert=False, image='stimuli/Presentation2.jpg', interpolate=True, mask=None, maskParams=None, name='image_2', opacity=1, ori=0.0, pos=array([0., 0.]), size=array([1.8, 1. ]), texRes=128.0, units='height', win=Window(...))
9.9568 	DEPRECATION 	'-1.0000, 1.0000, 1.0000' is not a valid rgb color
9.9571 	DEPRECATION 	'-1.0000, -1.0000, -1.0000' is not a valid rgb color
9.9586 	EXP 	Created polygon_2 = Rect(__class__=<class 'psychopy.visual.rect.Rect'>, autoDraw=False, autoLog=True, closeShape=True, color=method-wrapper(...), colorSpace='rgb', contrast=None, depth=-1.0, fillColor=array([0, 0, 0]), fillColorSpace='rgb', fillRGB=array([0, 0, 0]), interpolate=True, lineColor=array([0., 0., 0.]), lineColorSpace='rgb', lineRGB=array([0, 0, 0]), lineWidth=1.0, name='polygon_2', opacity=0, ori=0.0, pos=array([0., 0.]), size=array([0.5 , 0.75]), units='height', vertices=ndarray(...), win=Window(...))
9.9606 	EXP 	Created text = TextStim(__class__=<class 'psychopy.visual.text.TextStim'>, alignHoriz=method-wrapper(...), alignText='center', alignVert=method-wrapper(...), anchorHoriz='center', anchorVert='center', antialias=True, autoLog=True, bold=False, color=array([1., 1., 1.]), colorSpace='rgb', contrast=1.0, depth=-1.0, flipHoriz=False, flipVert=False, font='Open Sans', fontFiles=[], height=0.1, italic=False, languageStyle='LTR', name='text', opacity=1, ori=0.0, pos=array([0., 0.]), rgb=UNKNOWN, text='', units='height', win=Window(...), wrapWidth=1)
10.0025 	EXP 	Imported _001_reward.csv as conditions, 20 conditions, 3 params
10.0032 	EXP 	Created sequence: sequential, trialTypes=20, nReps=1, seed=None
10.0037 	EXP 	New trial (rep=0, index=0): OrderedDict([('correctAns', ['right']), ('correct_reward', 7.5), ('wrong_reward', 4.5)])
10.0829 	EXP 	text_2: autoDraw = False
10.0829 	EXP 	image: autoDraw = True
10.7146 	DATA 	Keypress: left
10.7489 	EXP 	image: autoDraw = False
10.7489 	EXP 	image_2: autoDraw = True
10.7489 	EXP 	polygon_2: autoDraw = True
11.2776 	EXP 	image_2: autoDraw = False
11.2776 	EXP 	polygon_2: autoDraw = False
11.2776 	EXP 	image_2: autoDraw = False
11.2776 	EXP 	polygon_2: autoDraw = False
11.2776 	EXP 	text: text = 4.5
11.2776 	EXP 	text: autoDraw = True
12.7687 	EXP 	New trial (rep=0, index=1): OrderedDict([('correctAns', ['right']), ('correct_reward', 6.8), ('wrong_reward', 2.8)])
12.7960 	EXP 	text: autoDraw = False
12.7960 	EXP 	text: autoDraw = False
12.7960 	EXP 	text_2: autoDraw = False
12.7960 	EXP 	image: autoDraw = True
13.2269 	DATA 	Keypress: right
13.2462 	EXP 	image: autoDraw = False
13.2462 	EXP 	image_2: autoDraw = True
13.2462 	EXP 	polygon_2: autoDraw = True
13.7770 	EXP 	image_2: autoDraw = False
13.7770 	EXP 	polygon_2: autoDraw = False
13.7770 	EXP 	image_2: autoDraw = False
13.7770 	EXP 	polygon_2: autoDraw = False
13.7770 	EXP 	text: text = 6.8
13.7770 	EXP 	text: autoDraw = True
15.2658 	EXP 	New trial (rep=0, index=2): OrderedDict([('correctAns', ['right']), ('correct_reward', 6.1), ('wrong_reward', 1.0)])
15.2935 	EXP 	text: autoDraw = False
15.2935 	EXP 	text: autoDraw = False
15.2935 	EXP 	text_2: autoDraw = False
15.2935 	EXP 	image: autoDraw = True
16.2537 	DATA 	Keypress: escape
16.4262 	EXP 	window1: mouseVisible = True
4.5129 	WARNING 	We strongly recommend you activate the PTB sound engine in PsychoPy prefs as the preferred audio engine. Its timing is vastly superior. Your prefs are currently set to use ['sounddevice', 'PTB', 'pyo', 'pygame'] (in that order).
9.4626 	EXP 	Created window1 = Window(allowGUI=True, allowStencil=False, autoLog=True, backendConf=UNKNOWN, bitsMode=UNKNOWN, blendMode='avg', bpc=(8, 8, 8), color=array([0, 0, 0]), colorSpace='rgb', depthBits=8, fullscr=<method-wrapper '__getattribute__' of attributeSetter object at 0x0000025708521BE0>, gamma=None, gammaErrorPolicy='raise', lms=UNKNOWN, monitor=<psychopy.monitors.calibTools.Monitor object at 0x00000257084841D0>, multiSample=False, name='window1', numSamples=2, pos=[320.0, 180.0], screen=0, size=array([1280,  720]), stencilBits=0, stereo=False, units='height', useFBO=True, useRetina=False, viewOri=0.0, viewPos=None, viewScale=None, waitBlanking=True, winType='pyglet')
9.4629 	EXP 	window1: mouseVisible = True
9.4630 	EXP 	window1: recordFrameIntervals = False
9.6281 	EXP 	window1: recordFrameIntervals = True
9.8116 	EXP 	window1: recordFrameIntervals = False
10.2599 	EXP 	Created text_2 = TextStim(__class__=<class 'psychopy.visual.text.TextStim'>, alignHoriz=method-wrapper(...), alignText='center', alignVert=method-wrapper(...), anchorHoriz='center', anchorVert='center', antialias=True, autoLog=True, bold=False, color=array([1., 1., 1.]), colorSpace='rgb', contrast=1.0, depth=-1.0, flipHoriz=False, flipVert=False, font='Open Sans', fontFiles=[], height=0.05, italic=False, languageStyle='LTR', name='text_2', opacity=1, ori=0.0, pos=array([0., 0.]), rgb=UNKNOWN, text=str(...), units='height', win=Window(...), wrapWidth=1)
10.3433 	EXP 	Created image = ImageStim(__class__=<class 'psychopy.visual.image.ImageStim'>, autoLog=True, color=array([1., 1., 1.]), colorSpace='rgb', contrast=1.0, depth=-1.0, flipHoriz=False, flipVert=False, image='stimuli/Presentation2.jpg', interpolate=True, mask=None, maskParams=None, name='image', opacity=1, ori=0.0, pos=array([0., 0.]), size=array([1.8, 1. ]), texRes=128.0, units='height', win=Window(...))
10.3454 	DEPRECATION 	'-1.0000, 1.0000, 1.0000' is not a valid rgb color
10.3457 	DEPRECATION 	'-1.0000, -1.0000, -1.0000' is not a valid rgb color
10.3472 	EXP 	Created polygon_2 = Rect(__class__=<class 'psychopy.visual.rect.Rect'>, autoDraw=False, autoLog=True, closeShape=True, color=method-wrapper(...), colorSpace='rgb', contrast=None, depth=0.0, fillColor=array([0, 0, 0]), fillColorSpace='rgb', fillRGB=array([0, 0, 0]), interpolate=True, lineColor=array([0., 0., 0.]), lineColorSpace='rgb', lineRGB=array([0, 0, 0]), lineWidth=1.0, name='polygon_2', opacity=0, ori=0.0, pos=array([0., 0.]), size=array([0.5 , 0.75]), units='height', vertices=ndarray(...), win=Window(...))
10.4231 	EXP 	Created image_2 = ImageStim(__class__=<class 'psychopy.visual.image.ImageStim'>, autoLog=True, color=array([1., 1., 1.]), colorSpace='rgb', contrast=1.0, depth=-1.0, flipHoriz=False, flipVert=False, image='stimuli/Presentation2.jpg', interpolate=True, mask=None, maskParams=None, name='image_2', opacity=1, ori=0.0, pos=array([0., 0.]), size=array([1.8, 1. ]), texRes=128.0, units='height', win=Window(...))
10.4254 	EXP 	Created text = TextStim(__class__=<class 'psychopy.visual.text.TextStim'>, alignHoriz=method-wrapper(...), alignText='center', alignVert=method-wrapper(...), anchorHoriz='center', anchorVert='center', antialias=True, autoLog=True, bold=False, color=array([1., 1., 1.]), colorSpace='rgb', contrast=1.0, depth=-1.0, flipHoriz=False, flipVert=False, font='Open Sans', fontFiles=[], height=0.1, italic=False, languageStyle='LTR', name='text', opacity=1, ori=0.0, pos=array([0., 0.]), rgb=UNKNOWN, text='', units='height', win=Window(...), wrapWidth=1)
10.4675 	EXP 	Imported _001_reward.csv as conditions, 20 conditions, 3 params
10.4683 	EXP 	Created sequence: sequential, trialTypes=20, nReps=1, seed=None
10.4689 	EXP 	New trial (rep=0, index=0): OrderedDict([('correctAns', ['right']), ('correct_reward', 7.5), ('wrong_reward', 1.7)])
10.5434 	EXP 	text_2: autoDraw = False
10.5434 	EXP 	image: autoDraw = True
10.9576 	DATA 	Keypress: right
10.9760 	EXP 	image: autoDraw = False
10.9760 	EXP 	polygon_2: autoDraw = True
10.9760 	EXP 	image_2: autoDraw = True
11.4908 	EXP 	polygon_2: autoDraw = False
11.4908 	EXP 	image_2: autoDraw = False
11.4908 	EXP 	polygon_2: autoDraw = False
11.4908 	EXP 	image_2: autoDraw = False
11.4908 	EXP 	text: text = 7.5
11.4908 	EXP 	text: autoDraw = True
11.9330 	DATA 	Keypress: right
12.4479 	DATA 	Keypress: right
12.8154 	DATA 	Keypress: left
12.8979 	DATA 	Keypress: right
12.9774 	EXP 	New trial (rep=0, index=1): OrderedDict([('correctAns', ['right']), ('correct_reward', 6.2), ('wrong_reward', 4.3)])
13.0055 	EXP 	text: autoDraw = False
13.0055 	EXP 	text: autoDraw = False
13.0055 	EXP 	text_2: autoDraw = False
13.0055 	EXP 	image: autoDraw = True
14.5646 	DATA 	Keypress: escape
14.7422 	EXP 	window1: mouseVisible = True
