4.3375 	WARNING 	We strongly recommend you activate the PTB sound engine in PsychoPy prefs as the preferred audio engine. Its timing is vastly superior. Your prefs are currently set to use ['sounddevice', 'PTB', 'pyo', 'pygame'] (in that order).
13.9956 	EXP 	Created window1 = Window(allowGUI=True, allowStencil=False, autoLog=True, backendConf=UNKNOWN, bitsMode=UNKNOWN, blendMode='avg', bpc=(8, 8, 8), color=array([0, 0, 0]), colorSpace='rgb', depthBits=8, fullscr=<method-wrapper '__getattribute__' of attributeSetter object at 0x00000216D9C71C50>, gamma=None, gammaErrorPolicy='raise', lms=UNKNOWN, monitor=<psychopy.monitors.calibTools.Monitor object at 0x00000216D9BD8278>, multiSample=False, name='window1', numSamples=2, pos=[320.0, 180.0], screen=0, size=array([1280,  720]), stencilBits=0, stereo=False, units='height', useFBO=True, useRetina=False, viewOri=0.0, viewPos=None, viewScale=None, waitBlanking=True, winType='pyglet')
13.9959 	EXP 	window1: mouseVisible = True
13.9960 	EXP 	window1: recordFrameIntervals = False
14.1600 	EXP 	window1: recordFrameIntervals = True
14.3447 	EXP 	window1: recordFrameIntervals = False
14.7865 	EXP 	Created text_2 = TextStim(__class__=<class 'psychopy.visual.text.TextStim'>, alignHoriz=method-wrapper(...), alignText='center', alignVert=method-wrapper(...), anchorHoriz='center', anchorVert='center', antialias=True, autoLog=True, bold=False, color=array([1., 1., 1.]), colorSpace='rgb', contrast=1.0, depth=-1.0, flipHoriz=False, flipVert=False, font='Open Sans', fontFiles=[], height=0.05, italic=False, languageStyle='LTR', name='text_2', opacity=1, ori=0.0, pos=array([0., 0.]), rgb=UNKNOWN, text=str(...), units='height', win=Window(...), wrapWidth=1)
14.8677 	EXP 	Created image = ImageStim(__class__=<class 'psychopy.visual.image.ImageStim'>, autoLog=True, color=array([1., 1., 1.]), colorSpace='rgb', contrast=1.0, depth=-1.0, flipHoriz=False, flipVert=False, image='stimuli/Presentation2.jpg', interpolate=True, mask=None, maskParams=None, name='image', opacity=1, ori=0.0, pos=array([0., 0.]), size=array([1.8, 1. ]), texRes=128.0, units='height', win=Window(...))
14.9460 	EXP 	Created image_2 = ImageStim(__class__=<class 'psychopy.visual.image.ImageStim'>, autoLog=True, color=array([1., 1., 1.]), colorSpace='rgb', contrast=1.0, depth=0.0, flipHoriz=False, flipVert=False, image='stimuli/Presentation2.jpg', interpolate=True, mask=None, maskParams=None, name='image_2', opacity=1, ori=0.0, pos=array([0., 0.]), size=array([1.8, 1. ]), texRes=128.0, units='height', win=Window(...))
14.9624 	EXP 	Created polygon_2 = ShapeStim(__class__=<class 'psychopy.visual.shape.ShapeStim'>, autoDraw=False, autoLog=True, closeShape=True, color=method-wrapper(...), colorSpace='rgb', contrast=None, depth=-1.0, fillColor=array([1, 1, 1]), fillColorSpace='rgb', fillRGB=array([1, 1, 1]), interpolate=True, lineColor=array([1., 1., 1.]), lineColorSpace='rgb', lineRGB=array([1, 1, 1]), lineWidth=1.0, name='polygon_2', opacity=1, ori=0.0, pos=array([0.75, 0.  ]), size=array([0.5, 0.5]), units='height', vertices=ndarray(...), win=Window(...), windingRule=None)
14.9645 	EXP 	Created text = TextStim(__class__=<class 'psychopy.visual.text.TextStim'>, alignHoriz=method-wrapper(...), alignText='center', alignVert=method-wrapper(...), anchorHoriz='center', anchorVert='center', antialias=True, autoLog=True, bold=False, color=array([1., 1., 1.]), colorSpace='rgb', contrast=1.0, depth=-1.0, flipHoriz=False, flipVert=False, font='Open Sans', fontFiles=[], height=0.1, italic=False, languageStyle='LTR', name='text', opacity=1, ori=0.0, pos=array([0., 0.]), rgb=UNKNOWN, text='', units='height', win=Window(...), wrapWidth=1)
14.9995 	EXP 	Imported _001_reward.csv as conditions, 20 conditions, 3 params
14.9999 	EXP 	Created sequence: sequential, trialTypes=20, nReps=1, seed=None
15.0002 	EXP 	New trial (rep=0, index=0): OrderedDict([('correctAns', ['left']), ('correct_reward', 4.8), ('wrong_reward', 1.9)])
15.0596 	EXP 	text_2: autoDraw = False
15.0596 	EXP 	image: autoDraw = True
16.5082 	DATA 	Keypress: left
16.5399 	EXP 	image: autoDraw = False
16.5399 	EXP 	image_2: autoDraw = True
16.5399 	EXP 	polygon_2: autoDraw = True
17.0692 	EXP 	image_2: autoDraw = False
17.0692 	EXP 	polygon_2: autoDraw = False
17.0692 	EXP 	image_2: autoDraw = False
17.0692 	EXP 	polygon_2: autoDraw = False
17.0692 	EXP 	text: text = 4.8
17.0692 	EXP 	text: autoDraw = True
18.5598 	EXP 	New trial (rep=0, index=1): OrderedDict([('correctAns', ['left']), ('correct_reward', 4.4), ('wrong_reward', 4.8)])
18.5879 	EXP 	text: autoDraw = False
18.5879 	EXP 	text: autoDraw = False
18.5879 	EXP 	text_2: autoDraw = False
18.5879 	EXP 	image: autoDraw = True
19.3079 	DATA 	Keypress: right
19.3523 	EXP 	image: autoDraw = False
19.3523 	EXP 	image_2: autoDraw = True
19.3523 	EXP 	polygon_2: autoDraw = True
19.8848 	EXP 	image_2: autoDraw = False
19.8848 	EXP 	polygon_2: autoDraw = False
19.8848 	EXP 	image_2: autoDraw = False
19.8848 	EXP 	polygon_2: autoDraw = False
19.8848 	EXP 	text: text = 4.8
19.8848 	EXP 	text: autoDraw = True
21.3748 	EXP 	New trial (rep=0, index=2): OrderedDict([('correctAns', ['left']), ('correct_reward', 5.7), ('wrong_reward', 4.7)])
21.4018 	EXP 	text: autoDraw = False
21.4018 	EXP 	text: autoDraw = False
21.4018 	EXP 	text_2: autoDraw = False
21.4018 	EXP 	image: autoDraw = True
22.3772 	DATA 	Keypress: escape
22.5695 	EXP 	window1: mouseVisible = True
