6.1191 	WARNING 	We strongly recommend you activate the PTB sound engine in PsychoPy prefs as the preferred audio engine. Its timing is vastly superior. Your prefs are currently set to use ['sounddevice', 'PTB', 'pyo', 'pygame'] (in that order).
12.8804 	EXP 	Created window1 = Window(allowGUI=True, allowStencil=False, autoLog=True, backendConf=UNKNOWN, bitsMode=UNKNOWN, blendMode='avg', bpc=(8, 8, 8), color=array([0, 0, 0]), colorSpace='rgb', depthBits=8, fullscr=<method-wrapper '__getattribute__' of attributeSetter object at 0x000002B3542E5FD0>, gamma=None, gammaErrorPolicy='raise', lms=UNKNOWN, monitor=<psychopy.monitors.calibTools.Monitor object at 0x000002B35424E5F8>, multiSample=False, name='window1', numSamples=2, pos=[320.0, 180.0], screen=0, size=array([1280,  720]), stencilBits=0, stereo=False, units='height', useFBO=True, useRetina=False, viewOri=0.0, viewPos=None, viewScale=None, waitBlanking=True, winType='pyglet')
12.8806 	EXP 	window1: mouseVisible = True
12.8807 	EXP 	window1: recordFrameIntervals = False
13.0479 	EXP 	window1: recordFrameIntervals = True
13.2171 	WARNING 	t of last frame was 22.25ms (=1/44)
13.3959 	EXP 	window1: recordFrameIntervals = False
13.9281 	EXP 	Created text_1 = TextStim(__class__=<class 'psychopy.visual.text.TextStim'>, alignHoriz=method-wrapper(...), alignText='center', alignVert=method-wrapper(...), anchorHoriz='center', anchorVert='center', antialias=True, autoLog=True, bold=False, color=array([1., 1., 1.]), colorSpace='rgb', contrast=1.0, depth=0.0, flipHoriz=False, flipVert=False, font='Open Sans', fontFiles=[], height=0.05, italic=False, languageStyle='LTR', name='text_1', opacity=1, ori=0.0, pos=array([0., 0.]), rgb=UNKNOWN, text=str(...), units='height', win=Window(...), wrapWidth=1)
13.9428 	EXP 	Created text_6 = TextStim(__class__=<class 'psychopy.visual.text.TextStim'>, alignHoriz=method-wrapper(...), alignText='center', alignVert=method-wrapper(...), anchorHoriz='center', anchorVert='center', antialias=True, autoLog=True, bold=False, color=array([1., 1., 1.]), colorSpace='rgb', contrast=1.0, depth=0.0, flipHoriz=False, flipVert=False, font='Open Sans', fontFiles=[], height=0.03, italic=False, languageStyle='LTR', name='text_6', opacity=1, ori=0.0, pos=array([0. , 0.3]), rgb=UNKNOWN, text=str(...), units='height', win=Window(...), wrapWidth=1)
13.9898 	EXP 	Created example_pic1 = ImageStim(__class__=<class 'psychopy.visual.image.ImageStim'>, autoLog=True, color=array([1., 1., 1.]), colorSpace='rgb', contrast=1.0, depth=-1.0, flipHoriz=False, flipVert=False, image=str(...), interpolate=True, mask=None, maskParams=None, name='example_pic1', opacity=1, ori=0.0, pos=array([0.3, 0.1]), size=array([0.3, 0.3]), texRes=128.0, units='height', win=Window(...))
14.0292 	EXP 	Created example_pic2 = ImageStim(__class__=<class 'psychopy.visual.image.ImageStim'>, autoLog=True, color=array([1., 1., 1.]), colorSpace='rgb', contrast=1.0, depth=-2.0, flipHoriz=False, flipVert=False, image=str(...), interpolate=True, mask=None, maskParams=None, name='example_pic2', opacity=1, ori=0.0, pos=array([-0.3,  0.1]), size=array([0.3, 0.3]), texRes=128.0, units='height', win=Window(...))
14.0384 	EXP 	Created text_7 = TextStim(__class__=<class 'psychopy.visual.text.TextStim'>, alignHoriz=method-wrapper(...), alignText='center', alignVert=method-wrapper(...), anchorHoriz='center', anchorVert='center', antialias=True, autoLog=True, bold=False, color=array([1., 1., 1.]), colorSpace='rgb', contrast=1.0, depth=-3.0, flipHoriz=False, flipVert=False, font='Open Sans', fontFiles=[], height=0.03, italic=False, languageStyle='LTR', name='text_7', opacity=1, ori=0.0, pos=array([ 0. , -0.2]), rgb=UNKNOWN, text=str(...), units='height', win=Window(...), wrapWidth=1)
14.0426 	EXP 	Created text_8 = TextStim(__class__=<class 'psychopy.visual.text.TextStim'>, alignHoriz=method-wrapper(...), alignText='center', alignVert=method-wrapper(...), anchorHoriz='center', anchorVert='center', antialias=True, autoLog=True, bold=False, color=array([1., 1., 1.]), colorSpace='rgb', contrast=1.0, depth=-4.0, flipHoriz=False, flipVert=False, font='Open Sans', fontFiles=[], height=0.05, italic=False, languageStyle='LTR', name='text_8', opacity=1, ori=0.0, pos=array([ 0. , -0.4]), rgb=UNKNOWN, text='Press SPACE to continue\n', units='height', win=Window(...), wrapWidth=1)
14.0548 	EXP 	Created text_9 = TextStim(__class__=<class 'psychopy.visual.text.TextStim'>, alignHoriz=method-wrapper(...), alignText='center', alignVert=method-wrapper(...), anchorHoriz='center', anchorVert='center', antialias=True, autoLog=True, bold=False, color=array([1., 1., 1.]), colorSpace='rgb', contrast=1.0, depth=0.0, flipHoriz=False, flipVert=False, font='Open Sans', fontFiles=[], height=0.03, italic=False, languageStyle='LTR', name='text_9', opacity=1, ori=0.0, pos=array([0. , 0.4]), rgb=UNKNOWN, text=str(...), units='height', win=Window(...), wrapWidth=1)
14.0619 	EXP 	Created text_13 = TextStim(__class__=<class 'psychopy.visual.text.TextStim'>, alignHoriz=method-wrapper(...), alignText='center', alignVert=method-wrapper(...), anchorHoriz='center', anchorVert='center', antialias=True, autoLog=True, bold=False, color=array([1., 1., 1.]), colorSpace='rgb', contrast=1.0, depth=-1.0, flipHoriz=False, flipVert=False, font='Open Sans', fontFiles=[], height=0.03, italic=False, languageStyle='LTR', name='text_13', opacity=1, ori=0.0, pos=array([ 0.  , -0.45]), rgb=UNKNOWN, text='Press SPACE to continue', units='height', win=Window(...), wrapWidth=1)
14.0691 	EXP 	Created text_10 = TextStim(__class__=<class 'psychopy.visual.text.TextStim'>, alignHoriz=method-wrapper(...), alignText='center', alignVert=method-wrapper(...), anchorHoriz='center', anchorVert='center', antialias=True, autoLog=True, bold=False, color=array([1., 1., 1.]), colorSpace='rgb', contrast=1.0, depth=0.0, flipHoriz=False, flipVert=False, font='Open Sans', fontFiles=[], height=0.03, italic=False, languageStyle='LTR', name='text_10', opacity=1, ori=0.0, pos=array([0., 0.]), rgb=UNKNOWN, text=str(...), units='height', win=Window(...), wrapWidth=1)
14.0736 	EXP 	Created image = ImageStim(__class__=<class 'psychopy.visual.image.ImageStim'>, autoLog=True, color=array([1., 1., 1.]), colorSpace='rgb', contrast=1.0, depth=0.0, flipHoriz=False, flipVert=False, image='sin', interpolate=True, mask=None, maskParams=None, name='image', opacity=1, ori=0.0, pos=array([0., 0.]), size=array([0.6, 0.6]), texRes=128.0, units='height', win=Window(...))
14.0785 	EXP 	Created image_4 = ImageStim(__class__=<class 'psychopy.visual.image.ImageStim'>, autoLog=True, color=array([1., 1., 1.]), colorSpace='rgb', contrast=1.0, depth=0.0, flipHoriz=False, flipVert=False, image='sin', interpolate=True, mask=None, maskParams=None, name='image_4', opacity=1, ori=0.0, pos=array([-0.7,  0. ]), size=array([0.3, 0.3]), texRes=128.0, units='height', win=Window(...))
14.0876 	EXP 	Created text_5 = TextStim(__class__=<class 'psychopy.visual.text.TextStim'>, alignHoriz=method-wrapper(...), alignText='center', alignVert=method-wrapper(...), anchorHoriz='center', anchorVert='center', antialias=True, autoLog=True, bold=False, color=array([1., 1., 1.]), colorSpace='rgb', contrast=1.0, depth=-1.0, flipHoriz=False, flipVert=False, font='Open Sans', fontFiles=[], height=0.03, italic=False, languageStyle='LTR', name='text_5', opacity=1, ori=0.0, pos=array([-0.2,  0.4]), rgb=UNKNOWN, text=str(...), units='height', win=Window(...), wrapWidth=1)
14.1337 	EXP 	Created image_2 = ImageStim(__class__=<class 'psychopy.visual.image.ImageStim'>, autoLog=True, color=array([1., 1., 1.]), colorSpace='rgb', contrast=1.0, depth=-2.0, flipHoriz=False, flipVert=False, image='arousal_rating.png', interpolate=True, mask=None, maskParams=None, name='image_2', opacity=1, ori=0.0, pos=array([-0.2,  0.3]), size=array([0.6 , 0.12]), texRes=128.0, units='height', win=Window(...))
14.1454 	EXP 	window1: mouseVisible = True
14.1554 	EXP 	Created slider_2 = Slider(__class__=<class 'psychopy.visual.slider.Slider'>, autoDraw=False, autoLog=True, borderColor=None, color=None, colorSpace='rgb', depth=-3, fillColor=None, flip=False, font='Open Sans', granularity=0.0, labelHeight=0.02, labelWrapWidth=None, labels=None, name='slider_2', opacity=None, pos=(-0.2, 0.2), readOnly=False, self=UNKNOWN, size=(0.48, 0.036), startValue=None, style=method-wrapper(...), styleTweaks=method-wrapper(...), ticks=array([1, 2, 3, 4, 5, 6, 7, 8, 9]), units='height', win=Window(...))
14.1660 	EXP 	Created text_11 = TextStim(__class__=<class 'psychopy.visual.text.TextStim'>, alignHoriz=method-wrapper(...), alignText='center', alignVert=method-wrapper(...), anchorHoriz='center', anchorVert='center', antialias=True, autoLog=True, bold=False, color=array([1., 1., 1.]), colorSpace='rgb', contrast=1.0, depth=-4.0, flipHoriz=False, flipVert=False, font='Open Sans', fontFiles=[], height=0.03, italic=False, languageStyle='LTR', name='text_11', opacity=1, ori=0.0, pos=array([0.5, 0.4]), rgb=UNKNOWN, text=str(...), units='height', win=Window(...), wrapWidth=1)
14.2067 	EXP 	Created image_3 = ImageStim(__class__=<class 'psychopy.visual.image.ImageStim'>, autoLog=True, color=array([1., 1., 1.]), colorSpace='rgb', contrast=1.0, depth=-5.0, flipHoriz=False, flipVert=False, image='valence_rating.png', interpolate=True, mask=None, maskParams=None, name='image_3', opacity=1, ori=0.0, pos=array([0.5, 0.3]), size=array([0.6 , 0.12]), texRes=128.0, units='height', win=Window(...))
14.2144 	EXP 	window1: mouseVisible = True
14.2229 	EXP 	Created slider_3 = Slider(__class__=<class 'psychopy.visual.slider.Slider'>, autoDraw=False, autoLog=True, borderColor=None, color=None, colorSpace='rgb', depth=-6, fillColor=None, flip=False, font='Open Sans', granularity=0.0, labelHeight=0.02, labelWrapWidth=None, labels=None, name='slider_3', opacity=None, pos=(0.5, 0.2), readOnly=False, self=UNKNOWN, size=(0.48, 0.036), startValue=None, style=method-wrapper(...), styleTweaks=method-wrapper(...), ticks=array([1, 2, 3, 4, 5, 6, 7, 8, 9]), units='height', win=Window(...))
14.2331 	EXP 	Created text = TextStim(__class__=<class 'psychopy.visual.text.TextStim'>, alignHoriz=method-wrapper(...), alignText='center', alignVert=method-wrapper(...), anchorHoriz='center', anchorVert='center', antialias=True, autoLog=True, bold=False, color=array([1., 1., 1.]), colorSpace='rgb', contrast=1.0, depth=-7.0, flipHoriz=False, flipVert=False, font='Open Sans', fontFiles=[], height=0.03, italic=False, languageStyle='LTR', name='text', opacity=1, ori=0.0, pos=array([-0.2 ,  0.05]), rgb=UNKNOWN, text=str(...), units='height', win=Window(...), wrapWidth=1)
14.2407 	EXP 	window1: mouseVisible = True
14.2531 	EXP 	Created slider_5 = Slider(__class__=<class 'psychopy.visual.slider.Slider'>, autoDraw=False, autoLog=True, borderColor=None, color=None, colorSpace='rgb', depth=-8, fillColor=None, flip=False, font='Open Sans', granularity=0.0, labelHeight=0.02, labelWrapWidth=None, labels=None, name='slider_5', opacity=None, pos=(-0.2, -0.05), readOnly=False, self=UNKNOWN, size=(0.48, 0.036), startValue=None, style=method-wrapper(...), styleTweaks=method-wrapper(...), ticks=array([1, 2, 3, 4, 5, 6, 7, 8, 9]), units='height', win=Window(...))
14.2652 	EXP 	Created text_4 = TextStim(__class__=<class 'psychopy.visual.text.TextStim'>, alignHoriz=method-wrapper(...), alignText='center', alignVert=method-wrapper(...), anchorHoriz='center', anchorVert='center', antialias=True, autoLog=True, bold=False, color=array([1., 1., 1.]), colorSpace='rgb', contrast=1.0, depth=-9.0, flipHoriz=False, flipVert=False, font='Open Sans', fontFiles=[], height=0.03, italic=False, languageStyle='LTR', name='text_4', opacity=1, ori=0.0, pos=array([0.5 , 0.05]), rgb=UNKNOWN, text=str(...), units='height', win=Window(...), wrapWidth=1)
14.2731 	EXP 	window1: mouseVisible = True
14.2833 	EXP 	Created slider_6 = Slider(__class__=<class 'psychopy.visual.slider.Slider'>, autoDraw=False, autoLog=True, borderColor=None, color=None, colorSpace='rgb', depth=-10, fillColor=None, flip=False, font='Open Sans', granularity=0.0, labelHeight=0.02, labelWrapWidth=None, labels=None, name='slider_6', opacity=None, pos=(0.5, -0.05), readOnly=False, self=UNKNOWN, size=(0.48, 0.036), startValue=None, style=method-wrapper(...), styleTweaks=method-wrapper(...), ticks=array([1, 2, 3, 4, 5, 6, 7, 8, 9]), units='height', win=Window(...))
14.2940 	EXP 	Created text_12 = TextStim(__class__=<class 'psychopy.visual.text.TextStim'>, alignHoriz=method-wrapper(...), alignText='center', alignVert=method-wrapper(...), anchorHoriz='center', anchorVert='center', antialias=True, autoLog=True, bold=False, color=array([1., 1., 1.]), colorSpace='rgb', contrast=1.0, depth=-11.0, flipHoriz=False, flipVert=False, font='Open Sans', fontFiles=[], height=0.03, italic=False, languageStyle='LTR', name='text_12', opacity=1, ori=0.0, pos=array([ 0.1, -0.2]), rgb=UNKNOWN, text=str(...), units='height', win=Window(...), wrapWidth=1)
14.3011 	EXP 	window1: mouseVisible = True
14.3118 	EXP 	Created slider_7 = Slider(__class__=<class 'psychopy.visual.slider.Slider'>, autoDraw=False, autoLog=True, borderColor=None, color=None, colorSpace='rgb', depth=-12, fillColor=None, flip=False, font='Open Sans', granularity=0.0, labelHeight=0.05, labelWrapWidth=None, labels=None, name='slider_7', opacity=None, pos=(0.1, -0.3), readOnly=False, self=UNKNOWN, size=(0.48, 0.036), startValue=None, style=method-wrapper(...), styleTweaks=method-wrapper(...), ticks=array([1, 2, 3, 4, 5, 6, 7, 8, 9]), units='height', win=Window(...))
14.3239 	EXP 	Created text_14 = TextStim(__class__=<class 'psychopy.visual.text.TextStim'>, alignHoriz=method-wrapper(...), alignText='center', alignVert=method-wrapper(...), anchorHoriz='center', anchorVert='center', antialias=True, autoLog=True, bold=False, color=array([1., 1., 1.]), colorSpace='rgb', contrast=1.0, depth=-13.0, flipHoriz=False, flipVert=False, font='Open Sans', fontFiles=[], height=0.03, italic=False, languageStyle='LTR', name='text_14', opacity=1, ori=0.0, pos=array([ 0.  , -0.45]), rgb=UNKNOWN, text='Press SPACE after rating to continue\n', units='height', win=Window(...), wrapWidth=1)
14.3680 	EXP 	slider_2: autoLog = True
14.3680 	EXP 	slider_2: markerPos = None
14.3680 	EXP 	slider_2: rating = None
14.3680 	EXP 	slider_2: markerPos = None
14.3680 	EXP 	slider_2: contrast = 1.0
14.3680 	EXP 	slider_2: autoLog = True
14.3680 	EXP 	slider_2: styleTweaks = []
14.3680 	EXP 	slider_2: style = 'rating'
14.3680 	EXP 	slider_2: styleTweaks = []
14.3680 	EXP 	slider_3: autoLog = True
14.3680 	EXP 	slider_3: markerPos = None
14.3680 	EXP 	slider_3: rating = None
14.3680 	EXP 	slider_3: markerPos = None
14.3680 	EXP 	slider_3: contrast = 1.0
14.3680 	EXP 	slider_3: autoLog = True
14.3680 	EXP 	slider_3: styleTweaks = []
14.3680 	EXP 	slider_3: style = 'rating'
14.3680 	EXP 	slider_3: styleTweaks = []
14.3680 	EXP 	slider_5: autoLog = True
14.3680 	EXP 	slider_5: markerPos = None
14.3680 	EXP 	slider_5: rating = None
14.3680 	EXP 	slider_5: markerPos = None
14.3680 	EXP 	slider_5: contrast = 1.0
14.3680 	EXP 	slider_5: autoLog = True
14.3680 	EXP 	slider_5: styleTweaks = []
14.3680 	EXP 	slider_5: style = 'rating'
14.3680 	EXP 	slider_5: styleTweaks = []
14.3680 	EXP 	slider_6: autoLog = True
14.3680 	EXP 	slider_6: markerPos = None
14.3680 	EXP 	slider_6: rating = None
14.3680 	EXP 	slider_6: markerPos = None
14.3680 	EXP 	slider_6: contrast = 1.0
14.3680 	EXP 	slider_6: autoLog = True
14.3680 	EXP 	slider_6: styleTweaks = []
14.3680 	EXP 	slider_6: style = 'rating'
14.3680 	EXP 	slider_6: styleTweaks = []
14.3680 	EXP 	slider_7: autoLog = True
14.3680 	EXP 	slider_7: markerPos = None
14.3680 	EXP 	slider_7: rating = None
14.3680 	EXP 	slider_7: markerPos = None
14.3680 	EXP 	slider_7: contrast = 1.0
14.3680 	EXP 	slider_7: autoLog = True
14.3680 	EXP 	slider_7: styleTweaks = []
14.3680 	EXP 	slider_7: style = 'rating'
14.3680 	EXP 	slider_7: styleTweaks = []
14.3680 	EXP 	text_1: autoDraw = True
15.7578 	DATA 	Keypress: space
15.7749 	EXP 	text_1: autoDraw = False
15.7749 	EXP 	text_6: autoDraw = True
15.7749 	EXP 	example_pic1: autoDraw = True
15.7749 	EXP 	example_pic2: autoDraw = True
15.7749 	EXP 	text_7: autoDraw = True
15.7749 	EXP 	text_8: autoDraw = True
16.4532 	DATA 	Keypress: space
16.4748 	EXP 	text_6: autoDraw = False
16.4748 	EXP 	example_pic1: autoDraw = False
16.4748 	EXP 	example_pic2: autoDraw = False
16.4748 	EXP 	text_7: autoDraw = False
16.4748 	EXP 	text_8: autoDraw = False
16.4748 	EXP 	text_9: autoDraw = True
16.4748 	EXP 	text_13: autoDraw = True
17.1155 	DATA 	Keypress: space
17.1258 	EXP 	text_9: autoDraw = False
17.1258 	EXP 	text_13: autoDraw = False
17.1258 	EXP 	text_10: autoDraw = True
17.7620 	EXP 	Imported stimuli.csv as conditions, 5 conditions, 1 params
17.7628 	EXP 	Created sequence: random, trialTypes=5, nReps=1, seed=1
17.7631 	EXP 	New trial (rep=0, index=0): OrderedDict([('stimuli', '../stimuli/matched_images/SHINE_color_cielab_accidents4.jpg')])
17.7746 	DATA 	Keypress: space
17.7895 	EXP 	text_10: autoDraw = False
17.7895 	EXP 	image: image = '../stimuli/matched_images/SHINE_color_cielab_accidents4.jpg'
17.7895 	EXP 	image: autoDraw = True
19.8538 	EXP 	image: autoDraw = False
19.8538 	EXP 	image_4: image = '../stimuli/matched_images/SHINE_color_cielab_accidents4.jpg'
19.8538 	EXP 	slider_2: markerPos = None
19.8538 	EXP 	slider_2: markerPos = None
19.8538 	EXP 	slider_2: rating = None
19.8538 	EXP 	slider_3: markerPos = None
19.8538 	EXP 	slider_3: markerPos = None
19.8538 	EXP 	slider_3: rating = None
19.8538 	EXP 	slider_5: markerPos = None
19.8538 	EXP 	slider_5: markerPos = None
19.8538 	EXP 	slider_5: rating = None
19.8538 	EXP 	slider_6: markerPos = None
19.8538 	EXP 	slider_6: markerPos = None
19.8538 	EXP 	slider_6: rating = None
19.8538 	EXP 	slider_7: markerPos = None
19.8538 	EXP 	slider_7: markerPos = None
19.8538 	EXP 	slider_7: rating = None
19.8538 	EXP 	image_4: autoDraw = True
19.8538 	EXP 	text_5: autoDraw = True
19.8538 	EXP 	image_2: autoDraw = True
19.8538 	EXP 	slider_2: autoDraw = True
19.8538 	EXP 	text_11: autoDraw = True
19.8538 	EXP 	image_3: autoDraw = True
19.8538 	EXP 	slider_3: autoDraw = True
19.8538 	EXP 	text: autoDraw = True
19.8538 	EXP 	slider_5: autoDraw = True
19.8538 	EXP 	text_4: autoDraw = True
19.8538 	EXP 	slider_6: autoDraw = True
19.8538 	EXP 	text_12: autoDraw = True
19.8538 	EXP 	slider_7: autoDraw = True
19.8538 	EXP 	text_14: autoDraw = True
55.8325 	DATA 	Keypress: escape
55.9916 	EXP 	window1: mouseVisible = True
