2.3712 	WARNING 	We strongly recommend you activate the PTB sound engine in PsychoPy prefs as the preferred audio engine. Its timing is vastly superior. Your prefs are currently set to use ['sounddevice', 'PTB', 'pyo', 'pygame'] (in that order).
5.8040 	WARNING 	User requested fullscreen with size [1280  720], but screen is actually [1920, 1080]. Using actual size
7.3027 	EXP 	Created window1 = Window(allowGUI=True, allowStencil=False, autoLog=True, backendConf=UNKNOWN, bitsMode=UNKNOWN, blendMode='avg', bpc=(8, 8, 8), color=array([0, 0, 0]), colorSpace='rgb', depthBits=8, fullscr=<method-wrapper '__getattribute__' of attributeSetter object at 0x000002358ED26BE0>, gamma=None, gammaErrorPolicy='raise', lms=UNKNOWN, monitor=<psychopy.monitors.calibTools.Monitor object at 0x000002358ED0B208>, multiSample=False, name='window1', numSamples=2, pos=[0.0, 0.0], screen=0, size=array([1920, 1080]), stencilBits=0, stereo=False, units='height', useFBO=True, useRetina=False, viewOri=0.0, viewPos=None, viewScale=None, waitBlanking=True, winType='pyglet')
7.3029 	EXP 	window1: mouseVisible = True
7.3030 	EXP 	window1: recordFrameIntervals = False
7.4684 	EXP 	window1: recordFrameIntervals = True
7.6520 	EXP 	window1: recordFrameIntervals = False
8.1087 	EXP 	Created text_1 = TextStim(__class__=<class 'psychopy.visual.text.TextStim'>, alignHoriz=method-wrapper(...), alignText='center', alignVert=method-wrapper(...), anchorHoriz='center', anchorVert='center', antialias=True, autoLog=True, bold=False, color=array([1., 1., 1.]), colorSpace='rgb', contrast=1.0, depth=0.0, flipHoriz=False, flipVert=False, font='Open Sans', fontFiles=[], height=0.05, italic=False, languageStyle='LTR', name='text_1', opacity=1, ori=0.0, pos=array([0., 0.]), rgb=UNKNOWN, text=str(...), units='height', win=Window(...), wrapWidth=1)
8.1234 	EXP 	Created text_6 = TextStim(__class__=<class 'psychopy.visual.text.TextStim'>, alignHoriz=method-wrapper(...), alignText='center', alignVert=method-wrapper(...), anchorHoriz='center', anchorVert='center', antialias=True, autoLog=True, bold=False, color=array([1., 1., 1.]), colorSpace='rgb', contrast=1.0, depth=0.0, flipHoriz=False, flipVert=False, font='Open Sans', fontFiles=[], height=0.03, italic=False, languageStyle='LTR', name='text_6', opacity=1, ori=0.0, pos=array([0. , 0.3]), rgb=UNKNOWN, text=str(...), units='height', win=Window(...), wrapWidth=1)
8.1598 	EXP 	Created example_pic1 = ImageStim(__class__=<class 'psychopy.visual.image.ImageStim'>, autoLog=True, color=array([1., 1., 1.]), colorSpace='rgb', contrast=1.0, depth=-1.0, flipHoriz=False, flipVert=False, image=str(...), interpolate=True, mask=None, maskParams=None, name='example_pic1', opacity=1, ori=0.0, pos=array([0.3, 0.1]), size=array([0.3, 0.3]), texRes=128.0, units='height', win=Window(...))
8.1874 	EXP 	Created example_pic2 = ImageStim(__class__=<class 'psychopy.visual.image.ImageStim'>, autoLog=True, color=array([1., 1., 1.]), colorSpace='rgb', contrast=1.0, depth=-2.0, flipHoriz=False, flipVert=False, image=str(...), interpolate=True, mask=None, maskParams=None, name='example_pic2', opacity=1, ori=0.0, pos=array([-0.3,  0.1]), size=array([0.3, 0.3]), texRes=128.0, units='height', win=Window(...))
8.1949 	EXP 	Created text_7 = TextStim(__class__=<class 'psychopy.visual.text.TextStim'>, alignHoriz=method-wrapper(...), alignText='center', alignVert=method-wrapper(...), anchorHoriz='center', anchorVert='center', antialias=True, autoLog=True, bold=False, color=array([1., 1., 1.]), colorSpace='rgb', contrast=1.0, depth=-3.0, flipHoriz=False, flipVert=False, font='Open Sans', fontFiles=[], height=0.03, italic=False, languageStyle='LTR', name='text_7', opacity=1, ori=0.0, pos=array([ 0. , -0.2]), rgb=UNKNOWN, text=str(...), units='height', win=Window(...), wrapWidth=1)
8.2013 	EXP 	Created text_8 = TextStim(__class__=<class 'psychopy.visual.text.TextStim'>, alignHoriz=method-wrapper(...), alignText='center', alignVert=method-wrapper(...), anchorHoriz='center', anchorVert='center', antialias=True, autoLog=True, bold=False, color=array([1., 1., 1.]), colorSpace='rgb', contrast=1.0, depth=-4.0, flipHoriz=False, flipVert=False, font='Open Sans', fontFiles=[], height=0.05, italic=False, languageStyle='LTR', name='text_8', opacity=1, ori=0.0, pos=array([ 0. , -0.4]), rgb=UNKNOWN, text='Press SPACE to continue\n', units='height', win=Window(...), wrapWidth=1)
8.2083 	EXP 	Created text_9 = TextStim(__class__=<class 'psychopy.visual.text.TextStim'>, alignHoriz=method-wrapper(...), alignText='center', alignVert=method-wrapper(...), anchorHoriz='center', anchorVert='center', antialias=True, autoLog=True, bold=False, color=array([1., 1., 1.]), colorSpace='rgb', contrast=1.0, depth=0.0, flipHoriz=False, flipVert=False, font='Open Sans', fontFiles=[], height=0.03, italic=False, languageStyle='LTR', name='text_9', opacity=1, ori=0.0, pos=array([0. , 0.4]), rgb=UNKNOWN, text=str(...), units='height', win=Window(...), wrapWidth=1)
8.2135 	EXP 	Created text_13 = TextStim(__class__=<class 'psychopy.visual.text.TextStim'>, alignHoriz=method-wrapper(...), alignText='center', alignVert=method-wrapper(...), anchorHoriz='center', anchorVert='center', antialias=True, autoLog=True, bold=False, color=array([1., 1., 1.]), colorSpace='rgb', contrast=1.0, depth=-1.0, flipHoriz=False, flipVert=False, font='Open Sans', fontFiles=[], height=0.03, italic=False, languageStyle='LTR', name='text_13', opacity=1, ori=0.0, pos=array([ 0.  , -0.45]), rgb=UNKNOWN, text='Press SPACE to continue', units='height', win=Window(...), wrapWidth=1)
8.2198 	EXP 	Created text_10 = TextStim(__class__=<class 'psychopy.visual.text.TextStim'>, alignHoriz=method-wrapper(...), alignText='center', alignVert=method-wrapper(...), anchorHoriz='center', anchorVert='center', antialias=True, autoLog=True, bold=False, color=array([1., 1., 1.]), colorSpace='rgb', contrast=1.0, depth=0.0, flipHoriz=False, flipVert=False, font='Open Sans', fontFiles=[], height=0.03, italic=False, languageStyle='LTR', name='text_10', opacity=1, ori=0.0, pos=array([0., 0.]), rgb=UNKNOWN, text=str(...), units='height', win=Window(...), wrapWidth=1)
8.2234 	EXP 	Created image = ImageStim(__class__=<class 'psychopy.visual.image.ImageStim'>, autoLog=True, color=array([1., 1., 1.]), colorSpace='rgb', contrast=1.0, depth=0.0, flipHoriz=False, flipVert=False, image='sin', interpolate=True, mask=None, maskParams=None, name='image', opacity=1, ori=0.0, pos=array([0., 0.]), size=array([0.6, 0.6]), texRes=128.0, units='height', win=Window(...))
8.2269 	EXP 	Created image_4 = ImageStim(__class__=<class 'psychopy.visual.image.ImageStim'>, autoLog=True, color=array([1., 1., 1.]), colorSpace='rgb', contrast=1.0, depth=0.0, flipHoriz=False, flipVert=False, image='sin', interpolate=True, mask=None, maskParams=None, name='image_4', opacity=1, ori=0.0, pos=array([-0.3,  0. ]), size=array([0.2, 0.2]), texRes=128.0, units='height', win=Window(...))
8.2442 	EXP 	Created text_5 = TextStim(__class__=<class 'psychopy.visual.text.TextStim'>, alignHoriz=method-wrapper(...), alignText='center', alignVert=method-wrapper(...), anchorHoriz='center', anchorVert='center', antialias=True, autoLog=True, bold=False, color=array([1., 1., 1.]), colorSpace='rgb', contrast=1.0, depth=-1.0, flipHoriz=False, flipVert=False, font='Open Sans', fontFiles=[], height=0.02, italic=False, languageStyle='LTR', name='text_5', opacity=1, ori=0.0, pos=array([-0.15,  0.4 ]), rgb=UNKNOWN, text=str(...), units='height', win=Window(...), wrapWidth=1)
8.2827 	EXP 	Created image_2 = ImageStim(__class__=<class 'psychopy.visual.image.ImageStim'>, autoLog=True, color=array([1., 1., 1.]), colorSpace='rgb', contrast=1.0, depth=-2.0, flipHoriz=False, flipVert=False, image='arousal_rating.png', interpolate=True, mask=None, maskParams=None, name='image_2', opacity=1, ori=0.0, pos=array([-0.15,  0.3 ]), size=array([0.5, 0.1]), texRes=128.0, units='height', win=Window(...))
8.2929 	EXP 	window1: mouseVisible = True
8.3018 	EXP 	Created slider_2 = Slider(__class__=<class 'psychopy.visual.slider.Slider'>, autoDraw=False, autoLog=True, borderColor=None, color=None, colorSpace='rgb', depth=-3, fillColor=None, flip=False, font='Open Sans', granularity=0.0, labelHeight=0.02, labelWrapWidth=None, labels=None, name='slider_2', opacity=None, pos=(-0.15, 0.2), readOnly=False, self=UNKNOWN, size=(0.4, 0.03), startValue=None, style=method-wrapper(...), styleTweaks=method-wrapper(...), ticks=array([1, 2, 3, 4, 5, 6, 7, 8, 9]), units='height', win=Window(...))
8.3124 	EXP 	Created text_11 = TextStim(__class__=<class 'psychopy.visual.text.TextStim'>, alignHoriz=method-wrapper(...), alignText='center', alignVert=method-wrapper(...), anchorHoriz='center', anchorVert='center', antialias=True, autoLog=True, bold=False, color=array([1., 1., 1.]), colorSpace='rgb', contrast=1.0, depth=-4.0, flipHoriz=False, flipVert=False, font='Open Sans', fontFiles=[], height=0.02, italic=False, languageStyle='LTR', name='text_11', opacity=1, ori=0.0, pos=array([0.4, 0.4]), rgb=UNKNOWN, text=str(...), units='height', win=Window(...), wrapWidth=1)
8.3448 	EXP 	Created image_3 = ImageStim(__class__=<class 'psychopy.visual.image.ImageStim'>, autoLog=True, color=array([1., 1., 1.]), colorSpace='rgb', contrast=1.0, depth=-5.0, flipHoriz=False, flipVert=False, image='valence_rating.png', interpolate=True, mask=None, maskParams=None, name='image_3', opacity=1, ori=0.0, pos=array([0.4, 0.3]), size=array([0.5, 0.1]), texRes=128.0, units='height', win=Window(...))
8.3516 	EXP 	window1: mouseVisible = True
8.3587 	EXP 	Created slider_3 = Slider(__class__=<class 'psychopy.visual.slider.Slider'>, autoDraw=False, autoLog=True, borderColor=None, color=None, colorSpace='rgb', depth=-6, fillColor=None, flip=False, font='Open Sans', granularity=0.0, labelHeight=0.02, labelWrapWidth=None, labels=None, name='slider_3', opacity=None, pos=(0.4, 0.2), readOnly=False, self=UNKNOWN, size=(0.4, 0.03), startValue=None, style=method-wrapper(...), styleTweaks=method-wrapper(...), ticks=array([1, 2, 3, 4, 5, 6, 7, 8, 9]), units='height', win=Window(...))
8.3697 	EXP 	Created text = TextStim(__class__=<class 'psychopy.visual.text.TextStim'>, alignHoriz=method-wrapper(...), alignText='center', alignVert=method-wrapper(...), anchorHoriz='center', anchorVert='center', antialias=True, autoLog=True, bold=False, color=array([1., 1., 1.]), colorSpace='rgb', contrast=1.0, depth=-7.0, flipHoriz=False, flipVert=False, font='Open Sans', fontFiles=[], height=0.02, italic=False, languageStyle='LTR', name='text', opacity=1, ori=0.0, pos=array([-0.15,  0.05]), rgb=UNKNOWN, text=str(...), units='height', win=Window(...), wrapWidth=1)
8.3766 	EXP 	window1: mouseVisible = True
8.3838 	EXP 	Created slider_5 = Slider(__class__=<class 'psychopy.visual.slider.Slider'>, autoDraw=False, autoLog=True, borderColor=None, color=None, colorSpace='rgb', depth=-8, fillColor=None, flip=False, font='Open Sans', granularity=0.0, labelHeight=0.02, labelWrapWidth=None, labels=None, name='slider_5', opacity=None, pos=(-0.15, 0.0), readOnly=False, self=UNKNOWN, size=(0.4, 0.03), startValue=None, style=method-wrapper(...), styleTweaks=method-wrapper(...), ticks=array([1, 2, 3, 4, 5, 6, 7, 8, 9]), units='height', win=Window(...))
8.3932 	EXP 	Created text_4 = TextStim(__class__=<class 'psychopy.visual.text.TextStim'>, alignHoriz=method-wrapper(...), alignText='center', alignVert=method-wrapper(...), anchorHoriz='center', anchorVert='center', antialias=True, autoLog=True, bold=False, color=array([1., 1., 1.]), colorSpace='rgb', contrast=1.0, depth=-9.0, flipHoriz=False, flipVert=False, font='Open Sans', fontFiles=[], height=0.02, italic=False, languageStyle='LTR', name='text_4', opacity=1, ori=0.0, pos=array([0.4 , 0.05]), rgb=UNKNOWN, text=str(...), units='height', win=Window(...), wrapWidth=1)
8.3994 	EXP 	window1: mouseVisible = True
8.4062 	EXP 	Created slider_6 = Slider(__class__=<class 'psychopy.visual.slider.Slider'>, autoDraw=False, autoLog=True, borderColor=None, color=None, colorSpace='rgb', depth=-10, fillColor=None, flip=False, font='Open Sans', granularity=0.0, labelHeight=0.02, labelWrapWidth=None, labels=None, name='slider_6', opacity=None, pos=(0.4, 0.0), readOnly=False, self=UNKNOWN, size=(0.4, 0.03), startValue=None, style=method-wrapper(...), styleTweaks=method-wrapper(...), ticks=array([1, 2, 3, 4, 5, 6, 7, 8, 9]), units='height', win=Window(...))
8.4170 	EXP 	Created text_14 = TextStim(__class__=<class 'psychopy.visual.text.TextStim'>, alignHoriz=method-wrapper(...), alignText='center', alignVert=method-wrapper(...), anchorHoriz='center', anchorVert='center', antialias=True, autoLog=True, bold=False, color=array([1., 1., 1.]), colorSpace='rgb', contrast=1.0, depth=-12.0, flipHoriz=False, flipVert=False, font='Open Sans', fontFiles=[], height=0.03, italic=False, languageStyle='LTR', name='text_14', opacity=1, ori=0.0, pos=array([ 0.  , -0.45]), rgb=UNKNOWN, text='Press SPACE after rating to continue\n', units='height', win=Window(...), wrapWidth=1)
8.4558 	EXP 	slider_2: autoLog = True
8.4558 	EXP 	slider_2: markerPos = None
8.4558 	EXP 	slider_2: rating = None
8.4558 	EXP 	slider_2: markerPos = None
8.4558 	EXP 	slider_2: contrast = 1.0
8.4558 	EXP 	slider_2: autoLog = True
8.4558 	EXP 	slider_2: styleTweaks = []
8.4558 	EXP 	slider_2: style = 'rating'
8.4558 	EXP 	slider_2: styleTweaks = []
8.4558 	EXP 	slider_3: autoLog = True
8.4558 	EXP 	slider_3: markerPos = None
8.4558 	EXP 	slider_3: rating = None
8.4558 	EXP 	slider_3: markerPos = None
8.4558 	EXP 	slider_3: contrast = 1.0
8.4558 	EXP 	slider_3: autoLog = True
8.4558 	EXP 	slider_3: styleTweaks = []
8.4558 	EXP 	slider_3: style = 'rating'
8.4558 	EXP 	slider_3: styleTweaks = []
8.4558 	EXP 	slider_5: autoLog = True
8.4558 	EXP 	slider_5: markerPos = None
8.4558 	EXP 	slider_5: rating = None
8.4558 	EXP 	slider_5: markerPos = None
8.4558 	EXP 	slider_5: contrast = 1.0
8.4558 	EXP 	slider_5: autoLog = True
8.4558 	EXP 	slider_5: styleTweaks = []
8.4558 	EXP 	slider_5: style = 'rating'
8.4558 	EXP 	slider_5: styleTweaks = []
8.4558 	EXP 	slider_6: autoLog = True
8.4558 	EXP 	slider_6: markerPos = None
8.4558 	EXP 	slider_6: rating = None
8.4558 	EXP 	slider_6: markerPos = None
8.4558 	EXP 	slider_6: contrast = 1.0
8.4558 	EXP 	slider_6: autoLog = True
8.4558 	EXP 	slider_6: styleTweaks = []
8.4558 	EXP 	slider_6: style = 'rating'
8.4558 	EXP 	slider_6: styleTweaks = []
8.4558 	EXP 	text_1: autoDraw = True
8.9376 	DATA 	Keypress: space
8.9415 	EXP 	text_1: autoDraw = False
8.9415 	EXP 	text_6: autoDraw = True
8.9415 	EXP 	example_pic1: autoDraw = True
8.9415 	EXP 	example_pic2: autoDraw = True
8.9415 	EXP 	text_7: autoDraw = True
8.9415 	EXP 	text_8: autoDraw = True
9.4853 	DATA 	Keypress: space
9.5047 	EXP 	text_6: autoDraw = False
9.5047 	EXP 	example_pic1: autoDraw = False
9.5047 	EXP 	example_pic2: autoDraw = False
9.5047 	EXP 	text_7: autoDraw = False
9.5047 	EXP 	text_8: autoDraw = False
9.5047 	EXP 	text_9: autoDraw = True
9.5047 	EXP 	text_13: autoDraw = True
11.2246 	DATA 	Keypress: space
11.2315 	EXP 	text_9: autoDraw = False
11.2315 	EXP 	text_13: autoDraw = False
11.2315 	EXP 	text_10: autoDraw = True
12.3455 	EXP 	Imported stimuli.csv as conditions, 213 conditions, 1 params
12.3470 	EXP 	Created sequence: random, trialTypes=213, nReps=2, seed=1
12.3475 	EXP 	New trial (rep=0, index=0): OrderedDict([('stimuli', '../stimuli/matched_images/SHINE_color_cielab_erotic_females6.jpg')])
12.3577 	DATA 	Keypress: space
12.3622 	EXP 	text_10: autoDraw = False
12.3622 	EXP 	image: image = '../stimuli/matched_images/SHINE_color_cielab_erotic_females6.jpg'
12.3622 	EXP 	image: autoDraw = True
13.0009 	DATA 	Keypress: space
14.4223 	EXP 	image: autoDraw = False
14.4223 	EXP 	image_4: image = '../stimuli/matched_images/SHINE_color_cielab_erotic_females6.jpg'
14.4223 	EXP 	slider_2: markerPos = None
14.4223 	EXP 	slider_2: markerPos = None
14.4223 	EXP 	slider_2: rating = None
14.4223 	EXP 	slider_3: markerPos = None
14.4223 	EXP 	slider_3: markerPos = None
14.4223 	EXP 	slider_3: rating = None
14.4223 	EXP 	slider_5: markerPos = None
14.4223 	EXP 	slider_5: markerPos = None
14.4223 	EXP 	slider_5: rating = None
14.4223 	EXP 	slider_6: markerPos = None
14.4223 	EXP 	slider_6: markerPos = None
14.4223 	EXP 	slider_6: rating = None
14.4223 	EXP 	image_4: autoDraw = True
14.4223 	EXP 	text_5: autoDraw = True
14.4223 	EXP 	image_2: autoDraw = True
14.4223 	EXP 	slider_2: autoDraw = True
14.4223 	EXP 	text_11: autoDraw = True
14.4223 	EXP 	image_3: autoDraw = True
14.4223 	EXP 	slider_3: autoDraw = True
14.4223 	EXP 	text: autoDraw = True
14.4223 	EXP 	slider_5: autoDraw = True
14.4223 	EXP 	text_4: autoDraw = True
14.4223 	EXP 	slider_6: autoDraw = True
14.4223 	EXP 	text_14: autoDraw = True
29.9316 	DATA 	Keypress: escape
30.1937 	EXP 	window1: mouseVisible = True
2.3881 	WARNING 	We strongly recommend you activate the PTB sound engine in PsychoPy prefs as the preferred audio engine. Its timing is vastly superior. Your prefs are currently set to use ['sounddevice', 'PTB', 'pyo', 'pygame'] (in that order).
6.0338 	WARNING 	User requested fullscreen with size [1280  720], but screen is actually [1920, 1080]. Using actual size
7.5474 	EXP 	Created window1 = Window(allowGUI=True, allowStencil=False, autoLog=True, backendConf=UNKNOWN, bitsMode=UNKNOWN, blendMode='avg', bpc=(8, 8, 8), color=array([0, 0, 0]), colorSpace='rgb', depthBits=8, fullscr=<method-wrapper '__getattribute__' of attributeSetter object at 0x0000026420D86B70>, gamma=None, gammaErrorPolicy='raise', lms=UNKNOWN, monitor=<psychopy.monitors.calibTools.Monitor object at 0x0000026420D6B198>, multiSample=False, name='window1', numSamples=2, pos=[0.0, 0.0], screen=0, size=array([1920, 1080]), stencilBits=0, stereo=False, units='height', useFBO=True, useRetina=False, viewOri=0.0, viewPos=None, viewScale=None, waitBlanking=True, winType='pyglet')
7.5476 	EXP 	window1: mouseVisible = True
7.5477 	EXP 	window1: recordFrameIntervals = False
7.7129 	EXP 	window1: recordFrameIntervals = True
7.8965 	EXP 	window1: recordFrameIntervals = False
8.3466 	EXP 	Created text_1 = TextStim(__class__=<class 'psychopy.visual.text.TextStim'>, alignHoriz=method-wrapper(...), alignText='center', alignVert=method-wrapper(...), anchorHoriz='center', anchorVert='center', antialias=True, autoLog=True, bold=False, color=array([1., 1., 1.]), colorSpace='rgb', contrast=1.0, depth=0.0, flipHoriz=False, flipVert=False, font='Open Sans', fontFiles=[], height=0.05, italic=False, languageStyle='LTR', name='text_1', opacity=1, ori=0.0, pos=array([0., 0.]), rgb=UNKNOWN, text=str(...), units='height', win=Window(...), wrapWidth=1)
8.3587 	EXP 	Created text_6 = TextStim(__class__=<class 'psychopy.visual.text.TextStim'>, alignHoriz=method-wrapper(...), alignText='center', alignVert=method-wrapper(...), anchorHoriz='center', anchorVert='center', antialias=True, autoLog=True, bold=False, color=array([1., 1., 1.]), colorSpace='rgb', contrast=1.0, depth=0.0, flipHoriz=False, flipVert=False, font='Open Sans', fontFiles=[], height=0.03, italic=False, languageStyle='LTR', name='text_6', opacity=1, ori=0.0, pos=array([0. , 0.3]), rgb=UNKNOWN, text=str(...), units='height', win=Window(...), wrapWidth=1)
8.3953 	EXP 	Created example_pic1 = ImageStim(__class__=<class 'psychopy.visual.image.ImageStim'>, autoLog=True, color=array([1., 1., 1.]), colorSpace='rgb', contrast=1.0, depth=-1.0, flipHoriz=False, flipVert=False, image=str(...), interpolate=True, mask=None, maskParams=None, name='example_pic1', opacity=1, ori=0.0, pos=array([0.3, 0.1]), size=array([0.3, 0.3]), texRes=128.0, units='height', win=Window(...))
8.4214 	EXP 	Created example_pic2 = ImageStim(__class__=<class 'psychopy.visual.image.ImageStim'>, autoLog=True, color=array([1., 1., 1.]), colorSpace='rgb', contrast=1.0, depth=-2.0, flipHoriz=False, flipVert=False, image=str(...), interpolate=True, mask=None, maskParams=None, name='example_pic2', opacity=1, ori=0.0, pos=array([-0.3,  0.1]), size=array([0.3, 0.3]), texRes=128.0, units='height', win=Window(...))
8.4289 	EXP 	Created text_7 = TextStim(__class__=<class 'psychopy.visual.text.TextStim'>, alignHoriz=method-wrapper(...), alignText='center', alignVert=method-wrapper(...), anchorHoriz='center', anchorVert='center', antialias=True, autoLog=True, bold=False, color=array([1., 1., 1.]), colorSpace='rgb', contrast=1.0, depth=-3.0, flipHoriz=False, flipVert=False, font='Open Sans', fontFiles=[], height=0.03, italic=False, languageStyle='LTR', name='text_7', opacity=1, ori=0.0, pos=array([ 0. , -0.2]), rgb=UNKNOWN, text=str(...), units='height', win=Window(...), wrapWidth=1)
8.4335 	EXP 	Created text_8 = TextStim(__class__=<class 'psychopy.visual.text.TextStim'>, alignHoriz=method-wrapper(...), alignText='center', alignVert=method-wrapper(...), anchorHoriz='center', anchorVert='center', antialias=True, autoLog=True, bold=False, color=array([1., 1., 1.]), colorSpace='rgb', contrast=1.0, depth=-4.0, flipHoriz=False, flipVert=False, font='Open Sans', fontFiles=[], height=0.05, italic=False, languageStyle='LTR', name='text_8', opacity=1, ori=0.0, pos=array([ 0. , -0.4]), rgb=UNKNOWN, text='Press SPACE to continue\n', units='height', win=Window(...), wrapWidth=1)
8.4411 	EXP 	Created text_9 = TextStim(__class__=<class 'psychopy.visual.text.TextStim'>, alignHoriz=method-wrapper(...), alignText='center', alignVert=method-wrapper(...), anchorHoriz='center', anchorVert='center', antialias=True, autoLog=True, bold=False, color=array([1., 1., 1.]), colorSpace='rgb', contrast=1.0, depth=0.0, flipHoriz=False, flipVert=False, font='Open Sans', fontFiles=[], height=0.03, italic=False, languageStyle='LTR', name='text_9', opacity=1, ori=0.0, pos=array([0. , 0.4]), rgb=UNKNOWN, text=str(...), units='height', win=Window(...), wrapWidth=1)
8.4475 	EXP 	Created text_13 = TextStim(__class__=<class 'psychopy.visual.text.TextStim'>, alignHoriz=method-wrapper(...), alignText='center', alignVert=method-wrapper(...), anchorHoriz='center', anchorVert='center', antialias=True, autoLog=True, bold=False, color=array([1., 1., 1.]), colorSpace='rgb', contrast=1.0, depth=-1.0, flipHoriz=False, flipVert=False, font='Open Sans', fontFiles=[], height=0.03, italic=False, languageStyle='LTR', name='text_13', opacity=1, ori=0.0, pos=array([ 0.  , -0.45]), rgb=UNKNOWN, text='Press SPACE to continue', units='height', win=Window(...), wrapWidth=1)
8.4533 	EXP 	Created text_10 = TextStim(__class__=<class 'psychopy.visual.text.TextStim'>, alignHoriz=method-wrapper(...), alignText='center', alignVert=method-wrapper(...), anchorHoriz='center', anchorVert='center', antialias=True, autoLog=True, bold=False, color=array([1., 1., 1.]), colorSpace='rgb', contrast=1.0, depth=0.0, flipHoriz=False, flipVert=False, font='Open Sans', fontFiles=[], height=0.03, italic=False, languageStyle='LTR', name='text_10', opacity=1, ori=0.0, pos=array([0., 0.]), rgb=UNKNOWN, text=str(...), units='height', win=Window(...), wrapWidth=1)
8.4570 	EXP 	Created image = ImageStim(__class__=<class 'psychopy.visual.image.ImageStim'>, autoLog=True, color=array([1., 1., 1.]), colorSpace='rgb', contrast=1.0, depth=0.0, flipHoriz=False, flipVert=False, image='sin', interpolate=True, mask=None, maskParams=None, name='image', opacity=1, ori=0.0, pos=array([0., 0.]), size=array([0.6, 0.6]), texRes=128.0, units='height', win=Window(...))
8.4605 	EXP 	Created image_4 = ImageStim(__class__=<class 'psychopy.visual.image.ImageStim'>, autoLog=True, color=array([1., 1., 1.]), colorSpace='rgb', contrast=1.0, depth=0.0, flipHoriz=False, flipVert=False, image='sin', interpolate=True, mask=None, maskParams=None, name='image_4', opacity=1, ori=0.0, pos=array([-1.,  0.]), size=array([0.2, 0.2]), texRes=128.0, units='height', win=Window(...))
8.4755 	EXP 	Created text_5 = TextStim(__class__=<class 'psychopy.visual.text.TextStim'>, alignHoriz=method-wrapper(...), alignText='center', alignVert=method-wrapper(...), anchorHoriz='center', anchorVert='center', antialias=True, autoLog=True, bold=False, color=array([1., 1., 1.]), colorSpace='rgb', contrast=1.0, depth=-1.0, flipHoriz=False, flipVert=False, font='Open Sans', fontFiles=[], height=0.02, italic=False, languageStyle='LTR', name='text_5', opacity=1, ori=0.0, pos=array([-0.15,  0.4 ]), rgb=UNKNOWN, text=str(...), units='height', win=Window(...), wrapWidth=1)
8.5097 	EXP 	Created image_2 = ImageStim(__class__=<class 'psychopy.visual.image.ImageStim'>, autoLog=True, color=array([1., 1., 1.]), colorSpace='rgb', contrast=1.0, depth=-2.0, flipHoriz=False, flipVert=False, image='arousal_rating.png', interpolate=True, mask=None, maskParams=None, name='image_2', opacity=1, ori=0.0, pos=array([-0.15,  0.3 ]), size=array([0.5, 0.1]), texRes=128.0, units='height', win=Window(...))
8.5190 	EXP 	window1: mouseVisible = True
8.5277 	EXP 	Created slider_2 = Slider(__class__=<class 'psychopy.visual.slider.Slider'>, autoDraw=False, autoLog=True, borderColor=None, color=None, colorSpace='rgb', depth=-3, fillColor=None, flip=False, font='Open Sans', granularity=0.0, labelHeight=0.02, labelWrapWidth=None, labels=None, name='slider_2', opacity=None, pos=(-0.15, 0.2), readOnly=False, self=UNKNOWN, size=(0.4, 0.03), startValue=None, style=method-wrapper(...), styleTweaks=method-wrapper(...), ticks=array([1, 2, 3, 4, 5, 6, 7, 8, 9]), units='height', win=Window(...))
8.5380 	EXP 	Created text_11 = TextStim(__class__=<class 'psychopy.visual.text.TextStim'>, alignHoriz=method-wrapper(...), alignText='center', alignVert=method-wrapper(...), anchorHoriz='center', anchorVert='center', antialias=True, autoLog=True, bold=False, color=array([1., 1., 1.]), colorSpace='rgb', contrast=1.0, depth=-4.0, flipHoriz=False, flipVert=False, font='Open Sans', fontFiles=[], height=0.02, italic=False, languageStyle='LTR', name='text_11', opacity=1, ori=0.0, pos=array([0.4, 0.4]), rgb=UNKNOWN, text=str(...), units='height', win=Window(...), wrapWidth=1)
8.5718 	EXP 	Created image_3 = ImageStim(__class__=<class 'psychopy.visual.image.ImageStim'>, autoLog=True, color=array([1., 1., 1.]), colorSpace='rgb', contrast=1.0, depth=-5.0, flipHoriz=False, flipVert=False, image='valence_rating.png', interpolate=True, mask=None, maskParams=None, name='image_3', opacity=1, ori=0.0, pos=array([0.4, 0.3]), size=array([0.5, 0.1]), texRes=128.0, units='height', win=Window(...))
8.5784 	EXP 	window1: mouseVisible = True
8.5855 	EXP 	Created slider_3 = Slider(__class__=<class 'psychopy.visual.slider.Slider'>, autoDraw=False, autoLog=True, borderColor=None, color=None, colorSpace='rgb', depth=-6, fillColor=None, flip=False, font='Open Sans', granularity=0.0, labelHeight=0.02, labelWrapWidth=None, labels=None, name='slider_3', opacity=None, pos=(0.4, 0.2), readOnly=False, self=UNKNOWN, size=(0.4, 0.03), startValue=None, style=method-wrapper(...), styleTweaks=method-wrapper(...), ticks=array([1, 2, 3, 4, 5, 6, 7, 8, 9]), units='height', win=Window(...))
8.5958 	EXP 	Created text = TextStim(__class__=<class 'psychopy.visual.text.TextStim'>, alignHoriz=method-wrapper(...), alignText='center', alignVert=method-wrapper(...), anchorHoriz='center', anchorVert='center', antialias=True, autoLog=True, bold=False, color=array([1., 1., 1.]), colorSpace='rgb', contrast=1.0, depth=-7.0, flipHoriz=False, flipVert=False, font='Open Sans', fontFiles=[], height=0.02, italic=False, languageStyle='LTR', name='text', opacity=1, ori=0.0, pos=array([-0.15,  0.05]), rgb=UNKNOWN, text=str(...), units='height', win=Window(...), wrapWidth=1)
8.6025 	EXP 	window1: mouseVisible = True
8.6095 	EXP 	Created slider_5 = Slider(__class__=<class 'psychopy.visual.slider.Slider'>, autoDraw=False, autoLog=True, borderColor=None, color=None, colorSpace='rgb', depth=-8, fillColor=None, flip=False, font='Open Sans', granularity=0.0, labelHeight=0.02, labelWrapWidth=None, labels=None, name='slider_5', opacity=None, pos=(-0.15, 0.0), readOnly=False, self=UNKNOWN, size=(0.4, 0.03), startValue=None, style=method-wrapper(...), styleTweaks=method-wrapper(...), ticks=array([1, 2, 3, 4, 5, 6, 7, 8, 9]), units='height', win=Window(...))
8.6192 	EXP 	Created text_4 = TextStim(__class__=<class 'psychopy.visual.text.TextStim'>, alignHoriz=method-wrapper(...), alignText='center', alignVert=method-wrapper(...), anchorHoriz='center', anchorVert='center', antialias=True, autoLog=True, bold=False, color=array([1., 1., 1.]), colorSpace='rgb', contrast=1.0, depth=-9.0, flipHoriz=False, flipVert=False, font='Open Sans', fontFiles=[], height=0.02, italic=False, languageStyle='LTR', name='text_4', opacity=1, ori=0.0, pos=array([0.4 , 0.05]), rgb=UNKNOWN, text=str(...), units='height', win=Window(...), wrapWidth=1)
8.6272 	EXP 	window1: mouseVisible = True
8.6345 	EXP 	Created slider_6 = Slider(__class__=<class 'psychopy.visual.slider.Slider'>, autoDraw=False, autoLog=True, borderColor=None, color=None, colorSpace='rgb', depth=-10, fillColor=None, flip=False, font='Open Sans', granularity=0.0, labelHeight=0.02, labelWrapWidth=None, labels=None, name='slider_6', opacity=None, pos=(0.4, 0.0), readOnly=False, self=UNKNOWN, size=(0.4, 0.03), startValue=None, style=method-wrapper(...), styleTweaks=method-wrapper(...), ticks=array([1, 2, 3, 4, 5, 6, 7, 8, 9]), units='height', win=Window(...))
8.6445 	EXP 	Created text_14 = TextStim(__class__=<class 'psychopy.visual.text.TextStim'>, alignHoriz=method-wrapper(...), alignText='center', alignVert=method-wrapper(...), anchorHoriz='center', anchorVert='center', antialias=True, autoLog=True, bold=False, color=array([1., 1., 1.]), colorSpace='rgb', contrast=1.0, depth=-12.0, flipHoriz=False, flipVert=False, font='Open Sans', fontFiles=[], height=0.03, italic=False, languageStyle='LTR', name='text_14', opacity=1, ori=0.0, pos=array([ 0.  , -0.45]), rgb=UNKNOWN, text='Press SPACE after rating to continue\n', units='height', win=Window(...), wrapWidth=1)
8.6856 	EXP 	slider_2: autoLog = True
8.6856 	EXP 	slider_2: markerPos = None
8.6856 	EXP 	slider_2: rating = None
8.6856 	EXP 	slider_2: markerPos = None
8.6856 	EXP 	slider_2: contrast = 1.0
8.6856 	EXP 	slider_2: autoLog = True
8.6856 	EXP 	slider_2: styleTweaks = []
8.6856 	EXP 	slider_2: style = 'rating'
8.6856 	EXP 	slider_2: styleTweaks = []
8.6856 	EXP 	slider_3: autoLog = True
8.6856 	EXP 	slider_3: markerPos = None
8.6856 	EXP 	slider_3: rating = None
8.6856 	EXP 	slider_3: markerPos = None
8.6856 	EXP 	slider_3: contrast = 1.0
8.6856 	EXP 	slider_3: autoLog = True
8.6856 	EXP 	slider_3: styleTweaks = []
8.6856 	EXP 	slider_3: style = 'rating'
8.6856 	EXP 	slider_3: styleTweaks = []
8.6856 	EXP 	slider_5: autoLog = True
8.6856 	EXP 	slider_5: markerPos = None
8.6856 	EXP 	slider_5: rating = None
8.6856 	EXP 	slider_5: markerPos = None
8.6856 	EXP 	slider_5: contrast = 1.0
8.6856 	EXP 	slider_5: autoLog = True
8.6856 	EXP 	slider_5: styleTweaks = []
8.6856 	EXP 	slider_5: style = 'rating'
8.6856 	EXP 	slider_5: styleTweaks = []
8.6856 	EXP 	slider_6: autoLog = True
8.6856 	EXP 	slider_6: markerPos = None
8.6856 	EXP 	slider_6: rating = None
8.6856 	EXP 	slider_6: markerPos = None
8.6856 	EXP 	slider_6: contrast = 1.0
8.6856 	EXP 	slider_6: autoLog = True
8.6856 	EXP 	slider_6: styleTweaks = []
8.6856 	EXP 	slider_6: style = 'rating'
8.6856 	EXP 	slider_6: styleTweaks = []
8.6856 	EXP 	text_1: autoDraw = True
9.6782 	DATA 	Keypress: space
9.6818 	EXP 	text_1: autoDraw = False
9.6818 	EXP 	text_6: autoDraw = True
9.6818 	EXP 	example_pic1: autoDraw = True
9.6818 	EXP 	example_pic2: autoDraw = True
9.6818 	EXP 	text_7: autoDraw = True
9.6818 	EXP 	text_8: autoDraw = True
9.8054 	DATA 	Keypress: space
9.8110 	EXP 	text_6: autoDraw = False
9.8110 	EXP 	example_pic1: autoDraw = False
9.8110 	EXP 	example_pic2: autoDraw = False
9.8110 	EXP 	text_7: autoDraw = False
9.8110 	EXP 	text_8: autoDraw = False
9.8110 	EXP 	text_9: autoDraw = True
9.8110 	EXP 	text_13: autoDraw = True
9.9705 	DATA 	Keypress: space
9.9944 	EXP 	text_9: autoDraw = False
9.9944 	EXP 	text_13: autoDraw = False
9.9944 	EXP 	text_10: autoDraw = True
10.1890 	EXP 	Imported stimuli.csv as conditions, 213 conditions, 1 params
10.1904 	EXP 	Created sequence: random, trialTypes=213, nReps=2, seed=1
10.1908 	EXP 	New trial (rep=0, index=0): OrderedDict([('stimuli', '../stimuli/matched_images/SHINE_color_cielab_erotic_females6.jpg')])
10.2037 	DATA 	Keypress: space
10.2074 	EXP 	text_10: autoDraw = False
10.2074 	EXP 	image: image = '../stimuli/matched_images/SHINE_color_cielab_erotic_females6.jpg'
10.2074 	EXP 	image: autoDraw = True
12.2520 	EXP 	image: autoDraw = False
12.2520 	EXP 	image_4: image = '../stimuli/matched_images/SHINE_color_cielab_erotic_females6.jpg'
12.2520 	EXP 	slider_2: markerPos = None
12.2520 	EXP 	slider_2: markerPos = None
12.2520 	EXP 	slider_2: rating = None
12.2520 	EXP 	slider_3: markerPos = None
12.2520 	EXP 	slider_3: markerPos = None
12.2520 	EXP 	slider_3: rating = None
12.2520 	EXP 	slider_5: markerPos = None
12.2520 	EXP 	slider_5: markerPos = None
12.2520 	EXP 	slider_5: rating = None
12.2520 	EXP 	slider_6: markerPos = None
12.2520 	EXP 	slider_6: markerPos = None
12.2520 	EXP 	slider_6: rating = None
12.2520 	EXP 	image_4: autoDraw = True
12.2520 	EXP 	text_5: autoDraw = True
12.2520 	EXP 	image_2: autoDraw = True
12.2520 	EXP 	slider_2: autoDraw = True
12.2520 	EXP 	text_11: autoDraw = True
12.2520 	EXP 	image_3: autoDraw = True
12.2520 	EXP 	slider_3: autoDraw = True
12.2520 	EXP 	text: autoDraw = True
12.2520 	EXP 	slider_5: autoDraw = True
12.2520 	EXP 	text_4: autoDraw = True
12.2520 	EXP 	slider_6: autoDraw = True
12.2520 	EXP 	text_14: autoDraw = True
14.0562 	DATA 	Keypress: escape
14.3214 	EXP 	window1: mouseVisible = True
