2.3230 	WARNING 	We strongly recommend you activate the PTB sound engine in PsychoPy prefs as the preferred audio engine. Its timing is vastly superior. Your prefs are currently set to use ['sounddevice', 'PTB', 'pyo', 'pygame'] (in that order).
10.1553 	WARNING 	User requested fullscreen with size [1280  720], but screen is actually [1920, 1080]. Using actual size
11.7069 	EXP 	Created window1 = Window(allowGUI=True, allowStencil=False, autoLog=True, backendConf=UNKNOWN, bitsMode=UNKNOWN, blendMode='avg', bpc=(8, 8, 8), color=array([0, 0, 0]), colorSpace='rgb', depthBits=8, fullscr=<method-wrapper '__getattribute__' of attributeSetter object at 0x00000161891B6A90>, gamma=None, gammaErrorPolicy='raise', lms=UNKNOWN, monitor=<psychopy.monitors.calibTools.Monitor object at 0x000001618919A0B8>, multiSample=False, name='window1', numSamples=2, pos=[0.0, 0.0], screen=0, size=array([1920, 1080]), stencilBits=0, stereo=False, units='height', useFBO=True, useRetina=False, viewOri=0.0, viewPos=None, viewScale=None, waitBlanking=True, winType='pyglet')
11.7072 	EXP 	window1: mouseVisible = True
11.7073 	EXP 	window1: recordFrameIntervals = False
11.8724 	EXP 	window1: recordFrameIntervals = True
12.0552 	EXP 	window1: recordFrameIntervals = False
12.4980 	EXP 	Created text_1 = TextStim(__class__=<class 'psychopy.visual.text.TextStim'>, alignHoriz=method-wrapper(...), alignText='center', alignVert=method-wrapper(...), anchorHoriz='center', anchorVert='center', antialias=True, autoLog=True, bold=False, color=array([1., 1., 1.]), colorSpace='rgb', contrast=1.0, depth=0.0, flipHoriz=False, flipVert=False, font='Open Sans', fontFiles=[], height=0.05, italic=False, languageStyle='LTR', name='text_1', opacity=1, ori=0.0, pos=array([0., 0.]), rgb=UNKNOWN, text=str(...), units='height', win=Window(...), wrapWidth=1)
12.5125 	EXP 	Created text_6 = TextStim(__class__=<class 'psychopy.visual.text.TextStim'>, alignHoriz=method-wrapper(...), alignText='center', alignVert=method-wrapper(...), anchorHoriz='center', anchorVert='center', antialias=True, autoLog=True, bold=False, color=array([1., 1., 1.]), colorSpace='rgb', contrast=1.0, depth=0.0, flipHoriz=False, flipVert=False, font='Open Sans', fontFiles=[], height=0.03, italic=False, languageStyle='LTR', name='text_6', opacity=1, ori=0.0, pos=array([0. , 0.3]), rgb=UNKNOWN, text=str(...), units='height', win=Window(...), wrapWidth=1)
12.5540 	EXP 	Created example_pic1 = ImageStim(__class__=<class 'psychopy.visual.image.ImageStim'>, autoLog=True, color=array([1., 1., 1.]), colorSpace='rgb', contrast=1.0, depth=-1.0, flipHoriz=False, flipVert=False, image=str(...), interpolate=True, mask=None, maskParams=None, name='example_pic1', opacity=1, ori=0.0, pos=array([0.3, 0.1]), size=array([0.3, 0.3]), texRes=128.0, units='height', win=Window(...))
12.5842 	EXP 	Created example_pic2 = ImageStim(__class__=<class 'psychopy.visual.image.ImageStim'>, autoLog=True, color=array([1., 1., 1.]), colorSpace='rgb', contrast=1.0, depth=-2.0, flipHoriz=False, flipVert=False, image=str(...), interpolate=True, mask=None, maskParams=None, name='example_pic2', opacity=1, ori=0.0, pos=array([-0.3,  0.1]), size=array([0.3, 0.3]), texRes=128.0, units='height', win=Window(...))
12.5919 	EXP 	Created text_7 = TextStim(__class__=<class 'psychopy.visual.text.TextStim'>, alignHoriz=method-wrapper(...), alignText='center', alignVert=method-wrapper(...), anchorHoriz='center', anchorVert='center', antialias=True, autoLog=True, bold=False, color=array([1., 1., 1.]), colorSpace='rgb', contrast=1.0, depth=-3.0, flipHoriz=False, flipVert=False, font='Open Sans', fontFiles=[], height=0.03, italic=False, languageStyle='LTR', name='text_7', opacity=1, ori=0.0, pos=array([ 0. , -0.2]), rgb=UNKNOWN, text=str(...), units='height', win=Window(...), wrapWidth=1)
12.5965 	EXP 	Created text_8 = TextStim(__class__=<class 'psychopy.visual.text.TextStim'>, alignHoriz=method-wrapper(...), alignText='center', alignVert=method-wrapper(...), anchorHoriz='center', anchorVert='center', antialias=True, autoLog=True, bold=False, color=array([1., 1., 1.]), colorSpace='rgb', contrast=1.0, depth=-4.0, flipHoriz=False, flipVert=False, font='Open Sans', fontFiles=[], height=0.05, italic=False, languageStyle='LTR', name='text_8', opacity=1, ori=0.0, pos=array([ 0. , -0.4]), rgb=UNKNOWN, text='Press SPACE to continue\n', units='height', win=Window(...), wrapWidth=1)
12.6042 	EXP 	Created text_9 = TextStim(__class__=<class 'psychopy.visual.text.TextStim'>, alignHoriz=method-wrapper(...), alignText='center', alignVert=method-wrapper(...), anchorHoriz='center', anchorVert='center', antialias=True, autoLog=True, bold=False, color=array([1., 1., 1.]), colorSpace='rgb', contrast=1.0, depth=0.0, flipHoriz=False, flipVert=False, font='Open Sans', fontFiles=[], height=0.03, italic=False, languageStyle='LTR', name='text_9', opacity=1, ori=0.0, pos=array([0. , 0.4]), rgb=UNKNOWN, text=str(...), units='height', win=Window(...), wrapWidth=1)
12.6098 	EXP 	Created text_13 = TextStim(__class__=<class 'psychopy.visual.text.TextStim'>, alignHoriz=method-wrapper(...), alignText='center', alignVert=method-wrapper(...), anchorHoriz='center', anchorVert='center', antialias=True, autoLog=True, bold=False, color=array([1., 1., 1.]), colorSpace='rgb', contrast=1.0, depth=-1.0, flipHoriz=False, flipVert=False, font='Open Sans', fontFiles=[], height=0.03, italic=False, languageStyle='LTR', name='text_13', opacity=1, ori=0.0, pos=array([ 0.  , -0.45]), rgb=UNKNOWN, text='Press SPACE to continue', units='height', win=Window(...), wrapWidth=1)
12.6160 	EXP 	Created text_10 = TextStim(__class__=<class 'psychopy.visual.text.TextStim'>, alignHoriz=method-wrapper(...), alignText='center', alignVert=method-wrapper(...), anchorHoriz='center', anchorVert='center', antialias=True, autoLog=True, bold=False, color=array([1., 1., 1.]), colorSpace='rgb', contrast=1.0, depth=0.0, flipHoriz=False, flipVert=False, font='Open Sans', fontFiles=[], height=0.03, italic=False, languageStyle='LTR', name='text_10', opacity=1, ori=0.0, pos=array([0., 0.]), rgb=UNKNOWN, text=str(...), units='height', win=Window(...), wrapWidth=1)
12.6202 	EXP 	Created image = ImageStim(__class__=<class 'psychopy.visual.image.ImageStim'>, autoLog=True, color=array([1., 1., 1.]), colorSpace='rgb', contrast=1.0, depth=0.0, flipHoriz=False, flipVert=False, image='sin', interpolate=True, mask=None, maskParams=None, name='image', opacity=1, ori=0.0, pos=array([0., 0.]), size=array([0.6, 0.6]), texRes=128.0, units='height', win=Window(...))
12.6389 	EXP 	Created text_5 = TextStim(__class__=<class 'psychopy.visual.text.TextStim'>, alignHoriz=method-wrapper(...), alignText='center', alignVert=method-wrapper(...), anchorHoriz='center', anchorVert='center', antialias=True, autoLog=True, bold=False, color=array([1., 1., 1.]), colorSpace='rgb', contrast=1.0, depth=0.0, flipHoriz=False, flipVert=False, font='Open Sans', fontFiles=[], height=0.02, italic=False, languageStyle='LTR', name='text_5', opacity=1, ori=0.0, pos=array([-0.15,  0.4 ]), rgb=UNKNOWN, text=str(...), units='height', win=Window(...), wrapWidth=1)
12.6795 	EXP 	Created image_2 = ImageStim(__class__=<class 'psychopy.visual.image.ImageStim'>, autoLog=True, color=array([1., 1., 1.]), colorSpace='rgb', contrast=1.0, depth=-1.0, flipHoriz=False, flipVert=False, image='arousal_rating.png', interpolate=True, mask=None, maskParams=None, name='image_2', opacity=1, ori=0.0, pos=array([-0.15,  0.3 ]), size=array([0.5, 0.1]), texRes=128.0, units='height', win=Window(...))
12.6890 	EXP 	window1: mouseVisible = True
12.6978 	EXP 	Created slider_2 = Slider(__class__=<class 'psychopy.visual.slider.Slider'>, autoDraw=False, autoLog=True, borderColor=None, color=None, colorSpace='rgb', depth=-2, fillColor=None, flip=False, font='Open Sans', granularity=0.0, labelHeight=0.02, labelWrapWidth=None, labels=None, name='slider_2', opacity=None, pos=(-0.15, 0.2), readOnly=False, self=UNKNOWN, size=(0.4, 0.03), startValue=None, style=method-wrapper(...), styleTweaks=method-wrapper(...), ticks=array([1, 2, 3, 4, 5, 6, 7, 8, 9]), units='height', win=Window(...))
12.7085 	EXP 	Created text_11 = TextStim(__class__=<class 'psychopy.visual.text.TextStim'>, alignHoriz=method-wrapper(...), alignText='center', alignVert=method-wrapper(...), anchorHoriz='center', anchorVert='center', antialias=True, autoLog=True, bold=False, color=array([1., 1., 1.]), colorSpace='rgb', contrast=1.0, depth=-3.0, flipHoriz=False, flipVert=False, font='Open Sans', fontFiles=[], height=0.02, italic=False, languageStyle='LTR', name='text_11', opacity=1, ori=0.0, pos=array([0.4, 0.4]), rgb=UNKNOWN, text=str(...), units='height', win=Window(...), wrapWidth=1)
12.7446 	EXP 	Created image_3 = ImageStim(__class__=<class 'psychopy.visual.image.ImageStim'>, autoLog=True, color=array([1., 1., 1.]), colorSpace='rgb', contrast=1.0, depth=-4.0, flipHoriz=False, flipVert=False, image='valence_rating.png', interpolate=True, mask=None, maskParams=None, name='image_3', opacity=1, ori=0.0, pos=array([0.4, 0.3]), size=array([0.5, 0.1]), texRes=128.0, units='height', win=Window(...))
12.7518 	EXP 	window1: mouseVisible = True
12.7591 	EXP 	Created slider_3 = Slider(__class__=<class 'psychopy.visual.slider.Slider'>, autoDraw=False, autoLog=True, borderColor=None, color=None, colorSpace='rgb', depth=-5, fillColor=None, flip=False, font='Open Sans', granularity=0.0, labelHeight=0.02, labelWrapWidth=None, labels=None, name='slider_3', opacity=None, pos=(0.4, 0.2), readOnly=False, self=UNKNOWN, size=(0.4, 0.03), startValue=None, style=method-wrapper(...), styleTweaks=method-wrapper(...), ticks=array([1, 2, 3, 4, 5, 6, 7, 8, 9]), units='height', win=Window(...))
12.7699 	EXP 	Created text = TextStim(__class__=<class 'psychopy.visual.text.TextStim'>, alignHoriz=method-wrapper(...), alignText='center', alignVert=method-wrapper(...), anchorHoriz='center', anchorVert='center', antialias=True, autoLog=True, bold=False, color=array([1., 1., 1.]), colorSpace='rgb', contrast=1.0, depth=-6.0, flipHoriz=False, flipVert=False, font='Open Sans', fontFiles=[], height=0.02, italic=False, languageStyle='LTR', name='text', opacity=1, ori=0.0, pos=array([-0.15,  0.05]), rgb=UNKNOWN, text=str(...), units='height', win=Window(...), wrapWidth=1)
12.7763 	EXP 	window1: mouseVisible = True
12.7835 	EXP 	Created slider_5 = Slider(__class__=<class 'psychopy.visual.slider.Slider'>, autoDraw=False, autoLog=True, borderColor=None, color=None, colorSpace='rgb', depth=-7, fillColor=None, flip=False, font='Open Sans', granularity=0.0, labelHeight=0.02, labelWrapWidth=None, labels=None, name='slider_5', opacity=None, pos=(-0.15, 0.0), readOnly=False, self=UNKNOWN, size=(0.4, 0.03), startValue=None, style=method-wrapper(...), styleTweaks=method-wrapper(...), ticks=array([1, 2, 3, 4, 5, 6, 7, 8, 9]), units='height', win=Window(...))
12.7926 	EXP 	Created text_4 = TextStim(__class__=<class 'psychopy.visual.text.TextStim'>, alignHoriz=method-wrapper(...), alignText='center', alignVert=method-wrapper(...), anchorHoriz='center', anchorVert='center', antialias=True, autoLog=True, bold=False, color=array([1., 1., 1.]), colorSpace='rgb', contrast=1.0, depth=-8.0, flipHoriz=False, flipVert=False, font='Open Sans', fontFiles=[], height=0.02, italic=False, languageStyle='LTR', name='text_4', opacity=1, ori=0.0, pos=array([0.4 , 0.05]), rgb=UNKNOWN, text=str(...), units='height', win=Window(...), wrapWidth=1)
12.7986 	EXP 	window1: mouseVisible = True
12.8057 	EXP 	Created slider_6 = Slider(__class__=<class 'psychopy.visual.slider.Slider'>, autoDraw=False, autoLog=True, borderColor=None, color=None, colorSpace='rgb', depth=-9, fillColor=None, flip=False, font='Open Sans', granularity=0.0, labelHeight=0.02, labelWrapWidth=None, labels=None, name='slider_6', opacity=None, pos=(0.4, 0.0), readOnly=False, self=UNKNOWN, size=(0.4, 0.03), startValue=None, style=method-wrapper(...), styleTweaks=method-wrapper(...), ticks=array([1, 2, 3, 4, 5, 6, 7, 8, 9]), units='height', win=Window(...))
12.8190 	EXP 	Created text_14 = TextStim(__class__=<class 'psychopy.visual.text.TextStim'>, alignHoriz=method-wrapper(...), alignText='center', alignVert=method-wrapper(...), anchorHoriz='center', anchorVert='center', antialias=True, autoLog=True, bold=False, color=array([1., 1., 1.]), colorSpace='rgb', contrast=1.0, depth=-11.0, flipHoriz=False, flipVert=False, font='Open Sans', fontFiles=[], height=0.03, italic=False, languageStyle='LTR', name='text_14', opacity=1, ori=0.0, pos=array([ 0.  , -0.45]), rgb=UNKNOWN, text='Press SPACE after rating to continue\n', units='height', win=Window(...), wrapWidth=1)
12.8622 	EXP 	slider_2: autoLog = True
12.8622 	EXP 	slider_2: markerPos = None
12.8622 	EXP 	slider_2: rating = None
12.8622 	EXP 	slider_2: markerPos = None
12.8622 	EXP 	slider_2: contrast = 1.0
12.8622 	EXP 	slider_2: autoLog = True
12.8622 	EXP 	slider_2: styleTweaks = []
12.8622 	EXP 	slider_2: style = 'rating'
12.8622 	EXP 	slider_2: styleTweaks = []
12.8622 	EXP 	slider_3: autoLog = True
12.8622 	EXP 	slider_3: markerPos = None
12.8622 	EXP 	slider_3: rating = None
12.8622 	EXP 	slider_3: markerPos = None
12.8622 	EXP 	slider_3: contrast = 1.0
12.8622 	EXP 	slider_3: autoLog = True
12.8622 	EXP 	slider_3: styleTweaks = []
12.8622 	EXP 	slider_3: style = 'rating'
12.8622 	EXP 	slider_3: styleTweaks = []
12.8622 	EXP 	slider_5: autoLog = True
12.8622 	EXP 	slider_5: markerPos = None
12.8622 	EXP 	slider_5: rating = None
12.8622 	EXP 	slider_5: markerPos = None
12.8622 	EXP 	slider_5: contrast = 1.0
12.8622 	EXP 	slider_5: autoLog = True
12.8622 	EXP 	slider_5: styleTweaks = []
12.8622 	EXP 	slider_5: style = 'rating'
12.8622 	EXP 	slider_5: styleTweaks = []
12.8622 	EXP 	slider_6: autoLog = True
12.8622 	EXP 	slider_6: markerPos = None
12.8622 	EXP 	slider_6: rating = None
12.8622 	EXP 	slider_6: markerPos = None
12.8622 	EXP 	slider_6: contrast = 1.0
12.8622 	EXP 	slider_6: autoLog = True
12.8622 	EXP 	slider_6: styleTweaks = []
12.8622 	EXP 	slider_6: style = 'rating'
12.8622 	EXP 	slider_6: styleTweaks = []
12.8622 	EXP 	text_1: autoDraw = True
13.5748 	DATA 	Keypress: space
13.5786 	EXP 	text_1: autoDraw = False
13.5786 	EXP 	text_6: autoDraw = True
13.5786 	EXP 	example_pic1: autoDraw = True
13.5786 	EXP 	example_pic2: autoDraw = True
13.5786 	EXP 	text_7: autoDraw = True
13.5786 	EXP 	text_8: autoDraw = True
13.7144 	DATA 	Keypress: space
13.7205 	EXP 	text_6: autoDraw = False
13.7205 	EXP 	example_pic1: autoDraw = False
13.7205 	EXP 	example_pic2: autoDraw = False
13.7205 	EXP 	text_7: autoDraw = False
13.7205 	EXP 	text_8: autoDraw = False
13.7205 	EXP 	text_9: autoDraw = True
13.7205 	EXP 	text_13: autoDraw = True
13.8969 	DATA 	Keypress: space
13.9203 	EXP 	text_9: autoDraw = False
13.9203 	EXP 	text_13: autoDraw = False
13.9203 	EXP 	text_10: autoDraw = True
14.0991 	EXP 	Imported stimuli.csv as conditions, 213 conditions, 1 params
14.1007 	EXP 	Created sequence: random, trialTypes=213, nReps=2, seed=1
14.1011 	EXP 	New trial (rep=0, index=0): OrderedDict([('stimuli', '../stimuli/matched_images/SHINE_color_cielab_erotic_females6.jpg')])
14.1123 	DATA 	Keypress: space
14.1163 	EXP 	text_10: autoDraw = False
14.1163 	EXP 	image: image = '../stimuli/matched_images/SHINE_color_cielab_erotic_females6.jpg'
14.1163 	EXP 	image: autoDraw = True
16.1753 	EXP 	image: autoDraw = False
16.1753 	EXP 	slider_2: markerPos = None
16.1753 	EXP 	slider_2: markerPos = None
16.1753 	EXP 	slider_2: rating = None
16.1753 	EXP 	slider_3: markerPos = None
16.1753 	EXP 	slider_3: markerPos = None
16.1753 	EXP 	slider_3: rating = None
16.1753 	EXP 	slider_5: markerPos = None
16.1753 	EXP 	slider_5: markerPos = None
16.1753 	EXP 	slider_5: rating = None
16.1753 	EXP 	slider_6: markerPos = None
16.1753 	EXP 	slider_6: markerPos = None
16.1753 	EXP 	slider_6: rating = None
16.1753 	EXP 	text_5: autoDraw = True
16.1753 	EXP 	image_2: autoDraw = True
16.1753 	EXP 	slider_2: autoDraw = True
16.1753 	EXP 	text_11: autoDraw = True
16.1753 	EXP 	image_3: autoDraw = True
16.1753 	EXP 	slider_3: autoDraw = True
16.1753 	EXP 	text: autoDraw = True
16.1753 	EXP 	slider_5: autoDraw = True
16.1753 	EXP 	text_4: autoDraw = True
16.1753 	EXP 	slider_6: autoDraw = True
16.1753 	EXP 	text_14: autoDraw = True
59.9259 	DATA 	Keypress: escape
60.2178 	EXP 	window1: mouseVisible = True
