2.3645 	WARNING 	We strongly recommend you activate the PTB sound engine in PsychoPy prefs as the preferred audio engine. Its timing is vastly superior. Your prefs are currently set to use ['sounddevice', 'PTB', 'pyo', 'pygame'] (in that order).
7.7483 	WARNING 	User requested fullscreen with size [1280  720], but screen is actually [1920, 1080]. Using actual size
9.3884 	EXP 	Created window1 = Window(allowGUI=True, allowStencil=False, autoLog=True, backendConf=UNKNOWN, bitsMode=UNKNOWN, blendMode='avg', bpc=(8, 8, 8), color=array([0, 0, 0]), colorSpace='rgb', depthBits=8, fullscr=<method-wrapper '__getattribute__' of attributeSetter object at 0x000001A266366BE0>, gamma=None, gammaErrorPolicy='raise', lms=UNKNOWN, monitor=<psychopy.monitors.calibTools.Monitor object at 0x000001A266349208>, multiSample=False, name='window1', numSamples=2, pos=[0.0, 0.0], screen=0, size=array([1920, 1080]), stencilBits=0, stereo=False, units='height', useFBO=True, useRetina=False, viewOri=0.0, viewPos=None, viewScale=None, waitBlanking=True, winType='pyglet')
9.3886 	EXP 	window1: mouseVisible = True
9.3887 	EXP 	window1: recordFrameIntervals = False
9.5536 	EXP 	window1: recordFrameIntervals = True
9.7373 	EXP 	window1: recordFrameIntervals = False
10.2091 	EXP 	Created text_1 = TextStim(__class__=<class 'psychopy.visual.text.TextStim'>, alignHoriz=method-wrapper(...), alignText='center', alignVert=method-wrapper(...), anchorHoriz='center', anchorVert='center', antialias=True, autoLog=True, bold=False, color=array([1., 1., 1.]), colorSpace='rgb', contrast=1.0, depth=0.0, flipHoriz=False, flipVert=False, font='Open Sans', fontFiles=[], height=0.05, italic=False, languageStyle='LTR', name='text_1', opacity=1, ori=0.0, pos=array([0., 0.]), rgb=UNKNOWN, text=str(...), units='height', win=Window(...), wrapWidth=1)
10.2214 	EXP 	Created text_6 = TextStim(__class__=<class 'psychopy.visual.text.TextStim'>, alignHoriz=method-wrapper(...), alignText='center', alignVert=method-wrapper(...), anchorHoriz='center', anchorVert='center', antialias=True, autoLog=True, bold=False, color=array([1., 1., 1.]), colorSpace='rgb', contrast=1.0, depth=0.0, flipHoriz=False, flipVert=False, font='Open Sans', fontFiles=[], height=0.03, italic=False, languageStyle='LTR', name='text_6', opacity=1, ori=0.0, pos=array([0. , 0.3]), rgb=UNKNOWN, text=str(...), units='height', win=Window(...), wrapWidth=1)
10.2714 	EXP 	Created example_pic1 = ImageStim(__class__=<class 'psychopy.visual.image.ImageStim'>, autoLog=True, color=array([1., 1., 1.]), colorSpace='rgb', contrast=1.0, depth=-1.0, flipHoriz=False, flipVert=False, image=str(...), interpolate=True, mask=None, maskParams=None, name='example_pic1', opacity=1, ori=0.0, pos=array([0.3, 0.1]), size=array([0.3, 0.3]), texRes=128.0, units='height', win=Window(...))
10.2931 	EXP 	Created example_pic2 = ImageStim(__class__=<class 'psychopy.visual.image.ImageStim'>, autoLog=True, color=array([1., 1., 1.]), colorSpace='rgb', contrast=1.0, depth=-2.0, flipHoriz=False, flipVert=False, image=str(...), interpolate=True, mask=None, maskParams=None, name='example_pic2', opacity=1, ori=0.0, pos=array([-0.3,  0.1]), size=array([0.3, 0.3]), texRes=128.0, units='height', win=Window(...))
10.3016 	EXP 	Created text_7 = TextStim(__class__=<class 'psychopy.visual.text.TextStim'>, alignHoriz=method-wrapper(...), alignText='center', alignVert=method-wrapper(...), anchorHoriz='center', anchorVert='center', antialias=True, autoLog=True, bold=False, color=array([1., 1., 1.]), colorSpace='rgb', contrast=1.0, depth=-3.0, flipHoriz=False, flipVert=False, font='Open Sans', fontFiles=[], height=0.03, italic=False, languageStyle='LTR', name='text_7', opacity=1, ori=0.0, pos=array([ 0. , -0.2]), rgb=UNKNOWN, text=str(...), units='height', win=Window(...), wrapWidth=1)
10.3069 	EXP 	Created text_8 = TextStim(__class__=<class 'psychopy.visual.text.TextStim'>, alignHoriz=method-wrapper(...), alignText='center', alignVert=method-wrapper(...), anchorHoriz='center', anchorVert='center', antialias=True, autoLog=True, bold=False, color=array([1., 1., 1.]), colorSpace='rgb', contrast=1.0, depth=-4.0, flipHoriz=False, flipVert=False, font='Open Sans', fontFiles=[], height=0.05, italic=False, languageStyle='LTR', name='text_8', opacity=1, ori=0.0, pos=array([ 0. , -0.4]), rgb=UNKNOWN, text='Press SPACE to continue\n', units='height', win=Window(...), wrapWidth=1)
10.3160 	EXP 	Created text_9 = TextStim(__class__=<class 'psychopy.visual.text.TextStim'>, alignHoriz=method-wrapper(...), alignText='center', alignVert=method-wrapper(...), anchorHoriz='center', anchorVert='center', antialias=True, autoLog=True, bold=False, color=array([1., 1., 1.]), colorSpace='rgb', contrast=1.0, depth=0.0, flipHoriz=False, flipVert=False, font='Open Sans', fontFiles=[], height=0.03, italic=False, languageStyle='LTR', name='text_9', opacity=1, ori=0.0, pos=array([0. , 0.4]), rgb=UNKNOWN, text=str(...), units='height', win=Window(...), wrapWidth=1)
10.3235 	EXP 	Created text_13 = TextStim(__class__=<class 'psychopy.visual.text.TextStim'>, alignHoriz=method-wrapper(...), alignText='center', alignVert=method-wrapper(...), anchorHoriz='center', anchorVert='center', antialias=True, autoLog=True, bold=False, color=array([1., 1., 1.]), colorSpace='rgb', contrast=1.0, depth=-1.0, flipHoriz=False, flipVert=False, font='Open Sans', fontFiles=[], height=0.03, italic=False, languageStyle='LTR', name='text_13', opacity=1, ori=0.0, pos=array([ 0.  , -0.45]), rgb=UNKNOWN, text='Press SPACE to continue', units='height', win=Window(...), wrapWidth=1)
10.3315 	EXP 	Created text_10 = TextStim(__class__=<class 'psychopy.visual.text.TextStim'>, alignHoriz=method-wrapper(...), alignText='center', alignVert=method-wrapper(...), anchorHoriz='center', anchorVert='center', antialias=True, autoLog=True, bold=False, color=array([1., 1., 1.]), colorSpace='rgb', contrast=1.0, depth=0.0, flipHoriz=False, flipVert=False, font='Open Sans', fontFiles=[], height=0.03, italic=False, languageStyle='LTR', name='text_10', opacity=1, ori=0.0, pos=array([0., 0.]), rgb=UNKNOWN, text=str(...), units='height', win=Window(...), wrapWidth=1)
10.3400 	EXP 	Created image = ImageStim(__class__=<class 'psychopy.visual.image.ImageStim'>, autoLog=True, color=array([1., 1., 1.]), colorSpace='rgb', contrast=1.0, depth=0.0, flipHoriz=False, flipVert=False, image='sin', interpolate=True, mask=None, maskParams=None, name='image', opacity=1, ori=0.0, pos=array([0., 0.]), size=array([0.4, 0.4]), texRes=128.0, units='height', win=Window(...))
10.3534 	EXP 	window1: mouseVisible = True
10.3778 	EXP 	Created slider_1 = Slider(__class__=<class 'psychopy.visual.slider.Slider'>, autoDraw=False, autoLog=True, borderColor=None, color=None, colorSpace='rgb', depth=0, fillColor=None, flip=False, font='Open Sans', granularity=0.0, labelHeight=0.03, labelWrapWidth=None, labels=('not at all', ' ', ' ', ' ', 'very much'), name='slider_1', opacity=None, pos=(0, 0.35), readOnly=False, self=UNKNOWN, size=(0.8, 0.03), startValue=None, style=method-wrapper(...), styleTweaks=method-wrapper(...), ticks=array([1, 2, 3, 4, 5]), units='height', win=Window(...))
10.4254 	EXP 	Created image_2 = ImageStim(__class__=<class 'psychopy.visual.image.ImageStim'>, autoLog=True, color=array([1., 1., 1.]), colorSpace='rgb', contrast=1.0, depth=-1.0, flipHoriz=False, flipVert=False, image='arousal_rating.png', interpolate=True, mask=None, maskParams=None, name='image_2', opacity=1, ori=0.0, pos=array([0.  , 0.14]), size=array([1. , 0.2]), texRes=128.0, units='height', win=Window(...))
10.4325 	EXP 	window1: mouseVisible = True
10.4404 	EXP 	Created slider_2 = Slider(__class__=<class 'psychopy.visual.slider.Slider'>, autoDraw=False, autoLog=True, borderColor=None, color=None, colorSpace='rgb', depth=-2, fillColor=None, flip=False, font='Open Sans', granularity=0.0, labelHeight=0.02, labelWrapWidth=None, labels=None, name='slider_2', opacity=None, pos=(0.0, 0.0), readOnly=False, self=UNKNOWN, size=(0.8, 0.03), startValue=None, style=method-wrapper(...), styleTweaks=method-wrapper(...), ticks=array([1, 2, 3, 4, 5, 6, 7, 8, 9]), units='height', win=Window(...))
10.4808 	EXP 	Created image_3 = ImageStim(__class__=<class 'psychopy.visual.image.ImageStim'>, autoLog=True, color=array([1., 1., 1.]), colorSpace='rgb', contrast=1.0, depth=-3.0, flipHoriz=False, flipVert=False, image='valence_rating.png', interpolate=True, mask=None, maskParams=None, name='image_3', opacity=1, ori=0.0, pos=array([ 0. , -0.2]), size=array([1. , 0.2]), texRes=128.0, units='height', win=Window(...))
10.4874 	EXP 	window1: mouseVisible = True
10.4952 	EXP 	Created slider_3 = Slider(__class__=<class 'psychopy.visual.slider.Slider'>, autoDraw=False, autoLog=True, borderColor=None, color=None, colorSpace='rgb', depth=-4, fillColor=None, flip=False, font='Open Sans', granularity=0.0, labelHeight=0.02, labelWrapWidth=None, labels=None, name='slider_3', opacity=None, pos=(0.0, -0.35), readOnly=False, self=UNKNOWN, size=(0.8, 0.03), startValue=None, style=method-wrapper(...), styleTweaks=method-wrapper(...), ticks=array([1, 2, 3, 4, 5, 6, 7, 8, 9]), units='height', win=Window(...))
10.5189 	EXP 	Created text = TextStim(__class__=<class 'psychopy.visual.text.TextStim'>, alignHoriz=method-wrapper(...), alignText='center', alignVert=method-wrapper(...), anchorHoriz='center', anchorVert='center', antialias=True, autoLog=True, bold=False, color=array([1., 1., 1.]), colorSpace='rgb', contrast=1.0, depth=-5.0, flipHoriz=False, flipVert=False, font='Open Sans', fontFiles=[], height=0.04, italic=False, languageStyle='LTR', name='text', opacity=1, ori=0.0, pos=array([0. , 0.4]), rgb=UNKNOWN, text=str(...), units='height', win=Window(...), wrapWidth=1)
10.5244 	EXP 	Created text_14 = TextStim(__class__=<class 'psychopy.visual.text.TextStim'>, alignHoriz=method-wrapper(...), alignText='center', alignVert=method-wrapper(...), anchorHoriz='center', anchorVert='center', antialias=True, autoLog=True, bold=False, color=array([1., 1., 1.]), colorSpace='rgb', contrast=1.0, depth=-7.0, flipHoriz=False, flipVert=False, font='Open Sans', fontFiles=[], height=0.03, italic=False, languageStyle='LTR', name='text_14', opacity=1, ori=0.0, pos=array([ 0.  , -0.45]), rgb=UNKNOWN, text='Press SPACE after rating to continue\n', units='height', win=Window(...), wrapWidth=1)
10.5314 	EXP 	window1: mouseVisible = True
10.5390 	EXP 	Created slider = Slider(__class__=<class 'psychopy.visual.slider.Slider'>, autoDraw=False, autoLog=True, borderColor=None, color=None, colorSpace='rgb', depth=0, fillColor=None, flip=False, font='Open Sans', granularity=0.0, labelHeight=0.05, labelWrapWidth=None, labels=None, name='slider', opacity=None, pos=(0, 0.35), readOnly=False, self=UNKNOWN, size=(0.8, 0.03), startValue=None, style=method-wrapper(...), styleTweaks=method-wrapper(...), ticks=array([1, 2, 3, 4, 5, 6, 7, 8, 9]), units='height', win=Window(...))
10.5871 	EXP 	Created text_2 = TextStim(__class__=<class 'psychopy.visual.text.TextStim'>, alignHoriz=method-wrapper(...), alignText='center', alignVert=method-wrapper(...), anchorHoriz='center', anchorVert='center', antialias=True, autoLog=True, bold=False, color=array([1., 1., 1.]), colorSpace='rgb', contrast=1.0, depth=-1.0, flipHoriz=False, flipVert=False, font='Open Sans', fontFiles=[], height=0.1, italic=False, languageStyle='LTR', name='text_2', opacity=1, ori=0.0, pos=array([0. , 0.3]), rgb=UNKNOWN, text='How aesthetic do you find this picture?', units='height', win=Window(...), wrapWidth=1)
10.6011 	EXP 	window1: mouseVisible = True
10.6195 	EXP 	Created slider_4 = Slider(__class__=<class 'psychopy.visual.slider.Slider'>, autoDraw=False, autoLog=True, borderColor=None, color=None, colorSpace='rgb', depth=-2, fillColor=None, flip=False, font='Open Sans', granularity=0.0, labelHeight=0.05, labelWrapWidth=None, labels=None, name='slider_4', opacity=None, pos=(0, 0.1), readOnly=False, self=UNKNOWN, size=(1.0, 0.1), startValue=None, style=method-wrapper(...), styleTweaks=method-wrapper(...), ticks=array([1, 2, 3, 4, 5, 6, 7, 8, 9]), units='height', win=Window(...))
10.6550 	EXP 	Created text_3 = TextStim(__class__=<class 'psychopy.visual.text.TextStim'>, alignHoriz=method-wrapper(...), alignText='center', alignVert=method-wrapper(...), anchorHoriz='center', anchorVert='center', antialias=True, autoLog=True, bold=False, color=array([1., 1., 1.]), colorSpace='rgb', contrast=1.0, depth=-3.0, flipHoriz=False, flipVert=False, font='Open Sans', fontFiles=[], height=0.1, italic=False, languageStyle='LTR', name='text_3', opacity=1, ori=0.0, pos=array([0.  , 0.05]), rgb=UNKNOWN, text=str(...), units='height', win=Window(...), wrapWidth=1)
10.7106 	EXP 	slider_1: autoLog = True
10.7106 	EXP 	slider_1: markerPos = None
10.7106 	EXP 	slider_1: rating = None
10.7106 	EXP 	slider_1: markerPos = None
10.7106 	EXP 	slider_1: contrast = 1.0
10.7106 	EXP 	slider_1: autoLog = True
10.7106 	EXP 	slider_1: styleTweaks = []
10.7106 	EXP 	slider_1: style = 'rating'
10.7106 	EXP 	slider_1: styleTweaks = []
10.7106 	EXP 	slider_2: autoLog = True
10.7106 	EXP 	slider_2: markerPos = None
10.7106 	EXP 	slider_2: rating = None
10.7106 	EXP 	slider_2: markerPos = None
10.7106 	EXP 	slider_2: contrast = 1.0
10.7106 	EXP 	slider_2: autoLog = True
10.7106 	EXP 	slider_2: styleTweaks = []
10.7106 	EXP 	slider_2: style = 'rating'
10.7106 	EXP 	slider_2: styleTweaks = []
10.7106 	EXP 	slider_3: autoLog = True
10.7106 	EXP 	slider_3: markerPos = None
10.7106 	EXP 	slider_3: rating = None
10.7106 	EXP 	slider_3: markerPos = None
10.7106 	EXP 	slider_3: contrast = 1.0
10.7106 	EXP 	slider_3: autoLog = True
10.7106 	EXP 	slider_3: styleTweaks = []
10.7106 	EXP 	slider_3: style = 'rating'
10.7106 	EXP 	slider_3: styleTweaks = []
10.7106 	EXP 	slider: autoLog = True
10.7106 	EXP 	slider: markerPos = None
10.7106 	EXP 	slider: rating = None
10.7106 	EXP 	slider: markerPos = None
10.7106 	EXP 	slider: contrast = 1.0
10.7106 	EXP 	slider: autoLog = True
10.7106 	EXP 	slider: styleTweaks = []
10.7106 	EXP 	slider: style = 'rating'
10.7106 	EXP 	slider: styleTweaks = []
10.7106 	EXP 	slider_4: autoLog = True
10.7106 	EXP 	slider_4: markerPos = None
10.7106 	EXP 	slider_4: rating = None
10.7106 	EXP 	slider_4: markerPos = None
10.7106 	EXP 	slider_4: contrast = 1.0
10.7106 	EXP 	slider_4: autoLog = True
10.7106 	EXP 	slider_4: styleTweaks = []
10.7106 	EXP 	slider_4: style = 'rating'
10.7106 	EXP 	slider_4: styleTweaks = []
10.7106 	EXP 	text_1: autoDraw = True
16.4757 	DATA 	Keypress: space
16.4798 	EXP 	text_1: autoDraw = False
16.4798 	EXP 	text_6: autoDraw = True
16.4798 	EXP 	example_pic1: autoDraw = True
16.4798 	EXP 	example_pic2: autoDraw = True
16.4798 	EXP 	text_7: autoDraw = True
16.4798 	EXP 	text_8: autoDraw = True
26.0691 	DATA 	Keypress: space
26.0901 	EXP 	text_6: autoDraw = False
26.0901 	EXP 	example_pic1: autoDraw = False
26.0901 	EXP 	example_pic2: autoDraw = False
26.0901 	EXP 	text_7: autoDraw = False
26.0901 	EXP 	text_8: autoDraw = False
26.0901 	EXP 	text_9: autoDraw = True
26.0901 	EXP 	text_13: autoDraw = True
29.4299 	DATA 	Keypress: space
29.4540 	EXP 	text_9: autoDraw = False
29.4540 	EXP 	text_13: autoDraw = False
29.4540 	EXP 	text_10: autoDraw = True
30.8777 	DATA 	Keypress: space
30.9181 	EXP 	Imported stimuli.csv as conditions, 213 conditions, 1 params
30.9263 	EXP 	Created sequence: random, trialTypes=213, nReps=2, seed=1
30.9270 	EXP 	New trial (rep=0, index=0): OrderedDict([('stimuli', '../stimuli/matched_images/SHINE_color_cielab_erotic_females6.jpg')])
30.9579 	EXP 	text_10: autoDraw = False
30.9579 	EXP 	image: image = '../stimuli/matched_images/SHINE_color_cielab_erotic_females6.jpg'
30.9579 	EXP 	image: autoDraw = True
31.9650 	EXP 	image: autoDraw = False
31.9650 	EXP 	slider_1: markerPos = None
31.9650 	EXP 	slider_1: markerPos = None
31.9650 	EXP 	slider_1: rating = None
31.9650 	EXP 	slider_2: markerPos = None
31.9650 	EXP 	slider_2: markerPos = None
31.9650 	EXP 	slider_2: rating = None
31.9650 	EXP 	slider_3: markerPos = None
31.9650 	EXP 	slider_3: markerPos = None
31.9650 	EXP 	slider_3: rating = None
31.9650 	EXP 	slider_1: autoDraw = True
31.9650 	EXP 	image_2: autoDraw = True
31.9650 	EXP 	slider_2: autoDraw = True
31.9650 	EXP 	image_3: autoDraw = True
31.9650 	EXP 	slider_3: autoDraw = True
31.9650 	EXP 	text: autoDraw = True
31.9650 	EXP 	text_14: autoDraw = True
36.8118 	DATA 	Mouse: Left button down, pos=(743,919)
36.8555 	EXP 	slider_1: markerPos = 1.9953703703703705
36.8858 	EXP 	slider_1: markerPos = 1.9953703703703705
36.9111 	EXP 	slider_1: markerPos = 1.9953703703703705
36.9322 	EXP 	slider_1: markerPos = 1.9953703703703705
36.9501 	EXP 	slider_1: markerPos = 1.9953703703703705
36.9743 	EXP 	slider_1: markerPos = 1.9953703703703705
36.9946 	EXP 	slider_1: markerPos = 1.9953703703703705
37.0107 	EXP 	slider_1: markerPos = 1.9953703703703705
37.0255 	DATA 	Mouse:  Left button up, pos=(743,919)
37.0281 	EXP 	slider_1: markerPos = 1.9953703703703705
37.0466 	EXP 	slider_1: markerPos = 1.9953703703703705
37.0466 	EXP 	slider_1: rating = 1.9953703703703705
42.1420 	DATA 	Mouse: Left button down, pos=(1285,537)
42.1557 	EXP 	slider_2: markerPos = 8.00925925925926
42.1725 	EXP 	slider_2: markerPos = 8.00925925925926
42.1889 	EXP 	slider_2: markerPos = 8.00925925925926
42.2060 	EXP 	slider_2: markerPos = 8.00925925925926
42.2227 	EXP 	slider_2: markerPos = 8.00925925925926
42.2397 	EXP 	slider_2: markerPos = 8.00925925925926
42.2560 	EXP 	slider_2: markerPos = 8.00925925925926
42.2723 	EXP 	slider_2: markerPos = 8.00925925925926
42.2891 	EXP 	slider_2: markerPos = 8.00925925925926
42.3052 	EXP 	slider_2: markerPos = 8.00925925925926
42.3217 	EXP 	slider_2: markerPos = 8.00925925925926
42.3390 	EXP 	slider_2: markerPos = 8.00925925925926
42.3558 	EXP 	slider_2: markerPos = 8.00925925925926
42.3593 	DATA 	Mouse:  Left button up, pos=(1285,537)
42.3740 	EXP 	slider_2: markerPos = 8.00925925925926
42.3740 	EXP 	slider_2: rating = 8.00925925925926
44.5446 	DATA 	Mouse: Left button down, pos=(956,160)
44.5591 	EXP 	slider_3: markerPos = 4.962962962962963
44.5879 	EXP 	slider_3: markerPos = 4.962962962962963
44.6185 	EXP 	slider_3: markerPos = 4.962962962962963
44.6495 	EXP 	slider_3: markerPos = 4.962962962962963
44.6755 	EXP 	slider_3: markerPos = 4.962962962962963
44.6943 	EXP 	slider_3: markerPos = 4.962962962962963
44.7160 	EXP 	slider_3: markerPos = 4.962962962962963
44.7342 	EXP 	slider_3: markerPos = 4.962962962962963
44.7563 	EXP 	slider_3: markerPos = 4.962962962962963
44.7715 	DATA 	Mouse:  Left button up, pos=(956,160)
44.7742 	EXP 	slider_3: markerPos = 4.962962962962963
44.7975 	EXP 	slider_3: markerPos = 4.962962962962963
44.7975 	EXP 	slider_3: rating = 4.962962962962963
46.2386 	DATA 	Keypress: space
46.2855 	EXP 	slider_1: autoDraw = False
46.2855 	EXP 	image_2: autoDraw = False
46.2855 	EXP 	slider_2: autoDraw = False
46.2855 	EXP 	image_3: autoDraw = False
46.2855 	EXP 	slider_3: autoDraw = False
46.2855 	EXP 	text: autoDraw = False
46.2855 	EXP 	text_14: autoDraw = False
46.2855 	EXP 	slider: markerPos = None
46.2855 	EXP 	slider: markerPos = None
46.2855 	EXP 	slider: rating = None
46.2855 	EXP 	slider_4: markerPos = None
46.2855 	EXP 	slider_4: markerPos = None
46.2855 	EXP 	slider_4: rating = None
46.2855 	EXP 	slider: autoDraw = True
46.2855 	EXP 	text_2: autoDraw = True
46.2855 	EXP 	slider_4: autoDraw = True
46.2855 	EXP 	text_3: autoDraw = True
53.4532 	DATA 	Keypress: escape
53.7716 	EXP 	window1: mouseVisible = True
