2.5629 	WARNING 	We strongly recommend you activate the PTB sound engine in PsychoPy prefs as the preferred audio engine. Its timing is vastly superior. Your prefs are currently set to use ['sounddevice', 'PTB', 'pyo', 'pygame'] (in that order).
7.6492 	WARNING 	User requested fullscreen with size [1280  720], but screen is actually [1920, 1080]. Using actual size
9.2106 	EXP 	Created window1 = Window(allowGUI=True, allowStencil=False, autoLog=True, backendConf=UNKNOWN, bitsMode=UNKNOWN, blendMode='avg', bpc=(8, 8, 8), color=array([0, 0, 0]), colorSpace='rgb', depthBits=8, fullscr=<method-wrapper '__getattribute__' of attributeSetter object at 0x00000247D7816A58>, gamma=None, gammaErrorPolicy='raise', lms=UNKNOWN, monitor=<psychopy.monitors.calibTools.Monitor object at 0x00000247D77F9080>, multiSample=False, name='window1', numSamples=2, pos=[0.0, 0.0], screen=0, size=array([1920, 1080]), stencilBits=0, stereo=False, units='height', useFBO=True, useRetina=False, viewOri=0.0, viewPos=None, viewScale=None, waitBlanking=True, winType='pyglet')
9.2108 	EXP 	window1: mouseVisible = True
9.2109 	EXP 	window1: recordFrameIntervals = False
9.3762 	EXP 	window1: recordFrameIntervals = True
9.5598 	EXP 	window1: recordFrameIntervals = False
10.1029 	EXP 	Created text_1 = TextStim(__class__=<class 'psychopy.visual.text.TextStim'>, alignHoriz=method-wrapper(...), alignText='center', alignVert=method-wrapper(...), anchorHoriz='center', anchorVert='center', antialias=True, autoLog=True, bold=False, color=array([1., 1., 1.]), colorSpace='rgb', contrast=1.0, depth=0.0, flipHoriz=False, flipVert=False, font='Open Sans', fontFiles=[], height=0.05, italic=False, languageStyle='LTR', name='text_1', opacity=1, ori=0.0, pos=array([0., 0.]), rgb=UNKNOWN, text=str(...), units='height', win=Window(...), wrapWidth=1)
10.1164 	EXP 	Created text_6 = TextStim(__class__=<class 'psychopy.visual.text.TextStim'>, alignHoriz=method-wrapper(...), alignText='center', alignVert=method-wrapper(...), anchorHoriz='center', anchorVert='center', antialias=True, autoLog=True, bold=False, color=array([1., 1., 1.]), colorSpace='rgb', contrast=1.0, depth=0.0, flipHoriz=False, flipVert=False, font='Open Sans', fontFiles=[], height=0.03, italic=False, languageStyle='LTR', name='text_6', opacity=1, ori=0.0, pos=array([0. , 0.3]), rgb=UNKNOWN, text=str(...), units='height', win=Window(...), wrapWidth=1)
10.1542 	EXP 	Created example_pic1 = ImageStim(__class__=<class 'psychopy.visual.image.ImageStim'>, autoLog=True, color=array([1., 1., 1.]), colorSpace='rgb', contrast=1.0, depth=-1.0, flipHoriz=False, flipVert=False, image=str(...), interpolate=True, mask=None, maskParams=None, name='example_pic1', opacity=1, ori=0.0, pos=array([0.3, 0.1]), size=array([0.3, 0.3]), texRes=128.0, units='height', win=Window(...))
10.1812 	EXP 	Created example_pic2 = ImageStim(__class__=<class 'psychopy.visual.image.ImageStim'>, autoLog=True, color=array([1., 1., 1.]), colorSpace='rgb', contrast=1.0, depth=-2.0, flipHoriz=False, flipVert=False, image=str(...), interpolate=True, mask=None, maskParams=None, name='example_pic2', opacity=1, ori=0.0, pos=array([-0.3,  0.1]), size=array([0.3, 0.3]), texRes=128.0, units='height', win=Window(...))
10.1887 	EXP 	Created text_7 = TextStim(__class__=<class 'psychopy.visual.text.TextStim'>, alignHoriz=method-wrapper(...), alignText='center', alignVert=method-wrapper(...), anchorHoriz='center', anchorVert='center', antialias=True, autoLog=True, bold=False, color=array([1., 1., 1.]), colorSpace='rgb', contrast=1.0, depth=-3.0, flipHoriz=False, flipVert=False, font='Open Sans', fontFiles=[], height=0.03, italic=False, languageStyle='LTR', name='text_7', opacity=1, ori=0.0, pos=array([ 0. , -0.2]), rgb=UNKNOWN, text=str(...), units='height', win=Window(...), wrapWidth=1)
10.1934 	EXP 	Created text_8 = TextStim(__class__=<class 'psychopy.visual.text.TextStim'>, alignHoriz=method-wrapper(...), alignText='center', alignVert=method-wrapper(...), anchorHoriz='center', anchorVert='center', antialias=True, autoLog=True, bold=False, color=array([1., 1., 1.]), colorSpace='rgb', contrast=1.0, depth=-4.0, flipHoriz=False, flipVert=False, font='Open Sans', fontFiles=[], height=0.05, italic=False, languageStyle='LTR', name='text_8', opacity=1, ori=0.0, pos=array([ 0. , -0.4]), rgb=UNKNOWN, text='Press SPACE to continue\n', units='height', win=Window(...), wrapWidth=1)
10.2006 	EXP 	Created text_9 = TextStim(__class__=<class 'psychopy.visual.text.TextStim'>, alignHoriz=method-wrapper(...), alignText='center', alignVert=method-wrapper(...), anchorHoriz='center', anchorVert='center', antialias=True, autoLog=True, bold=False, color=array([1., 1., 1.]), colorSpace='rgb', contrast=1.0, depth=0.0, flipHoriz=False, flipVert=False, font='Open Sans', fontFiles=[], height=0.03, italic=False, languageStyle='LTR', name='text_9', opacity=1, ori=0.0, pos=array([0. , 0.4]), rgb=UNKNOWN, text=str(...), units='height', win=Window(...), wrapWidth=1)
10.2057 	EXP 	Created text_13 = TextStim(__class__=<class 'psychopy.visual.text.TextStim'>, alignHoriz=method-wrapper(...), alignText='center', alignVert=method-wrapper(...), anchorHoriz='center', anchorVert='center', antialias=True, autoLog=True, bold=False, color=array([1., 1., 1.]), colorSpace='rgb', contrast=1.0, depth=-1.0, flipHoriz=False, flipVert=False, font='Open Sans', fontFiles=[], height=0.03, italic=False, languageStyle='LTR', name='text_13', opacity=1, ori=0.0, pos=array([ 0.  , -0.45]), rgb=UNKNOWN, text='Press SPACE to continue', units='height', win=Window(...), wrapWidth=1)
10.2121 	EXP 	Created text_10 = TextStim(__class__=<class 'psychopy.visual.text.TextStim'>, alignHoriz=method-wrapper(...), alignText='center', alignVert=method-wrapper(...), anchorHoriz='center', anchorVert='center', antialias=True, autoLog=True, bold=False, color=array([1., 1., 1.]), colorSpace='rgb', contrast=1.0, depth=0.0, flipHoriz=False, flipVert=False, font='Open Sans', fontFiles=[], height=0.03, italic=False, languageStyle='LTR', name='text_10', opacity=1, ori=0.0, pos=array([0., 0.]), rgb=UNKNOWN, text=str(...), units='height', win=Window(...), wrapWidth=1)
10.2158 	EXP 	Created image = ImageStim(__class__=<class 'psychopy.visual.image.ImageStim'>, autoLog=True, color=array([1., 1., 1.]), colorSpace='rgb', contrast=1.0, depth=0.0, flipHoriz=False, flipVert=False, image='sin', interpolate=True, mask=None, maskParams=None, name='image', opacity=1, ori=0.0, pos=array([0., 0.]), size=array([0.4, 0.4]), texRes=128.0, units='height', win=Window(...))
10.2515 	EXP 	Created image_2 = ImageStim(__class__=<class 'psychopy.visual.image.ImageStim'>, autoLog=True, color=array([1., 1., 1.]), colorSpace='rgb', contrast=1.0, depth=0.0, flipHoriz=False, flipVert=False, image='arousal_rating.png', interpolate=True, mask=None, maskParams=None, name='image_2', opacity=1, ori=0.0, pos=array([0. , 0.3]), size=array([1. , 0.2]), texRes=128.0, units='height', win=Window(...))
10.2614 	EXP 	window1: mouseVisible = True
10.2718 	EXP 	Created slider_2 = Slider(__class__=<class 'psychopy.visual.slider.Slider'>, autoDraw=False, autoLog=True, borderColor=None, color=None, colorSpace='rgb', depth=-1, fillColor=None, flip=False, font='Open Sans', granularity=0.0, labelHeight=0.02, labelWrapWidth=None, labels=None, name='slider_2', opacity=None, pos=(0.0, 0.15), readOnly=False, self=UNKNOWN, size=(0.8, 0.03), startValue=None, style=method-wrapper(...), styleTweaks=method-wrapper(...), ticks=array([1, 2, 3, 4, 5, 6, 7, 8, 9]), units='height', win=Window(...))
10.3080 	EXP 	Created image_3 = ImageStim(__class__=<class 'psychopy.visual.image.ImageStim'>, autoLog=True, color=array([1., 1., 1.]), colorSpace='rgb', contrast=1.0, depth=-2.0, flipHoriz=False, flipVert=False, image='valence_rating.png', interpolate=True, mask=None, maskParams=None, name='image_3', opacity=1, ori=0.0, pos=array([0., 0.]), size=array([1. , 0.2]), texRes=128.0, units='height', win=Window(...))
10.3145 	EXP 	window1: mouseVisible = True
10.3217 	EXP 	Created slider_3 = Slider(__class__=<class 'psychopy.visual.slider.Slider'>, autoDraw=False, autoLog=True, borderColor=None, color=None, colorSpace='rgb', depth=-3, fillColor=None, flip=False, font='Open Sans', granularity=0.0, labelHeight=0.02, labelWrapWidth=None, labels=None, name='slider_3', opacity=None, pos=(0.0, -0.15), readOnly=False, self=UNKNOWN, size=(0.8, 0.03), startValue=None, style=method-wrapper(...), styleTweaks=method-wrapper(...), ticks=array([1, 2, 3, 4, 5, 6, 7, 8, 9]), units='height', win=Window(...))
10.3294 	EXP 	Created text_14 = TextStim(__class__=<class 'psychopy.visual.text.TextStim'>, alignHoriz=method-wrapper(...), alignText='center', alignVert=method-wrapper(...), anchorHoriz='center', anchorVert='center', antialias=True, autoLog=True, bold=False, color=array([1., 1., 1.]), colorSpace='rgb', contrast=1.0, depth=-5.0, flipHoriz=False, flipVert=False, font='Open Sans', fontFiles=[], height=0.03, italic=False, languageStyle='LTR', name='text_14', opacity=1, ori=0.0, pos=array([ 0.  , -0.45]), rgb=UNKNOWN, text='Press SPACE after rating to continue\n', units='height', win=Window(...), wrapWidth=1)
10.3356 	EXP 	window1: mouseVisible = True
10.3433 	EXP 	Created slider = Slider(__class__=<class 'psychopy.visual.slider.Slider'>, autoDraw=False, autoLog=True, borderColor=None, color=None, colorSpace='rgb', depth=0, fillColor=None, flip=False, font='Open Sans', granularity=0.0, labelHeight=0.02, labelWrapWidth=None, labels=None, name='slider', opacity=None, pos=(0, 0.35), readOnly=False, self=UNKNOWN, size=(0.8, 0.03), startValue=None, style=method-wrapper(...), styleTweaks=method-wrapper(...), ticks=array([1, 2, 3, 4, 5, 6, 7, 8, 9]), units='height', win=Window(...))
10.3659 	EXP 	Created text_2 = TextStim(__class__=<class 'psychopy.visual.text.TextStim'>, alignHoriz=method-wrapper(...), alignText='center', alignVert=method-wrapper(...), anchorHoriz='center', anchorVert='center', antialias=True, autoLog=True, bold=False, color=array([1., 1., 1.]), colorSpace='rgb', contrast=1.0, depth=-1.0, flipHoriz=False, flipVert=False, font='Open Sans', fontFiles=[], height=0.04, italic=False, languageStyle='LTR', name='text_2', opacity=1, ori=0.0, pos=array([0. , 0.3]), rgb=UNKNOWN, text='How aesthetic do you find this picture?', units='height', win=Window(...), wrapWidth=1)
10.3739 	EXP 	window1: mouseVisible = True
10.3832 	EXP 	Created slider_4 = Slider(__class__=<class 'psychopy.visual.slider.Slider'>, autoDraw=False, autoLog=True, borderColor=None, color=None, colorSpace='rgb', depth=-2, fillColor=None, flip=False, font='Open Sans', granularity=0.0, labelHeight=0.02, labelWrapWidth=None, labels=None, name='slider_4', opacity=None, pos=(0, 0.1), readOnly=False, self=UNKNOWN, size=(1.0, 0.03), startValue=None, style=method-wrapper(...), styleTweaks=method-wrapper(...), ticks=array([1, 2, 3, 4, 5, 6, 7, 8, 9]), units='height', win=Window(...))
10.3979 	EXP 	Created text_3 = TextStim(__class__=<class 'psychopy.visual.text.TextStim'>, alignHoriz=method-wrapper(...), alignText='center', alignVert=method-wrapper(...), anchorHoriz='center', anchorVert='center', antialias=True, autoLog=True, bold=False, color=array([1., 1., 1.]), colorSpace='rgb', contrast=1.0, depth=-3.0, flipHoriz=False, flipVert=False, font='Open Sans', fontFiles=[], height=0.04, italic=False, languageStyle='LTR', name='text_3', opacity=1, ori=0.0, pos=array([0.  , 0.05]), rgb=UNKNOWN, text='How complex do you find this picture?\n', units='height', win=Window(...), wrapWidth=1)
10.4378 	EXP 	slider_2: autoLog = True
10.4378 	EXP 	slider_2: markerPos = None
10.4378 	EXP 	slider_2: rating = None
10.4378 	EXP 	slider_2: markerPos = None
10.4378 	EXP 	slider_2: contrast = 1.0
10.4378 	EXP 	slider_2: autoLog = True
10.4378 	EXP 	slider_2: styleTweaks = []
10.4378 	EXP 	slider_2: style = 'rating'
10.4378 	EXP 	slider_2: styleTweaks = []
10.4378 	EXP 	slider_3: autoLog = True
10.4378 	EXP 	slider_3: markerPos = None
10.4378 	EXP 	slider_3: rating = None
10.4378 	EXP 	slider_3: markerPos = None
10.4378 	EXP 	slider_3: contrast = 1.0
10.4378 	EXP 	slider_3: autoLog = True
10.4378 	EXP 	slider_3: styleTweaks = []
10.4378 	EXP 	slider_3: style = 'rating'
10.4378 	EXP 	slider_3: styleTweaks = []
10.4378 	EXP 	slider: autoLog = True
10.4378 	EXP 	slider: markerPos = None
10.4378 	EXP 	slider: rating = None
10.4378 	EXP 	slider: markerPos = None
10.4378 	EXP 	slider: contrast = 1.0
10.4378 	EXP 	slider: autoLog = True
10.4378 	EXP 	slider: styleTweaks = []
10.4378 	EXP 	slider: style = 'rating'
10.4378 	EXP 	slider: styleTweaks = []
10.4378 	EXP 	slider_4: autoLog = True
10.4378 	EXP 	slider_4: markerPos = None
10.4378 	EXP 	slider_4: rating = None
10.4378 	EXP 	slider_4: markerPos = None
10.4378 	EXP 	slider_4: contrast = 1.0
10.4378 	EXP 	slider_4: autoLog = True
10.4378 	EXP 	slider_4: styleTweaks = []
10.4378 	EXP 	slider_4: style = 'rating'
10.4378 	EXP 	slider_4: styleTweaks = []
10.4378 	EXP 	text_1: autoDraw = True
10.9368 	DATA 	Keypress: space
10.9408 	EXP 	text_1: autoDraw = False
10.9408 	EXP 	text_6: autoDraw = True
10.9408 	EXP 	example_pic1: autoDraw = True
10.9408 	EXP 	example_pic2: autoDraw = True
10.9408 	EXP 	text_7: autoDraw = True
10.9408 	EXP 	text_8: autoDraw = True
11.6858 	DATA 	Keypress: space
11.6909 	EXP 	text_6: autoDraw = False
11.6909 	EXP 	example_pic1: autoDraw = False
11.6909 	EXP 	example_pic2: autoDraw = False
11.6909 	EXP 	text_7: autoDraw = False
11.6909 	EXP 	text_8: autoDraw = False
11.6909 	EXP 	text_9: autoDraw = True
11.6909 	EXP 	text_13: autoDraw = True
13.3652 	DATA 	Keypress: space
13.3893 	EXP 	text_9: autoDraw = False
13.3893 	EXP 	text_13: autoDraw = False
13.3893 	EXP 	text_10: autoDraw = True
14.3561 	EXP 	Imported stimuli.csv as conditions, 213 conditions, 1 params
14.3577 	EXP 	Created sequence: random, trialTypes=213, nReps=2, seed=1
14.3582 	EXP 	New trial (rep=0, index=0): OrderedDict([('stimuli', '../stimuli/matched_images/SHINE_color_cielab_erotic_females6.jpg')])
14.3709 	DATA 	Keypress: space
14.3742 	EXP 	text_10: autoDraw = False
14.3742 	EXP 	image: image = '../stimuli/matched_images/SHINE_color_cielab_erotic_females6.jpg'
14.3742 	EXP 	image: autoDraw = True
15.1755 	DATA 	Keypress: space
15.3959 	EXP 	image: autoDraw = False
15.3959 	EXP 	slider_2: markerPos = None
15.3959 	EXP 	slider_2: markerPos = None
15.3959 	EXP 	slider_2: rating = None
15.3959 	EXP 	slider_3: markerPos = None
15.3959 	EXP 	slider_3: markerPos = None
15.3959 	EXP 	slider_3: rating = None
15.3959 	EXP 	image_2: autoDraw = True
15.3959 	EXP 	slider_2: autoDraw = True
15.3959 	EXP 	image_3: autoDraw = True
15.3959 	EXP 	slider_3: autoDraw = True
15.3959 	EXP 	text_14: autoDraw = True
29.1646 	DATA 	Keypress: space
29.1741 	EXP 	image_2: autoDraw = False
29.1741 	EXP 	slider_2: autoDraw = False
29.1741 	EXP 	image_3: autoDraw = False
29.1741 	EXP 	slider_3: autoDraw = False
29.1741 	EXP 	text_14: autoDraw = False
29.1741 	EXP 	slider: markerPos = None
29.1741 	EXP 	slider: markerPos = None
29.1741 	EXP 	slider: rating = None
29.1741 	EXP 	slider_4: markerPos = None
29.1741 	EXP 	slider_4: markerPos = None
29.1741 	EXP 	slider_4: rating = None
29.1741 	EXP 	slider: autoDraw = True
29.1741 	EXP 	text_2: autoDraw = True
29.1741 	EXP 	slider_4: autoDraw = True
29.1741 	EXP 	text_3: autoDraw = True
39.3341 	EXP 	New trial (rep=0, index=1): OrderedDict([('stimuli', '../stimuli/matched_images/SHINE_color_cielab_dirty_scenes5.jpg')])
39.3477 	DATA 	Keypress: space
39.3509 	EXP 	slider: autoDraw = False
39.3509 	EXP 	text_2: autoDraw = False
39.3509 	EXP 	slider_4: autoDraw = False
39.3509 	EXP 	text_3: autoDraw = False
39.3509 	EXP 	image: image = '../stimuli/matched_images/SHINE_color_cielab_dirty_scenes5.jpg'
39.3509 	EXP 	image: autoDraw = True
40.3836 	EXP 	image: autoDraw = False
40.3836 	EXP 	slider_2: markerPos = None
40.3836 	EXP 	slider_2: markerPos = None
40.3836 	EXP 	slider_2: rating = None
40.3836 	EXP 	slider_3: markerPos = None
40.3836 	EXP 	slider_3: markerPos = None
40.3836 	EXP 	slider_3: rating = None
40.3836 	EXP 	image_2: autoDraw = True
40.3836 	EXP 	slider_2: autoDraw = True
40.3836 	EXP 	image_3: autoDraw = True
40.3836 	EXP 	slider_3: autoDraw = True
40.3836 	EXP 	text_14: autoDraw = True
41.6696 	DATA 	Keypress: space
41.6757 	EXP 	image_2: autoDraw = False
41.6757 	EXP 	slider_2: autoDraw = False
41.6757 	EXP 	image_3: autoDraw = False
41.6757 	EXP 	slider_3: autoDraw = False
41.6757 	EXP 	text_14: autoDraw = False
41.6757 	EXP 	slider: markerPos = None
41.6757 	EXP 	slider: markerPos = None
41.6757 	EXP 	slider: rating = None
41.6757 	EXP 	slider_4: markerPos = None
41.6757 	EXP 	slider_4: markerPos = None
41.6757 	EXP 	slider_4: rating = None
41.6757 	EXP 	slider: autoDraw = True
41.6757 	EXP 	text_2: autoDraw = True
41.6757 	EXP 	slider_4: autoDraw = True
41.6757 	EXP 	text_3: autoDraw = True
43.3858 	DATA 	Keypress: escape
43.6845 	EXP 	window1: mouseVisible = True
