5.8516 	WARNING 	We strongly recommend you activate the PTB sound engine in PsychoPy prefs as the preferred audio engine. Its timing is vastly superior. Your prefs are currently set to use ['sounddevice', 'PTB', 'pyo', 'pygame'] (in that order).
11.5324 	EXP 	Created window1 = Window(allowGUI=True, allowStencil=False, autoLog=True, backendConf=UNKNOWN, bitsMode=UNKNOWN, blendMode='avg', bpc=(8, 8, 8), color=array([0, 0, 0]), colorSpace='rgb', depthBits=8, fullscr=<method-wrapper '__getattribute__' of attributeSetter object at 0x000001FBA1985FD0>, gamma=None, gammaErrorPolicy='raise', lms=UNKNOWN, monitor=<psychopy.monitors.calibTools.Monitor object at 0x000001FBA18EE5F8>, multiSample=False, name='window1', numSamples=2, pos=[320.0, 180.0], screen=0, size=array([1280,  720]), stencilBits=0, stereo=False, units='height', useFBO=True, useRetina=False, viewOri=0.0, viewPos=None, viewScale=None, waitBlanking=True, winType='pyglet')
11.5340 	EXP 	window1: mouseVisible = True
11.5341 	EXP 	window1: recordFrameIntervals = False
11.7006 	EXP 	window1: recordFrameIntervals = True
11.8819 	EXP 	window1: recordFrameIntervals = False
12.4131 	EXP 	Created text_1 = TextStim(__class__=<class 'psychopy.visual.text.TextStim'>, alignHoriz=method-wrapper(...), alignText='center', alignVert=method-wrapper(...), anchorHoriz='center', anchorVert='center', antialias=True, autoLog=True, bold=False, color=array([1., 1., 1.]), colorSpace='rgb', contrast=1.0, depth=0.0, flipHoriz=False, flipVert=False, font='Open Sans', fontFiles=[], height=0.05, italic=False, languageStyle='LTR', name='text_1', opacity=1, ori=0.0, pos=array([0., 0.]), rgb=UNKNOWN, text=str(...), units='height', win=Window(...), wrapWidth=1)
12.4256 	EXP 	Created text_6 = TextStim(__class__=<class 'psychopy.visual.text.TextStim'>, alignHoriz=method-wrapper(...), alignText='center', alignVert=method-wrapper(...), anchorHoriz='center', anchorVert='center', antialias=True, autoLog=True, bold=False, color=array([1., 1., 1.]), colorSpace='rgb', contrast=1.0, depth=0.0, flipHoriz=False, flipVert=False, font='Open Sans', fontFiles=[], height=0.03, italic=False, languageStyle='LTR', name='text_6', opacity=1, ori=0.0, pos=array([0. , 0.3]), rgb=UNKNOWN, text=str(...), units='height', win=Window(...), wrapWidth=1)
12.4777 	EXP 	Created example_pic1 = ImageStim(__class__=<class 'psychopy.visual.image.ImageStim'>, autoLog=True, color=array([1., 1., 1.]), colorSpace='rgb', contrast=1.0, depth=-1.0, flipHoriz=False, flipVert=False, image=str(...), interpolate=True, mask=None, maskParams=None, name='example_pic1', opacity=1, ori=0.0, pos=array([0.3, 0.1]), size=array([0.3, 0.3]), texRes=128.0, units='height', win=Window(...))
12.5037 	EXP 	Created example_pic2 = ImageStim(__class__=<class 'psychopy.visual.image.ImageStim'>, autoLog=True, color=array([1., 1., 1.]), colorSpace='rgb', contrast=1.0, depth=-2.0, flipHoriz=False, flipVert=False, image=str(...), interpolate=True, mask=None, maskParams=None, name='example_pic2', opacity=1, ori=0.0, pos=array([-0.3,  0.1]), size=array([0.3, 0.3]), texRes=128.0, units='height', win=Window(...))
12.5123 	EXP 	Created text_7 = TextStim(__class__=<class 'psychopy.visual.text.TextStim'>, alignHoriz=method-wrapper(...), alignText='center', alignVert=method-wrapper(...), anchorHoriz='center', anchorVert='center', antialias=True, autoLog=True, bold=False, color=array([1., 1., 1.]), colorSpace='rgb', contrast=1.0, depth=-3.0, flipHoriz=False, flipVert=False, font='Open Sans', fontFiles=[], height=0.03, italic=False, languageStyle='LTR', name='text_7', opacity=1, ori=0.0, pos=array([ 0. , -0.2]), rgb=UNKNOWN, text=str(...), units='height', win=Window(...), wrapWidth=1)
12.5161 	EXP 	Created text_8 = TextStim(__class__=<class 'psychopy.visual.text.TextStim'>, alignHoriz=method-wrapper(...), alignText='center', alignVert=method-wrapper(...), anchorHoriz='center', anchorVert='center', antialias=True, autoLog=True, bold=False, color=array([1., 1., 1.]), colorSpace='rgb', contrast=1.0, depth=-4.0, flipHoriz=False, flipVert=False, font='Open Sans', fontFiles=[], height=0.05, italic=False, languageStyle='LTR', name='text_8', opacity=1, ori=0.0, pos=array([ 0. , -0.4]), rgb=UNKNOWN, text='Press SPACE to continue\n', units='height', win=Window(...), wrapWidth=1)
12.5244 	EXP 	Created text_9 = TextStim(__class__=<class 'psychopy.visual.text.TextStim'>, alignHoriz=method-wrapper(...), alignText='center', alignVert=method-wrapper(...), anchorHoriz='center', anchorVert='center', antialias=True, autoLog=True, bold=False, color=array([1., 1., 1.]), colorSpace='rgb', contrast=1.0, depth=0.0, flipHoriz=False, flipVert=False, font='Open Sans', fontFiles=[], height=0.03, italic=False, languageStyle='LTR', name='text_9', opacity=1, ori=0.0, pos=array([0. , 0.4]), rgb=UNKNOWN, text=str(...), units='height', win=Window(...), wrapWidth=1)
12.5301 	EXP 	Created text_13 = TextStim(__class__=<class 'psychopy.visual.text.TextStim'>, alignHoriz=method-wrapper(...), alignText='center', alignVert=method-wrapper(...), anchorHoriz='center', anchorVert='center', antialias=True, autoLog=True, bold=False, color=array([1., 1., 1.]), colorSpace='rgb', contrast=1.0, depth=-1.0, flipHoriz=False, flipVert=False, font='Open Sans', fontFiles=[], height=0.03, italic=False, languageStyle='LTR', name='text_13', opacity=1, ori=0.0, pos=array([ 0.  , -0.45]), rgb=UNKNOWN, text='Press SPACE to continue', units='height', win=Window(...), wrapWidth=1)
12.5375 	EXP 	Created text_10 = TextStim(__class__=<class 'psychopy.visual.text.TextStim'>, alignHoriz=method-wrapper(...), alignText='center', alignVert=method-wrapper(...), anchorHoriz='center', anchorVert='center', antialias=True, autoLog=True, bold=False, color=array([1., 1., 1.]), colorSpace='rgb', contrast=1.0, depth=0.0, flipHoriz=False, flipVert=False, font='Open Sans', fontFiles=[], height=0.03, italic=False, languageStyle='LTR', name='text_10', opacity=1, ori=0.0, pos=array([0., 0.]), rgb=UNKNOWN, text=str(...), units='height', win=Window(...), wrapWidth=1)
12.5415 	EXP 	Created image = ImageStim(__class__=<class 'psychopy.visual.image.ImageStim'>, autoLog=True, color=array([1., 1., 1.]), colorSpace='rgb', contrast=1.0, depth=0.0, flipHoriz=False, flipVert=False, image='sin', interpolate=True, mask=None, maskParams=None, name='image', opacity=1, ori=0.0, pos=array([0., 0.]), size=array([0.6, 0.6]), texRes=128.0, units='height', win=Window(...))
12.5457 	EXP 	Created image_4 = ImageStim(__class__=<class 'psychopy.visual.image.ImageStim'>, autoLog=True, color=array([1., 1., 1.]), colorSpace='rgb', contrast=1.0, depth=0.0, flipHoriz=False, flipVert=False, image='sin', interpolate=True, mask=None, maskParams=None, name='image_4', opacity=1, ori=0.0, pos=array([-0.7,  0. ]), size=array([0.3, 0.3]), texRes=128.0, units='height', win=Window(...))
12.5548 	EXP 	Created text_5 = TextStim(__class__=<class 'psychopy.visual.text.TextStim'>, alignHoriz=method-wrapper(...), alignText='center', alignVert=method-wrapper(...), anchorHoriz='center', anchorVert='center', antialias=True, autoLog=True, bold=False, color=array([1., 1., 1.]), colorSpace='rgb', contrast=1.0, depth=-1.0, flipHoriz=False, flipVert=False, font='Open Sans', fontFiles=[], height=0.03, italic=False, languageStyle='LTR', name='text_5', opacity=1, ori=0.0, pos=array([-0.2,  0.4]), rgb=UNKNOWN, text=str(...), units='height', win=Window(...), wrapWidth=1)
12.5952 	EXP 	Created image_2 = ImageStim(__class__=<class 'psychopy.visual.image.ImageStim'>, autoLog=True, color=array([1., 1., 1.]), colorSpace='rgb', contrast=1.0, depth=-2.0, flipHoriz=False, flipVert=False, image='arousal_rating.png', interpolate=True, mask=None, maskParams=None, name='image_2', opacity=1, ori=0.0, pos=array([-0.2,  0.3]), size=array([0.6 , 0.12]), texRes=128.0, units='height', win=Window(...))
12.6061 	EXP 	window1: mouseVisible = True
12.6155 	EXP 	Created slider_2 = Slider(__class__=<class 'psychopy.visual.slider.Slider'>, autoDraw=False, autoLog=True, borderColor=None, color=None, colorSpace='rgb', depth=-3, fillColor=None, flip=False, font='Open Sans', granularity=0.0, labelHeight=0.02, labelWrapWidth=None, labels=None, name='slider_2', opacity=None, pos=(-0.2, 0.2), readOnly=False, self=UNKNOWN, size=(0.48, 0.036), startValue=None, style=method-wrapper(...), styleTweaks=method-wrapper(...), ticks=array([1, 2, 3, 4, 5, 6, 7, 8, 9]), units='height', win=Window(...))
12.6253 	EXP 	Created text_11 = TextStim(__class__=<class 'psychopy.visual.text.TextStim'>, alignHoriz=method-wrapper(...), alignText='center', alignVert=method-wrapper(...), anchorHoriz='center', anchorVert='center', antialias=True, autoLog=True, bold=False, color=array([1., 1., 1.]), colorSpace='rgb', contrast=1.0, depth=-4.0, flipHoriz=False, flipVert=False, font='Open Sans', fontFiles=[], height=0.03, italic=False, languageStyle='LTR', name='text_11', opacity=1, ori=0.0, pos=array([0.5, 0.4]), rgb=UNKNOWN, text=str(...), units='height', win=Window(...), wrapWidth=1)
12.6653 	EXP 	Created image_3 = ImageStim(__class__=<class 'psychopy.visual.image.ImageStim'>, autoLog=True, color=array([1., 1., 1.]), colorSpace='rgb', contrast=1.0, depth=-5.0, flipHoriz=False, flipVert=False, image='valence_rating.png', interpolate=True, mask=None, maskParams=None, name='image_3', opacity=1, ori=0.0, pos=array([0.5, 0.3]), size=array([0.6 , 0.12]), texRes=128.0, units='height', win=Window(...))
12.6719 	EXP 	window1: mouseVisible = True
12.6808 	EXP 	Created slider_3 = Slider(__class__=<class 'psychopy.visual.slider.Slider'>, autoDraw=False, autoLog=True, borderColor=None, color=None, colorSpace='rgb', depth=-6, fillColor=None, flip=False, font='Open Sans', granularity=0.0, labelHeight=0.02, labelWrapWidth=None, labels=None, name='slider_3', opacity=None, pos=(0.5, 0.2), readOnly=False, self=UNKNOWN, size=(0.48, 0.036), startValue=None, style=method-wrapper(...), styleTweaks=method-wrapper(...), ticks=array([1, 2, 3, 4, 5, 6, 7, 8, 9]), units='height', win=Window(...))
12.6913 	EXP 	Created text = TextStim(__class__=<class 'psychopy.visual.text.TextStim'>, alignHoriz=method-wrapper(...), alignText='center', alignVert=method-wrapper(...), anchorHoriz='center', anchorVert='center', antialias=True, autoLog=True, bold=False, color=array([1., 1., 1.]), colorSpace='rgb', contrast=1.0, depth=-7.0, flipHoriz=False, flipVert=False, font='Open Sans', fontFiles=[], height=0.03, italic=False, languageStyle='LTR', name='text', opacity=1, ori=0.0, pos=array([-0.2 ,  0.05]), rgb=UNKNOWN, text=str(...), units='height', win=Window(...), wrapWidth=1)
12.6979 	EXP 	window1: mouseVisible = True
12.7064 	EXP 	Created slider_5 = Slider(__class__=<class 'psychopy.visual.slider.Slider'>, autoDraw=False, autoLog=True, borderColor=None, color=None, colorSpace='rgb', depth=-8, fillColor=None, flip=False, font='Open Sans', granularity=0.0, labelHeight=0.03, labelWrapWidth=None, labels=None, name='slider_5', opacity=None, pos=(-0.2, -0.05), readOnly=False, self=UNKNOWN, size=(0.48, 0.036), startValue=None, style=method-wrapper(...), styleTweaks=method-wrapper(...), ticks=array([1, 2, 3, 4, 5, 6, 7, 8, 9]), units='height', win=Window(...))
12.7149 	EXP 	Created text_4 = TextStim(__class__=<class 'psychopy.visual.text.TextStim'>, alignHoriz=method-wrapper(...), alignText='center', alignVert=method-wrapper(...), anchorHoriz='center', anchorVert='center', antialias=True, autoLog=True, bold=False, color=array([1., 1., 1.]), colorSpace='rgb', contrast=1.0, depth=-9.0, flipHoriz=False, flipVert=False, font='Open Sans', fontFiles=[], height=0.03, italic=False, languageStyle='LTR', name='text_4', opacity=1, ori=0.0, pos=array([0.5 , 0.05]), rgb=UNKNOWN, text=str(...), units='height', win=Window(...), wrapWidth=1)
12.7215 	EXP 	window1: mouseVisible = True
12.7299 	EXP 	Created slider_6 = Slider(__class__=<class 'psychopy.visual.slider.Slider'>, autoDraw=False, autoLog=True, borderColor=None, color=None, colorSpace='rgb', depth=-10, fillColor=None, flip=False, font='Open Sans', granularity=0.0, labelHeight=0.02, labelWrapWidth=None, labels=None, name='slider_6', opacity=None, pos=(0.5, -0.05), readOnly=False, self=UNKNOWN, size=(0.48, 0.036), startValue=None, style=method-wrapper(...), styleTweaks=method-wrapper(...), ticks=array([1, 2, 3, 4, 5, 6, 7, 8, 9]), units='height', win=Window(...))
12.7402 	EXP 	Created text_12 = TextStim(__class__=<class 'psychopy.visual.text.TextStim'>, alignHoriz=method-wrapper(...), alignText='center', alignVert=method-wrapper(...), anchorHoriz='center', anchorVert='center', antialias=True, autoLog=True, bold=False, color=array([1., 1., 1.]), colorSpace='rgb', contrast=1.0, depth=-11.0, flipHoriz=False, flipVert=False, font='Open Sans', fontFiles=[], height=0.03, italic=False, languageStyle='LTR', name='text_12', opacity=1, ori=0.0, pos=array([ 0.15, -0.2 ]), rgb=UNKNOWN, text=str(...), units='height', win=Window(...), wrapWidth=1)
12.7471 	EXP 	window1: mouseVisible = True
12.7556 	EXP 	Created slider_7 = Slider(__class__=<class 'psychopy.visual.slider.Slider'>, autoDraw=False, autoLog=True, borderColor=None, color=None, colorSpace='rgb', depth=-12, fillColor=None, flip=False, font='Open Sans', granularity=0.0, labelHeight=0.05, labelWrapWidth=None, labels=None, name='slider_7', opacity=None, pos=(0.15, -0.3), readOnly=False, self=UNKNOWN, size=(0.48, 0.036), startValue=None, style=method-wrapper(...), styleTweaks=method-wrapper(...), ticks=array([1, 2, 3, 4, 5, 6, 7, 8, 9]), units='height', win=Window(...))
12.7635 	EXP 	Created text_14 = TextStim(__class__=<class 'psychopy.visual.text.TextStim'>, alignHoriz=method-wrapper(...), alignText='center', alignVert=method-wrapper(...), anchorHoriz='center', anchorVert='center', antialias=True, autoLog=True, bold=False, color=array([1., 1., 1.]), colorSpace='rgb', contrast=1.0, depth=-13.0, flipHoriz=False, flipVert=False, font='Open Sans', fontFiles=[], height=0.03, italic=False, languageStyle='LTR', name='text_14', opacity=1, ori=0.0, pos=array([ 0.15, -0.45]), rgb=UNKNOWN, text='Press SPACE after rating to continue\n', units='height', win=Window(...), wrapWidth=1)
12.8313 	EXP 	slider_2: autoLog = True
12.8313 	EXP 	slider_2: markerPos = None
12.8313 	EXP 	slider_2: rating = None
12.8313 	EXP 	slider_2: markerPos = None
12.8313 	EXP 	slider_2: contrast = 1.0
12.8313 	EXP 	slider_2: autoLog = True
12.8313 	EXP 	slider_2: styleTweaks = []
12.8313 	EXP 	slider_2: style = 'rating'
12.8313 	EXP 	slider_2: styleTweaks = []
12.8313 	EXP 	slider_3: autoLog = True
12.8313 	EXP 	slider_3: markerPos = None
12.8313 	EXP 	slider_3: rating = None
12.8313 	EXP 	slider_3: markerPos = None
12.8313 	EXP 	slider_3: contrast = 1.0
12.8313 	EXP 	slider_3: autoLog = True
12.8313 	EXP 	slider_3: styleTweaks = []
12.8313 	EXP 	slider_3: style = 'rating'
12.8313 	EXP 	slider_3: styleTweaks = []
12.8313 	EXP 	slider_5: autoLog = True
12.8313 	EXP 	slider_5: markerPos = None
12.8313 	EXP 	slider_5: rating = None
12.8313 	EXP 	slider_5: markerPos = None
12.8313 	EXP 	slider_5: contrast = 1.0
12.8313 	EXP 	slider_5: autoLog = True
12.8313 	EXP 	slider_5: styleTweaks = []
12.8313 	EXP 	slider_5: style = 'rating'
12.8313 	EXP 	slider_5: styleTweaks = []
12.8313 	EXP 	slider_6: autoLog = True
12.8313 	EXP 	slider_6: markerPos = None
12.8313 	EXP 	slider_6: rating = None
12.8313 	EXP 	slider_6: markerPos = None
12.8313 	EXP 	slider_6: contrast = 1.0
12.8313 	EXP 	slider_6: autoLog = True
12.8313 	EXP 	slider_6: styleTweaks = []
12.8313 	EXP 	slider_6: style = 'rating'
12.8313 	EXP 	slider_6: styleTweaks = []
12.8313 	EXP 	slider_7: autoLog = True
12.8313 	EXP 	slider_7: markerPos = None
12.8313 	EXP 	slider_7: rating = None
12.8313 	EXP 	slider_7: markerPos = None
12.8313 	EXP 	slider_7: contrast = 1.0
12.8313 	EXP 	slider_7: autoLog = True
12.8313 	EXP 	slider_7: styleTweaks = []
12.8313 	EXP 	slider_7: style = 'rating'
12.8313 	EXP 	slider_7: styleTweaks = []
12.8313 	EXP 	text_1: autoDraw = True
17.6780 	DATA 	Keypress: space
17.6924 	EXP 	text_1: autoDraw = False
17.6924 	EXP 	text_6: autoDraw = True
17.6924 	EXP 	example_pic1: autoDraw = True
17.6924 	EXP 	example_pic2: autoDraw = True
17.6924 	EXP 	text_7: autoDraw = True
17.6924 	EXP 	text_8: autoDraw = True
25.7785 	DATA 	Keypress: space
25.7863 	EXP 	text_6: autoDraw = False
25.7863 	EXP 	example_pic1: autoDraw = False
25.7863 	EXP 	example_pic2: autoDraw = False
25.7863 	EXP 	text_7: autoDraw = False
25.7863 	EXP 	text_8: autoDraw = False
25.7863 	EXP 	text_9: autoDraw = True
25.7863 	EXP 	text_13: autoDraw = True
27.2103 	DATA 	Keypress: space
27.2191 	EXP 	text_9: autoDraw = False
27.2191 	EXP 	text_13: autoDraw = False
27.2191 	EXP 	text_10: autoDraw = True
28.7559 	DATA 	Keypress: space
28.7867 	EXP 	Imported stimuli.csv as conditions, 5 conditions, 1 params
28.7927 	EXP 	Created sequence: random, trialTypes=5, nReps=1, seed=1
28.7931 	EXP 	New trial (rep=0, index=0): OrderedDict([('stimuli', '../stimuli/matched_images/SHINE_color_cielab_accidents4.jpg')])
28.8161 	EXP 	text_10: autoDraw = False
28.8161 	EXP 	image: image = '../stimuli/matched_images/SHINE_color_cielab_accidents4.jpg'
28.8161 	EXP 	image: autoDraw = True
30.8639 	EXP 	image: autoDraw = False
30.8639 	EXP 	image_4: image = '../stimuli/matched_images/SHINE_color_cielab_accidents4.jpg'
30.8639 	EXP 	slider_2: markerPos = None
30.8639 	EXP 	slider_2: markerPos = None
30.8639 	EXP 	slider_2: rating = None
30.8639 	EXP 	slider_3: markerPos = None
30.8639 	EXP 	slider_3: markerPos = None
30.8639 	EXP 	slider_3: rating = None
30.8639 	EXP 	slider_5: markerPos = None
30.8639 	EXP 	slider_5: markerPos = None
30.8639 	EXP 	slider_5: rating = None
30.8639 	EXP 	slider_6: markerPos = None
30.8639 	EXP 	slider_6: markerPos = None
30.8639 	EXP 	slider_6: rating = None
30.8639 	EXP 	slider_7: markerPos = None
30.8639 	EXP 	slider_7: markerPos = None
30.8639 	EXP 	slider_7: rating = None
30.8639 	EXP 	image_4: autoDraw = True
30.8639 	EXP 	text_5: autoDraw = True
30.8639 	EXP 	image_2: autoDraw = True
30.8639 	EXP 	slider_2: autoDraw = True
30.8639 	EXP 	text_11: autoDraw = True
30.8639 	EXP 	image_3: autoDraw = True
30.8639 	EXP 	slider_3: autoDraw = True
30.8639 	EXP 	text: autoDraw = True
30.8639 	EXP 	slider_5: autoDraw = True
30.8639 	EXP 	text_4: autoDraw = True
30.8639 	EXP 	slider_6: autoDraw = True
30.8639 	EXP 	text_12: autoDraw = True
30.8639 	EXP 	slider_7: autoDraw = True
30.8639 	EXP 	text_14: autoDraw = True
40.5451 	DATA 	Mouse: Left button down, pos=(872,144)
40.5732 	EXP 	slider_7: markerPos = 7.870370370370371
40.6067 	EXP 	slider_7: markerPos = 7.870370370370371
40.6397 	EXP 	slider_7: markerPos = 7.870370370370371
40.6723 	EXP 	slider_7: markerPos = 7.870370370370371
40.7059 	EXP 	slider_7: markerPos = 7.870370370370371
40.7393 	EXP 	slider_7: markerPos = 7.870370370370371
40.7453 	DATA 	Mouse:  Left button up, pos=(872,144)
40.7726 	EXP 	slider_7: markerPos = 7.870370370370371
40.7726 	EXP 	slider_7: rating = 7.870370370370371
42.8272 	DATA 	Mouse: Left button down, pos=(495,327)
42.8543 	EXP 	slider_5: markerPos = 4.976851851851852
42.8874 	EXP 	slider_5: markerPos = 4.976851851851852
42.9208 	EXP 	slider_5: markerPos = 4.976851851851852
42.9544 	EXP 	slider_5: markerPos = 4.976851851851852
42.9875 	EXP 	slider_5: markerPos = 4.976851851851852
43.0205 	EXP 	slider_5: markerPos = 4.976851851851852
43.0542 	EXP 	slider_5: markerPos = 4.976851851851852
43.0601 	DATA 	Mouse:  Left button up, pos=(495,327)
43.0874 	EXP 	slider_5: markerPos = 4.976851851851852
43.0874 	EXP 	slider_5: rating = 4.976851851851852
44.8245 	DATA 	Mouse: Left button down, pos=(1090,321)
44.8527 	EXP 	slider_6: markerPos = 7.083333333333334
44.8859 	EXP 	slider_6: markerPos = 7.083333333333334
44.9194 	EXP 	slider_6: markerPos = 7.083333333333334
44.9524 	EXP 	slider_6: markerPos = 7.083333333333334
44.9866 	EXP 	slider_6: markerPos = 7.083333333333334
45.0192 	EXP 	slider_6: markerPos = 7.083333333333334
45.0524 	EXP 	slider_6: markerPos = 7.083333333333334
45.0582 	DATA 	Mouse:  Left button up, pos=(1090,321)
45.0858 	EXP 	slider_6: markerPos = 7.083333333333334
45.0858 	EXP 	slider_6: rating = 7.083333333333334
46.7029 	DATA 	Mouse: Left button down, pos=(585,498)
46.7508 	EXP 	slider_2: markerPos = 7.060185185185185
46.7844 	EXP 	slider_2: markerPos = 7.060185185185185
46.8173 	EXP 	slider_2: markerPos = 7.060185185185185
46.8510 	EXP 	slider_2: markerPos = 7.060185185185185
46.8843 	EXP 	slider_2: markerPos = 7.060185185185185
46.9175 	EXP 	slider_2: markerPos = 7.060185185185185
46.9330 	DATA 	Mouse:  Left button up, pos=(585,498)
46.9506 	EXP 	slider_2: markerPos = 7.060185185185185
46.9842 	EXP 	slider_2: markerPos = 7.060185185185185
46.9842 	EXP 	slider_2: rating = 7.060185185185185
49.2478 	DATA 	Mouse: Left button down, pos=(1047,505)
49.2992 	EXP 	slider_3: markerPos = 6.087962962962963
49.3327 	EXP 	slider_3: markerPos = 6.087962962962963
49.3654 	EXP 	slider_3: markerPos = 6.087962962962963
49.3994 	EXP 	slider_3: markerPos = 6.087962962962963
49.4325 	EXP 	slider_3: markerPos = 6.087962962962963
49.4657 	EXP 	slider_3: markerPos = 6.087962962962963
49.4706 	DATA 	Mouse:  Left button up, pos=(1047,505)
49.4985 	EXP 	slider_3: markerPos = 6.087962962962963
49.4985 	EXP 	slider_3: rating = 6.087962962962963
52.0829 	EXP 	New trial (rep=0, index=1): OrderedDict([('stimuli', '../stimuli/matched_images/SHINE_color_cielab_accidents0.jpg')])
52.0995 	DATA 	Keypress: space
52.1138 	EXP 	image_4: autoDraw = False
52.1138 	EXP 	text_5: autoDraw = False
52.1138 	EXP 	image_2: autoDraw = False
52.1138 	EXP 	slider_2: autoDraw = False
52.1138 	EXP 	text_11: autoDraw = False
52.1138 	EXP 	image_3: autoDraw = False
52.1138 	EXP 	slider_3: autoDraw = False
52.1138 	EXP 	text: autoDraw = False
52.1138 	EXP 	slider_5: autoDraw = False
52.1138 	EXP 	text_4: autoDraw = False
52.1138 	EXP 	slider_6: autoDraw = False
52.1138 	EXP 	text_12: autoDraw = False
52.1138 	EXP 	slider_7: autoDraw = False
52.1138 	EXP 	text_14: autoDraw = False
52.1138 	EXP 	image: image = '../stimuli/matched_images/SHINE_color_cielab_accidents0.jpg'
52.1138 	EXP 	image: autoDraw = True
53.2663 	DATA 	Keypress: escape
53.3895 	EXP 	window1: mouseVisible = True
