5.9618 	WARNING 	We strongly recommend you activate the PTB sound engine in PsychoPy prefs as the preferred audio engine. Its timing is vastly superior. Your prefs are currently set to use ['sounddevice', 'PTB', 'pyo', 'pygame'] (in that order).
20.0797 	EXP 	Created window1 = Window(allowGUI=True, allowStencil=False, autoLog=True, backendConf=UNKNOWN, bitsMode=UNKNOWN, blendMode='avg', bpc=(8, 8, 8), color=array([0, 0, 0]), colorSpace='rgb', depthBits=8, fullscr=<method-wrapper '__getattribute__' of attributeSetter object at 0x0000027A57B85DD8>, gamma=None, gammaErrorPolicy='raise', lms=UNKNOWN, monitor=<psychopy.monitors.calibTools.Monitor object at 0x0000027A57AEE400>, multiSample=False, name='window1', numSamples=2, pos=[320.0, 180.0], screen=0, size=array([1280,  720]), stencilBits=0, stereo=False, units='height', useFBO=True, useRetina=False, viewOri=0.0, viewPos=None, viewScale=None, waitBlanking=True, winType='pyglet')
20.0798 	EXP 	window1: mouseVisible = True
20.0799 	EXP 	window1: recordFrameIntervals = False
20.2464 	EXP 	window1: recordFrameIntervals = True
20.4793 	EXP 	window1: recordFrameIntervals = False
21.2265 	EXP 	Created text_1 = TextStim(__class__=<class 'psychopy.visual.text.TextStim'>, alignHoriz=method-wrapper(...), alignText='center', alignVert=method-wrapper(...), anchorHoriz='center', anchorVert='center', antialias=True, autoLog=True, bold=False, color=array([1., 1., 1.]), colorSpace='rgb', contrast=1.0, depth=0.0, flipHoriz=False, flipVert=False, font='Open Sans', fontFiles=[], height=0.05, italic=False, languageStyle='LTR', name='text_1', opacity=1, ori=0.0, pos=array([0., 0.]), rgb=UNKNOWN, text=str(...), units='height', win=Window(...), wrapWidth=1)
21.2425 	EXP 	Created text_6 = TextStim(__class__=<class 'psychopy.visual.text.TextStim'>, alignHoriz=method-wrapper(...), alignText='center', alignVert=method-wrapper(...), anchorHoriz='center', anchorVert='center', antialias=True, autoLog=True, bold=False, color=array([1., 1., 1.]), colorSpace='rgb', contrast=1.0, depth=0.0, flipHoriz=False, flipVert=False, font='Open Sans', fontFiles=[], height=0.03, italic=False, languageStyle='LTR', name='text_6', opacity=1, ori=0.0, pos=array([0. , 0.3]), rgb=UNKNOWN, text=str(...), units='height', win=Window(...), wrapWidth=1)
21.2912 	EXP 	Created example_pic1 = ImageStim(__class__=<class 'psychopy.visual.image.ImageStim'>, autoLog=True, color=array([1., 1., 1.]), colorSpace='rgb', contrast=1.0, depth=-1.0, flipHoriz=False, flipVert=False, image=str(...), interpolate=True, mask=None, maskParams=None, name='example_pic1', opacity=1, ori=0.0, pos=array([0.3, 0.1]), size=array([0.3, 0.3]), texRes=128.0, units='height', win=Window(...))
21.3269 	EXP 	Created example_pic2 = ImageStim(__class__=<class 'psychopy.visual.image.ImageStim'>, autoLog=True, color=array([1., 1., 1.]), colorSpace='rgb', contrast=1.0, depth=-2.0, flipHoriz=False, flipVert=False, image=str(...), interpolate=True, mask=None, maskParams=None, name='example_pic2', opacity=1, ori=0.0, pos=array([-0.3,  0.1]), size=array([0.3, 0.3]), texRes=128.0, units='height', win=Window(...))
21.3363 	EXP 	Created text_7 = TextStim(__class__=<class 'psychopy.visual.text.TextStim'>, alignHoriz=method-wrapper(...), alignText='center', alignVert=method-wrapper(...), anchorHoriz='center', anchorVert='center', antialias=True, autoLog=True, bold=False, color=array([1., 1., 1.]), colorSpace='rgb', contrast=1.0, depth=-3.0, flipHoriz=False, flipVert=False, font='Open Sans', fontFiles=[], height=0.03, italic=False, languageStyle='LTR', name='text_7', opacity=1, ori=0.0, pos=array([ 0. , -0.2]), rgb=UNKNOWN, text=str(...), units='height', win=Window(...), wrapWidth=1)
21.3403 	EXP 	Created text_8 = TextStim(__class__=<class 'psychopy.visual.text.TextStim'>, alignHoriz=method-wrapper(...), alignText='center', alignVert=method-wrapper(...), anchorHoriz='center', anchorVert='center', antialias=True, autoLog=True, bold=False, color=array([1., 1., 1.]), colorSpace='rgb', contrast=1.0, depth=-4.0, flipHoriz=False, flipVert=False, font='Open Sans', fontFiles=[], height=0.05, italic=False, languageStyle='LTR', name='text_8', opacity=1, ori=0.0, pos=array([ 0. , -0.4]), rgb=UNKNOWN, text='Press SPACE to continue\n', units='height', win=Window(...), wrapWidth=1)
21.3509 	EXP 	Created text_9 = TextStim(__class__=<class 'psychopy.visual.text.TextStim'>, alignHoriz=method-wrapper(...), alignText='center', alignVert=method-wrapper(...), anchorHoriz='center', anchorVert='center', antialias=True, autoLog=True, bold=False, color=array([1., 1., 1.]), colorSpace='rgb', contrast=1.0, depth=0.0, flipHoriz=False, flipVert=False, font='Open Sans', fontFiles=[], height=0.03, italic=False, languageStyle='LTR', name='text_9', opacity=1, ori=0.0, pos=array([0. , 0.4]), rgb=UNKNOWN, text=str(...), units='height', win=Window(...), wrapWidth=1)
21.3576 	EXP 	Created text_13 = TextStim(__class__=<class 'psychopy.visual.text.TextStim'>, alignHoriz=method-wrapper(...), alignText='center', alignVert=method-wrapper(...), anchorHoriz='center', anchorVert='center', antialias=True, autoLog=True, bold=False, color=array([1., 1., 1.]), colorSpace='rgb', contrast=1.0, depth=-1.0, flipHoriz=False, flipVert=False, font='Open Sans', fontFiles=[], height=0.03, italic=False, languageStyle='LTR', name='text_13', opacity=1, ori=0.0, pos=array([ 0.  , -0.45]), rgb=UNKNOWN, text='Press SPACE to continue', units='height', win=Window(...), wrapWidth=1)
21.3653 	EXP 	Created text_10 = TextStim(__class__=<class 'psychopy.visual.text.TextStim'>, alignHoriz=method-wrapper(...), alignText='center', alignVert=method-wrapper(...), anchorHoriz='center', anchorVert='center', antialias=True, autoLog=True, bold=False, color=array([1., 1., 1.]), colorSpace='rgb', contrast=1.0, depth=0.0, flipHoriz=False, flipVert=False, font='Open Sans', fontFiles=[], height=0.03, italic=False, languageStyle='LTR', name='text_10', opacity=1, ori=0.0, pos=array([0., 0.]), rgb=UNKNOWN, text=str(...), units='height', win=Window(...), wrapWidth=1)
21.3706 	EXP 	Created image = ImageStim(__class__=<class 'psychopy.visual.image.ImageStim'>, autoLog=True, color=array([1., 1., 1.]), colorSpace='rgb', contrast=1.0, depth=0.0, flipHoriz=False, flipVert=False, image='sin', interpolate=True, mask=None, maskParams=None, name='image', opacity=1, ori=0.0, pos=array([0., 0.]), size=array([0.6, 0.6]), texRes=128.0, units='height', win=Window(...))
21.3774 	EXP 	Created image_4 = ImageStim(__class__=<class 'psychopy.visual.image.ImageStim'>, autoLog=True, color=array([1., 1., 1.]), colorSpace='rgb', contrast=1.0, depth=0.0, flipHoriz=False, flipVert=False, image='sin', interpolate=True, mask=None, maskParams=None, name='image_4', opacity=1, ori=0.0, pos=array([-0.7,  0. ]), size=array([0.3, 0.3]), texRes=128.0, units='height', win=Window(...))
21.3866 	EXP 	Created text_5 = TextStim(__class__=<class 'psychopy.visual.text.TextStim'>, alignHoriz=method-wrapper(...), alignText='center', alignVert=method-wrapper(...), anchorHoriz='center', anchorVert='center', antialias=True, autoLog=True, bold=False, color=array([1., 1., 1.]), colorSpace='rgb', contrast=1.0, depth=-1.0, flipHoriz=False, flipVert=False, font='Open Sans', fontFiles=[], height=0.03, italic=False, languageStyle='LTR', name='text_5', opacity=1, ori=0.0, pos=array([-0.2,  0.4]), rgb=UNKNOWN, text=str(...), units='height', win=Window(...), wrapWidth=1)
21.4376 	EXP 	Created image_2 = ImageStim(__class__=<class 'psychopy.visual.image.ImageStim'>, autoLog=True, color=array([1., 1., 1.]), colorSpace='rgb', contrast=1.0, depth=-2.0, flipHoriz=False, flipVert=False, image='arousal_rating.png', interpolate=True, mask=None, maskParams=None, name='image_2', opacity=1, ori=0.0, pos=array([-0.2,  0.3]), size=array([0.6 , 0.12]), texRes=128.0, units='height', win=Window(...))
21.4523 	EXP 	window1: mouseVisible = True
21.4636 	EXP 	Created slider_2 = Slider(__class__=<class 'psychopy.visual.slider.Slider'>, autoDraw=False, autoLog=True, borderColor=None, color=None, colorSpace='rgb', depth=-3, fillColor=None, flip=False, font='Open Sans', granularity=0.0, labelHeight=0.02, labelWrapWidth=None, labels=None, name='slider_2', opacity=None, pos=(-0.2, 0.2), readOnly=False, self=UNKNOWN, size=(0.48, 0.036), startValue=None, style=method-wrapper(...), styleTweaks=method-wrapper(...), ticks=array([1, 2, 3, 4, 5, 6, 7, 8, 9]), units='height', win=Window(...))
21.4738 	EXP 	Created text_11 = TextStim(__class__=<class 'psychopy.visual.text.TextStim'>, alignHoriz=method-wrapper(...), alignText='center', alignVert=method-wrapper(...), anchorHoriz='center', anchorVert='center', antialias=True, autoLog=True, bold=False, color=array([1., 1., 1.]), colorSpace='rgb', contrast=1.0, depth=-4.0, flipHoriz=False, flipVert=False, font='Open Sans', fontFiles=[], height=0.03, italic=False, languageStyle='LTR', name='text_11', opacity=1, ori=0.0, pos=array([0.5, 0.4]), rgb=UNKNOWN, text=str(...), units='height', win=Window(...), wrapWidth=1)
21.5151 	EXP 	Created image_3 = ImageStim(__class__=<class 'psychopy.visual.image.ImageStim'>, autoLog=True, color=array([1., 1., 1.]), colorSpace='rgb', contrast=1.0, depth=-5.0, flipHoriz=False, flipVert=False, image='valence_rating.png', interpolate=True, mask=None, maskParams=None, name='image_3', opacity=1, ori=0.0, pos=array([0.5, 0.3]), size=array([0.6 , 0.12]), texRes=128.0, units='height', win=Window(...))
21.5234 	EXP 	window1: mouseVisible = True
21.5324 	EXP 	Created slider_3 = Slider(__class__=<class 'psychopy.visual.slider.Slider'>, autoDraw=False, autoLog=True, borderColor=None, color=None, colorSpace='rgb', depth=-6, fillColor=None, flip=False, font='Open Sans', granularity=0.0, labelHeight=0.02, labelWrapWidth=None, labels=None, name='slider_3', opacity=None, pos=(0.5, 0.2), readOnly=False, self=UNKNOWN, size=(0.48, 0.036), startValue=None, style=method-wrapper(...), styleTweaks=method-wrapper(...), ticks=array([1, 2, 3, 4, 5, 6, 7, 8, 9]), units='height', win=Window(...))
21.5427 	EXP 	Created text = TextStim(__class__=<class 'psychopy.visual.text.TextStim'>, alignHoriz=method-wrapper(...), alignText='center', alignVert=method-wrapper(...), anchorHoriz='center', anchorVert='center', antialias=True, autoLog=True, bold=False, color=array([1., 1., 1.]), colorSpace='rgb', contrast=1.0, depth=-7.0, flipHoriz=False, flipVert=False, font='Open Sans', fontFiles=[], height=0.03, italic=False, languageStyle='LTR', name='text', opacity=1, ori=0.0, pos=array([-0.2,  0.1]), rgb=UNKNOWN, text=str(...), units='height', win=Window(...), wrapWidth=1)
21.5497 	EXP 	window1: mouseVisible = True
21.5620 	EXP 	Created slider_5 = Slider(__class__=<class 'psychopy.visual.slider.Slider'>, autoDraw=False, autoLog=True, borderColor=None, color=None, colorSpace='rgb', depth=-8, fillColor=None, flip=False, font='Open Sans', granularity=0.0, labelHeight=0.02, labelWrapWidth=None, labels=None, name='slider_5', opacity=None, pos=(-0.2, 0.0), readOnly=False, self=UNKNOWN, size=(0.48, 0.036), startValue=None, style=method-wrapper(...), styleTweaks=method-wrapper(...), ticks=array([1, 2, 3, 4, 5, 6, 7, 8, 9]), units='height', win=Window(...))
21.5732 	EXP 	Created text_4 = TextStim(__class__=<class 'psychopy.visual.text.TextStim'>, alignHoriz=method-wrapper(...), alignText='center', alignVert=method-wrapper(...), anchorHoriz='center', anchorVert='center', antialias=True, autoLog=True, bold=False, color=array([1., 1., 1.]), colorSpace='rgb', contrast=1.0, depth=-9.0, flipHoriz=False, flipVert=False, font='Open Sans', fontFiles=[], height=0.03, italic=False, languageStyle='LTR', name='text_4', opacity=1, ori=0.0, pos=array([0.5, 0.1]), rgb=UNKNOWN, text=str(...), units='height', win=Window(...), wrapWidth=1)
21.5806 	EXP 	window1: mouseVisible = True
21.5913 	EXP 	Created slider_6 = Slider(__class__=<class 'psychopy.visual.slider.Slider'>, autoDraw=False, autoLog=True, borderColor=None, color=None, colorSpace='rgb', depth=-10, fillColor=None, flip=False, font='Open Sans', granularity=0.0, labelHeight=0.02, labelWrapWidth=None, labels=None, name='slider_6', opacity=None, pos=(0.5, 0.0), readOnly=False, self=UNKNOWN, size=(0.48, 0.036), startValue=None, style=method-wrapper(...), styleTweaks=method-wrapper(...), ticks=array([1, 2, 3, 4, 5, 6, 7, 8, 9]), units='height', win=Window(...))
21.6044 	EXP 	Created text_14 = TextStim(__class__=<class 'psychopy.visual.text.TextStim'>, alignHoriz=method-wrapper(...), alignText='center', alignVert=method-wrapper(...), anchorHoriz='center', anchorVert='center', antialias=True, autoLog=True, bold=False, color=array([1., 1., 1.]), colorSpace='rgb', contrast=1.0, depth=-12.0, flipHoriz=False, flipVert=False, font='Open Sans', fontFiles=[], height=0.03, italic=False, languageStyle='LTR', name='text_14', opacity=1, ori=0.0, pos=array([ 0.  , -0.45]), rgb=UNKNOWN, text='Press SPACE after rating to continue\n', units='height', win=Window(...), wrapWidth=1)
21.6630 	EXP 	slider_2: autoLog = True
21.6630 	EXP 	slider_2: markerPos = None
21.6630 	EXP 	slider_2: rating = None
21.6630 	EXP 	slider_2: markerPos = None
21.6630 	EXP 	slider_2: contrast = 1.0
21.6630 	EXP 	slider_2: autoLog = True
21.6630 	EXP 	slider_2: styleTweaks = []
21.6630 	EXP 	slider_2: style = 'rating'
21.6630 	EXP 	slider_2: styleTweaks = []
21.6630 	EXP 	slider_3: autoLog = True
21.6630 	EXP 	slider_3: markerPos = None
21.6630 	EXP 	slider_3: rating = None
21.6630 	EXP 	slider_3: markerPos = None
21.6630 	EXP 	slider_3: contrast = 1.0
21.6630 	EXP 	slider_3: autoLog = True
21.6630 	EXP 	slider_3: styleTweaks = []
21.6630 	EXP 	slider_3: style = 'rating'
21.6630 	EXP 	slider_3: styleTweaks = []
21.6630 	EXP 	slider_5: autoLog = True
21.6630 	EXP 	slider_5: markerPos = None
21.6630 	EXP 	slider_5: rating = None
21.6630 	EXP 	slider_5: markerPos = None
21.6630 	EXP 	slider_5: contrast = 1.0
21.6630 	EXP 	slider_5: autoLog = True
21.6630 	EXP 	slider_5: styleTweaks = []
21.6630 	EXP 	slider_5: style = 'rating'
21.6630 	EXP 	slider_5: styleTweaks = []
21.6630 	EXP 	slider_6: autoLog = True
21.6630 	EXP 	slider_6: markerPos = None
21.6630 	EXP 	slider_6: rating = None
21.6630 	EXP 	slider_6: markerPos = None
21.6630 	EXP 	slider_6: contrast = 1.0
21.6630 	EXP 	slider_6: autoLog = True
21.6630 	EXP 	slider_6: styleTweaks = []
21.6630 	EXP 	slider_6: style = 'rating'
21.6630 	EXP 	slider_6: styleTweaks = []
21.6630 	EXP 	text_1: autoDraw = True
22.8525 	DATA 	Keypress: space
22.9768 	EXP 	text_1: autoDraw = False
22.9768 	EXP 	text_6: autoDraw = True
22.9768 	EXP 	example_pic1: autoDraw = True
22.9768 	EXP 	example_pic2: autoDraw = True
22.9768 	EXP 	text_7: autoDraw = True
22.9768 	EXP 	text_8: autoDraw = True
24.7873 	DATA 	Keypress: space
24.8428 	EXP 	text_6: autoDraw = False
24.8428 	EXP 	example_pic1: autoDraw = False
24.8428 	EXP 	example_pic2: autoDraw = False
24.8428 	EXP 	text_7: autoDraw = False
24.8428 	EXP 	text_8: autoDraw = False
24.8428 	EXP 	text_9: autoDraw = True
24.8428 	EXP 	text_13: autoDraw = True
26.2827 	DATA 	Keypress: space
26.2903 	EXP 	text_9: autoDraw = False
26.2903 	EXP 	text_13: autoDraw = False
26.2903 	EXP 	text_10: autoDraw = True
30.5526 	EXP 	Imported stimuli.csv as conditions, 5 conditions, 1 params
30.5569 	EXP 	Created sequence: random, trialTypes=5, nReps=1, seed=1
30.5572 	EXP 	New trial (rep=0, index=0): OrderedDict([('stimuli', '../stimuli/matched_images/SHINE_color_cielab_accidents4.jpg')])
30.5684 	DATA 	Keypress: space
30.5868 	EXP 	text_10: autoDraw = False
30.5868 	EXP 	image: image = '../stimuli/matched_images/SHINE_color_cielab_accidents4.jpg'
30.5868 	EXP 	image: autoDraw = True
32.6830 	EXP 	image: autoDraw = False
32.6830 	EXP 	image_4: image = '../stimuli/matched_images/SHINE_color_cielab_accidents4.jpg'
32.6830 	EXP 	slider_2: markerPos = None
32.6830 	EXP 	slider_2: markerPos = None
32.6830 	EXP 	slider_2: rating = None
32.6830 	EXP 	slider_3: markerPos = None
32.6830 	EXP 	slider_3: markerPos = None
32.6830 	EXP 	slider_3: rating = None
32.6830 	EXP 	slider_5: markerPos = None
32.6830 	EXP 	slider_5: markerPos = None
32.6830 	EXP 	slider_5: rating = None
32.6830 	EXP 	slider_6: markerPos = None
32.6830 	EXP 	slider_6: markerPos = None
32.6830 	EXP 	slider_6: rating = None
32.6830 	EXP 	image_4: autoDraw = True
32.6830 	EXP 	text_5: autoDraw = True
32.6830 	EXP 	image_2: autoDraw = True
32.6830 	EXP 	slider_2: autoDraw = True
32.6830 	EXP 	text_11: autoDraw = True
32.6830 	EXP 	image_3: autoDraw = True
32.6830 	EXP 	slider_3: autoDraw = True
32.6830 	EXP 	text: autoDraw = True
32.6830 	EXP 	slider_5: autoDraw = True
32.6830 	EXP 	text_4: autoDraw = True
32.6830 	EXP 	slider_6: autoDraw = True
32.6830 	EXP 	text_14: autoDraw = True
78.9586 	DATA 	Keypress: escape
79.0925 	EXP 	window1: mouseVisible = True
