2.3278 	WARNING 	We strongly recommend you activate the PTB sound engine in PsychoPy prefs as the preferred audio engine. Its timing is vastly superior. Your prefs are currently set to use ['sounddevice', 'PTB', 'pyo', 'pygame'] (in that order).
6.0608 	WARNING 	User requested fullscreen with size [1280  720], but screen is actually [1920, 1080]. Using actual size
7.6749 	EXP 	Created window1 = Window(allowGUI=True, allowStencil=False, autoLog=True, backendConf=UNKNOWN, bitsMode=UNKNOWN, blendMode='avg', bpc=(8, 8, 8), color=array([0, 0, 0]), colorSpace='rgb', depthBits=8, fullscr=<method-wrapper '__getattribute__' of attributeSetter object at 0x000001FB801F6A20>, gamma=None, gammaErrorPolicy='raise', lms=UNKNOWN, monitor=<psychopy.monitors.calibTools.Monitor object at 0x000001FB801D9048>, multiSample=False, name='window1', numSamples=2, pos=[0.0, 0.0], screen=0, size=array([1920, 1080]), stencilBits=0, stereo=False, units='height', useFBO=True, useRetina=False, viewOri=0.0, viewPos=None, viewScale=None, waitBlanking=True, winType='pyglet')
7.6751 	EXP 	window1: mouseVisible = True
7.6752 	EXP 	window1: recordFrameIntervals = False
7.8402 	EXP 	window1: recordFrameIntervals = True
8.0239 	EXP 	window1: recordFrameIntervals = False
8.5785 	EXP 	Created text_1 = TextStim(__class__=<class 'psychopy.visual.text.TextStim'>, alignHoriz=method-wrapper(...), alignText='center', alignVert=method-wrapper(...), anchorHoriz='center', anchorVert='center', antialias=True, autoLog=True, bold=False, color=array([1., 1., 1.]), colorSpace='rgb', contrast=1.0, depth=0.0, flipHoriz=False, flipVert=False, font='Open Sans', fontFiles=[], height=0.05, italic=False, languageStyle='LTR', name='text_1', opacity=1, ori=0.0, pos=array([0., 0.]), rgb=UNKNOWN, text=str(...), units='height', win=Window(...), wrapWidth=1)
8.6087 	EXP 	Created text_6 = TextStim(__class__=<class 'psychopy.visual.text.TextStim'>, alignHoriz=method-wrapper(...), alignText='center', alignVert=method-wrapper(...), anchorHoriz='center', anchorVert='center', antialias=True, autoLog=True, bold=False, color=array([1., 1., 1.]), colorSpace='rgb', contrast=1.0, depth=0.0, flipHoriz=False, flipVert=False, font='Open Sans', fontFiles=[], height=0.03, italic=False, languageStyle='LTR', name='text_6', opacity=1, ori=0.0, pos=array([0. , 0.3]), rgb=UNKNOWN, text=str(...), units='height', win=Window(...), wrapWidth=1)
8.6542 	EXP 	Created example_pic1 = ImageStim(__class__=<class 'psychopy.visual.image.ImageStim'>, autoLog=True, color=array([1., 1., 1.]), colorSpace='rgb', contrast=1.0, depth=-1.0, flipHoriz=False, flipVert=False, image=str(...), interpolate=True, mask=None, maskParams=None, name='example_pic1', opacity=1, ori=0.0, pos=array([0.3, 0.1]), size=array([0.3, 0.3]), texRes=128.0, units='height', win=Window(...))
8.6828 	EXP 	Created example_pic2 = ImageStim(__class__=<class 'psychopy.visual.image.ImageStim'>, autoLog=True, color=array([1., 1., 1.]), colorSpace='rgb', contrast=1.0, depth=-2.0, flipHoriz=False, flipVert=False, image=str(...), interpolate=True, mask=None, maskParams=None, name='example_pic2', opacity=1, ori=0.0, pos=array([-0.3,  0.1]), size=array([0.3, 0.3]), texRes=128.0, units='height', win=Window(...))
8.6903 	EXP 	Created text_7 = TextStim(__class__=<class 'psychopy.visual.text.TextStim'>, alignHoriz=method-wrapper(...), alignText='center', alignVert=method-wrapper(...), anchorHoriz='center', anchorVert='center', antialias=True, autoLog=True, bold=False, color=array([1., 1., 1.]), colorSpace='rgb', contrast=1.0, depth=-3.0, flipHoriz=False, flipVert=False, font='Open Sans', fontFiles=[], height=0.03, italic=False, languageStyle='LTR', name='text_7', opacity=1, ori=0.0, pos=array([ 0. , -0.2]), rgb=UNKNOWN, text=str(...), units='height', win=Window(...), wrapWidth=1)
8.6947 	EXP 	Created text_8 = TextStim(__class__=<class 'psychopy.visual.text.TextStim'>, alignHoriz=method-wrapper(...), alignText='center', alignVert=method-wrapper(...), anchorHoriz='center', anchorVert='center', antialias=True, autoLog=True, bold=False, color=array([1., 1., 1.]), colorSpace='rgb', contrast=1.0, depth=-4.0, flipHoriz=False, flipVert=False, font='Open Sans', fontFiles=[], height=0.05, italic=False, languageStyle='LTR', name='text_8', opacity=1, ori=0.0, pos=array([ 0. , -0.4]), rgb=UNKNOWN, text='Press SPACE to continue\n', units='height', win=Window(...), wrapWidth=1)
8.7019 	EXP 	Created text_9 = TextStim(__class__=<class 'psychopy.visual.text.TextStim'>, alignHoriz=method-wrapper(...), alignText='center', alignVert=method-wrapper(...), anchorHoriz='center', anchorVert='center', antialias=True, autoLog=True, bold=False, color=array([1., 1., 1.]), colorSpace='rgb', contrast=1.0, depth=0.0, flipHoriz=False, flipVert=False, font='Open Sans', fontFiles=[], height=0.03, italic=False, languageStyle='LTR', name='text_9', opacity=1, ori=0.0, pos=array([0. , 0.4]), rgb=UNKNOWN, text=str(...), units='height', win=Window(...), wrapWidth=1)
8.7073 	EXP 	Created text_13 = TextStim(__class__=<class 'psychopy.visual.text.TextStim'>, alignHoriz=method-wrapper(...), alignText='center', alignVert=method-wrapper(...), anchorHoriz='center', anchorVert='center', antialias=True, autoLog=True, bold=False, color=array([1., 1., 1.]), colorSpace='rgb', contrast=1.0, depth=-1.0, flipHoriz=False, flipVert=False, font='Open Sans', fontFiles=[], height=0.03, italic=False, languageStyle='LTR', name='text_13', opacity=1, ori=0.0, pos=array([ 0.  , -0.45]), rgb=UNKNOWN, text='Press SPACE to continue', units='height', win=Window(...), wrapWidth=1)
8.7133 	EXP 	Created text_10 = TextStim(__class__=<class 'psychopy.visual.text.TextStim'>, alignHoriz=method-wrapper(...), alignText='center', alignVert=method-wrapper(...), anchorHoriz='center', anchorVert='center', antialias=True, autoLog=True, bold=False, color=array([1., 1., 1.]), colorSpace='rgb', contrast=1.0, depth=0.0, flipHoriz=False, flipVert=False, font='Open Sans', fontFiles=[], height=0.03, italic=False, languageStyle='LTR', name='text_10', opacity=1, ori=0.0, pos=array([0., 0.]), rgb=UNKNOWN, text=str(...), units='height', win=Window(...), wrapWidth=1)
8.7170 	EXP 	Created image = ImageStim(__class__=<class 'psychopy.visual.image.ImageStim'>, autoLog=True, color=array([1., 1., 1.]), colorSpace='rgb', contrast=1.0, depth=0.0, flipHoriz=False, flipVert=False, image='sin', interpolate=True, mask=None, maskParams=None, name='image', opacity=1, ori=0.0, pos=array([0., 0.]), size=array([0.4, 0.4]), texRes=128.0, units='height', win=Window(...))
8.7538 	EXP 	Created image_2 = ImageStim(__class__=<class 'psychopy.visual.image.ImageStim'>, autoLog=True, color=array([1., 1., 1.]), colorSpace='rgb', contrast=1.0, depth=0.0, flipHoriz=False, flipVert=False, image='arousal_rating.png', interpolate=True, mask=None, maskParams=None, name='image_2', opacity=1, ori=0.0, pos=array([0.  , 0.14]), size=array([1. , 0.2]), texRes=128.0, units='height', win=Window(...))
8.7643 	EXP 	window1: mouseVisible = True
8.7741 	EXP 	Created slider_2 = Slider(__class__=<class 'psychopy.visual.slider.Slider'>, autoDraw=False, autoLog=True, borderColor=None, color=None, colorSpace='rgb', depth=-1, fillColor=None, flip=False, font='Open Sans', granularity=0.0, labelHeight=0.02, labelWrapWidth=None, labels=None, name='slider_2', opacity=None, pos=(0.0, 0.0), readOnly=False, self=UNKNOWN, size=(0.8, 0.03), startValue=None, style=method-wrapper(...), styleTweaks=method-wrapper(...), ticks=array([1, 2, 3, 4, 5, 6, 7, 8, 9]), units='height', win=Window(...))
8.8116 	EXP 	Created image_3 = ImageStim(__class__=<class 'psychopy.visual.image.ImageStim'>, autoLog=True, color=array([1., 1., 1.]), colorSpace='rgb', contrast=1.0, depth=-2.0, flipHoriz=False, flipVert=False, image='valence_rating.png', interpolate=True, mask=None, maskParams=None, name='image_3', opacity=1, ori=0.0, pos=array([ 0. , -0.2]), size=array([1. , 0.2]), texRes=128.0, units='height', win=Window(...))
8.8182 	EXP 	window1: mouseVisible = True
8.8262 	EXP 	Created slider_3 = Slider(__class__=<class 'psychopy.visual.slider.Slider'>, autoDraw=False, autoLog=True, borderColor=None, color=None, colorSpace='rgb', depth=-3, fillColor=None, flip=False, font='Open Sans', granularity=0.0, labelHeight=0.02, labelWrapWidth=None, labels=None, name='slider_3', opacity=None, pos=(0.0, -0.35), readOnly=False, self=UNKNOWN, size=(0.8, 0.03), startValue=None, style=method-wrapper(...), styleTweaks=method-wrapper(...), ticks=array([1, 2, 3, 4, 5, 6, 7, 8, 9]), units='height', win=Window(...))
8.8343 	EXP 	Created text_14 = TextStim(__class__=<class 'psychopy.visual.text.TextStim'>, alignHoriz=method-wrapper(...), alignText='center', alignVert=method-wrapper(...), anchorHoriz='center', anchorVert='center', antialias=True, autoLog=True, bold=False, color=array([1., 1., 1.]), colorSpace='rgb', contrast=1.0, depth=-5.0, flipHoriz=False, flipVert=False, font='Open Sans', fontFiles=[], height=0.03, italic=False, languageStyle='LTR', name='text_14', opacity=1, ori=0.0, pos=array([ 0.  , -0.45]), rgb=UNKNOWN, text='Press SPACE after rating to continue\n', units='height', win=Window(...), wrapWidth=1)
8.8407 	EXP 	window1: mouseVisible = True
8.8490 	EXP 	Created slider = Slider(__class__=<class 'psychopy.visual.slider.Slider'>, autoDraw=False, autoLog=True, borderColor=None, color=None, colorSpace='rgb', depth=0, fillColor=None, flip=False, font='Open Sans', granularity=0.0, labelHeight=0.02, labelWrapWidth=None, labels=None, name='slider', opacity=None, pos=(0, 0.35), readOnly=False, self=UNKNOWN, size=(0.8, 0.03), startValue=None, style=method-wrapper(...), styleTweaks=method-wrapper(...), ticks=array([1, 2, 3, 4, 5, 6, 7, 8, 9]), units='height', win=Window(...))
8.8706 	EXP 	Created text_2 = TextStim(__class__=<class 'psychopy.visual.text.TextStim'>, alignHoriz=method-wrapper(...), alignText='center', alignVert=method-wrapper(...), anchorHoriz='center', anchorVert='center', antialias=True, autoLog=True, bold=False, color=array([1., 1., 1.]), colorSpace='rgb', contrast=1.0, depth=-1.0, flipHoriz=False, flipVert=False, font='Open Sans', fontFiles=[], height=0.04, italic=False, languageStyle='LTR', name='text_2', opacity=1, ori=0.0, pos=array([0. , 0.3]), rgb=UNKNOWN, text='How aesthetic do you find this picture?', units='height', win=Window(...), wrapWidth=1)
8.8779 	EXP 	window1: mouseVisible = True
8.8865 	EXP 	Created slider_4 = Slider(__class__=<class 'psychopy.visual.slider.Slider'>, autoDraw=False, autoLog=True, borderColor=None, color=None, colorSpace='rgb', depth=-2, fillColor=None, flip=False, font='Open Sans', granularity=0.0, labelHeight=0.02, labelWrapWidth=None, labels=None, name='slider_4', opacity=None, pos=(0, 0.1), readOnly=False, self=UNKNOWN, size=(1.0, 0.03), startValue=None, style=method-wrapper(...), styleTweaks=method-wrapper(...), ticks=array([1, 2, 3, 4, 5, 6, 7, 8, 9]), units='height', win=Window(...))
8.8986 	EXP 	Created text_3 = TextStim(__class__=<class 'psychopy.visual.text.TextStim'>, alignHoriz=method-wrapper(...), alignText='center', alignVert=method-wrapper(...), anchorHoriz='center', anchorVert='center', antialias=True, autoLog=True, bold=False, color=array([1., 1., 1.]), colorSpace='rgb', contrast=1.0, depth=-3.0, flipHoriz=False, flipVert=False, font='Open Sans', fontFiles=[], height=0.04, italic=False, languageStyle='LTR', name='text_3', opacity=1, ori=0.0, pos=array([0.  , 0.05]), rgb=UNKNOWN, text=str(...), units='height', win=Window(...), wrapWidth=1)
8.9400 	EXP 	slider_2: autoLog = True
8.9400 	EXP 	slider_2: markerPos = None
8.9400 	EXP 	slider_2: rating = None
8.9400 	EXP 	slider_2: markerPos = None
8.9400 	EXP 	slider_2: contrast = 1.0
8.9400 	EXP 	slider_2: autoLog = True
8.9400 	EXP 	slider_2: styleTweaks = []
8.9400 	EXP 	slider_2: style = 'rating'
8.9400 	EXP 	slider_2: styleTweaks = []
8.9400 	EXP 	slider_3: autoLog = True
8.9400 	EXP 	slider_3: markerPos = None
8.9400 	EXP 	slider_3: rating = None
8.9400 	EXP 	slider_3: markerPos = None
8.9400 	EXP 	slider_3: contrast = 1.0
8.9400 	EXP 	slider_3: autoLog = True
8.9400 	EXP 	slider_3: styleTweaks = []
8.9400 	EXP 	slider_3: style = 'rating'
8.9400 	EXP 	slider_3: styleTweaks = []
8.9400 	EXP 	slider: autoLog = True
8.9400 	EXP 	slider: markerPos = None
8.9400 	EXP 	slider: rating = None
8.9400 	EXP 	slider: markerPos = None
8.9400 	EXP 	slider: contrast = 1.0
8.9400 	EXP 	slider: autoLog = True
8.9400 	EXP 	slider: styleTweaks = []
8.9400 	EXP 	slider: style = 'rating'
8.9400 	EXP 	slider: styleTweaks = []
8.9400 	EXP 	slider_4: autoLog = True
8.9400 	EXP 	slider_4: markerPos = None
8.9400 	EXP 	slider_4: rating = None
8.9400 	EXP 	slider_4: markerPos = None
8.9400 	EXP 	slider_4: contrast = 1.0
8.9400 	EXP 	slider_4: autoLog = True
8.9400 	EXP 	slider_4: styleTweaks = []
8.9400 	EXP 	slider_4: style = 'rating'
8.9400 	EXP 	slider_4: styleTweaks = []
8.9400 	EXP 	text_1: autoDraw = True
14.5712 	DATA 	Keypress: space
14.5752 	EXP 	text_1: autoDraw = False
14.5752 	EXP 	text_6: autoDraw = True
14.5752 	EXP 	example_pic1: autoDraw = True
14.5752 	EXP 	example_pic2: autoDraw = True
14.5752 	EXP 	text_7: autoDraw = True
14.5752 	EXP 	text_8: autoDraw = True
19.3917 	DATA 	Keypress: space
19.3972 	EXP 	text_6: autoDraw = False
19.3972 	EXP 	example_pic1: autoDraw = False
19.3972 	EXP 	example_pic2: autoDraw = False
19.3972 	EXP 	text_7: autoDraw = False
19.3972 	EXP 	text_8: autoDraw = False
19.3972 	EXP 	text_9: autoDraw = True
19.3972 	EXP 	text_13: autoDraw = True
24.7484 	DATA 	Keypress: space
24.7762 	EXP 	text_9: autoDraw = False
24.7762 	EXP 	text_13: autoDraw = False
24.7762 	EXP 	text_10: autoDraw = True
26.5899 	EXP 	Imported stimuli.csv as conditions, 213 conditions, 1 params
26.5917 	EXP 	Created sequence: random, trialTypes=213, nReps=2, seed=1
26.5921 	EXP 	New trial (rep=0, index=0): OrderedDict([('stimuli', '../stimuli/matched_images/SHINE_color_cielab_erotic_females6.jpg')])
26.6085 	DATA 	Keypress: space
26.6117 	EXP 	text_10: autoDraw = False
26.6117 	EXP 	image: image = '../stimuli/matched_images/SHINE_color_cielab_erotic_females6.jpg'
26.6117 	EXP 	image: autoDraw = True
27.6331 	EXP 	image: autoDraw = False
27.6331 	EXP 	slider_2: markerPos = None
27.6331 	EXP 	slider_2: markerPos = None
27.6331 	EXP 	slider_2: rating = None
27.6331 	EXP 	slider_3: markerPos = None
27.6331 	EXP 	slider_3: markerPos = None
27.6331 	EXP 	slider_3: rating = None
27.6331 	EXP 	image_2: autoDraw = True
27.6331 	EXP 	slider_2: autoDraw = True
27.6331 	EXP 	image_3: autoDraw = True
27.6331 	EXP 	slider_3: autoDraw = True
27.6331 	EXP 	text_14: autoDraw = True
79.3381 	DATA 	Keypress: space
79.4039 	EXP 	image_2: autoDraw = False
79.4039 	EXP 	slider_2: autoDraw = False
79.4039 	EXP 	image_3: autoDraw = False
79.4039 	EXP 	slider_3: autoDraw = False
79.4039 	EXP 	text_14: autoDraw = False
79.4039 	EXP 	slider: markerPos = None
79.4039 	EXP 	slider: markerPos = None
79.4039 	EXP 	slider: rating = None
79.4039 	EXP 	slider_4: markerPos = None
79.4039 	EXP 	slider_4: markerPos = None
79.4039 	EXP 	slider_4: rating = None
79.4039 	EXP 	slider: autoDraw = True
79.4039 	EXP 	text_2: autoDraw = True
79.4039 	EXP 	slider_4: autoDraw = True
79.4039 	EXP 	text_3: autoDraw = True
88.1321 	DATA 	Keypress: space
88.8788 	DATA 	Keypress: space
90.8741 	DATA 	Mouse: Left button down, pos=(954,648)
90.8926 	EXP 	slider_4: markerPos = 4.955555555555556
90.9114 	EXP 	slider_4: markerPos = 4.955555555555556
90.9237 	EXP 	slider_4: markerPos = 4.955555555555556
90.9383 	EXP 	slider_4: markerPos = 4.955555555555556
90.9553 	EXP 	slider_4: markerPos = 4.955555555555556
90.9716 	EXP 	slider_4: markerPos = 4.955555555555556
90.9884 	EXP 	slider_4: markerPos = 4.955555555555556
91.0049 	EXP 	slider_4: markerPos = 4.955555555555556
91.0212 	EXP 	slider_4: markerPos = 4.955555555555556
91.0381 	EXP 	slider_4: markerPos = 4.955555555555556
91.0548 	EXP 	slider_4: markerPos = 4.955555555555556
91.0715 	EXP 	slider_4: markerPos = 4.955555555555556
91.0881 	EXP 	slider_4: markerPos = 4.955555555555556
91.0906 	DATA 	Mouse:  Left button up, pos=(954,648)
91.1045 	EXP 	slider_4: markerPos = 4.955555555555556
91.1045 	EXP 	slider_4: rating = 4.955555555555556
91.1139 	EXP 	New trial (rep=0, index=1): OrderedDict([('stimuli', '../stimuli/matched_images/SHINE_color_cielab_dirty_scenes5.jpg')])
91.1278 	EXP 	slider: autoDraw = False
91.1278 	EXP 	text_2: autoDraw = False
91.1278 	EXP 	slider_4: autoDraw = False
91.1278 	EXP 	text_3: autoDraw = False
91.1278 	EXP 	image: image = '../stimuli/matched_images/SHINE_color_cielab_dirty_scenes5.jpg'
91.1278 	EXP 	image: autoDraw = True
92.1684 	EXP 	image: autoDraw = False
92.1684 	EXP 	slider_2: markerPos = None
92.1684 	EXP 	slider_2: markerPos = None
92.1684 	EXP 	slider_2: rating = None
92.1684 	EXP 	slider_3: markerPos = None
92.1684 	EXP 	slider_3: markerPos = None
92.1684 	EXP 	slider_3: rating = None
92.1684 	EXP 	image_2: autoDraw = True
92.1684 	EXP 	slider_2: autoDraw = True
92.1684 	EXP 	image_3: autoDraw = True
92.1684 	EXP 	slider_3: autoDraw = True
92.1684 	EXP 	text_14: autoDraw = True
92.7913 	DATA 	Keypress: escape
93.0665 	EXP 	window1: mouseVisible = True
