2.3102 	WARNING 	We strongly recommend you activate the PTB sound engine in PsychoPy prefs as the preferred audio engine. Its timing is vastly superior. Your prefs are currently set to use ['sounddevice', 'PTB', 'pyo', 'pygame'] (in that order).
5.8583 	WARNING 	User requested fullscreen with size [1280  720], but screen is actually [1920, 1080]. Using actual size
7.4147 	EXP 	Created window1 = Window(allowGUI=True, allowStencil=False, autoLog=True, backendConf=UNKNOWN, bitsMode=UNKNOWN, blendMode='avg', bpc=(8, 8, 8), color=array([0, 0, 0]), colorSpace='rgb', depthBits=8, fullscr=<method-wrapper '__getattribute__' of attributeSetter object at 0x0000017A15EE6B70>, gamma=None, gammaErrorPolicy='raise', lms=UNKNOWN, monitor=<psychopy.monitors.calibTools.Monitor object at 0x0000017A15ECA198>, multiSample=False, name='window1', numSamples=2, pos=[0.0, 0.0], screen=0, size=array([1920, 1080]), stencilBits=0, stereo=False, units='height', useFBO=True, useRetina=False, viewOri=0.0, viewPos=None, viewScale=None, waitBlanking=True, winType='pyglet')
7.4150 	EXP 	window1: mouseVisible = True
7.4151 	EXP 	window1: recordFrameIntervals = False
7.5800 	EXP 	window1: recordFrameIntervals = True
7.7636 	EXP 	window1: recordFrameIntervals = False
8.2382 	EXP 	Created text_1 = TextStim(__class__=<class 'psychopy.visual.text.TextStim'>, alignHoriz=method-wrapper(...), alignText='center', alignVert=method-wrapper(...), anchorHoriz='center', anchorVert='center', antialias=True, autoLog=True, bold=False, color=array([1., 1., 1.]), colorSpace='rgb', contrast=1.0, depth=0.0, flipHoriz=False, flipVert=False, font='Open Sans', fontFiles=[], height=0.05, italic=False, languageStyle='LTR', name='text_1', opacity=1, ori=0.0, pos=array([0., 0.]), rgb=UNKNOWN, text=str(...), units='height', win=Window(...), wrapWidth=1)
8.2523 	EXP 	Created text_6 = TextStim(__class__=<class 'psychopy.visual.text.TextStim'>, alignHoriz=method-wrapper(...), alignText='center', alignVert=method-wrapper(...), anchorHoriz='center', anchorVert='center', antialias=True, autoLog=True, bold=False, color=array([1., 1., 1.]), colorSpace='rgb', contrast=1.0, depth=0.0, flipHoriz=False, flipVert=False, font='Open Sans', fontFiles=[], height=0.03, italic=False, languageStyle='LTR', name='text_6', opacity=1, ori=0.0, pos=array([0. , 0.3]), rgb=UNKNOWN, text=str(...), units='height', win=Window(...), wrapWidth=1)
8.2872 	EXP 	Created example_pic1 = ImageStim(__class__=<class 'psychopy.visual.image.ImageStim'>, autoLog=True, color=array([1., 1., 1.]), colorSpace='rgb', contrast=1.0, depth=-1.0, flipHoriz=False, flipVert=False, image=str(...), interpolate=True, mask=None, maskParams=None, name='example_pic1', opacity=1, ori=0.0, pos=array([0.3, 0.1]), size=array([0.3, 0.3]), texRes=128.0, units='height', win=Window(...))
8.3135 	EXP 	Created example_pic2 = ImageStim(__class__=<class 'psychopy.visual.image.ImageStim'>, autoLog=True, color=array([1., 1., 1.]), colorSpace='rgb', contrast=1.0, depth=-2.0, flipHoriz=False, flipVert=False, image=str(...), interpolate=True, mask=None, maskParams=None, name='example_pic2', opacity=1, ori=0.0, pos=array([-0.3,  0.1]), size=array([0.3, 0.3]), texRes=128.0, units='height', win=Window(...))
8.3214 	EXP 	Created text_7 = TextStim(__class__=<class 'psychopy.visual.text.TextStim'>, alignHoriz=method-wrapper(...), alignText='center', alignVert=method-wrapper(...), anchorHoriz='center', anchorVert='center', antialias=True, autoLog=True, bold=False, color=array([1., 1., 1.]), colorSpace='rgb', contrast=1.0, depth=-3.0, flipHoriz=False, flipVert=False, font='Open Sans', fontFiles=[], height=0.03, italic=False, languageStyle='LTR', name='text_7', opacity=1, ori=0.0, pos=array([ 0. , -0.2]), rgb=UNKNOWN, text=str(...), units='height', win=Window(...), wrapWidth=1)
8.3262 	EXP 	Created text_8 = TextStim(__class__=<class 'psychopy.visual.text.TextStim'>, alignHoriz=method-wrapper(...), alignText='center', alignVert=method-wrapper(...), anchorHoriz='center', anchorVert='center', antialias=True, autoLog=True, bold=False, color=array([1., 1., 1.]), colorSpace='rgb', contrast=1.0, depth=-4.0, flipHoriz=False, flipVert=False, font='Open Sans', fontFiles=[], height=0.05, italic=False, languageStyle='LTR', name='text_8', opacity=1, ori=0.0, pos=array([ 0. , -0.4]), rgb=UNKNOWN, text='Press SPACE to continue\n', units='height', win=Window(...), wrapWidth=1)
8.3339 	EXP 	Created text_9 = TextStim(__class__=<class 'psychopy.visual.text.TextStim'>, alignHoriz=method-wrapper(...), alignText='center', alignVert=method-wrapper(...), anchorHoriz='center', anchorVert='center', antialias=True, autoLog=True, bold=False, color=array([1., 1., 1.]), colorSpace='rgb', contrast=1.0, depth=0.0, flipHoriz=False, flipVert=False, font='Open Sans', fontFiles=[], height=0.03, italic=False, languageStyle='LTR', name='text_9', opacity=1, ori=0.0, pos=array([0. , 0.4]), rgb=UNKNOWN, text=str(...), units='height', win=Window(...), wrapWidth=1)
8.3396 	EXP 	Created text_13 = TextStim(__class__=<class 'psychopy.visual.text.TextStim'>, alignHoriz=method-wrapper(...), alignText='center', alignVert=method-wrapper(...), anchorHoriz='center', anchorVert='center', antialias=True, autoLog=True, bold=False, color=array([1., 1., 1.]), colorSpace='rgb', contrast=1.0, depth=-1.0, flipHoriz=False, flipVert=False, font='Open Sans', fontFiles=[], height=0.03, italic=False, languageStyle='LTR', name='text_13', opacity=1, ori=0.0, pos=array([ 0.  , -0.45]), rgb=UNKNOWN, text='Press SPACE to continue', units='height', win=Window(...), wrapWidth=1)
8.3463 	EXP 	Created text_10 = TextStim(__class__=<class 'psychopy.visual.text.TextStim'>, alignHoriz=method-wrapper(...), alignText='center', alignVert=method-wrapper(...), anchorHoriz='center', anchorVert='center', antialias=True, autoLog=True, bold=False, color=array([1., 1., 1.]), colorSpace='rgb', contrast=1.0, depth=0.0, flipHoriz=False, flipVert=False, font='Open Sans', fontFiles=[], height=0.03, italic=False, languageStyle='LTR', name='text_10', opacity=1, ori=0.0, pos=array([0., 0.]), rgb=UNKNOWN, text=str(...), units='height', win=Window(...), wrapWidth=1)
8.3503 	EXP 	Created image = ImageStim(__class__=<class 'psychopy.visual.image.ImageStim'>, autoLog=True, color=array([1., 1., 1.]), colorSpace='rgb', contrast=1.0, depth=0.0, flipHoriz=False, flipVert=False, image='sin', interpolate=True, mask=None, maskParams=None, name='image', opacity=1, ori=0.0, pos=array([0., 0.]), size=array([0.6, 0.6]), texRes=128.0, units='height', win=Window(...))
8.3538 	EXP 	Created image_4 = ImageStim(__class__=<class 'psychopy.visual.image.ImageStim'>, autoLog=True, color=array([1., 1., 1.]), colorSpace='rgb', contrast=1.0, depth=0.0, flipHoriz=False, flipVert=False, image='sin', interpolate=True, mask=None, maskParams=None, name='image_4', opacity=1, ori=0.0, pos=array([-0.6,  0. ]), size=array([0.2, 0.2]), texRes=128.0, units='height', win=Window(...))
8.3732 	EXP 	Created text_5 = TextStim(__class__=<class 'psychopy.visual.text.TextStim'>, alignHoriz=method-wrapper(...), alignText='center', alignVert=method-wrapper(...), anchorHoriz='center', anchorVert='center', antialias=True, autoLog=True, bold=False, color=array([1., 1., 1.]), colorSpace='rgb', contrast=1.0, depth=-1.0, flipHoriz=False, flipVert=False, font='Open Sans', fontFiles=[], height=0.02, italic=False, languageStyle='LTR', name='text_5', opacity=1, ori=0.0, pos=array([-0.15,  0.4 ]), rgb=UNKNOWN, text=str(...), units='height', win=Window(...), wrapWidth=1)
8.4096 	EXP 	Created image_2 = ImageStim(__class__=<class 'psychopy.visual.image.ImageStim'>, autoLog=True, color=array([1., 1., 1.]), colorSpace='rgb', contrast=1.0, depth=-2.0, flipHoriz=False, flipVert=False, image='arousal_rating.png', interpolate=True, mask=None, maskParams=None, name='image_2', opacity=1, ori=0.0, pos=array([-0.15,  0.3 ]), size=array([0.5, 0.1]), texRes=128.0, units='height', win=Window(...))
8.4195 	EXP 	window1: mouseVisible = True
8.4283 	EXP 	Created slider_2 = Slider(__class__=<class 'psychopy.visual.slider.Slider'>, autoDraw=False, autoLog=True, borderColor=None, color=None, colorSpace='rgb', depth=-3, fillColor=None, flip=False, font='Open Sans', granularity=0.0, labelHeight=0.02, labelWrapWidth=None, labels=None, name='slider_2', opacity=None, pos=(-0.15, 0.2), readOnly=False, self=UNKNOWN, size=(0.4, 0.03), startValue=None, style=method-wrapper(...), styleTweaks=method-wrapper(...), ticks=array([1, 2, 3, 4, 5, 6, 7, 8, 9]), units='height', win=Window(...))
8.4393 	EXP 	Created text_11 = TextStim(__class__=<class 'psychopy.visual.text.TextStim'>, alignHoriz=method-wrapper(...), alignText='center', alignVert=method-wrapper(...), anchorHoriz='center', anchorVert='center', antialias=True, autoLog=True, bold=False, color=array([1., 1., 1.]), colorSpace='rgb', contrast=1.0, depth=-4.0, flipHoriz=False, flipVert=False, font='Open Sans', fontFiles=[], height=0.02, italic=False, languageStyle='LTR', name='text_11', opacity=1, ori=0.0, pos=array([0.4, 0.4]), rgb=UNKNOWN, text=str(...), units='height', win=Window(...), wrapWidth=1)
8.4729 	EXP 	Created image_3 = ImageStim(__class__=<class 'psychopy.visual.image.ImageStim'>, autoLog=True, color=array([1., 1., 1.]), colorSpace='rgb', contrast=1.0, depth=-5.0, flipHoriz=False, flipVert=False, image='valence_rating.png', interpolate=True, mask=None, maskParams=None, name='image_3', opacity=1, ori=0.0, pos=array([0.4, 0.3]), size=array([0.5, 0.1]), texRes=128.0, units='height', win=Window(...))
8.4796 	EXP 	window1: mouseVisible = True
8.4869 	EXP 	Created slider_3 = Slider(__class__=<class 'psychopy.visual.slider.Slider'>, autoDraw=False, autoLog=True, borderColor=None, color=None, colorSpace='rgb', depth=-6, fillColor=None, flip=False, font='Open Sans', granularity=0.0, labelHeight=0.02, labelWrapWidth=None, labels=None, name='slider_3', opacity=None, pos=(0.4, 0.2), readOnly=False, self=UNKNOWN, size=(0.4, 0.03), startValue=None, style=method-wrapper(...), styleTweaks=method-wrapper(...), ticks=array([1, 2, 3, 4, 5, 6, 7, 8, 9]), units='height', win=Window(...))
8.4981 	EXP 	Created text = TextStim(__class__=<class 'psychopy.visual.text.TextStim'>, alignHoriz=method-wrapper(...), alignText='center', alignVert=method-wrapper(...), anchorHoriz='center', anchorVert='center', antialias=True, autoLog=True, bold=False, color=array([1., 1., 1.]), colorSpace='rgb', contrast=1.0, depth=-7.0, flipHoriz=False, flipVert=False, font='Open Sans', fontFiles=[], height=0.02, italic=False, languageStyle='LTR', name='text', opacity=1, ori=0.0, pos=array([-0.15,  0.05]), rgb=UNKNOWN, text=str(...), units='height', win=Window(...), wrapWidth=1)
8.5055 	EXP 	window1: mouseVisible = True
8.5140 	EXP 	Created slider_5 = Slider(__class__=<class 'psychopy.visual.slider.Slider'>, autoDraw=False, autoLog=True, borderColor=None, color=None, colorSpace='rgb', depth=-8, fillColor=None, flip=False, font='Open Sans', granularity=0.0, labelHeight=0.02, labelWrapWidth=None, labels=None, name='slider_5', opacity=None, pos=(-0.15, 0.0), readOnly=False, self=UNKNOWN, size=(0.4, 0.03), startValue=None, style=method-wrapper(...), styleTweaks=method-wrapper(...), ticks=array([1, 2, 3, 4, 5, 6, 7, 8, 9]), units='height', win=Window(...))
8.5251 	EXP 	Created text_4 = TextStim(__class__=<class 'psychopy.visual.text.TextStim'>, alignHoriz=method-wrapper(...), alignText='center', alignVert=method-wrapper(...), anchorHoriz='center', anchorVert='center', antialias=True, autoLog=True, bold=False, color=array([1., 1., 1.]), colorSpace='rgb', contrast=1.0, depth=-9.0, flipHoriz=False, flipVert=False, font='Open Sans', fontFiles=[], height=0.02, italic=False, languageStyle='LTR', name='text_4', opacity=1, ori=0.0, pos=array([0.4 , 0.05]), rgb=UNKNOWN, text=str(...), units='height', win=Window(...), wrapWidth=1)
8.5323 	EXP 	window1: mouseVisible = True
8.5396 	EXP 	Created slider_6 = Slider(__class__=<class 'psychopy.visual.slider.Slider'>, autoDraw=False, autoLog=True, borderColor=None, color=None, colorSpace='rgb', depth=-10, fillColor=None, flip=False, font='Open Sans', granularity=0.0, labelHeight=0.02, labelWrapWidth=None, labels=None, name='slider_6', opacity=None, pos=(0.4, 0.0), readOnly=False, self=UNKNOWN, size=(0.4, 0.03), startValue=None, style=method-wrapper(...), styleTweaks=method-wrapper(...), ticks=array([1, 2, 3, 4, 5, 6, 7, 8, 9]), units='height', win=Window(...))
8.5489 	EXP 	Created text_14 = TextStim(__class__=<class 'psychopy.visual.text.TextStim'>, alignHoriz=method-wrapper(...), alignText='center', alignVert=method-wrapper(...), anchorHoriz='center', anchorVert='center', antialias=True, autoLog=True, bold=False, color=array([1., 1., 1.]), colorSpace='rgb', contrast=1.0, depth=-12.0, flipHoriz=False, flipVert=False, font='Open Sans', fontFiles=[], height=0.03, italic=False, languageStyle='LTR', name='text_14', opacity=1, ori=0.0, pos=array([ 0.  , -0.45]), rgb=UNKNOWN, text='Press SPACE after rating to continue\n', units='height', win=Window(...), wrapWidth=1)
8.5835 	EXP 	slider_2: autoLog = True
8.5835 	EXP 	slider_2: markerPos = None
8.5835 	EXP 	slider_2: rating = None
8.5835 	EXP 	slider_2: markerPos = None
8.5835 	EXP 	slider_2: contrast = 1.0
8.5835 	EXP 	slider_2: autoLog = True
8.5835 	EXP 	slider_2: styleTweaks = []
8.5835 	EXP 	slider_2: style = 'rating'
8.5835 	EXP 	slider_2: styleTweaks = []
8.5835 	EXP 	slider_3: autoLog = True
8.5835 	EXP 	slider_3: markerPos = None
8.5835 	EXP 	slider_3: rating = None
8.5835 	EXP 	slider_3: markerPos = None
8.5835 	EXP 	slider_3: contrast = 1.0
8.5835 	EXP 	slider_3: autoLog = True
8.5835 	EXP 	slider_3: styleTweaks = []
8.5835 	EXP 	slider_3: style = 'rating'
8.5835 	EXP 	slider_3: styleTweaks = []
8.5835 	EXP 	slider_5: autoLog = True
8.5835 	EXP 	slider_5: markerPos = None
8.5835 	EXP 	slider_5: rating = None
8.5835 	EXP 	slider_5: markerPos = None
8.5835 	EXP 	slider_5: contrast = 1.0
8.5835 	EXP 	slider_5: autoLog = True
8.5835 	EXP 	slider_5: styleTweaks = []
8.5835 	EXP 	slider_5: style = 'rating'
8.5835 	EXP 	slider_5: styleTweaks = []
8.5835 	EXP 	slider_6: autoLog = True
8.5835 	EXP 	slider_6: markerPos = None
8.5835 	EXP 	slider_6: rating = None
8.5835 	EXP 	slider_6: markerPos = None
8.5835 	EXP 	slider_6: contrast = 1.0
8.5835 	EXP 	slider_6: autoLog = True
8.5835 	EXP 	slider_6: styleTweaks = []
8.5835 	EXP 	slider_6: style = 'rating'
8.5835 	EXP 	slider_6: styleTweaks = []
8.5835 	EXP 	text_1: autoDraw = True
9.6027 	DATA 	Keypress: space
9.6069 	EXP 	text_1: autoDraw = False
9.6069 	EXP 	text_6: autoDraw = True
9.6069 	EXP 	example_pic1: autoDraw = True
9.6069 	EXP 	example_pic2: autoDraw = True
9.6069 	EXP 	text_7: autoDraw = True
9.6069 	EXP 	text_8: autoDraw = True
10.2220 	DATA 	Keypress: space
10.2443 	EXP 	text_6: autoDraw = False
10.2443 	EXP 	example_pic1: autoDraw = False
10.2443 	EXP 	example_pic2: autoDraw = False
10.2443 	EXP 	text_7: autoDraw = False
10.2443 	EXP 	text_8: autoDraw = False
10.2443 	EXP 	text_9: autoDraw = True
10.2443 	EXP 	text_13: autoDraw = True
10.9414 	DATA 	Keypress: space
10.9448 	EXP 	text_9: autoDraw = False
10.9448 	EXP 	text_13: autoDraw = False
10.9448 	EXP 	text_10: autoDraw = True
11.9180 	DATA 	Keypress: space
11.9604 	EXP 	Imported stimuli.csv as conditions, 213 conditions, 1 params
11.9624 	EXP 	Created sequence: random, trialTypes=213, nReps=2, seed=1
11.9629 	EXP 	New trial (rep=0, index=0): OrderedDict([('stimuli', '../stimuli/matched_images/SHINE_color_cielab_erotic_females6.jpg')])
11.9800 	EXP 	text_10: autoDraw = False
11.9800 	EXP 	image: image = '../stimuli/matched_images/SHINE_color_cielab_erotic_females6.jpg'
11.9800 	EXP 	image: autoDraw = True
12.5806 	DATA 	Keypress: space
14.0086 	EXP 	image: autoDraw = False
14.0086 	EXP 	image_4: image = '../stimuli/matched_images/SHINE_color_cielab_erotic_females6.jpg'
14.0086 	EXP 	slider_2: markerPos = None
14.0086 	EXP 	slider_2: markerPos = None
14.0086 	EXP 	slider_2: rating = None
14.0086 	EXP 	slider_3: markerPos = None
14.0086 	EXP 	slider_3: markerPos = None
14.0086 	EXP 	slider_3: rating = None
14.0086 	EXP 	slider_5: markerPos = None
14.0086 	EXP 	slider_5: markerPos = None
14.0086 	EXP 	slider_5: rating = None
14.0086 	EXP 	slider_6: markerPos = None
14.0086 	EXP 	slider_6: markerPos = None
14.0086 	EXP 	slider_6: rating = None
14.0086 	EXP 	image_4: autoDraw = True
14.0086 	EXP 	text_5: autoDraw = True
14.0086 	EXP 	image_2: autoDraw = True
14.0086 	EXP 	slider_2: autoDraw = True
14.0086 	EXP 	text_11: autoDraw = True
14.0086 	EXP 	image_3: autoDraw = True
14.0086 	EXP 	slider_3: autoDraw = True
14.0086 	EXP 	text: autoDraw = True
14.0086 	EXP 	slider_5: autoDraw = True
14.0086 	EXP 	text_4: autoDraw = True
14.0086 	EXP 	slider_6: autoDraw = True
14.0086 	EXP 	text_14: autoDraw = True
63.0585 	DATA 	Keypress: space
63.0859 	EXP 	New trial (rep=0, index=1): OrderedDict([('stimuli', '../stimuli/matched_images/SHINE_color_cielab_dirty_scenes5.jpg')])
63.0991 	EXP 	image_4: autoDraw = False
63.0991 	EXP 	text_5: autoDraw = False
63.0991 	EXP 	image_2: autoDraw = False
63.0991 	EXP 	slider_2: autoDraw = False
63.0991 	EXP 	text_11: autoDraw = False
63.0991 	EXP 	image_3: autoDraw = False
63.0991 	EXP 	slider_3: autoDraw = False
63.0991 	EXP 	text: autoDraw = False
63.0991 	EXP 	slider_5: autoDraw = False
63.0991 	EXP 	text_4: autoDraw = False
63.0991 	EXP 	slider_6: autoDraw = False
63.0991 	EXP 	text_14: autoDraw = False
63.0991 	EXP 	image: image = '../stimuli/matched_images/SHINE_color_cielab_dirty_scenes5.jpg'
63.0991 	EXP 	image: autoDraw = True
65.1503 	EXP 	image: autoDraw = False
65.1503 	EXP 	image: autoDraw = False
65.1503 	EXP 	image_4: image = '../stimuli/matched_images/SHINE_color_cielab_dirty_scenes5.jpg'
65.1503 	EXP 	slider_2: markerPos = None
65.1503 	EXP 	slider_2: markerPos = None
65.1503 	EXP 	slider_2: rating = None
65.1503 	EXP 	slider_3: markerPos = None
65.1503 	EXP 	slider_3: markerPos = None
65.1503 	EXP 	slider_3: rating = None
65.1503 	EXP 	slider_5: markerPos = None
65.1503 	EXP 	slider_5: markerPos = None
65.1503 	EXP 	slider_5: rating = None
65.1503 	EXP 	slider_6: markerPos = None
65.1503 	EXP 	slider_6: markerPos = None
65.1503 	EXP 	slider_6: rating = None
65.1503 	EXP 	image_4: autoDraw = True
65.1503 	EXP 	text_5: autoDraw = True
65.1503 	EXP 	image_2: autoDraw = True
65.1503 	EXP 	slider_2: autoDraw = True
65.1503 	EXP 	text_11: autoDraw = True
65.1503 	EXP 	image_3: autoDraw = True
65.1503 	EXP 	slider_3: autoDraw = True
65.1503 	EXP 	text: autoDraw = True
65.1503 	EXP 	slider_5: autoDraw = True
65.1503 	EXP 	text_4: autoDraw = True
65.1503 	EXP 	slider_6: autoDraw = True
65.1503 	EXP 	text_14: autoDraw = True
89.4475 	DATA 	Keypress: escape
89.6662 	EXP 	window1: mouseVisible = True
