2.2606 	WARNING 	We strongly recommend you activate the PTB sound engine in PsychoPy prefs as the preferred audio engine. Its timing is vastly superior. Your prefs are currently set to use ['sounddevice', 'PTB', 'pyo', 'pygame'] (in that order).
12.4668 	WARNING 	User requested fullscreen with size [1280  720], but screen is actually [1920, 1080]. Using actual size
14.0394 	EXP 	Created window1 = Window(allowGUI=True, allowStencil=False, autoLog=True, backendConf=UNKNOWN, bitsMode=UNKNOWN, blendMode='avg', bpc=(8, 8, 8), color=array([0, 0, 0]), colorSpace='rgb', depthBits=8, fullscr=<method-wrapper '__getattribute__' of attributeSetter object at 0x000001EC527768D0>, gamma=None, gammaErrorPolicy='raise', lms=UNKNOWN, monitor=<psychopy.monitors.calibTools.Monitor object at 0x000001EC52757EB8>, multiSample=False, name='window1', numSamples=2, pos=[0.0, 0.0], screen=0, size=array([1920, 1080]), stencilBits=0, stereo=False, units='height', useFBO=True, useRetina=False, viewOri=0.0, viewPos=None, viewScale=None, waitBlanking=True, winType='pyglet')
14.0397 	EXP 	window1: mouseVisible = True
14.0398 	EXP 	window1: recordFrameIntervals = False
14.2051 	EXP 	window1: recordFrameIntervals = True
14.3886 	EXP 	window1: recordFrameIntervals = False
14.8478 	EXP 	Created text_1 = TextStim(__class__=<class 'psychopy.visual.text.TextStim'>, alignHoriz=method-wrapper(...), alignText='center', alignVert=method-wrapper(...), anchorHoriz='center', anchorVert='center', antialias=True, autoLog=True, bold=False, color=array([1., 1., 1.]), colorSpace='rgb', contrast=1.0, depth=0.0, flipHoriz=False, flipVert=False, font='Open Sans', fontFiles=[], height=0.05, italic=False, languageStyle='LTR', name='text_1', opacity=1, ori=0.0, pos=array([0., 0.]), rgb=UNKNOWN, text=str(...), units='height', win=Window(...), wrapWidth=1)
14.8632 	EXP 	Created text_6 = TextStim(__class__=<class 'psychopy.visual.text.TextStim'>, alignHoriz=method-wrapper(...), alignText='center', alignVert=method-wrapper(...), anchorHoriz='center', anchorVert='center', antialias=True, autoLog=True, bold=False, color=array([1., 1., 1.]), colorSpace='rgb', contrast=1.0, depth=0.0, flipHoriz=False, flipVert=False, font='Open Sans', fontFiles=[], height=0.03, italic=False, languageStyle='LTR', name='text_6', opacity=1, ori=0.0, pos=array([0. , 0.3]), rgb=UNKNOWN, text=str(...), units='height', win=Window(...), wrapWidth=1)
14.8997 	EXP 	Created example_pic1 = ImageStim(__class__=<class 'psychopy.visual.image.ImageStim'>, autoLog=True, color=array([1., 1., 1.]), colorSpace='rgb', contrast=1.0, depth=-1.0, flipHoriz=False, flipVert=False, image=str(...), interpolate=True, mask=None, maskParams=None, name='example_pic1', opacity=1, ori=0.0, pos=array([0.3, 0.1]), size=array([0.3, 0.3]), texRes=128.0, units='height', win=Window(...))
14.9281 	EXP 	Created example_pic2 = ImageStim(__class__=<class 'psychopy.visual.image.ImageStim'>, autoLog=True, color=array([1., 1., 1.]), colorSpace='rgb', contrast=1.0, depth=-2.0, flipHoriz=False, flipVert=False, image=str(...), interpolate=True, mask=None, maskParams=None, name='example_pic2', opacity=1, ori=0.0, pos=array([-0.3,  0.1]), size=array([0.3, 0.3]), texRes=128.0, units='height', win=Window(...))
14.9359 	EXP 	Created text_7 = TextStim(__class__=<class 'psychopy.visual.text.TextStim'>, alignHoriz=method-wrapper(...), alignText='center', alignVert=method-wrapper(...), anchorHoriz='center', anchorVert='center', antialias=True, autoLog=True, bold=False, color=array([1., 1., 1.]), colorSpace='rgb', contrast=1.0, depth=-3.0, flipHoriz=False, flipVert=False, font='Open Sans', fontFiles=[], height=0.03, italic=False, languageStyle='LTR', name='text_7', opacity=1, ori=0.0, pos=array([ 0. , -0.2]), rgb=UNKNOWN, text=str(...), units='height', win=Window(...), wrapWidth=1)
14.9403 	EXP 	Created text_8 = TextStim(__class__=<class 'psychopy.visual.text.TextStim'>, alignHoriz=method-wrapper(...), alignText='center', alignVert=method-wrapper(...), anchorHoriz='center', anchorVert='center', antialias=True, autoLog=True, bold=False, color=array([1., 1., 1.]), colorSpace='rgb', contrast=1.0, depth=-4.0, flipHoriz=False, flipVert=False, font='Open Sans', fontFiles=[], height=0.05, italic=False, languageStyle='LTR', name='text_8', opacity=1, ori=0.0, pos=array([ 0. , -0.4]), rgb=UNKNOWN, text='Press SPACE to continue\n', units='height', win=Window(...), wrapWidth=1)
14.9475 	EXP 	Created text_9 = TextStim(__class__=<class 'psychopy.visual.text.TextStim'>, alignHoriz=method-wrapper(...), alignText='center', alignVert=method-wrapper(...), anchorHoriz='center', anchorVert='center', antialias=True, autoLog=True, bold=False, color=array([1., 1., 1.]), colorSpace='rgb', contrast=1.0, depth=0.0, flipHoriz=False, flipVert=False, font='Open Sans', fontFiles=[], height=0.03, italic=False, languageStyle='LTR', name='text_9', opacity=1, ori=0.0, pos=array([0. , 0.4]), rgb=UNKNOWN, text=str(...), units='height', win=Window(...), wrapWidth=1)
14.9526 	EXP 	Created text_13 = TextStim(__class__=<class 'psychopy.visual.text.TextStim'>, alignHoriz=method-wrapper(...), alignText='center', alignVert=method-wrapper(...), anchorHoriz='center', anchorVert='center', antialias=True, autoLog=True, bold=False, color=array([1., 1., 1.]), colorSpace='rgb', contrast=1.0, depth=-1.0, flipHoriz=False, flipVert=False, font='Open Sans', fontFiles=[], height=0.03, italic=False, languageStyle='LTR', name='text_13', opacity=1, ori=0.0, pos=array([ 0.  , -0.45]), rgb=UNKNOWN, text='Press SPACE to continue', units='height', win=Window(...), wrapWidth=1)
14.9585 	EXP 	Created text_10 = TextStim(__class__=<class 'psychopy.visual.text.TextStim'>, alignHoriz=method-wrapper(...), alignText='center', alignVert=method-wrapper(...), anchorHoriz='center', anchorVert='center', antialias=True, autoLog=True, bold=False, color=array([1., 1., 1.]), colorSpace='rgb', contrast=1.0, depth=0.0, flipHoriz=False, flipVert=False, font='Open Sans', fontFiles=[], height=0.03, italic=False, languageStyle='LTR', name='text_10', opacity=1, ori=0.0, pos=array([0., 0.]), rgb=UNKNOWN, text=str(...), units='height', win=Window(...), wrapWidth=1)
14.9621 	EXP 	Created image = ImageStim(__class__=<class 'psychopy.visual.image.ImageStim'>, autoLog=True, color=array([1., 1., 1.]), colorSpace='rgb', contrast=1.0, depth=0.0, flipHoriz=False, flipVert=False, image='sin', interpolate=True, mask=None, maskParams=None, name='image', opacity=1, ori=0.0, pos=array([0., 0.]), size=array([0.6, 0.6]), texRes=128.0, units='height', win=Window(...))
14.9986 	EXP 	Created image_2 = ImageStim(__class__=<class 'psychopy.visual.image.ImageStim'>, autoLog=True, color=array([1., 1., 1.]), colorSpace='rgb', contrast=1.0, depth=0.0, flipHoriz=False, flipVert=False, image='arousal_rating.png', interpolate=True, mask=None, maskParams=None, name='image_2', opacity=1, ori=0.0, pos=array([-0.05,  0.3 ]), size=array([0.5, 0.1]), texRes=128.0, units='height', win=Window(...))
15.0080 	EXP 	window1: mouseVisible = True
15.0171 	EXP 	Created slider_2 = Slider(__class__=<class 'psychopy.visual.slider.Slider'>, autoDraw=False, autoLog=True, borderColor=None, color=None, colorSpace='rgb', depth=-1, fillColor=None, flip=False, font='Open Sans', granularity=0.0, labelHeight=0.02, labelWrapWidth=None, labels=None, name='slider_2', opacity=None, pos=(-0.05, 0.2), readOnly=False, self=UNKNOWN, size=(0.4, 0.03), startValue=None, style=method-wrapper(...), styleTweaks=method-wrapper(...), ticks=array([1, 2, 3, 4, 5, 6, 7, 8, 9]), units='height', win=Window(...))
15.0546 	EXP 	Created image_3 = ImageStim(__class__=<class 'psychopy.visual.image.ImageStim'>, autoLog=True, color=array([1., 1., 1.]), colorSpace='rgb', contrast=1.0, depth=-2.0, flipHoriz=False, flipVert=False, image='valence_rating.png', interpolate=True, mask=None, maskParams=None, name='image_3', opacity=1, ori=0.0, pos=array([0.4, 0.3]), size=array([0.5, 0.1]), texRes=128.0, units='height', win=Window(...))
15.0611 	EXP 	window1: mouseVisible = True
15.0684 	EXP 	Created slider_3 = Slider(__class__=<class 'psychopy.visual.slider.Slider'>, autoDraw=False, autoLog=True, borderColor=None, color=None, colorSpace='rgb', depth=-3, fillColor=None, flip=False, font='Open Sans', granularity=0.0, labelHeight=0.02, labelWrapWidth=None, labels=None, name='slider_3', opacity=None, pos=(0.4, 0.2), readOnly=False, self=UNKNOWN, size=(0.4, 0.03), startValue=None, style=method-wrapper(...), styleTweaks=method-wrapper(...), ticks=array([1, 2, 3, 4, 5, 6, 7, 8, 9]), units='height', win=Window(...))
15.0761 	EXP 	Created text_14 = TextStim(__class__=<class 'psychopy.visual.text.TextStim'>, alignHoriz=method-wrapper(...), alignText='center', alignVert=method-wrapper(...), anchorHoriz='center', anchorVert='center', antialias=True, autoLog=True, bold=False, color=array([1., 1., 1.]), colorSpace='rgb', contrast=1.0, depth=-5.0, flipHoriz=False, flipVert=False, font='Open Sans', fontFiles=[], height=0.03, italic=False, languageStyle='LTR', name='text_14', opacity=1, ori=0.0, pos=array([ 0.  , -0.45]), rgb=UNKNOWN, text='Press SPACE after rating to continue\n', units='height', win=Window(...), wrapWidth=1)
15.0823 	EXP 	window1: mouseVisible = True
15.0903 	EXP 	Created slider_5 = Slider(__class__=<class 'psychopy.visual.slider.Slider'>, autoDraw=False, autoLog=True, borderColor=None, color=None, colorSpace='rgb', depth=-6, fillColor=None, flip=False, font='Open Sans', granularity=0.0, labelHeight=0.02, labelWrapWidth=None, labels=None, name='slider_5', opacity=None, pos=(0, -0.2), readOnly=False, self=UNKNOWN, size=(0.8, 0.03), startValue=None, style=method-wrapper(...), styleTweaks=method-wrapper(...), ticks=array([1, 2, 3, 4, 5, 6, 7, 8, 9]), units='height', win=Window(...))
15.1159 	EXP 	Created text = TextStim(__class__=<class 'psychopy.visual.text.TextStim'>, alignHoriz=method-wrapper(...), alignText='center', alignVert=method-wrapper(...), anchorHoriz='center', anchorVert='center', antialias=True, autoLog=True, bold=False, color=array([1., 1., 1.]), colorSpace='rgb', contrast=1.0, depth=-7.0, flipHoriz=False, flipVert=False, font='Open Sans', fontFiles=[], height=0.04, italic=False, languageStyle='LTR', name='text', opacity=1, ori=0.0, pos=array([ 0.  , -0.15]), rgb=UNKNOWN, text=str(...), units='height', win=Window(...), wrapWidth=1)
15.1226 	EXP 	window1: mouseVisible = True
15.1306 	EXP 	Created slider_6 = Slider(__class__=<class 'psychopy.visual.slider.Slider'>, autoDraw=False, autoLog=True, borderColor=None, color=None, colorSpace='rgb', depth=-8, fillColor=None, flip=False, font='Open Sans', granularity=0.0, labelHeight=0.02, labelWrapWidth=None, labels=None, name='slider_6', opacity=None, pos=(0, -0.25), readOnly=False, self=UNKNOWN, size=(0.8, 0.03), startValue=None, style=method-wrapper(...), styleTweaks=method-wrapper(...), ticks=array([1, 2, 3, 4, 5, 6, 7, 8, 9]), units='height', win=Window(...))
15.1501 	EXP 	Created text_4 = TextStim(__class__=<class 'psychopy.visual.text.TextStim'>, alignHoriz=method-wrapper(...), alignText='center', alignVert=method-wrapper(...), anchorHoriz='center', anchorVert='center', antialias=True, autoLog=True, bold=False, color=array([1., 1., 1.]), colorSpace='rgb', contrast=1.0, depth=-9.0, flipHoriz=False, flipVert=False, font='Open Sans', fontFiles=[], height=0.02, italic=False, languageStyle='LTR', name='text_4', opacity=1, ori=0.0, pos=array([ 0. , -0.3]), rgb=UNKNOWN, text=str(...), units='height', win=Window(...), wrapWidth=1)
15.1910 	EXP 	slider_2: autoLog = True
15.1910 	EXP 	slider_2: markerPos = None
15.1910 	EXP 	slider_2: rating = None
15.1910 	EXP 	slider_2: markerPos = None
15.1910 	EXP 	slider_2: contrast = 1.0
15.1910 	EXP 	slider_2: autoLog = True
15.1910 	EXP 	slider_2: styleTweaks = []
15.1910 	EXP 	slider_2: style = 'rating'
15.1910 	EXP 	slider_2: styleTweaks = []
15.1910 	EXP 	slider_3: autoLog = True
15.1910 	EXP 	slider_3: markerPos = None
15.1910 	EXP 	slider_3: rating = None
15.1910 	EXP 	slider_3: markerPos = None
15.1910 	EXP 	slider_3: contrast = 1.0
15.1910 	EXP 	slider_3: autoLog = True
15.1910 	EXP 	slider_3: styleTweaks = []
15.1910 	EXP 	slider_3: style = 'rating'
15.1910 	EXP 	slider_3: styleTweaks = []
15.1910 	EXP 	slider_5: autoLog = True
15.1910 	EXP 	slider_5: markerPos = None
15.1910 	EXP 	slider_5: rating = None
15.1910 	EXP 	slider_5: markerPos = None
15.1910 	EXP 	slider_5: contrast = 1.0
15.1910 	EXP 	slider_5: autoLog = True
15.1910 	EXP 	slider_5: styleTweaks = []
15.1910 	EXP 	slider_5: style = 'rating'
15.1910 	EXP 	slider_5: styleTweaks = []
15.1910 	EXP 	slider_6: autoLog = True
15.1910 	EXP 	slider_6: markerPos = None
15.1910 	EXP 	slider_6: rating = None
15.1910 	EXP 	slider_6: markerPos = None
15.1910 	EXP 	slider_6: contrast = 1.0
15.1910 	EXP 	slider_6: autoLog = True
15.1910 	EXP 	slider_6: styleTweaks = []
15.1910 	EXP 	slider_6: style = 'rating'
15.1910 	EXP 	slider_6: styleTweaks = []
15.1910 	EXP 	text_1: autoDraw = True
15.8366 	DATA 	Keypress: space
15.8403 	EXP 	text_1: autoDraw = False
15.8403 	EXP 	text_6: autoDraw = True
15.8403 	EXP 	example_pic1: autoDraw = True
15.8403 	EXP 	example_pic2: autoDraw = True
15.8403 	EXP 	text_7: autoDraw = True
15.8403 	EXP 	text_8: autoDraw = True
16.3476 	DATA 	Keypress: space
16.3699 	EXP 	text_6: autoDraw = False
16.3699 	EXP 	example_pic1: autoDraw = False
16.3699 	EXP 	example_pic2: autoDraw = False
16.3699 	EXP 	text_7: autoDraw = False
16.3699 	EXP 	text_8: autoDraw = False
16.3699 	EXP 	text_9: autoDraw = True
16.3699 	EXP 	text_13: autoDraw = True
16.9956 	DATA 	Keypress: space
17.0027 	EXP 	text_9: autoDraw = False
17.0027 	EXP 	text_13: autoDraw = False
17.0027 	EXP 	text_10: autoDraw = True
17.5909 	EXP 	Imported stimuli.csv as conditions, 213 conditions, 1 params
17.5926 	EXP 	Created sequence: random, trialTypes=213, nReps=2, seed=1
17.5932 	EXP 	New trial (rep=0, index=0): OrderedDict([('stimuli', '../stimuli/matched_images/SHINE_color_cielab_erotic_females6.jpg')])
17.6067 	DATA 	Keypress: space
17.6107 	EXP 	text_10: autoDraw = False
17.6107 	EXP 	image: image = '../stimuli/matched_images/SHINE_color_cielab_erotic_females6.jpg'
17.6107 	EXP 	image: autoDraw = True
18.1401 	DATA 	Keypress: space
19.6784 	EXP 	image: autoDraw = False
19.6784 	EXP 	slider_2: markerPos = None
19.6784 	EXP 	slider_2: markerPos = None
19.6784 	EXP 	slider_2: rating = None
19.6784 	EXP 	slider_3: markerPos = None
19.6784 	EXP 	slider_3: markerPos = None
19.6784 	EXP 	slider_3: rating = None
19.6784 	EXP 	slider_5: markerPos = None
19.6784 	EXP 	slider_5: markerPos = None
19.6784 	EXP 	slider_5: rating = None
19.6784 	EXP 	slider_6: markerPos = None
19.6784 	EXP 	slider_6: markerPos = None
19.6784 	EXP 	slider_6: rating = None
19.6784 	EXP 	image_2: autoDraw = True
19.6784 	EXP 	slider_2: autoDraw = True
19.6784 	EXP 	image_3: autoDraw = True
19.6784 	EXP 	slider_3: autoDraw = True
19.6784 	EXP 	text_14: autoDraw = True
19.6784 	EXP 	slider_5: autoDraw = True
19.6784 	EXP 	text: autoDraw = True
19.6784 	EXP 	slider_6: autoDraw = True
19.6784 	EXP 	text_4: autoDraw = True
42.3534 	DATA 	Keypress: escape
42.6055 	EXP 	window1: mouseVisible = True
