5.2620 	WARNING 	We strongly recommend you activate the PTB sound engine in PsychoPy prefs as the preferred audio engine. Its timing is vastly superior. Your prefs are currently set to use ['sounddevice', 'PTB', 'pyo', 'pygame'] (in that order).
9.9624 	EXP 	Created window1 = Window(allowGUI=True, allowStencil=False, autoLog=True, backendConf=UNKNOWN, bitsMode=UNKNOWN, blendMode='avg', bpc=(8, 8, 8), color=array([0, 0, 0]), colorSpace='rgb', depthBits=8, fullscr=<method-wrapper '__getattribute__' of attributeSetter object at 0x0000019800196048>, gamma=None, gammaErrorPolicy='raise', lms=UNKNOWN, monitor=<psychopy.monitors.calibTools.Monitor object at 0x00000198001DC5F8>, multiSample=False, name='window1', numSamples=2, pos=[320.0, 180.0], screen=0, size=array([1280,  720]), stencilBits=0, stereo=False, units='height', useFBO=True, useRetina=False, viewOri=0.0, viewPos=None, viewScale=None, waitBlanking=True, winType='pyglet')
9.9625 	EXP 	window1: mouseVisible = True
9.9625 	EXP 	window1: recordFrameIntervals = False
10.1301 	EXP 	window1: recordFrameIntervals = True
10.3130 	EXP 	window1: recordFrameIntervals = False
10.7369 	EXP 	Created text_1 = TextStim(__class__=<class 'psychopy.visual.text.TextStim'>, alignHoriz=method-wrapper(...), alignText='center', alignVert=method-wrapper(...), anchorHoriz='center', anchorVert='center', antialias=True, autoLog=True, bold=False, color=array([1., 1., 1.]), colorSpace='rgb', contrast=1.0, depth=0.0, flipHoriz=False, flipVert=False, font='Open Sans', fontFiles=[], height=0.05, italic=False, languageStyle='LTR', name='text_1', opacity=1, ori=0.0, pos=array([0., 0.]), rgb=UNKNOWN, text=str(...), units='height', win=Window(...), wrapWidth=1)
10.7474 	EXP 	Created text_6 = TextStim(__class__=<class 'psychopy.visual.text.TextStim'>, alignHoriz=method-wrapper(...), alignText='center', alignVert=method-wrapper(...), anchorHoriz='center', anchorVert='center', antialias=True, autoLog=True, bold=False, color=array([1., 1., 1.]), colorSpace='rgb', contrast=1.0, depth=0.0, flipHoriz=False, flipVert=False, font='Open Sans', fontFiles=[], height=0.03, italic=False, languageStyle='LTR', name='text_6', opacity=1, ori=0.0, pos=array([0. , 0.3]), rgb=UNKNOWN, text=str(...), units='height', win=Window(...), wrapWidth=1)
10.7848 	EXP 	Created example_pic1 = ImageStim(__class__=<class 'psychopy.visual.image.ImageStim'>, autoLog=True, color=array([1., 1., 1.]), colorSpace='rgb', contrast=1.0, depth=-1.0, flipHoriz=False, flipVert=False, image=str(...), interpolate=True, mask=None, maskParams=None, name='example_pic1', opacity=1, ori=0.0, pos=array([0.3, 0.1]), size=array([0.3, 0.3]), texRes=128.0, units='height', win=Window(...))
10.8152 	EXP 	Created example_pic2 = ImageStim(__class__=<class 'psychopy.visual.image.ImageStim'>, autoLog=True, color=array([1., 1., 1.]), colorSpace='rgb', contrast=1.0, depth=-2.0, flipHoriz=False, flipVert=False, image=str(...), interpolate=True, mask=None, maskParams=None, name='example_pic2', opacity=1, ori=0.0, pos=array([-0.3,  0.1]), size=array([0.3, 0.3]), texRes=128.0, units='height', win=Window(...))
10.8235 	EXP 	Created text_7 = TextStim(__class__=<class 'psychopy.visual.text.TextStim'>, alignHoriz=method-wrapper(...), alignText='center', alignVert=method-wrapper(...), anchorHoriz='center', anchorVert='center', antialias=True, autoLog=True, bold=False, color=array([1., 1., 1.]), colorSpace='rgb', contrast=1.0, depth=-3.0, flipHoriz=False, flipVert=False, font='Open Sans', fontFiles=[], height=0.03, italic=False, languageStyle='LTR', name='text_7', opacity=1, ori=0.0, pos=array([ 0. , -0.2]), rgb=UNKNOWN, text=str(...), units='height', win=Window(...), wrapWidth=1)
10.8275 	EXP 	Created text_8 = TextStim(__class__=<class 'psychopy.visual.text.TextStim'>, alignHoriz=method-wrapper(...), alignText='center', alignVert=method-wrapper(...), anchorHoriz='center', anchorVert='center', antialias=True, autoLog=True, bold=False, color=array([1., 1., 1.]), colorSpace='rgb', contrast=1.0, depth=-4.0, flipHoriz=False, flipVert=False, font='Open Sans', fontFiles=[], height=0.05, italic=False, languageStyle='LTR', name='text_8', opacity=1, ori=0.0, pos=array([ 0. , -0.4]), rgb=UNKNOWN, text='Press SPACE to continue\n', units='height', win=Window(...), wrapWidth=1)
10.8363 	EXP 	Created text_9 = TextStim(__class__=<class 'psychopy.visual.text.TextStim'>, alignHoriz=method-wrapper(...), alignText='center', alignVert=method-wrapper(...), anchorHoriz='center', anchorVert='center', antialias=True, autoLog=True, bold=False, color=array([1., 1., 1.]), colorSpace='rgb', contrast=1.0, depth=0.0, flipHoriz=False, flipVert=False, font='Open Sans', fontFiles=[], height=0.03, italic=False, languageStyle='LTR', name='text_9', opacity=1, ori=0.0, pos=array([0. , 0.4]), rgb=UNKNOWN, text=str(...), units='height', win=Window(...), wrapWidth=1)
10.8421 	EXP 	Created text_13 = TextStim(__class__=<class 'psychopy.visual.text.TextStim'>, alignHoriz=method-wrapper(...), alignText='center', alignVert=method-wrapper(...), anchorHoriz='center', anchorVert='center', antialias=True, autoLog=True, bold=False, color=array([1., 1., 1.]), colorSpace='rgb', contrast=1.0, depth=-1.0, flipHoriz=False, flipVert=False, font='Open Sans', fontFiles=[], height=0.03, italic=False, languageStyle='LTR', name='text_13', opacity=1, ori=0.0, pos=array([ 0.  , -0.45]), rgb=UNKNOWN, text='Press SPACE to continue', units='height', win=Window(...), wrapWidth=1)
10.8974 	EXP 	Created image_5 = ImageStim(__class__=<class 'psychopy.visual.image.ImageStim'>, autoLog=True, color=array([1., 1., 1.]), colorSpace='rgb', contrast=1.0, depth=-3.0, flipHoriz=False, flipVert=False, image='ratings.png', interpolate=True, mask=None, maskParams=None, name='image_5', opacity=1, ori=0.0, pos=array([0., 0.]), size=array([0.9, 0.6]), texRes=128.0, units='height', win=Window(...))
10.9071 	EXP 	Created text_10 = TextStim(__class__=<class 'psychopy.visual.text.TextStim'>, alignHoriz=method-wrapper(...), alignText='center', alignVert=method-wrapper(...), anchorHoriz='center', anchorVert='center', antialias=True, autoLog=True, bold=False, color=array([1., 1., 1.]), colorSpace='rgb', contrast=1.0, depth=0.0, flipHoriz=False, flipVert=False, font='Open Sans', fontFiles=[], height=0.03, italic=False, languageStyle='LTR', name='text_10', opacity=1, ori=0.0, pos=array([0., 0.]), rgb=UNKNOWN, text=str(...), units='height', win=Window(...), wrapWidth=1)
10.9109 	EXP 	Created image = ImageStim(__class__=<class 'psychopy.visual.image.ImageStim'>, autoLog=True, color=array([1., 1., 1.]), colorSpace='rgb', contrast=1.0, depth=0.0, flipHoriz=False, flipVert=False, image='sin', interpolate=True, mask=None, maskParams=None, name='image', opacity=1, ori=0.0, pos=array([0., 0.]), size=array([0.6, 0.6]), texRes=128.0, units='height', win=Window(...))
10.9143 	EXP 	Created image_4 = ImageStim(__class__=<class 'psychopy.visual.image.ImageStim'>, autoLog=True, color=array([1., 1., 1.]), colorSpace='rgb', contrast=1.0, depth=0.0, flipHoriz=False, flipVert=False, image='sin', interpolate=True, mask=None, maskParams=None, name='image_4', opacity=1, ori=0.0, pos=array([-0.7,  0. ]), size=array([0.3, 0.3]), texRes=128.0, units='height', win=Window(...))
10.9216 	EXP 	Created text_5 = TextStim(__class__=<class 'psychopy.visual.text.TextStim'>, alignHoriz=method-wrapper(...), alignText='center', alignVert=method-wrapper(...), anchorHoriz='center', anchorVert='center', antialias=True, autoLog=True, bold=False, color=array([1., 1., 1.]), colorSpace='rgb', contrast=1.0, depth=-1.0, flipHoriz=False, flipVert=False, font='Open Sans', fontFiles=[], height=0.03, italic=False, languageStyle='LTR', name='text_5', opacity=1, ori=0.0, pos=array([-0.2,  0.4]), rgb=UNKNOWN, text=str(...), units='height', win=Window(...), wrapWidth=1)
10.9578 	EXP 	Created image_2 = ImageStim(__class__=<class 'psychopy.visual.image.ImageStim'>, autoLog=True, color=array([1., 1., 1.]), colorSpace='rgb', contrast=1.0, depth=-2.0, flipHoriz=False, flipVert=False, image='arousal_rating.png', interpolate=True, mask=None, maskParams=None, name='image_2', opacity=1, ori=0.0, pos=array([-0.2,  0.3]), size=array([0.5 , 0.12]), texRes=128.0, units='height', win=Window(...))
10.9676 	EXP 	window1: mouseVisible = True
10.9759 	EXP 	Created slider_2 = Slider(__class__=<class 'psychopy.visual.slider.Slider'>, autoDraw=False, autoLog=True, borderColor=None, color=None, colorSpace='rgb', depth=-3, fillColor=None, flip=False, font='Open Sans', granularity=0.0, labelHeight=0.02, labelWrapWidth=None, labels=None, name='slider_2', opacity=None, pos=(-0.2, 0.2), readOnly=False, self=UNKNOWN, size=(0.4, 0.036), startValue=None, style=method-wrapper(...), styleTweaks=method-wrapper(...), ticks=array([1, 2, 3, 4, 5, 6, 7, 8, 9]), units='height', win=Window(...))
10.9856 	EXP 	Created text_11 = TextStim(__class__=<class 'psychopy.visual.text.TextStim'>, alignHoriz=method-wrapper(...), alignText='center', alignVert=method-wrapper(...), anchorHoriz='center', anchorVert='center', antialias=True, autoLog=True, bold=False, color=array([1., 1., 1.]), colorSpace='rgb', contrast=1.0, depth=-4.0, flipHoriz=False, flipVert=False, font='Open Sans', fontFiles=[], height=0.03, italic=False, languageStyle='LTR', name='text_11', opacity=1, ori=0.0, pos=array([0.5, 0.4]), rgb=UNKNOWN, text=str(...), units='height', win=Window(...), wrapWidth=1)
11.0189 	EXP 	Created image_3 = ImageStim(__class__=<class 'psychopy.visual.image.ImageStim'>, autoLog=True, color=array([1., 1., 1.]), colorSpace='rgb', contrast=1.0, depth=-5.0, flipHoriz=False, flipVert=False, image='valence_rating.png', interpolate=True, mask=None, maskParams=None, name='image_3', opacity=1, ori=0.0, pos=array([0.5, 0.3]), size=array([0.5 , 0.12]), texRes=128.0, units='height', win=Window(...))
11.0255 	EXP 	window1: mouseVisible = True
11.0329 	EXP 	Created slider_3 = Slider(__class__=<class 'psychopy.visual.slider.Slider'>, autoDraw=False, autoLog=True, borderColor=None, color=None, colorSpace='rgb', depth=-6, fillColor=None, flip=False, font='Open Sans', granularity=0.0, labelHeight=0.02, labelWrapWidth=None, labels=None, name='slider_3', opacity=None, pos=(0.5, 0.2), readOnly=False, self=UNKNOWN, size=(0.4, 0.036), startValue=None, style=method-wrapper(...), styleTweaks=method-wrapper(...), ticks=array([1, 2, 3, 4, 5, 6, 7, 8, 9]), units='height', win=Window(...))
11.0412 	EXP 	Created text = TextStim(__class__=<class 'psychopy.visual.text.TextStim'>, alignHoriz=method-wrapper(...), alignText='center', alignVert=method-wrapper(...), anchorHoriz='center', anchorVert='center', antialias=True, autoLog=True, bold=False, color=array([1., 1., 1.]), colorSpace='rgb', contrast=1.0, depth=-7.0, flipHoriz=False, flipVert=False, font='Open Sans', fontFiles=[], height=0.03, italic=False, languageStyle='LTR', name='text', opacity=1, ori=0.0, pos=array([-0.2 ,  0.05]), rgb=UNKNOWN, text=str(...), units='height', win=Window(...), wrapWidth=1)
11.0484 	EXP 	window1: mouseVisible = True
11.0571 	EXP 	Created slider_5 = Slider(__class__=<class 'psychopy.visual.slider.Slider'>, autoDraw=False, autoLog=True, borderColor=None, color=None, colorSpace='rgb', depth=-8, fillColor=None, flip=False, font='Open Sans', granularity=0.0, labelHeight=0.03, labelWrapWidth=None, labels=None, name='slider_5', opacity=None, pos=(-0.2, -0.05), readOnly=False, self=UNKNOWN, size=(0.48, 0.036), startValue=None, style=method-wrapper(...), styleTweaks=method-wrapper(...), ticks=array([1, 2, 3, 4, 5, 6, 7, 8, 9]), units='height', win=Window(...))
11.0663 	EXP 	Created text_4 = TextStim(__class__=<class 'psychopy.visual.text.TextStim'>, alignHoriz=method-wrapper(...), alignText='center', alignVert=method-wrapper(...), anchorHoriz='center', anchorVert='center', antialias=True, autoLog=True, bold=False, color=array([1., 1., 1.]), colorSpace='rgb', contrast=1.0, depth=-9.0, flipHoriz=False, flipVert=False, font='Open Sans', fontFiles=[], height=0.03, italic=False, languageStyle='LTR', name='text_4', opacity=1, ori=0.0, pos=array([0.5 , 0.05]), rgb=UNKNOWN, text=str(...), units='height', win=Window(...), wrapWidth=1)
11.0732 	EXP 	window1: mouseVisible = True
11.0826 	EXP 	Created slider_6 = Slider(__class__=<class 'psychopy.visual.slider.Slider'>, autoDraw=False, autoLog=True, borderColor=None, color=None, colorSpace='rgb', depth=-10, fillColor=None, flip=False, font='Open Sans', granularity=0.0, labelHeight=0.02, labelWrapWidth=None, labels=None, name='slider_6', opacity=None, pos=(0.5, -0.05), readOnly=False, self=UNKNOWN, size=(0.4, 0.036), startValue=None, style=method-wrapper(...), styleTweaks=method-wrapper(...), ticks=array([1, 2, 3, 4, 5, 6, 7, 8, 9]), units='height', win=Window(...))
11.0923 	EXP 	Created text_12 = TextStim(__class__=<class 'psychopy.visual.text.TextStim'>, alignHoriz=method-wrapper(...), alignText='center', alignVert=method-wrapper(...), anchorHoriz='center', anchorVert='center', antialias=True, autoLog=True, bold=False, color=array([1., 1., 1.]), colorSpace='rgb', contrast=1.0, depth=-11.0, flipHoriz=False, flipVert=False, font='Open Sans', fontFiles=[], height=0.03, italic=False, languageStyle='LTR', name='text_12', opacity=1, ori=0.0, pos=array([ 0.15, -0.2 ]), rgb=UNKNOWN, text=str(...), units='height', win=Window(...), wrapWidth=1)
11.0984 	EXP 	window1: mouseVisible = True
11.1091 	EXP 	Created slider_7 = Slider(__class__=<class 'psychopy.visual.slider.Slider'>, autoDraw=False, autoLog=True, borderColor=None, color=None, colorSpace='rgb', depth=-12, fillColor=None, flip=False, font='Open Sans', granularity=0.0, labelHeight=0.05, labelWrapWidth=None, labels=None, name='slider_7', opacity=None, pos=(0.15, -0.3), readOnly=False, self=UNKNOWN, size=(0.4, 0.036), startValue=None, style=method-wrapper(...), styleTweaks=method-wrapper(...), ticks=array([1, 2, 3, 4, 5, 6, 7, 8, 9]), units='height', win=Window(...))
11.1178 	EXP 	Created text_14 = TextStim(__class__=<class 'psychopy.visual.text.TextStim'>, alignHoriz=method-wrapper(...), alignText='center', alignVert=method-wrapper(...), anchorHoriz='center', anchorVert='center', antialias=True, autoLog=True, bold=False, color=array([1., 1., 1.]), colorSpace='rgb', contrast=1.0, depth=-13.0, flipHoriz=False, flipVert=False, font='Open Sans', fontFiles=[], height=0.03, italic=False, languageStyle='LTR', name='text_14', opacity=1, ori=0.0, pos=array([ 0.15, -0.45]), rgb=UNKNOWN, text='Press SPACE after rating to continue\n', units='height', win=Window(...), wrapWidth=1)
11.1649 	EXP 	slider_2: autoLog = True
11.1649 	EXP 	slider_2: markerPos = None
11.1649 	EXP 	slider_2: rating = None
11.1649 	EXP 	slider_2: markerPos = None
11.1649 	EXP 	slider_2: contrast = 1.0
11.1649 	EXP 	slider_2: autoLog = True
11.1649 	EXP 	slider_2: styleTweaks = []
11.1649 	EXP 	slider_2: style = 'rating'
11.1649 	EXP 	slider_2: styleTweaks = []
11.1649 	EXP 	slider_3: autoLog = True
11.1649 	EXP 	slider_3: markerPos = None
11.1649 	EXP 	slider_3: rating = None
11.1649 	EXP 	slider_3: markerPos = None
11.1649 	EXP 	slider_3: contrast = 1.0
11.1649 	EXP 	slider_3: autoLog = True
11.1649 	EXP 	slider_3: styleTweaks = []
11.1649 	EXP 	slider_3: style = 'rating'
11.1649 	EXP 	slider_3: styleTweaks = []
11.1649 	EXP 	slider_5: autoLog = True
11.1649 	EXP 	slider_5: markerPos = None
11.1649 	EXP 	slider_5: rating = None
11.1649 	EXP 	slider_5: markerPos = None
11.1649 	EXP 	slider_5: contrast = 1.0
11.1649 	EXP 	slider_5: autoLog = True
11.1649 	EXP 	slider_5: styleTweaks = []
11.1649 	EXP 	slider_5: style = 'rating'
11.1649 	EXP 	slider_5: styleTweaks = []
11.1649 	EXP 	slider_6: autoLog = True
11.1649 	EXP 	slider_6: markerPos = None
11.1649 	EXP 	slider_6: rating = None
11.1649 	EXP 	slider_6: markerPos = None
11.1649 	EXP 	slider_6: contrast = 1.0
11.1649 	EXP 	slider_6: autoLog = True
11.1649 	EXP 	slider_6: styleTweaks = []
11.1649 	EXP 	slider_6: style = 'rating'
11.1649 	EXP 	slider_6: styleTweaks = []
11.1649 	EXP 	slider_7: autoLog = True
11.1649 	EXP 	slider_7: markerPos = None
11.1649 	EXP 	slider_7: rating = None
11.1649 	EXP 	slider_7: markerPos = None
11.1649 	EXP 	slider_7: contrast = 1.0
11.1649 	EXP 	slider_7: autoLog = True
11.1649 	EXP 	slider_7: styleTweaks = []
11.1649 	EXP 	slider_7: style = 'rating'
11.1649 	EXP 	slider_7: styleTweaks = []
11.1649 	EXP 	text_1: autoDraw = True
12.4144 	DATA 	Keypress: space
12.4260 	EXP 	text_1: autoDraw = False
12.4260 	EXP 	text_6: autoDraw = True
12.4260 	EXP 	example_pic1: autoDraw = True
12.4260 	EXP 	example_pic2: autoDraw = True
12.4260 	EXP 	text_7: autoDraw = True
12.4260 	EXP 	text_8: autoDraw = True
13.3341 	DATA 	Keypress: space
13.3436 	EXP 	text_6: autoDraw = False
13.3436 	EXP 	example_pic1: autoDraw = False
13.3436 	EXP 	example_pic2: autoDraw = False
13.3436 	EXP 	text_7: autoDraw = False
13.3436 	EXP 	text_8: autoDraw = False
13.3436 	EXP 	text_9: autoDraw = True
13.3436 	EXP 	text_13: autoDraw = True
13.3436 	EXP 	image_5: autoDraw = True
19.3124 	DATA 	Keypress: space
19.3214 	EXP 	text_9: autoDraw = False
19.3214 	EXP 	text_13: autoDraw = False
19.3214 	EXP 	image_5: autoDraw = False
19.3214 	EXP 	text_10: autoDraw = True
20.7052 	EXP 	Imported stimuli.csv as conditions, 5 conditions, 1 params
20.7059 	EXP 	Created sequence: random, trialTypes=5, nReps=1, seed=1
20.7062 	EXP 	New trial (rep=0, index=0): OrderedDict([('stimuli', '../stimuli/matched_images/SHINE_color_cielab_accidents4.jpg')])
20.7162 	DATA 	Keypress: space
20.7358 	EXP 	text_10: autoDraw = False
20.7358 	EXP 	image: image = '../stimuli/matched_images/SHINE_color_cielab_accidents4.jpg'
20.7358 	EXP 	image: autoDraw = True
21.5215 	DATA 	Keypress: space
22.7837 	EXP 	image: autoDraw = False
22.7837 	EXP 	image_4: image = '../stimuli/matched_images/SHINE_color_cielab_accidents4.jpg'
22.7837 	EXP 	slider_2: markerPos = None
22.7837 	EXP 	slider_2: markerPos = None
22.7837 	EXP 	slider_2: rating = None
22.7837 	EXP 	slider_3: markerPos = None
22.7837 	EXP 	slider_3: markerPos = None
22.7837 	EXP 	slider_3: rating = None
22.7837 	EXP 	slider_5: markerPos = None
22.7837 	EXP 	slider_5: markerPos = None
22.7837 	EXP 	slider_5: rating = None
22.7837 	EXP 	slider_6: markerPos = None
22.7837 	EXP 	slider_6: markerPos = None
22.7837 	EXP 	slider_6: rating = None
22.7837 	EXP 	slider_7: markerPos = None
22.7837 	EXP 	slider_7: markerPos = None
22.7837 	EXP 	slider_7: rating = None
22.7837 	EXP 	image_4: autoDraw = True
22.7837 	EXP 	text_5: autoDraw = True
22.7837 	EXP 	image_2: autoDraw = True
22.7837 	EXP 	slider_2: autoDraw = True
22.7837 	EXP 	text_11: autoDraw = True
22.7837 	EXP 	image_3: autoDraw = True
22.7837 	EXP 	slider_3: autoDraw = True
22.7837 	EXP 	text: autoDraw = True
22.7837 	EXP 	slider_5: autoDraw = True
22.7837 	EXP 	text_4: autoDraw = True
22.7837 	EXP 	slider_6: autoDraw = True
22.7837 	EXP 	text_12: autoDraw = True
22.7837 	EXP 	slider_7: autoDraw = True
22.7837 	EXP 	text_14: autoDraw = True
30.8489 	DATA 	Mouse: Left button down, pos=(637,506)
30.8768 	EXP 	slider_2: markerPos = 8.916666666666666
30.9097 	EXP 	slider_2: markerPos = 8.916666666666666
30.9433 	EXP 	slider_2: markerPos = 8.916666666666666
30.9766 	EXP 	slider_2: markerPos = 8.916666666666666
31.0100 	EXP 	slider_2: markerPos = 8.916666666666666
31.0431 	EXP 	slider_2: markerPos = 8.916666666666666
31.0764 	EXP 	slider_2: markerPos = 8.916666666666666
31.0822 	DATA 	Mouse:  Left button up, pos=(637,506)
31.1107 	EXP 	slider_2: markerPos = 8.916666666666666
31.1107 	EXP 	slider_2: rating = 8.916666666666666
35.3397 	DATA 	Keypress: escape
35.5137 	EXP 	window1: mouseVisible = True
