2.3496 	WARNING 	We strongly recommend you activate the PTB sound engine in PsychoPy prefs as the preferred audio engine. Its timing is vastly superior. Your prefs are currently set to use ['sounddevice', 'PTB', 'pyo', 'pygame'] (in that order).
6.6718 	WARNING 	User requested fullscreen with size [1280  720], but screen is actually [1920, 1080]. Using actual size
8.2376 	EXP 	Created window1 = Window(allowGUI=True, allowStencil=False, autoLog=True, backendConf=UNKNOWN, bitsMode=UNKNOWN, blendMode='avg', bpc=(8, 8, 8), color=array([0, 0, 0]), colorSpace='rgb', depthBits=8, fullscr=<method-wrapper '__getattribute__' of attributeSetter object at 0x000002C54B4269E8>, gamma=None, gammaErrorPolicy='raise', lms=UNKNOWN, monitor=<psychopy.monitors.calibTools.Monitor object at 0x000002C54B407FD0>, multiSample=False, name='window1', numSamples=2, pos=[0.0, 0.0], screen=0, size=array([1920, 1080]), stencilBits=0, stereo=False, units='height', useFBO=True, useRetina=False, viewOri=0.0, viewPos=None, viewScale=None, waitBlanking=True, winType='pyglet')
8.2378 	EXP 	window1: mouseVisible = True
8.2379 	EXP 	window1: recordFrameIntervals = False
8.4028 	EXP 	window1: recordFrameIntervals = True
8.5866 	EXP 	window1: recordFrameIntervals = False
9.0575 	EXP 	Created text_1 = TextStim(__class__=<class 'psychopy.visual.text.TextStim'>, alignHoriz=method-wrapper(...), alignText='center', alignVert=method-wrapper(...), anchorHoriz='center', anchorVert='center', antialias=True, autoLog=True, bold=False, color=array([1., 1., 1.]), colorSpace='rgb', contrast=1.0, depth=0.0, flipHoriz=False, flipVert=False, font='Open Sans', fontFiles=[], height=0.05, italic=False, languageStyle='LTR', name='text_1', opacity=1, ori=0.0, pos=array([0., 0.]), rgb=UNKNOWN, text=str(...), units='height', win=Window(...), wrapWidth=1)
9.0730 	EXP 	Created text_6 = TextStim(__class__=<class 'psychopy.visual.text.TextStim'>, alignHoriz=method-wrapper(...), alignText='center', alignVert=method-wrapper(...), anchorHoriz='center', anchorVert='center', antialias=True, autoLog=True, bold=False, color=array([1., 1., 1.]), colorSpace='rgb', contrast=1.0, depth=0.0, flipHoriz=False, flipVert=False, font='Open Sans', fontFiles=[], height=0.03, italic=False, languageStyle='LTR', name='text_6', opacity=1, ori=0.0, pos=array([0. , 0.3]), rgb=UNKNOWN, text=str(...), units='height', win=Window(...), wrapWidth=1)
9.1130 	EXP 	Created example_pic1 = ImageStim(__class__=<class 'psychopy.visual.image.ImageStim'>, autoLog=True, color=array([1., 1., 1.]), colorSpace='rgb', contrast=1.0, depth=-1.0, flipHoriz=False, flipVert=False, image=str(...), interpolate=True, mask=None, maskParams=None, name='example_pic1', opacity=1, ori=0.0, pos=array([0.3, 0.1]), size=array([0.3, 0.3]), texRes=128.0, units='height', win=Window(...))
9.1403 	EXP 	Created example_pic2 = ImageStim(__class__=<class 'psychopy.visual.image.ImageStim'>, autoLog=True, color=array([1., 1., 1.]), colorSpace='rgb', contrast=1.0, depth=-2.0, flipHoriz=False, flipVert=False, image=str(...), interpolate=True, mask=None, maskParams=None, name='example_pic2', opacity=1, ori=0.0, pos=array([-0.3,  0.1]), size=array([0.3, 0.3]), texRes=128.0, units='height', win=Window(...))
9.1482 	EXP 	Created text_7 = TextStim(__class__=<class 'psychopy.visual.text.TextStim'>, alignHoriz=method-wrapper(...), alignText='center', alignVert=method-wrapper(...), anchorHoriz='center', anchorVert='center', antialias=True, autoLog=True, bold=False, color=array([1., 1., 1.]), colorSpace='rgb', contrast=1.0, depth=-3.0, flipHoriz=False, flipVert=False, font='Open Sans', fontFiles=[], height=0.03, italic=False, languageStyle='LTR', name='text_7', opacity=1, ori=0.0, pos=array([ 0. , -0.2]), rgb=UNKNOWN, text=str(...), units='height', win=Window(...), wrapWidth=1)
9.1528 	EXP 	Created text_8 = TextStim(__class__=<class 'psychopy.visual.text.TextStim'>, alignHoriz=method-wrapper(...), alignText='center', alignVert=method-wrapper(...), anchorHoriz='center', anchorVert='center', antialias=True, autoLog=True, bold=False, color=array([1., 1., 1.]), colorSpace='rgb', contrast=1.0, depth=-4.0, flipHoriz=False, flipVert=False, font='Open Sans', fontFiles=[], height=0.05, italic=False, languageStyle='LTR', name='text_8', opacity=1, ori=0.0, pos=array([ 0. , -0.4]), rgb=UNKNOWN, text='Press SPACE to continue\n', units='height', win=Window(...), wrapWidth=1)
9.1603 	EXP 	Created text_9 = TextStim(__class__=<class 'psychopy.visual.text.TextStim'>, alignHoriz=method-wrapper(...), alignText='center', alignVert=method-wrapper(...), anchorHoriz='center', anchorVert='center', antialias=True, autoLog=True, bold=False, color=array([1., 1., 1.]), colorSpace='rgb', contrast=1.0, depth=0.0, flipHoriz=False, flipVert=False, font='Open Sans', fontFiles=[], height=0.03, italic=False, languageStyle='LTR', name='text_9', opacity=1, ori=0.0, pos=array([0. , 0.4]), rgb=UNKNOWN, text=str(...), units='height', win=Window(...), wrapWidth=1)
9.1658 	EXP 	Created text_13 = TextStim(__class__=<class 'psychopy.visual.text.TextStim'>, alignHoriz=method-wrapper(...), alignText='center', alignVert=method-wrapper(...), anchorHoriz='center', anchorVert='center', antialias=True, autoLog=True, bold=False, color=array([1., 1., 1.]), colorSpace='rgb', contrast=1.0, depth=-1.0, flipHoriz=False, flipVert=False, font='Open Sans', fontFiles=[], height=0.03, italic=False, languageStyle='LTR', name='text_13', opacity=1, ori=0.0, pos=array([ 0.  , -0.45]), rgb=UNKNOWN, text='Press SPACE to continue', units='height', win=Window(...), wrapWidth=1)
9.1736 	EXP 	Created text_10 = TextStim(__class__=<class 'psychopy.visual.text.TextStim'>, alignHoriz=method-wrapper(...), alignText='center', alignVert=method-wrapper(...), anchorHoriz='center', anchorVert='center', antialias=True, autoLog=True, bold=False, color=array([1., 1., 1.]), colorSpace='rgb', contrast=1.0, depth=0.0, flipHoriz=False, flipVert=False, font='Open Sans', fontFiles=[], height=0.03, italic=False, languageStyle='LTR', name='text_10', opacity=1, ori=0.0, pos=array([0., 0.]), rgb=UNKNOWN, text=str(...), units='height', win=Window(...), wrapWidth=1)
9.1778 	EXP 	Created image = ImageStim(__class__=<class 'psychopy.visual.image.ImageStim'>, autoLog=True, color=array([1., 1., 1.]), colorSpace='rgb', contrast=1.0, depth=0.0, flipHoriz=False, flipVert=False, image='sin', interpolate=True, mask=None, maskParams=None, name='image', opacity=1, ori=0.0, pos=array([0., 0.]), size=array([0.4, 0.4]), texRes=128.0, units='height', win=Window(...))
9.2144 	EXP 	Created image_2 = ImageStim(__class__=<class 'psychopy.visual.image.ImageStim'>, autoLog=True, color=array([1., 1., 1.]), colorSpace='rgb', contrast=1.0, depth=0.0, flipHoriz=False, flipVert=False, image='arousal_rating.png', interpolate=True, mask=None, maskParams=None, name='image_2', opacity=1, ori=0.0, pos=array([0.  , 0.35]), size=array([1. , 0.2]), texRes=128.0, units='height', win=Window(...))
9.2245 	EXP 	window1: mouseVisible = True
9.2336 	EXP 	Created slider_2 = Slider(__class__=<class 'psychopy.visual.slider.Slider'>, autoDraw=False, autoLog=True, borderColor=None, color=None, colorSpace='rgb', depth=-1, fillColor=None, flip=False, font='Open Sans', granularity=0.0, labelHeight=0.02, labelWrapWidth=None, labels=None, name='slider_2', opacity=None, pos=(0.0, 0.2), readOnly=False, self=UNKNOWN, size=(0.8, 0.03), startValue=None, style=method-wrapper(...), styleTweaks=method-wrapper(...), ticks=array([1, 2, 3, 4, 5, 6, 7, 8, 9]), units='height', win=Window(...))
9.2706 	EXP 	Created image_3 = ImageStim(__class__=<class 'psychopy.visual.image.ImageStim'>, autoLog=True, color=array([1., 1., 1.]), colorSpace='rgb', contrast=1.0, depth=-2.0, flipHoriz=False, flipVert=False, image='valence_rating.png', interpolate=True, mask=None, maskParams=None, name='image_3', opacity=1, ori=0.0, pos=array([0.  , 0.05]), size=array([1. , 0.2]), texRes=128.0, units='height', win=Window(...))
9.2781 	EXP 	window1: mouseVisible = True
9.2864 	EXP 	Created slider_3 = Slider(__class__=<class 'psychopy.visual.slider.Slider'>, autoDraw=False, autoLog=True, borderColor=None, color=None, colorSpace='rgb', depth=-3, fillColor=None, flip=False, font='Open Sans', granularity=0.0, labelHeight=0.02, labelWrapWidth=None, labels=None, name='slider_3', opacity=None, pos=(0.0, -0.1), readOnly=False, self=UNKNOWN, size=(0.8, 0.03), startValue=None, style=method-wrapper(...), styleTweaks=method-wrapper(...), ticks=array([1, 2, 3, 4, 5, 6, 7, 8, 9]), units='height', win=Window(...))
9.2951 	EXP 	Created text_14 = TextStim(__class__=<class 'psychopy.visual.text.TextStim'>, alignHoriz=method-wrapper(...), alignText='center', alignVert=method-wrapper(...), anchorHoriz='center', anchorVert='center', antialias=True, autoLog=True, bold=False, color=array([1., 1., 1.]), colorSpace='rgb', contrast=1.0, depth=-5.0, flipHoriz=False, flipVert=False, font='Open Sans', fontFiles=[], height=0.03, italic=False, languageStyle='LTR', name='text_14', opacity=1, ori=0.0, pos=array([ 0.  , -0.45]), rgb=UNKNOWN, text='Press SPACE after rating to continue\n', units='height', win=Window(...), wrapWidth=1)
9.3014 	EXP 	window1: mouseVisible = True
9.3092 	EXP 	Created slider = Slider(__class__=<class 'psychopy.visual.slider.Slider'>, autoDraw=False, autoLog=True, borderColor=None, color=None, colorSpace='rgb', depth=0, fillColor=None, flip=False, font='Open Sans', granularity=0.0, labelHeight=0.02, labelWrapWidth=None, labels=None, name='slider', opacity=None, pos=(0, 0.35), readOnly=False, self=UNKNOWN, size=(0.8, 0.03), startValue=None, style=method-wrapper(...), styleTweaks=method-wrapper(...), ticks=array([1, 2, 3, 4, 5, 6, 7, 8, 9]), units='height', win=Window(...))
9.3518 	EXP 	Created text_2 = TextStim(__class__=<class 'psychopy.visual.text.TextStim'>, alignHoriz=method-wrapper(...), alignText='center', alignVert=method-wrapper(...), anchorHoriz='center', anchorVert='center', antialias=True, autoLog=True, bold=False, color=array([1., 1., 1.]), colorSpace='rgb', contrast=1.0, depth=-1.0, flipHoriz=False, flipVert=False, font='Open Sans', fontFiles=[], height=0.04, italic=False, languageStyle='LTR', name='text_2', opacity=1, ori=0.0, pos=array([0. , 0.3]), rgb=UNKNOWN, text='How aesthetic do you find this picture?', units='height', win=Window(...), wrapWidth=1)
9.3684 	EXP 	window1: mouseVisible = True
9.3803 	EXP 	Created slider_4 = Slider(__class__=<class 'psychopy.visual.slider.Slider'>, autoDraw=False, autoLog=True, borderColor=None, color=None, colorSpace='rgb', depth=-2, fillColor=None, flip=False, font='Open Sans', granularity=0.0, labelHeight=0.02, labelWrapWidth=None, labels=None, name='slider_4', opacity=None, pos=(0, 0.1), readOnly=False, self=UNKNOWN, size=(1.0, 0.03), startValue=None, style=method-wrapper(...), styleTweaks=method-wrapper(...), ticks=array([1, 2, 3, 4, 5, 6, 7, 8, 9]), units='height', win=Window(...))
9.3934 	EXP 	Created text_3 = TextStim(__class__=<class 'psychopy.visual.text.TextStim'>, alignHoriz=method-wrapper(...), alignText='center', alignVert=method-wrapper(...), anchorHoriz='center', anchorVert='center', antialias=True, autoLog=True, bold=False, color=array([1., 1., 1.]), colorSpace='rgb', contrast=1.0, depth=-3.0, flipHoriz=False, flipVert=False, font='Open Sans', fontFiles=[], height=0.04, italic=False, languageStyle='LTR', name='text_3', opacity=1, ori=0.0, pos=array([0.  , 0.05]), rgb=UNKNOWN, text='How complex do you find this picture?\n', units='height', win=Window(...), wrapWidth=1)
9.4298 	EXP 	slider_2: autoLog = True
9.4298 	EXP 	slider_2: markerPos = None
9.4298 	EXP 	slider_2: rating = None
9.4298 	EXP 	slider_2: markerPos = None
9.4298 	EXP 	slider_2: contrast = 1.0
9.4298 	EXP 	slider_2: autoLog = True
9.4298 	EXP 	slider_2: styleTweaks = []
9.4298 	EXP 	slider_2: style = 'rating'
9.4298 	EXP 	slider_2: styleTweaks = []
9.4298 	EXP 	slider_3: autoLog = True
9.4298 	EXP 	slider_3: markerPos = None
9.4298 	EXP 	slider_3: rating = None
9.4298 	EXP 	slider_3: markerPos = None
9.4298 	EXP 	slider_3: contrast = 1.0
9.4298 	EXP 	slider_3: autoLog = True
9.4298 	EXP 	slider_3: styleTweaks = []
9.4298 	EXP 	slider_3: style = 'rating'
9.4298 	EXP 	slider_3: styleTweaks = []
9.4298 	EXP 	slider: autoLog = True
9.4298 	EXP 	slider: markerPos = None
9.4298 	EXP 	slider: rating = None
9.4298 	EXP 	slider: markerPos = None
9.4298 	EXP 	slider: contrast = 1.0
9.4298 	EXP 	slider: autoLog = True
9.4298 	EXP 	slider: styleTweaks = []
9.4298 	EXP 	slider: style = 'rating'
9.4298 	EXP 	slider: styleTweaks = []
9.4298 	EXP 	slider_4: autoLog = True
9.4298 	EXP 	slider_4: markerPos = None
9.4298 	EXP 	slider_4: rating = None
9.4298 	EXP 	slider_4: markerPos = None
9.4298 	EXP 	slider_4: contrast = 1.0
9.4298 	EXP 	slider_4: autoLog = True
9.4298 	EXP 	slider_4: styleTweaks = []
9.4298 	EXP 	slider_4: style = 'rating'
9.4298 	EXP 	slider_4: styleTweaks = []
9.4298 	EXP 	text_1: autoDraw = True
9.8717 	DATA 	Keypress: space
9.8755 	EXP 	text_1: autoDraw = False
9.8755 	EXP 	text_6: autoDraw = True
9.8755 	EXP 	example_pic1: autoDraw = True
9.8755 	EXP 	example_pic2: autoDraw = True
9.8755 	EXP 	text_7: autoDraw = True
9.8755 	EXP 	text_8: autoDraw = True
10.2627 	DATA 	Keypress: space
10.2679 	EXP 	text_6: autoDraw = False
10.2679 	EXP 	example_pic1: autoDraw = False
10.2679 	EXP 	example_pic2: autoDraw = False
10.2679 	EXP 	text_7: autoDraw = False
10.2679 	EXP 	text_8: autoDraw = False
10.2679 	EXP 	text_9: autoDraw = True
10.2679 	EXP 	text_13: autoDraw = True
10.8766 	DATA 	Keypress: space
10.9009 	EXP 	text_9: autoDraw = False
10.9009 	EXP 	text_13: autoDraw = False
10.9009 	EXP 	text_10: autoDraw = True
11.5996 	EXP 	Imported stimuli.csv as conditions, 213 conditions, 1 params
11.6012 	EXP 	Created sequence: random, trialTypes=213, nReps=2, seed=1
11.6017 	EXP 	New trial (rep=0, index=0): OrderedDict([('stimuli', '../stimuli/matched_images/SHINE_color_cielab_erotic_females6.jpg')])
11.6135 	DATA 	Keypress: space
11.6169 	EXP 	text_10: autoDraw = False
11.6169 	EXP 	image: image = '../stimuli/matched_images/SHINE_color_cielab_erotic_females6.jpg'
11.6169 	EXP 	image: autoDraw = True
12.5041 	DATA 	Keypress: space
12.6433 	EXP 	image: autoDraw = False
12.6433 	EXP 	slider_2: markerPos = None
12.6433 	EXP 	slider_2: markerPos = None
12.6433 	EXP 	slider_2: rating = None
12.6433 	EXP 	slider_3: markerPos = None
12.6433 	EXP 	slider_3: markerPos = None
12.6433 	EXP 	slider_3: rating = None
12.6433 	EXP 	image_2: autoDraw = True
12.6433 	EXP 	slider_2: autoDraw = True
12.6433 	EXP 	image_3: autoDraw = True
12.6433 	EXP 	slider_3: autoDraw = True
12.6433 	EXP 	text_14: autoDraw = True
17.4006 	DATA 	Keypress: space
17.4596 	EXP 	image_2: autoDraw = False
17.4596 	EXP 	slider_2: autoDraw = False
17.4596 	EXP 	image_3: autoDraw = False
17.4596 	EXP 	slider_3: autoDraw = False
17.4596 	EXP 	text_14: autoDraw = False
17.4596 	EXP 	slider: markerPos = None
17.4596 	EXP 	slider: markerPos = None
17.4596 	EXP 	slider: rating = None
17.4596 	EXP 	slider_4: markerPos = None
17.4596 	EXP 	slider_4: markerPos = None
17.4596 	EXP 	slider_4: rating = None
17.4596 	EXP 	slider: autoDraw = True
17.4596 	EXP 	text_2: autoDraw = True
17.4596 	EXP 	slider_4: autoDraw = True
17.4596 	EXP 	text_3: autoDraw = True
20.4022 	DATA 	Keypress: escape
20.6799 	EXP 	window1: mouseVisible = True
