6.0671 	WARNING 	We strongly recommend you activate the PTB sound engine in PsychoPy prefs as the preferred audio engine. Its timing is vastly superior. Your prefs are currently set to use ['sounddevice', 'PTB', 'pyo', 'pygame'] (in that order).
9.9402 	WARNING 	User requested fullscreen with size [1280  720], but screen is actually [1920, 1080]. Using actual size
11.5407 	EXP 	Created window1 = Window(allowGUI=True, allowStencil=False, autoLog=True, backendConf=UNKNOWN, bitsMode=UNKNOWN, blendMode='avg', bpc=(8, 8, 8), color=array([0, 0, 0]), colorSpace='rgb', depthBits=8, fullscr=<method-wrapper '__getattribute__' of attributeSetter object at 0x00000275ED8266D8>, gamma=None, gammaErrorPolicy='raise', lms=UNKNOWN, monitor=<psychopy.monitors.calibTools.Monitor object at 0x00000275ED808CC0>, multiSample=False, name='window1', numSamples=2, pos=[0.0, 0.0], screen=0, size=array([1920, 1080]), stencilBits=0, stereo=False, units='height', useFBO=True, useRetina=False, viewOri=0.0, viewPos=None, viewScale=None, waitBlanking=True, winType='pyglet')
11.5410 	EXP 	window1: mouseVisible = True
11.5411 	EXP 	window1: recordFrameIntervals = False
11.7061 	EXP 	window1: recordFrameIntervals = True
11.8896 	EXP 	window1: recordFrameIntervals = False
12.3717 	EXP 	Created text_1 = TextStim(__class__=<class 'psychopy.visual.text.TextStim'>, alignHoriz=method-wrapper(...), alignText='center', alignVert=method-wrapper(...), anchorHoriz='center', anchorVert='center', antialias=True, autoLog=True, bold=False, color=array([1., 1., 1.]), colorSpace='rgb', contrast=1.0, depth=0.0, flipHoriz=False, flipVert=False, font='Open Sans', fontFiles=[], height=0.05, italic=False, languageStyle='LTR', name='text_1', opacity=1, ori=0.0, pos=array([0., 0.]), rgb=UNKNOWN, text=str(...), units='height', win=Window(...), wrapWidth=1)
12.3865 	EXP 	Created text_6 = TextStim(__class__=<class 'psychopy.visual.text.TextStim'>, alignHoriz=method-wrapper(...), alignText='center', alignVert=method-wrapper(...), anchorHoriz='center', anchorVert='center', antialias=True, autoLog=True, bold=False, color=array([1., 1., 1.]), colorSpace='rgb', contrast=1.0, depth=0.0, flipHoriz=False, flipVert=False, font='Open Sans', fontFiles=[], height=0.03, italic=False, languageStyle='LTR', name='text_6', opacity=1, ori=0.0, pos=array([0. , 0.3]), rgb=UNKNOWN, text=str(...), units='height', win=Window(...), wrapWidth=1)
12.4262 	EXP 	Created example_pic1 = ImageStim(__class__=<class 'psychopy.visual.image.ImageStim'>, autoLog=True, color=array([1., 1., 1.]), colorSpace='rgb', contrast=1.0, depth=-1.0, flipHoriz=False, flipVert=False, image=str(...), interpolate=True, mask=None, maskParams=None, name='example_pic1', opacity=1, ori=0.0, pos=array([0.3, 0.1]), size=array([0.3, 0.3]), texRes=128.0, units='height', win=Window(...))
12.4591 	EXP 	Created example_pic2 = ImageStim(__class__=<class 'psychopy.visual.image.ImageStim'>, autoLog=True, color=array([1., 1., 1.]), colorSpace='rgb', contrast=1.0, depth=-2.0, flipHoriz=False, flipVert=False, image=str(...), interpolate=True, mask=None, maskParams=None, name='example_pic2', opacity=1, ori=0.0, pos=array([-0.3,  0.1]), size=array([0.3, 0.3]), texRes=128.0, units='height', win=Window(...))
12.4672 	EXP 	Created text_7 = TextStim(__class__=<class 'psychopy.visual.text.TextStim'>, alignHoriz=method-wrapper(...), alignText='center', alignVert=method-wrapper(...), anchorHoriz='center', anchorVert='center', antialias=True, autoLog=True, bold=False, color=array([1., 1., 1.]), colorSpace='rgb', contrast=1.0, depth=-3.0, flipHoriz=False, flipVert=False, font='Open Sans', fontFiles=[], height=0.03, italic=False, languageStyle='LTR', name='text_7', opacity=1, ori=0.0, pos=array([ 0. , -0.2]), rgb=UNKNOWN, text=str(...), units='height', win=Window(...), wrapWidth=1)
12.4715 	EXP 	Created text_8 = TextStim(__class__=<class 'psychopy.visual.text.TextStim'>, alignHoriz=method-wrapper(...), alignText='center', alignVert=method-wrapper(...), anchorHoriz='center', anchorVert='center', antialias=True, autoLog=True, bold=False, color=array([1., 1., 1.]), colorSpace='rgb', contrast=1.0, depth=-4.0, flipHoriz=False, flipVert=False, font='Open Sans', fontFiles=[], height=0.05, italic=False, languageStyle='LTR', name='text_8', opacity=1, ori=0.0, pos=array([ 0. , -0.4]), rgb=UNKNOWN, text='Press SPACE to continue\n', units='height', win=Window(...), wrapWidth=1)
12.4789 	EXP 	Created text_9 = TextStim(__class__=<class 'psychopy.visual.text.TextStim'>, alignHoriz=method-wrapper(...), alignText='center', alignVert=method-wrapper(...), anchorHoriz='center', anchorVert='center', antialias=True, autoLog=True, bold=False, color=array([1., 1., 1.]), colorSpace='rgb', contrast=1.0, depth=0.0, flipHoriz=False, flipVert=False, font='Open Sans', fontFiles=[], height=0.03, italic=False, languageStyle='LTR', name='text_9', opacity=1, ori=0.0, pos=array([0. , 0.4]), rgb=UNKNOWN, text=str(...), units='height', win=Window(...), wrapWidth=1)
12.4842 	EXP 	Created text_13 = TextStim(__class__=<class 'psychopy.visual.text.TextStim'>, alignHoriz=method-wrapper(...), alignText='center', alignVert=method-wrapper(...), anchorHoriz='center', anchorVert='center', antialias=True, autoLog=True, bold=False, color=array([1., 1., 1.]), colorSpace='rgb', contrast=1.0, depth=-1.0, flipHoriz=False, flipVert=False, font='Open Sans', fontFiles=[], height=0.03, italic=False, languageStyle='LTR', name='text_13', opacity=1, ori=0.0, pos=array([ 0.  , -0.45]), rgb=UNKNOWN, text='Press SPACE to continue', units='height', win=Window(...), wrapWidth=1)
12.4905 	EXP 	Created text_10 = TextStim(__class__=<class 'psychopy.visual.text.TextStim'>, alignHoriz=method-wrapper(...), alignText='center', alignVert=method-wrapper(...), anchorHoriz='center', anchorVert='center', antialias=True, autoLog=True, bold=False, color=array([1., 1., 1.]), colorSpace='rgb', contrast=1.0, depth=0.0, flipHoriz=False, flipVert=False, font='Open Sans', fontFiles=[], height=0.03, italic=False, languageStyle='LTR', name='text_10', opacity=1, ori=0.0, pos=array([0., 0.]), rgb=UNKNOWN, text=str(...), units='height', win=Window(...), wrapWidth=1)
12.4946 	EXP 	Created image = ImageStim(__class__=<class 'psychopy.visual.image.ImageStim'>, autoLog=True, color=array([1., 1., 1.]), colorSpace='rgb', contrast=1.0, depth=0.0, flipHoriz=False, flipVert=False, image='sin', interpolate=True, mask=None, maskParams=None, name='image', opacity=1, ori=0.0, pos=array([0., 0.]), size=array([0.4, 0.4]), texRes=128.0, units='height', win=Window(...))
12.5048 	EXP 	window1: mouseVisible = True
12.5240 	EXP 	Created slider_1 = Slider(__class__=<class 'psychopy.visual.slider.Slider'>, autoDraw=False, autoLog=True, borderColor=None, color=None, colorSpace='rgb', depth=0, fillColor=None, flip=False, font='Open Sans', granularity=0.0, labelHeight=0.03, labelWrapWidth=None, labels=('not at all', ' ', ' ', ' ', 'very much'), name='slider_1', opacity=None, pos=(0, 0.35), readOnly=False, self=UNKNOWN, size=(0.8, 0.03), startValue=None, style=method-wrapper(...), styleTweaks=method-wrapper(...), ticks=array([1, 2, 3, 4, 5]), units='height', win=Window(...))
12.5650 	EXP 	Created image_2 = ImageStim(__class__=<class 'psychopy.visual.image.ImageStim'>, autoLog=True, color=array([1., 1., 1.]), colorSpace='rgb', contrast=1.0, depth=-1.0, flipHoriz=False, flipVert=False, image='arousal_rating.png', interpolate=True, mask=None, maskParams=None, name='image_2', opacity=1, ori=0.0, pos=array([0.  , 0.14]), size=array([1. , 0.2]), texRes=128.0, units='height', win=Window(...))
12.5715 	EXP 	window1: mouseVisible = True
12.5787 	EXP 	Created slider_2 = Slider(__class__=<class 'psychopy.visual.slider.Slider'>, autoDraw=False, autoLog=True, borderColor=None, color=None, colorSpace='rgb', depth=-2, fillColor=None, flip=False, font='Open Sans', granularity=0.0, labelHeight=0.02, labelWrapWidth=None, labels=None, name='slider_2', opacity=None, pos=(0.0, 0.0), readOnly=False, self=UNKNOWN, size=(0.8, 0.03), startValue=None, style=method-wrapper(...), styleTweaks=method-wrapper(...), ticks=array([1, 2, 3, 4, 5, 6, 7, 8, 9]), units='height', win=Window(...))
12.6156 	EXP 	Created image_3 = ImageStim(__class__=<class 'psychopy.visual.image.ImageStim'>, autoLog=True, color=array([1., 1., 1.]), colorSpace='rgb', contrast=1.0, depth=-3.0, flipHoriz=False, flipVert=False, image='valence_rating.png', interpolate=True, mask=None, maskParams=None, name='image_3', opacity=1, ori=0.0, pos=array([ 0. , -0.2]), size=array([1. , 0.2]), texRes=128.0, units='height', win=Window(...))
12.6220 	EXP 	window1: mouseVisible = True
12.6294 	EXP 	Created slider_3 = Slider(__class__=<class 'psychopy.visual.slider.Slider'>, autoDraw=False, autoLog=True, borderColor=None, color=None, colorSpace='rgb', depth=-4, fillColor=None, flip=False, font='Open Sans', granularity=0.0, labelHeight=0.02, labelWrapWidth=None, labels=None, name='slider_3', opacity=None, pos=(0.0, -0.35), readOnly=False, self=UNKNOWN, size=(0.8, 0.03), startValue=None, style=method-wrapper(...), styleTweaks=method-wrapper(...), ticks=array([1, 2, 3, 4, 5, 6, 7, 8, 9]), units='height', win=Window(...))
12.6513 	EXP 	Created text = TextStim(__class__=<class 'psychopy.visual.text.TextStim'>, alignHoriz=method-wrapper(...), alignText='center', alignVert=method-wrapper(...), anchorHoriz='center', anchorVert='center', antialias=True, autoLog=True, bold=False, color=array([1., 1., 1.]), colorSpace='rgb', contrast=1.0, depth=-5.0, flipHoriz=False, flipVert=False, font='Open Sans', fontFiles=[], height=0.04, italic=False, languageStyle='LTR', name='text', opacity=1, ori=0.0, pos=array([0. , 0.4]), rgb=UNKNOWN, text=str(...), units='height', win=Window(...), wrapWidth=1)
12.6565 	EXP 	Created text_14 = TextStim(__class__=<class 'psychopy.visual.text.TextStim'>, alignHoriz=method-wrapper(...), alignText='center', alignVert=method-wrapper(...), anchorHoriz='center', anchorVert='center', antialias=True, autoLog=True, bold=False, color=array([1., 1., 1.]), colorSpace='rgb', contrast=1.0, depth=-7.0, flipHoriz=False, flipVert=False, font='Open Sans', fontFiles=[], height=0.03, italic=False, languageStyle='LTR', name='text_14', opacity=1, ori=0.0, pos=array([ 0.  , -0.45]), rgb=UNKNOWN, text='Press SPACE after rating to continue\n', units='height', win=Window(...), wrapWidth=1)
12.7108 	EXP 	slider_1: autoLog = True
12.7108 	EXP 	slider_1: markerPos = None
12.7108 	EXP 	slider_1: rating = None
12.7108 	EXP 	slider_1: markerPos = None
12.7108 	EXP 	slider_1: contrast = 1.0
12.7108 	EXP 	slider_1: autoLog = True
12.7108 	EXP 	slider_1: styleTweaks = []
12.7108 	EXP 	slider_1: style = 'rating'
12.7108 	EXP 	slider_1: styleTweaks = []
12.7108 	EXP 	slider_2: autoLog = True
12.7108 	EXP 	slider_2: markerPos = None
12.7108 	EXP 	slider_2: rating = None
12.7108 	EXP 	slider_2: markerPos = None
12.7108 	EXP 	slider_2: contrast = 1.0
12.7108 	EXP 	slider_2: autoLog = True
12.7108 	EXP 	slider_2: styleTweaks = []
12.7108 	EXP 	slider_2: style = 'rating'
12.7108 	EXP 	slider_2: styleTweaks = []
12.7108 	EXP 	slider_3: autoLog = True
12.7108 	EXP 	slider_3: markerPos = None
12.7108 	EXP 	slider_3: rating = None
12.7108 	EXP 	slider_3: markerPos = None
12.7108 	EXP 	slider_3: contrast = 1.0
12.7108 	EXP 	slider_3: autoLog = True
12.7108 	EXP 	slider_3: styleTweaks = []
12.7108 	EXP 	slider_3: style = 'rating'
12.7108 	EXP 	slider_3: styleTweaks = []
12.7108 	EXP 	text_1: autoDraw = True
19.5391 	DATA 	Keypress: space
19.6145 	EXP 	text_1: autoDraw = False
19.6145 	EXP 	text_6: autoDraw = True
19.6145 	EXP 	example_pic1: autoDraw = True
19.6145 	EXP 	example_pic2: autoDraw = True
19.6145 	EXP 	text_7: autoDraw = True
19.6145 	EXP 	text_8: autoDraw = True
26.4394 	DATA 	Keypress: space
26.4438 	EXP 	text_6: autoDraw = False
26.4438 	EXP 	example_pic1: autoDraw = False
26.4438 	EXP 	example_pic2: autoDraw = False
26.4438 	EXP 	text_7: autoDraw = False
26.4438 	EXP 	text_8: autoDraw = False
26.4438 	EXP 	text_9: autoDraw = True
26.4438 	EXP 	text_13: autoDraw = True
32.6166 	DATA 	Keypress: space
32.6219 	EXP 	text_9: autoDraw = False
32.6219 	EXP 	text_13: autoDraw = False
32.6219 	EXP 	text_10: autoDraw = True
36.6020 	EXP 	Imported stimuli.csv as conditions, 215 conditions, 1 params
36.6103 	EXP 	Created sequence: random, trialTypes=215, nReps=2, seed=1
36.6107 	EXP 	New trial (rep=0, index=0): OrderedDict([('stimuli', '../stimuli/resized_images/erotic_females/0a1a6c4bf83af30ec46f42110b4ad5bf.jpg')])
36.6399 	DATA 	Keypress: space
36.6433 	EXP 	text_10: autoDraw = False
36.6433 	EXP 	image: image = '../stimuli/resized_images/erotic_females/0a1a6c4bf83af30ec46f42110b4ad5bf.jpg'
36.6433 	EXP 	image: autoDraw = True
37.6384 	EXP 	image: autoDraw = False
37.6384 	EXP 	slider_1: markerPos = None
37.6384 	EXP 	slider_1: markerPos = None
37.6384 	EXP 	slider_1: rating = None
37.6384 	EXP 	slider_2: markerPos = None
37.6384 	EXP 	slider_2: markerPos = None
37.6384 	EXP 	slider_2: rating = None
37.6384 	EXP 	slider_3: markerPos = None
37.6384 	EXP 	slider_3: markerPos = None
37.6384 	EXP 	slider_3: rating = None
37.6384 	EXP 	slider_1: autoDraw = True
37.6384 	EXP 	image_2: autoDraw = True
37.6384 	EXP 	slider_2: autoDraw = True
37.6384 	EXP 	image_3: autoDraw = True
37.6384 	EXP 	slider_3: autoDraw = True
37.6384 	EXP 	text: autoDraw = True
37.6384 	EXP 	text_14: autoDraw = True
40.4299 	DATA 	Mouse: Left button down, pos=(1169,919)
40.4726 	EXP 	slider_1: markerPos = 3.9675925925925926
40.4941 	EXP 	slider_1: markerPos = 3.9675925925925926
40.5140 	EXP 	slider_1: markerPos = 3.9675925925925926
40.5364 	EXP 	slider_1: markerPos = 3.9675925925925926
40.5588 	EXP 	slider_1: markerPos = 3.9675925925925926
40.5808 	EXP 	slider_1: markerPos = 3.9675925925925926
40.6027 	EXP 	slider_1: markerPos = 3.9675925925925926
40.6205 	EXP 	slider_1: markerPos = 3.9675925925925926
40.6364 	EXP 	slider_1: markerPos = 3.9675925925925926
40.6465 	DATA 	Mouse:  Left button up, pos=(1169,919)
40.6524 	EXP 	slider_1: markerPos = 3.9675925925925926
40.6749 	EXP 	slider_1: markerPos = 3.9675925925925926
40.6749 	EXP 	slider_1: rating = 3.9675925925925926
46.8894 	DATA 	Mouse: Left button down, pos=(626,924)
46.9207 	EXP 	slider_1: markerPos = 1.453703703703704
46.9443 	EXP 	slider_1: markerPos = 1.453703703703704
46.9642 	EXP 	slider_1: markerPos = 1.453703703703704
46.9845 	EXP 	slider_1: markerPos = 1.453703703703704
47.0047 	EXP 	slider_1: markerPos = 1.453703703703704
47.0243 	EXP 	slider_1: markerPos = 1.453703703703704
47.0440 	EXP 	slider_1: markerPos = 1.453703703703704
47.0614 	EXP 	slider_1: markerPos = 1.453703703703704
47.0842 	EXP 	slider_1: markerPos = 1.453703703703704
47.1088 	DATA 	Mouse:  Left button up, pos=(626,924)
47.1169 	EXP 	slider_1: markerPos = 1.453703703703704
47.1417 	EXP 	slider_1: markerPos = 1.453703703703704
47.1417 	EXP 	slider_1: rating = 1.453703703703704
52.3288 	DATA 	Mouse: Left button down, pos=(1279,550)
52.3618 	EXP 	slider_2: markerPos = 7.953703703703704
52.3880 	EXP 	slider_2: markerPos = 7.953703703703704
52.4131 	EXP 	slider_2: markerPos = 7.953703703703704
52.4408 	EXP 	slider_2: markerPos = 7.953703703703704
52.4623 	EXP 	slider_2: markerPos = 7.953703703703704
52.4797 	EXP 	slider_2: markerPos = 7.953703703703704
52.5023 	EXP 	slider_2: markerPos = 7.953703703703704
52.5243 	EXP 	slider_2: markerPos = 7.953703703703704
52.5418 	EXP 	slider_2: markerPos = 7.953703703703704
52.5462 	DATA 	Mouse:  Left button up, pos=(1279,550)
52.5609 	EXP 	slider_2: markerPos = 7.953703703703704
52.5609 	EXP 	slider_2: rating = 7.953703703703704
56.3639 	DATA 	Mouse: Left button down, pos=(1271,166)
56.3804 	EXP 	slider_3: markerPos = 7.87962962962963
56.4078 	EXP 	slider_3: markerPos = 7.87962962962963
56.4368 	EXP 	slider_3: markerPos = 7.87962962962963
56.4678 	EXP 	slider_3: markerPos = 7.87962962962963
56.4898 	EXP 	slider_3: markerPos = 7.87962962962963
56.5080 	EXP 	slider_3: markerPos = 7.87962962962963
56.5303 	EXP 	slider_3: markerPos = 7.87962962962963
56.5521 	EXP 	slider_3: markerPos = 7.87962962962963
56.5690 	EXP 	slider_3: markerPos = 7.87962962962963
56.5882 	DATA 	Mouse:  Left button up, pos=(1271,166)
56.5909 	EXP 	slider_3: markerPos = 7.87962962962963
56.6140 	EXP 	slider_3: markerPos = 7.87962962962963
56.6140 	EXP 	slider_3: rating = 7.87962962962963
57.4255 	DATA 	Keypress: space
57.4497 	EXP 	New trial (rep=0, index=1): OrderedDict([('stimuli', '../stimuli/resized_images/dirty_scenes/1114_body products.jpg')])
57.4792 	EXP 	slider_1: autoDraw = False
57.4792 	EXP 	image_2: autoDraw = False
57.4792 	EXP 	slider_2: autoDraw = False
57.4792 	EXP 	image_3: autoDraw = False
57.4792 	EXP 	slider_3: autoDraw = False
57.4792 	EXP 	text: autoDraw = False
57.4792 	EXP 	text_14: autoDraw = False
57.4792 	EXP 	image: image = '../stimuli/resized_images/dirty_scenes/1114_body products.jpg'
57.4792 	EXP 	image: autoDraw = True
58.5117 	EXP 	image: autoDraw = False
58.5117 	EXP 	slider_1: markerPos = None
58.5117 	EXP 	slider_1: markerPos = None
58.5117 	EXP 	slider_1: rating = None
58.5117 	EXP 	slider_2: markerPos = None
58.5117 	EXP 	slider_2: markerPos = None
58.5117 	EXP 	slider_2: rating = None
58.5117 	EXP 	slider_3: markerPos = None
58.5117 	EXP 	slider_3: markerPos = None
58.5117 	EXP 	slider_3: rating = None
58.5117 	EXP 	slider_1: autoDraw = True
58.5117 	EXP 	image_2: autoDraw = True
58.5117 	EXP 	slider_2: autoDraw = True
58.5117 	EXP 	image_3: autoDraw = True
58.5117 	EXP 	slider_3: autoDraw = True
58.5117 	EXP 	text: autoDraw = True
58.5117 	EXP 	text_14: autoDraw = True
60.1453 	DATA 	Keypress: escape
60.4007 	EXP 	window1: mouseVisible = True
