2.3542 	WARNING 	We strongly recommend you activate the PTB sound engine in PsychoPy prefs as the preferred audio engine. Its timing is vastly superior. Your prefs are currently set to use ['sounddevice', 'PTB', 'pyo', 'pygame'] (in that order).
5.3421 	WARNING 	User requested fullscreen with size [1280  720], but screen is actually [1920, 1080]. Using actual size
6.9205 	EXP 	Created window1 = Window(allowGUI=True, allowStencil=False, autoLog=True, backendConf=UNKNOWN, bitsMode=UNKNOWN, blendMode='avg', bpc=(8, 8, 8), color=array([0, 0, 0]), colorSpace='rgb', depthBits=8, fullscr=<method-wrapper '__getattribute__' of attributeSetter object at 0x0000019A9E1F6B70>, gamma=None, gammaErrorPolicy='raise', lms=UNKNOWN, monitor=<psychopy.monitors.calibTools.Monitor object at 0x0000019A9E1DA198>, multiSample=False, name='window1', numSamples=2, pos=[0.0, 0.0], screen=0, size=array([1920, 1080]), stencilBits=0, stereo=False, units='height', useFBO=True, useRetina=False, viewOri=0.0, viewPos=None, viewScale=None, waitBlanking=True, winType='pyglet')
6.9208 	EXP 	window1: mouseVisible = True
6.9209 	EXP 	window1: recordFrameIntervals = False
7.0859 	EXP 	window1: recordFrameIntervals = True
7.2696 	EXP 	window1: recordFrameIntervals = False
7.7540 	EXP 	Created text_1 = TextStim(__class__=<class 'psychopy.visual.text.TextStim'>, alignHoriz=method-wrapper(...), alignText='center', alignVert=method-wrapper(...), anchorHoriz='center', anchorVert='center', antialias=True, autoLog=True, bold=False, color=array([1., 1., 1.]), colorSpace='rgb', contrast=1.0, depth=0.0, flipHoriz=False, flipVert=False, font='Open Sans', fontFiles=[], height=0.05, italic=False, languageStyle='LTR', name='text_1', opacity=1, ori=0.0, pos=array([0., 0.]), rgb=UNKNOWN, text=str(...), units='height', win=Window(...), wrapWidth=1)
7.7688 	EXP 	Created text_6 = TextStim(__class__=<class 'psychopy.visual.text.TextStim'>, alignHoriz=method-wrapper(...), alignText='center', alignVert=method-wrapper(...), anchorHoriz='center', anchorVert='center', antialias=True, autoLog=True, bold=False, color=array([1., 1., 1.]), colorSpace='rgb', contrast=1.0, depth=0.0, flipHoriz=False, flipVert=False, font='Open Sans', fontFiles=[], height=0.03, italic=False, languageStyle='LTR', name='text_6', opacity=1, ori=0.0, pos=array([0. , 0.3]), rgb=UNKNOWN, text=str(...), units='height', win=Window(...), wrapWidth=1)
7.8069 	EXP 	Created example_pic1 = ImageStim(__class__=<class 'psychopy.visual.image.ImageStim'>, autoLog=True, color=array([1., 1., 1.]), colorSpace='rgb', contrast=1.0, depth=-1.0, flipHoriz=False, flipVert=False, image=str(...), interpolate=True, mask=None, maskParams=None, name='example_pic1', opacity=1, ori=0.0, pos=array([0.3, 0.1]), size=array([0.3, 0.3]), texRes=128.0, units='height', win=Window(...))
7.8377 	EXP 	Created example_pic2 = ImageStim(__class__=<class 'psychopy.visual.image.ImageStim'>, autoLog=True, color=array([1., 1., 1.]), colorSpace='rgb', contrast=1.0, depth=-2.0, flipHoriz=False, flipVert=False, image=str(...), interpolate=True, mask=None, maskParams=None, name='example_pic2', opacity=1, ori=0.0, pos=array([-0.3,  0.1]), size=array([0.3, 0.3]), texRes=128.0, units='height', win=Window(...))
7.8453 	EXP 	Created text_7 = TextStim(__class__=<class 'psychopy.visual.text.TextStim'>, alignHoriz=method-wrapper(...), alignText='center', alignVert=method-wrapper(...), anchorHoriz='center', anchorVert='center', antialias=True, autoLog=True, bold=False, color=array([1., 1., 1.]), colorSpace='rgb', contrast=1.0, depth=-3.0, flipHoriz=False, flipVert=False, font='Open Sans', fontFiles=[], height=0.03, italic=False, languageStyle='LTR', name='text_7', opacity=1, ori=0.0, pos=array([ 0. , -0.2]), rgb=UNKNOWN, text=str(...), units='height', win=Window(...), wrapWidth=1)
7.8501 	EXP 	Created text_8 = TextStim(__class__=<class 'psychopy.visual.text.TextStim'>, alignHoriz=method-wrapper(...), alignText='center', alignVert=method-wrapper(...), anchorHoriz='center', anchorVert='center', antialias=True, autoLog=True, bold=False, color=array([1., 1., 1.]), colorSpace='rgb', contrast=1.0, depth=-4.0, flipHoriz=False, flipVert=False, font='Open Sans', fontFiles=[], height=0.05, italic=False, languageStyle='LTR', name='text_8', opacity=1, ori=0.0, pos=array([ 0. , -0.4]), rgb=UNKNOWN, text='Press SPACE to continue\n', units='height', win=Window(...), wrapWidth=1)
7.8578 	EXP 	Created text_9 = TextStim(__class__=<class 'psychopy.visual.text.TextStim'>, alignHoriz=method-wrapper(...), alignText='center', alignVert=method-wrapper(...), anchorHoriz='center', anchorVert='center', antialias=True, autoLog=True, bold=False, color=array([1., 1., 1.]), colorSpace='rgb', contrast=1.0, depth=0.0, flipHoriz=False, flipVert=False, font='Open Sans', fontFiles=[], height=0.03, italic=False, languageStyle='LTR', name='text_9', opacity=1, ori=0.0, pos=array([0. , 0.4]), rgb=UNKNOWN, text=str(...), units='height', win=Window(...), wrapWidth=1)
7.8634 	EXP 	Created text_13 = TextStim(__class__=<class 'psychopy.visual.text.TextStim'>, alignHoriz=method-wrapper(...), alignText='center', alignVert=method-wrapper(...), anchorHoriz='center', anchorVert='center', antialias=True, autoLog=True, bold=False, color=array([1., 1., 1.]), colorSpace='rgb', contrast=1.0, depth=-1.0, flipHoriz=False, flipVert=False, font='Open Sans', fontFiles=[], height=0.03, italic=False, languageStyle='LTR', name='text_13', opacity=1, ori=0.0, pos=array([ 0.  , -0.45]), rgb=UNKNOWN, text='Press SPACE to continue', units='height', win=Window(...), wrapWidth=1)
7.8698 	EXP 	Created text_10 = TextStim(__class__=<class 'psychopy.visual.text.TextStim'>, alignHoriz=method-wrapper(...), alignText='center', alignVert=method-wrapper(...), anchorHoriz='center', anchorVert='center', antialias=True, autoLog=True, bold=False, color=array([1., 1., 1.]), colorSpace='rgb', contrast=1.0, depth=0.0, flipHoriz=False, flipVert=False, font='Open Sans', fontFiles=[], height=0.03, italic=False, languageStyle='LTR', name='text_10', opacity=1, ori=0.0, pos=array([0., 0.]), rgb=UNKNOWN, text=str(...), units='height', win=Window(...), wrapWidth=1)
7.8736 	EXP 	Created image = ImageStim(__class__=<class 'psychopy.visual.image.ImageStim'>, autoLog=True, color=array([1., 1., 1.]), colorSpace='rgb', contrast=1.0, depth=0.0, flipHoriz=False, flipVert=False, image='sin', interpolate=True, mask=None, maskParams=None, name='image', opacity=1, ori=0.0, pos=array([0., 0.]), size=array([0.6, 0.6]), texRes=128.0, units='height', win=Window(...))
7.8775 	EXP 	Created image_4 = ImageStim(__class__=<class 'psychopy.visual.image.ImageStim'>, autoLog=True, color=array([1., 1., 1.]), colorSpace='rgb', contrast=1.0, depth=0.0, flipHoriz=False, flipVert=False, image='sin', interpolate=True, mask=None, maskParams=None, name='image_4', opacity=1, ori=0.0, pos=array([-0.7,  0. ]), size=array([0.3, 0.3]), texRes=128.0, units='height', win=Window(...))
7.8850 	EXP 	Created text_5 = TextStim(__class__=<class 'psychopy.visual.text.TextStim'>, alignHoriz=method-wrapper(...), alignText='center', alignVert=method-wrapper(...), anchorHoriz='center', anchorVert='center', antialias=True, autoLog=True, bold=False, color=array([1., 1., 1.]), colorSpace='rgb', contrast=1.0, depth=-1.0, flipHoriz=False, flipVert=False, font='Open Sans', fontFiles=[], height=0.03, italic=False, languageStyle='LTR', name='text_5', opacity=1, ori=0.0, pos=array([-0.2,  0.4]), rgb=UNKNOWN, text=str(...), units='height', win=Window(...), wrapWidth=1)
7.9230 	EXP 	Created image_2 = ImageStim(__class__=<class 'psychopy.visual.image.ImageStim'>, autoLog=True, color=array([1., 1., 1.]), colorSpace='rgb', contrast=1.0, depth=-2.0, flipHoriz=False, flipVert=False, image='arousal_rating.png', interpolate=True, mask=None, maskParams=None, name='image_2', opacity=1, ori=0.0, pos=array([-0.2,  0.3]), size=array([0.6 , 0.12]), texRes=128.0, units='height', win=Window(...))
7.9327 	EXP 	window1: mouseVisible = True
7.9413 	EXP 	Created slider_2 = Slider(__class__=<class 'psychopy.visual.slider.Slider'>, autoDraw=False, autoLog=True, borderColor=None, color=None, colorSpace='rgb', depth=-3, fillColor=None, flip=False, font='Open Sans', granularity=0.0, labelHeight=0.02, labelWrapWidth=None, labels=None, name='slider_2', opacity=None, pos=(-0.2, 0.2), readOnly=False, self=UNKNOWN, size=(0.48, 0.036), startValue=None, style=method-wrapper(...), styleTweaks=method-wrapper(...), ticks=array([1, 2, 3, 4, 5, 6, 7, 8, 9]), units='height', win=Window(...))
7.9497 	EXP 	Created text_11 = TextStim(__class__=<class 'psychopy.visual.text.TextStim'>, alignHoriz=method-wrapper(...), alignText='center', alignVert=method-wrapper(...), anchorHoriz='center', anchorVert='center', antialias=True, autoLog=True, bold=False, color=array([1., 1., 1.]), colorSpace='rgb', contrast=1.0, depth=-4.0, flipHoriz=False, flipVert=False, font='Open Sans', fontFiles=[], height=0.03, italic=False, languageStyle='LTR', name='text_11', opacity=1, ori=0.0, pos=array([0.5, 0.4]), rgb=UNKNOWN, text=str(...), units='height', win=Window(...), wrapWidth=1)
7.9830 	EXP 	Created image_3 = ImageStim(__class__=<class 'psychopy.visual.image.ImageStim'>, autoLog=True, color=array([1., 1., 1.]), colorSpace='rgb', contrast=1.0, depth=-5.0, flipHoriz=False, flipVert=False, image='valence_rating.png', interpolate=True, mask=None, maskParams=None, name='image_3', opacity=1, ori=0.0, pos=array([0.5, 0.3]), size=array([0.6 , 0.12]), texRes=128.0, units='height', win=Window(...))
7.9896 	EXP 	window1: mouseVisible = True
7.9972 	EXP 	Created slider_3 = Slider(__class__=<class 'psychopy.visual.slider.Slider'>, autoDraw=False, autoLog=True, borderColor=None, color=None, colorSpace='rgb', depth=-6, fillColor=None, flip=False, font='Open Sans', granularity=0.0, labelHeight=0.02, labelWrapWidth=None, labels=None, name='slider_3', opacity=None, pos=(0.5, 0.2), readOnly=False, self=UNKNOWN, size=(0.48, 0.036), startValue=None, style=method-wrapper(...), styleTweaks=method-wrapper(...), ticks=array([1, 2, 3, 4, 5, 6, 7, 8, 9]), units='height', win=Window(...))
8.0059 	EXP 	Created text = TextStim(__class__=<class 'psychopy.visual.text.TextStim'>, alignHoriz=method-wrapper(...), alignText='center', alignVert=method-wrapper(...), anchorHoriz='center', anchorVert='center', antialias=True, autoLog=True, bold=False, color=array([1., 1., 1.]), colorSpace='rgb', contrast=1.0, depth=-7.0, flipHoriz=False, flipVert=False, font='Open Sans', fontFiles=[], height=0.03, italic=False, languageStyle='LTR', name='text', opacity=1, ori=0.0, pos=array([-0.2 ,  0.05]), rgb=UNKNOWN, text=str(...), units='height', win=Window(...), wrapWidth=1)
8.0122 	EXP 	window1: mouseVisible = True
8.0209 	EXP 	Created slider_5 = Slider(__class__=<class 'psychopy.visual.slider.Slider'>, autoDraw=False, autoLog=True, borderColor=None, color=None, colorSpace='rgb', depth=-8, fillColor=None, flip=False, font='Open Sans', granularity=0.0, labelHeight=0.02, labelWrapWidth=None, labels=None, name='slider_5', opacity=None, pos=(-0.2, 0.0), readOnly=False, self=UNKNOWN, size=(0.48, 0.036), startValue=None, style=method-wrapper(...), styleTweaks=method-wrapper(...), ticks=array([1, 2, 3, 4, 5, 6, 7, 8, 9]), units='height', win=Window(...))
8.0294 	EXP 	Created text_4 = TextStim(__class__=<class 'psychopy.visual.text.TextStim'>, alignHoriz=method-wrapper(...), alignText='center', alignVert=method-wrapper(...), anchorHoriz='center', anchorVert='center', antialias=True, autoLog=True, bold=False, color=array([1., 1., 1.]), colorSpace='rgb', contrast=1.0, depth=-9.0, flipHoriz=False, flipVert=False, font='Open Sans', fontFiles=[], height=0.03, italic=False, languageStyle='LTR', name='text_4', opacity=1, ori=0.0, pos=array([0.5 , 0.05]), rgb=UNKNOWN, text=str(...), units='height', win=Window(...), wrapWidth=1)
8.0355 	EXP 	window1: mouseVisible = True
8.0435 	EXP 	Created slider_6 = Slider(__class__=<class 'psychopy.visual.slider.Slider'>, autoDraw=False, autoLog=True, borderColor=None, color=None, colorSpace='rgb', depth=-10, fillColor=None, flip=False, font='Open Sans', granularity=0.0, labelHeight=0.02, labelWrapWidth=None, labels=None, name='slider_6', opacity=None, pos=(0.5, 0.0), readOnly=False, self=UNKNOWN, size=(0.48, 0.036), startValue=None, style=method-wrapper(...), styleTweaks=method-wrapper(...), ticks=array([1, 2, 3, 4, 5, 6, 7, 8, 9]), units='height', win=Window(...))
8.0515 	EXP 	Created text_14 = TextStim(__class__=<class 'psychopy.visual.text.TextStim'>, alignHoriz=method-wrapper(...), alignText='center', alignVert=method-wrapper(...), anchorHoriz='center', anchorVert='center', antialias=True, autoLog=True, bold=False, color=array([1., 1., 1.]), colorSpace='rgb', contrast=1.0, depth=-12.0, flipHoriz=False, flipVert=False, font='Open Sans', fontFiles=[], height=0.03, italic=False, languageStyle='LTR', name='text_14', opacity=1, ori=0.0, pos=array([ 0.  , -0.45]), rgb=UNKNOWN, text='Press SPACE after rating to continue\n', units='height', win=Window(...), wrapWidth=1)
8.0910 	EXP 	slider_2: autoLog = True
8.0910 	EXP 	slider_2: markerPos = None
8.0910 	EXP 	slider_2: rating = None
8.0910 	EXP 	slider_2: markerPos = None
8.0910 	EXP 	slider_2: contrast = 1.0
8.0910 	EXP 	slider_2: autoLog = True
8.0910 	EXP 	slider_2: styleTweaks = []
8.0910 	EXP 	slider_2: style = 'rating'
8.0910 	EXP 	slider_2: styleTweaks = []
8.0910 	EXP 	slider_3: autoLog = True
8.0910 	EXP 	slider_3: markerPos = None
8.0910 	EXP 	slider_3: rating = None
8.0910 	EXP 	slider_3: markerPos = None
8.0910 	EXP 	slider_3: contrast = 1.0
8.0910 	EXP 	slider_3: autoLog = True
8.0910 	EXP 	slider_3: styleTweaks = []
8.0910 	EXP 	slider_3: style = 'rating'
8.0910 	EXP 	slider_3: styleTweaks = []
8.0910 	EXP 	slider_5: autoLog = True
8.0910 	EXP 	slider_5: markerPos = None
8.0910 	EXP 	slider_5: rating = None
8.0910 	EXP 	slider_5: markerPos = None
8.0910 	EXP 	slider_5: contrast = 1.0
8.0910 	EXP 	slider_5: autoLog = True
8.0910 	EXP 	slider_5: styleTweaks = []
8.0910 	EXP 	slider_5: style = 'rating'
8.0910 	EXP 	slider_5: styleTweaks = []
8.0910 	EXP 	slider_6: autoLog = True
8.0910 	EXP 	slider_6: markerPos = None
8.0910 	EXP 	slider_6: rating = None
8.0910 	EXP 	slider_6: markerPos = None
8.0910 	EXP 	slider_6: contrast = 1.0
8.0910 	EXP 	slider_6: autoLog = True
8.0910 	EXP 	slider_6: styleTweaks = []
8.0910 	EXP 	slider_6: style = 'rating'
8.0910 	EXP 	slider_6: styleTweaks = []
8.0910 	EXP 	text_1: autoDraw = True
8.7338 	DATA 	Keypress: space
8.7376 	EXP 	text_1: autoDraw = False
8.7376 	EXP 	text_6: autoDraw = True
8.7376 	EXP 	example_pic1: autoDraw = True
8.7376 	EXP 	example_pic2: autoDraw = True
8.7376 	EXP 	text_7: autoDraw = True
8.7376 	EXP 	text_8: autoDraw = True
9.1121 	DATA 	Keypress: space
9.1173 	EXP 	text_6: autoDraw = False
9.1173 	EXP 	example_pic1: autoDraw = False
9.1173 	EXP 	example_pic2: autoDraw = False
9.1173 	EXP 	text_7: autoDraw = False
9.1173 	EXP 	text_8: autoDraw = False
9.1173 	EXP 	text_9: autoDraw = True
9.1173 	EXP 	text_13: autoDraw = True
9.6116 	DATA 	Keypress: space
9.6333 	EXP 	text_9: autoDraw = False
9.6333 	EXP 	text_13: autoDraw = False
9.6333 	EXP 	text_10: autoDraw = True
10.2991 	EXP 	Imported stimuli.csv as conditions, 213 conditions, 1 params
10.3007 	EXP 	Created sequence: random, trialTypes=213, nReps=2, seed=1
10.3011 	EXP 	New trial (rep=0, index=0): OrderedDict([('stimuli', '../stimuli/matched_images/SHINE_color_cielab_erotic_females6.jpg')])
10.3119 	DATA 	Keypress: space
10.3160 	EXP 	text_10: autoDraw = False
10.3160 	EXP 	image: image = '../stimuli/matched_images/SHINE_color_cielab_erotic_females6.jpg'
10.3160 	EXP 	image: autoDraw = True
12.3591 	EXP 	image: autoDraw = False
12.3591 	EXP 	image_4: image = '../stimuli/matched_images/SHINE_color_cielab_erotic_females6.jpg'
12.3591 	EXP 	slider_2: markerPos = None
12.3591 	EXP 	slider_2: markerPos = None
12.3591 	EXP 	slider_2: rating = None
12.3591 	EXP 	slider_3: markerPos = None
12.3591 	EXP 	slider_3: markerPos = None
12.3591 	EXP 	slider_3: rating = None
12.3591 	EXP 	slider_5: markerPos = None
12.3591 	EXP 	slider_5: markerPos = None
12.3591 	EXP 	slider_5: rating = None
12.3591 	EXP 	slider_6: markerPos = None
12.3591 	EXP 	slider_6: markerPos = None
12.3591 	EXP 	slider_6: rating = None
12.3591 	EXP 	image_4: autoDraw = True
12.3591 	EXP 	text_5: autoDraw = True
12.3591 	EXP 	image_2: autoDraw = True
12.3591 	EXP 	slider_2: autoDraw = True
12.3591 	EXP 	text_11: autoDraw = True
12.3591 	EXP 	image_3: autoDraw = True
12.3591 	EXP 	slider_3: autoDraw = True
12.3591 	EXP 	text: autoDraw = True
12.3591 	EXP 	slider_5: autoDraw = True
12.3591 	EXP 	text_4: autoDraw = True
12.3591 	EXP 	slider_6: autoDraw = True
12.3591 	EXP 	text_14: autoDraw = True
59.3151 	DATA 	Keypress: space
59.3420 	EXP 	New trial (rep=0, index=1): OrderedDict([('stimuli', '../stimuli/matched_images/SHINE_color_cielab_dirty_scenes5.jpg')])
59.3552 	EXP 	image_4: autoDraw = False
59.3552 	EXP 	text_5: autoDraw = False
59.3552 	EXP 	image_2: autoDraw = False
59.3552 	EXP 	slider_2: autoDraw = False
59.3552 	EXP 	text_11: autoDraw = False
59.3552 	EXP 	image_3: autoDraw = False
59.3552 	EXP 	slider_3: autoDraw = False
59.3552 	EXP 	text: autoDraw = False
59.3552 	EXP 	slider_5: autoDraw = False
59.3552 	EXP 	text_4: autoDraw = False
59.3552 	EXP 	slider_6: autoDraw = False
59.3552 	EXP 	text_14: autoDraw = False
59.3552 	EXP 	image: image = '../stimuli/matched_images/SHINE_color_cielab_dirty_scenes5.jpg'
59.3552 	EXP 	image: autoDraw = True
61.4000 	EXP 	image: autoDraw = False
61.4000 	EXP 	image_4: image = '../stimuli/matched_images/SHINE_color_cielab_dirty_scenes5.jpg'
61.4000 	EXP 	slider_2: markerPos = None
61.4000 	EXP 	slider_2: markerPos = None
61.4000 	EXP 	slider_2: rating = None
61.4000 	EXP 	slider_3: markerPos = None
61.4000 	EXP 	slider_3: markerPos = None
61.4000 	EXP 	slider_3: rating = None
61.4000 	EXP 	slider_5: markerPos = None
61.4000 	EXP 	slider_5: markerPos = None
61.4000 	EXP 	slider_5: rating = None
61.4000 	EXP 	slider_6: markerPos = None
61.4000 	EXP 	slider_6: markerPos = None
61.4000 	EXP 	slider_6: rating = None
61.4000 	EXP 	image_4: autoDraw = True
61.4000 	EXP 	text_5: autoDraw = True
61.4000 	EXP 	image_2: autoDraw = True
61.4000 	EXP 	slider_2: autoDraw = True
61.4000 	EXP 	text_11: autoDraw = True
61.4000 	EXP 	image_3: autoDraw = True
61.4000 	EXP 	slider_3: autoDraw = True
61.4000 	EXP 	text: autoDraw = True
61.4000 	EXP 	slider_5: autoDraw = True
61.4000 	EXP 	text_4: autoDraw = True
61.4000 	EXP 	slider_6: autoDraw = True
61.4000 	EXP 	text_14: autoDraw = True
67.4821 	DATA 	Keypress: escape
67.6730 	EXP 	window1: mouseVisible = True
