2.3182 	WARNING 	We strongly recommend you activate the PTB sound engine in PsychoPy prefs as the preferred audio engine. Its timing is vastly superior. Your prefs are currently set to use ['sounddevice', 'PTB', 'pyo', 'pygame'] (in that order).
6.0949 	WARNING 	User requested fullscreen with size [1280  720], but screen is actually [1920, 1080]. Using actual size
7.6860 	EXP 	Created window1 = Window(allowGUI=True, allowStencil=False, autoLog=True, backendConf=UNKNOWN, bitsMode=UNKNOWN, blendMode='avg', bpc=(8, 8, 8), color=array([0, 0, 0]), colorSpace='rgb', depthBits=8, fullscr=<method-wrapper '__getattribute__' of attributeSetter object at 0x000002B403E96B00>, gamma=None, gammaErrorPolicy='raise', lms=UNKNOWN, monitor=<psychopy.monitors.calibTools.Monitor object at 0x000002B403E7B128>, multiSample=False, name='window1', numSamples=2, pos=[0.0, 0.0], screen=0, size=array([1920, 1080]), stencilBits=0, stereo=False, units='height', useFBO=True, useRetina=False, viewOri=0.0, viewPos=None, viewScale=None, waitBlanking=True, winType='pyglet')
7.6862 	EXP 	window1: mouseVisible = True
7.6863 	EXP 	window1: recordFrameIntervals = False
7.8509 	EXP 	window1: recordFrameIntervals = True
8.0349 	EXP 	window1: recordFrameIntervals = False
8.5043 	EXP 	Created text_1 = TextStim(__class__=<class 'psychopy.visual.text.TextStim'>, alignHoriz=method-wrapper(...), alignText='center', alignVert=method-wrapper(...), anchorHoriz='center', anchorVert='center', antialias=True, autoLog=True, bold=False, color=array([1., 1., 1.]), colorSpace='rgb', contrast=1.0, depth=0.0, flipHoriz=False, flipVert=False, font='Open Sans', fontFiles=[], height=0.05, italic=False, languageStyle='LTR', name='text_1', opacity=1, ori=0.0, pos=array([0., 0.]), rgb=UNKNOWN, text=str(...), units='height', win=Window(...), wrapWidth=1)
8.5174 	EXP 	Created text_6 = TextStim(__class__=<class 'psychopy.visual.text.TextStim'>, alignHoriz=method-wrapper(...), alignText='center', alignVert=method-wrapper(...), anchorHoriz='center', anchorVert='center', antialias=True, autoLog=True, bold=False, color=array([1., 1., 1.]), colorSpace='rgb', contrast=1.0, depth=0.0, flipHoriz=False, flipVert=False, font='Open Sans', fontFiles=[], height=0.03, italic=False, languageStyle='LTR', name='text_6', opacity=1, ori=0.0, pos=array([0. , 0.3]), rgb=UNKNOWN, text=str(...), units='height', win=Window(...), wrapWidth=1)
8.5559 	EXP 	Created example_pic1 = ImageStim(__class__=<class 'psychopy.visual.image.ImageStim'>, autoLog=True, color=array([1., 1., 1.]), colorSpace='rgb', contrast=1.0, depth=-1.0, flipHoriz=False, flipVert=False, image=str(...), interpolate=True, mask=None, maskParams=None, name='example_pic1', opacity=1, ori=0.0, pos=array([0.3, 0.1]), size=array([0.3, 0.3]), texRes=128.0, units='height', win=Window(...))
8.5864 	EXP 	Created example_pic2 = ImageStim(__class__=<class 'psychopy.visual.image.ImageStim'>, autoLog=True, color=array([1., 1., 1.]), colorSpace='rgb', contrast=1.0, depth=-2.0, flipHoriz=False, flipVert=False, image=str(...), interpolate=True, mask=None, maskParams=None, name='example_pic2', opacity=1, ori=0.0, pos=array([-0.3,  0.1]), size=array([0.3, 0.3]), texRes=128.0, units='height', win=Window(...))
8.5941 	EXP 	Created text_7 = TextStim(__class__=<class 'psychopy.visual.text.TextStim'>, alignHoriz=method-wrapper(...), alignText='center', alignVert=method-wrapper(...), anchorHoriz='center', anchorVert='center', antialias=True, autoLog=True, bold=False, color=array([1., 1., 1.]), colorSpace='rgb', contrast=1.0, depth=-3.0, flipHoriz=False, flipVert=False, font='Open Sans', fontFiles=[], height=0.03, italic=False, languageStyle='LTR', name='text_7', opacity=1, ori=0.0, pos=array([ 0. , -0.2]), rgb=UNKNOWN, text=str(...), units='height', win=Window(...), wrapWidth=1)
8.5988 	EXP 	Created text_8 = TextStim(__class__=<class 'psychopy.visual.text.TextStim'>, alignHoriz=method-wrapper(...), alignText='center', alignVert=method-wrapper(...), anchorHoriz='center', anchorVert='center', antialias=True, autoLog=True, bold=False, color=array([1., 1., 1.]), colorSpace='rgb', contrast=1.0, depth=-4.0, flipHoriz=False, flipVert=False, font='Open Sans', fontFiles=[], height=0.05, italic=False, languageStyle='LTR', name='text_8', opacity=1, ori=0.0, pos=array([ 0. , -0.4]), rgb=UNKNOWN, text='Press SPACE to continue\n', units='height', win=Window(...), wrapWidth=1)
8.6072 	EXP 	Created text_9 = TextStim(__class__=<class 'psychopy.visual.text.TextStim'>, alignHoriz=method-wrapper(...), alignText='center', alignVert=method-wrapper(...), anchorHoriz='center', anchorVert='center', antialias=True, autoLog=True, bold=False, color=array([1., 1., 1.]), colorSpace='rgb', contrast=1.0, depth=0.0, flipHoriz=False, flipVert=False, font='Open Sans', fontFiles=[], height=0.03, italic=False, languageStyle='LTR', name='text_9', opacity=1, ori=0.0, pos=array([0. , 0.4]), rgb=UNKNOWN, text=str(...), units='height', win=Window(...), wrapWidth=1)
8.6129 	EXP 	Created text_13 = TextStim(__class__=<class 'psychopy.visual.text.TextStim'>, alignHoriz=method-wrapper(...), alignText='center', alignVert=method-wrapper(...), anchorHoriz='center', anchorVert='center', antialias=True, autoLog=True, bold=False, color=array([1., 1., 1.]), colorSpace='rgb', contrast=1.0, depth=-1.0, flipHoriz=False, flipVert=False, font='Open Sans', fontFiles=[], height=0.03, italic=False, languageStyle='LTR', name='text_13', opacity=1, ori=0.0, pos=array([ 0.  , -0.45]), rgb=UNKNOWN, text='Press SPACE to continue', units='height', win=Window(...), wrapWidth=1)
8.6211 	EXP 	Created text_10 = TextStim(__class__=<class 'psychopy.visual.text.TextStim'>, alignHoriz=method-wrapper(...), alignText='center', alignVert=method-wrapper(...), anchorHoriz='center', anchorVert='center', antialias=True, autoLog=True, bold=False, color=array([1., 1., 1.]), colorSpace='rgb', contrast=1.0, depth=0.0, flipHoriz=False, flipVert=False, font='Open Sans', fontFiles=[], height=0.03, italic=False, languageStyle='LTR', name='text_10', opacity=1, ori=0.0, pos=array([0., 0.]), rgb=UNKNOWN, text=str(...), units='height', win=Window(...), wrapWidth=1)
8.6254 	EXP 	Created image = ImageStim(__class__=<class 'psychopy.visual.image.ImageStim'>, autoLog=True, color=array([1., 1., 1.]), colorSpace='rgb', contrast=1.0, depth=0.0, flipHoriz=False, flipVert=False, image='sin', interpolate=True, mask=None, maskParams=None, name='image', opacity=1, ori=0.0, pos=array([0., 0.]), size=array([0.6, 0.6]), texRes=128.0, units='height', win=Window(...))
8.6342 	EXP 	Created text_5 = TextStim(__class__=<class 'psychopy.visual.text.TextStim'>, alignHoriz=method-wrapper(...), alignText='center', alignVert=method-wrapper(...), anchorHoriz='center', anchorVert='center', antialias=True, autoLog=True, bold=False, color=array([1., 1., 1.]), colorSpace='rgb', contrast=1.0, depth=0.0, flipHoriz=False, flipVert=False, font='Open Sans', fontFiles=[], height=0.03, italic=False, languageStyle='LTR', name='text_5', opacity=1, ori=0.0, pos=array([-0.15,  0.15]), rgb=UNKNOWN, text=str(...), units='height', win=Window(...), wrapWidth=1)
8.6731 	EXP 	Created image_2 = ImageStim(__class__=<class 'psychopy.visual.image.ImageStim'>, autoLog=True, color=array([1., 1., 1.]), colorSpace='rgb', contrast=1.0, depth=-1.0, flipHoriz=False, flipVert=False, image='arousal_rating.png', interpolate=True, mask=None, maskParams=None, name='image_2', opacity=1, ori=0.0, pos=array([-0.15,  0.3 ]), size=array([0.5, 0.1]), texRes=128.0, units='height', win=Window(...))
8.6827 	EXP 	window1: mouseVisible = True
8.6916 	EXP 	Created slider_2 = Slider(__class__=<class 'psychopy.visual.slider.Slider'>, autoDraw=False, autoLog=True, borderColor=None, color=None, colorSpace='rgb', depth=-2, fillColor=None, flip=False, font='Open Sans', granularity=0.0, labelHeight=0.02, labelWrapWidth=None, labels=None, name='slider_2', opacity=None, pos=(-0.15, 0.2), readOnly=False, self=UNKNOWN, size=(0.4, 0.03), startValue=None, style=method-wrapper(...), styleTweaks=method-wrapper(...), ticks=array([1, 2, 3, 4, 5, 6, 7, 8, 9]), units='height', win=Window(...))
8.7003 	EXP 	Created text_11 = TextStim(__class__=<class 'psychopy.visual.text.TextStim'>, alignHoriz=method-wrapper(...), alignText='center', alignVert=method-wrapper(...), anchorHoriz='center', anchorVert='center', antialias=True, autoLog=True, bold=False, color=array([1., 1., 1.]), colorSpace='rgb', contrast=1.0, depth=-3.0, flipHoriz=False, flipVert=False, font='Open Sans', fontFiles=[], height=0.03, italic=False, languageStyle='LTR', name='text_11', opacity=1, ori=0.0, pos=array([0.4, 0.4]), rgb=UNKNOWN, text=str(...), units='height', win=Window(...), wrapWidth=1)
8.7349 	EXP 	Created image_3 = ImageStim(__class__=<class 'psychopy.visual.image.ImageStim'>, autoLog=True, color=array([1., 1., 1.]), colorSpace='rgb', contrast=1.0, depth=-4.0, flipHoriz=False, flipVert=False, image='valence_rating.png', interpolate=True, mask=None, maskParams=None, name='image_3', opacity=1, ori=0.0, pos=array([0.4, 0.3]), size=array([0.5, 0.1]), texRes=128.0, units='height', win=Window(...))
8.7417 	EXP 	window1: mouseVisible = True
8.7494 	EXP 	Created slider_3 = Slider(__class__=<class 'psychopy.visual.slider.Slider'>, autoDraw=False, autoLog=True, borderColor=None, color=None, colorSpace='rgb', depth=-5, fillColor=None, flip=False, font='Open Sans', granularity=0.0, labelHeight=0.02, labelWrapWidth=None, labels=None, name='slider_3', opacity=None, pos=(0.4, 0.2), readOnly=False, self=UNKNOWN, size=(0.4, 0.03), startValue=None, style=method-wrapper(...), styleTweaks=method-wrapper(...), ticks=array([1, 2, 3, 4, 5, 6, 7, 8, 9]), units='height', win=Window(...))
8.7732 	EXP 	Created text = TextStim(__class__=<class 'psychopy.visual.text.TextStim'>, alignHoriz=method-wrapper(...), alignText='center', alignVert=method-wrapper(...), anchorHoriz='center', anchorVert='center', antialias=True, autoLog=True, bold=False, color=array([1., 1., 1.]), colorSpace='rgb', contrast=1.0, depth=-6.0, flipHoriz=False, flipVert=False, font='Open Sans', fontFiles=[], height=0.02, italic=False, languageStyle='LTR', name='text', opacity=1, ori=0.0, pos=array([-0.15,  0.1 ]), rgb=UNKNOWN, text=str(...), units='height', win=Window(...), wrapWidth=1)
8.7805 	EXP 	window1: mouseVisible = True
8.7882 	EXP 	Created slider_5 = Slider(__class__=<class 'psychopy.visual.slider.Slider'>, autoDraw=False, autoLog=True, borderColor=None, color=None, colorSpace='rgb', depth=-7, fillColor=None, flip=False, font='Open Sans', granularity=0.0, labelHeight=0.02, labelWrapWidth=None, labels=None, name='slider_5', opacity=None, pos=(-0.15, 0.0), readOnly=False, self=UNKNOWN, size=(0.4, 0.03), startValue=None, style=method-wrapper(...), styleTweaks=method-wrapper(...), ticks=array([1, 2, 3, 4, 5, 6, 7, 8, 9]), units='height', win=Window(...))
8.8024 	EXP 	Created text_4 = TextStim(__class__=<class 'psychopy.visual.text.TextStim'>, alignHoriz=method-wrapper(...), alignText='center', alignVert=method-wrapper(...), anchorHoriz='center', anchorVert='center', antialias=True, autoLog=True, bold=False, color=array([1., 1., 1.]), colorSpace='rgb', contrast=1.0, depth=-8.0, flipHoriz=False, flipVert=False, font='Open Sans', fontFiles=[], height=0.02, italic=False, languageStyle='LTR', name='text_4', opacity=1, ori=0.0, pos=array([0.4, 0.1]), rgb=UNKNOWN, text=str(...), units='height', win=Window(...), wrapWidth=1)
8.8149 	EXP 	window1: mouseVisible = True
8.8247 	EXP 	Created slider_6 = Slider(__class__=<class 'psychopy.visual.slider.Slider'>, autoDraw=False, autoLog=True, borderColor=None, color=None, colorSpace='rgb', depth=-9, fillColor=None, flip=False, font='Open Sans', granularity=0.0, labelHeight=0.02, labelWrapWidth=None, labels=None, name='slider_6', opacity=None, pos=(0.4, 0.0), readOnly=False, self=UNKNOWN, size=(0.4, 0.03), startValue=None, style=method-wrapper(...), styleTweaks=method-wrapper(...), ticks=array([1, 2, 3, 4, 5, 6, 7, 8, 9]), units='height', win=Window(...))
8.8351 	EXP 	Created text_14 = TextStim(__class__=<class 'psychopy.visual.text.TextStim'>, alignHoriz=method-wrapper(...), alignText='center', alignVert=method-wrapper(...), anchorHoriz='center', anchorVert='center', antialias=True, autoLog=True, bold=False, color=array([1., 1., 1.]), colorSpace='rgb', contrast=1.0, depth=-11.0, flipHoriz=False, flipVert=False, font='Open Sans', fontFiles=[], height=0.03, italic=False, languageStyle='LTR', name='text_14', opacity=1, ori=0.0, pos=array([ 0.  , -0.45]), rgb=UNKNOWN, text='Press SPACE after rating to continue\n', units='height', win=Window(...), wrapWidth=1)
8.8726 	EXP 	slider_2: autoLog = True
8.8726 	EXP 	slider_2: markerPos = None
8.8726 	EXP 	slider_2: rating = None
8.8726 	EXP 	slider_2: markerPos = None
8.8726 	EXP 	slider_2: contrast = 1.0
8.8726 	EXP 	slider_2: autoLog = True
8.8726 	EXP 	slider_2: styleTweaks = []
8.8726 	EXP 	slider_2: style = 'rating'
8.8726 	EXP 	slider_2: styleTweaks = []
8.8726 	EXP 	slider_3: autoLog = True
8.8726 	EXP 	slider_3: markerPos = None
8.8726 	EXP 	slider_3: rating = None
8.8726 	EXP 	slider_3: markerPos = None
8.8726 	EXP 	slider_3: contrast = 1.0
8.8726 	EXP 	slider_3: autoLog = True
8.8726 	EXP 	slider_3: styleTweaks = []
8.8726 	EXP 	slider_3: style = 'rating'
8.8726 	EXP 	slider_3: styleTweaks = []
8.8726 	EXP 	slider_5: autoLog = True
8.8726 	EXP 	slider_5: markerPos = None
8.8726 	EXP 	slider_5: rating = None
8.8726 	EXP 	slider_5: markerPos = None
8.8726 	EXP 	slider_5: contrast = 1.0
8.8726 	EXP 	slider_5: autoLog = True
8.8726 	EXP 	slider_5: styleTweaks = []
8.8726 	EXP 	slider_5: style = 'rating'
8.8726 	EXP 	slider_5: styleTweaks = []
8.8726 	EXP 	slider_6: autoLog = True
8.8726 	EXP 	slider_6: markerPos = None
8.8726 	EXP 	slider_6: rating = None
8.8726 	EXP 	slider_6: markerPos = None
8.8726 	EXP 	slider_6: contrast = 1.0
8.8726 	EXP 	slider_6: autoLog = True
8.8726 	EXP 	slider_6: styleTweaks = []
8.8726 	EXP 	slider_6: style = 'rating'
8.8726 	EXP 	slider_6: styleTweaks = []
8.8726 	EXP 	text_1: autoDraw = True
9.6273 	DATA 	Keypress: space
9.6315 	EXP 	text_1: autoDraw = False
9.6315 	EXP 	text_6: autoDraw = True
9.6315 	EXP 	example_pic1: autoDraw = True
9.6315 	EXP 	example_pic2: autoDraw = True
9.6315 	EXP 	text_7: autoDraw = True
9.6315 	EXP 	text_8: autoDraw = True
9.9438 	DATA 	Keypress: space
9.9660 	EXP 	text_6: autoDraw = False
9.9660 	EXP 	example_pic1: autoDraw = False
9.9660 	EXP 	example_pic2: autoDraw = False
9.9660 	EXP 	text_7: autoDraw = False
9.9660 	EXP 	text_8: autoDraw = False
9.9660 	EXP 	text_9: autoDraw = True
9.9660 	EXP 	text_13: autoDraw = True
10.4261 	DATA 	Keypress: space
10.4325 	EXP 	text_9: autoDraw = False
10.4325 	EXP 	text_13: autoDraw = False
10.4325 	EXP 	text_10: autoDraw = True
10.8311 	EXP 	Imported stimuli.csv as conditions, 213 conditions, 1 params
10.8328 	EXP 	Created sequence: random, trialTypes=213, nReps=2, seed=1
10.8332 	EXP 	New trial (rep=0, index=0): OrderedDict([('stimuli', '../stimuli/matched_images/SHINE_color_cielab_erotic_females6.jpg')])
10.8449 	DATA 	Keypress: space
10.8487 	EXP 	text_10: autoDraw = False
10.8487 	EXP 	image: image = '../stimuli/matched_images/SHINE_color_cielab_erotic_females6.jpg'
10.8487 	EXP 	image: autoDraw = True
11.3195 	DATA 	Keypress: space
12.8805 	EXP 	image: autoDraw = False
12.8805 	EXP 	slider_2: markerPos = None
12.8805 	EXP 	slider_2: markerPos = None
12.8805 	EXP 	slider_2: rating = None
12.8805 	EXP 	slider_3: markerPos = None
12.8805 	EXP 	slider_3: markerPos = None
12.8805 	EXP 	slider_3: rating = None
12.8805 	EXP 	slider_5: markerPos = None
12.8805 	EXP 	slider_5: markerPos = None
12.8805 	EXP 	slider_5: rating = None
12.8805 	EXP 	slider_6: markerPos = None
12.8805 	EXP 	slider_6: markerPos = None
12.8805 	EXP 	slider_6: rating = None
12.8805 	EXP 	text_5: autoDraw = True
12.8805 	EXP 	image_2: autoDraw = True
12.8805 	EXP 	slider_2: autoDraw = True
12.8805 	EXP 	text_11: autoDraw = True
12.8805 	EXP 	image_3: autoDraw = True
12.8805 	EXP 	slider_3: autoDraw = True
12.8805 	EXP 	text: autoDraw = True
12.8805 	EXP 	slider_5: autoDraw = True
12.8805 	EXP 	text_4: autoDraw = True
12.8805 	EXP 	slider_6: autoDraw = True
12.8805 	EXP 	text_14: autoDraw = True
68.9431 	DATA 	Keypress: escape
69.2195 	EXP 	window1: mouseVisible = True
